<?xml version="1.0" encoding="UTF-8"?>
<testsuites name="search" time="211" tests="2" failures="0" errors="0">
   <testsuite name="search" tests="2" failures="0" errors="0" time="211" timestamp="2018-09-20 15:45:10" hostname="skadhulu - FS33WS1-E6330.callidussoftware.com" id="Test Suites/search">
      <properties>
         <property name="deviceName" value=""/>
         <property name="devicePlatform" value=""/>
         <property name="logFolder" value="C:\\Users\\skadhulu\\git\\CommissionUAT\\Reports\\search\\20180920_154507"/>
         <property name="logFiles" value="C:\\Users\\skadhulu\\git\\CommissionUAT\\Reports\\search\\20180920_154507\\execution0.log"/>
         <property name="attachments" value=""/>
         <property name="hostName" value="skadhulu - FS33WS1-E6330.callidussoftware.com"/>
         <property name="os" value="Windows 10 64bit"/>
         <property name="katalonVersion" value="5.7.0.1"/>
         <property name="browser" value="Chrome 69.0.3497.100"/>
         <property name="hostAddress" value="10.102.200.111"/>
         <property name="sessionId" value="fea0f8b08e704e6bf9d4d2730fb34f2e"/>
         <property name="seleniumVersion" value="3.7.1"/>
         <property name="proxyInformation" value="ProxyInformation{proxyOption=NO_PROXY, proxyServerType=HTTP, password=, proxyServerAddress=, proxyServerPort=0}"/>
         <property name="platform" value="Windows 10"/>
      </properties>
      <testcase name="Test Cases/Commission Login" classname="Test Cases/Commission Login" status="PASSED">
         <system-out><![CDATA[2018-09-20 15:45:11 - [TEST_CASE][PASSED] - Test Cases/Commission Login: Test Cases/Commission Login

2018-09-20 15:45:11 - [TEST_STEP][PASSED] - Start listener action : sampleBeforeTestCase: Invoke 'com.kms.katalon.core.annotation.BeforeTestCase' method: 'NewTestListener.sampleBeforeTestCase(...)' completed.

2018-09-20 15:45:11 - [TEST_STEP][PASSED] - Statement - println(testCaseContext.getTestCaseId()): null

2018-09-20 15:45:11 - [TEST_STEP][PASSED] - Statement - println(testCaseContext.getTestCaseVariables()): Invoke 'com.kms.katalon.core.annotation.BeforeTestCase' method: 'NewTestListener.sampleBeforeTestCase(...)' completed.

2018-09-20 15:45:12 - [TEST_STEP][PASSED] - openBrowser: Browser is opened with url: ''

2018-09-20 15:45:18 - [MESSAGE][PASSED] - Browser is opened with url: ''

2018-09-20 15:45:18 - [TEST_STEP][PASSED] - navigateToUrl: Navigate to 'https://ca1-lvcomapp-int6.callidussoftware.com:444/SalesPortal/#!/' successfully

2018-09-20 15:45:33 - [MESSAGE][PASSED] - Navigate to 'https://ca1-lvcomapp-int6.callidussoftware.com:444/SalesPortal/#!/' successfully

2018-09-20 15:45:33 - [TEST_STEP][PASSED] - maximizeWindow: Current window maximized

2018-09-20 15:45:34 - [MESSAGE][PASSED] - Current window maximized

2018-09-20 15:45:34 - [TEST_STEP][PASSED] - setText: Text 'PortalAdmin' is set on object 'Object Repository/Page_Sales Performance Home/input_username'

2018-09-20 15:45:35 - [MESSAGE][PASSED] - Text 'PortalAdmin' is set on object 'Object Repository/Page_Sales Performance Home/input_username'

2018-09-20 15:45:35 - [TEST_STEP][PASSED] - delay: Delayed 2 second(s)

2018-09-20 15:45:37 - [MESSAGE][PASSED] - Delayed 2 second(s)

2018-09-20 15:45:37 - [TEST_STEP][PASSED] - setText: Text 'PortalAdmin' is set on object 'Object Repository/Page_Sales Performance Home/input_password'

2018-09-20 15:45:37 - [MESSAGE][PASSED] - Text 'PortalAdmin' is set on object 'Object Repository/Page_Sales Performance Home/input_password'

2018-09-20 15:45:37 - [TEST_STEP][PASSED] - click: Object: 'Object Repository/Page_Sales Performance Home/button_Login' is clicked on

2018-09-20 15:45:37 - [MESSAGE][PASSED] - Object: 'Object Repository/Page_Sales Performance Home/button_Login' is clicked on

2018-09-20 15:45:37 - [TEST_STEP][PASSED] - click: Object: 'Object Repository/Page_Sales Performance Home/span_Sales Performance Home' is clicked on

2018-09-20 15:45:45 - [MESSAGE][PASSED] - Object: 'Object Repository/Page_Sales Performance Home/span_Sales Performance Home' is clicked on

2018-09-20 15:45:45 - [TEST_STEP][PASSED] - click: Object: 'Object Repository/Page_Sales Performance Home/a_Commissions' is clicked on

2018-09-20 15:45:46 - [MESSAGE][PASSED] - Object: 'Object Repository/Page_Sales Performance Home/a_Commissions' is clicked on

2018-09-20 15:45:46 - [TEST_STEP][PASSED] - click: Object: 'Object Repository/Page_Callidus Cloud Commissions Man/a_Manage Setup' is clicked on

2018-09-20 15:46:36 - [MESSAGE][PASSED] - Object: 'Object Repository/Page_Callidus Cloud Commissions Man/a_Manage Setup' is clicked on]]></system-out>
         <system-err><![CDATA[]]></system-err>
      </testcase>
      <testcase name="Test Cases/Credit Rule exists in the system - Testing" classname="Test Cases/Credit Rule exists in the system - Testing" status="PASSED">
         <system-out><![CDATA[2018-09-20 15:46:36 - [TEST_CASE][PASSED] - Test Cases/Credit Rule exists in the system - Testing: Test Cases/Credit Rule exists in the system - Testing

2018-09-20 15:46:36 - [TEST_STEP][PASSED] - Start listener action : sampleBeforeTestCase: Invoke 'com.kms.katalon.core.annotation.BeforeTestCase' method: 'NewTestListener.sampleBeforeTestCase(...)' completed.

2018-09-20 15:46:36 - [TEST_STEP][PASSED] - Statement - println(testCaseContext.getTestCaseId()): null

2018-09-20 15:46:36 - [TEST_STEP][PASSED] - Statement - println(testCaseContext.getTestCaseVariables()): Invoke 'com.kms.katalon.core.annotation.BeforeTestCase' method: 'NewTestListener.sampleBeforeTestCase(...)' completed.

2018-09-20 15:46:37 - [TEST_STEP][NOT_RUN] - callTestCase: NOT_RUN: callTestCase

2018-09-20 15:46:37 - [MESSAGE][NOT_RUN] - NOT_RUN: callTestCase

2018-09-20 15:46:37 - [TEST_STEP][NOT_RUN] - callTestCase: NOT_RUN: callTestCase

2018-09-20 15:46:37 - [MESSAGE][NOT_RUN] - NOT_RUN: callTestCase

2018-09-20 15:46:37 - [TEST_STEP][PASSED] - callTestCase: Call Test Case 'Test Cases/Commission Login' successfully

2018-09-20 15:46:37 - [TEST_CASE][PASSED] - Test Cases/Commission Login: Test Cases/Commission Login

2018-09-20 15:46:37 - [TEST_STEP][PASSED] - openBrowser: Browser is opened with url: ''

2018-09-20 15:46:37 - [MESSAGE][WARNING] - A browser is already opened. Closing browser and opening a new one

2018-09-20 15:46:44 - [MESSAGE][PASSED] - Browser is opened with url: ''

2018-09-20 15:46:44 - [TEST_STEP][PASSED] - navigateToUrl: Navigate to 'https://ca1-lvcomapp-int6.callidussoftware.com:444/SalesPortal/#!/' successfully

2018-09-20 15:46:52 - [MESSAGE][PASSED] - Navigate to 'https://ca1-lvcomapp-int6.callidussoftware.com:444/SalesPortal/#!/' successfully

2018-09-20 15:46:52 - [TEST_STEP][PASSED] - maximizeWindow: Current window maximized

2018-09-20 15:46:53 - [MESSAGE][PASSED] - Current window maximized

2018-09-20 15:46:53 - [TEST_STEP][PASSED] - setText: Text 'PortalAdmin' is set on object 'Object Repository/Page_Sales Performance Home/input_username'

2018-09-20 15:46:54 - [MESSAGE][PASSED] - Text 'PortalAdmin' is set on object 'Object Repository/Page_Sales Performance Home/input_username'

2018-09-20 15:46:54 - [TEST_STEP][PASSED] - delay: Delayed 2 second(s)

2018-09-20 15:46:56 - [MESSAGE][PASSED] - Delayed 2 second(s)

2018-09-20 15:46:56 - [TEST_STEP][PASSED] - setText: Text 'PortalAdmin' is set on object 'Object Repository/Page_Sales Performance Home/input_password'

2018-09-20 15:46:56 - [MESSAGE][PASSED] - Text 'PortalAdmin' is set on object 'Object Repository/Page_Sales Performance Home/input_password'

2018-09-20 15:46:56 - [TEST_STEP][PASSED] - click: Object: 'Object Repository/Page_Sales Performance Home/button_Login' is clicked on

2018-09-20 15:46:56 - [MESSAGE][PASSED] - Object: 'Object Repository/Page_Sales Performance Home/button_Login' is clicked on

2018-09-20 15:46:56 - [TEST_STEP][PASSED] - click: Object: 'Object Repository/Page_Sales Performance Home/span_Sales Performance Home' is clicked on

2018-09-20 15:47:02 - [MESSAGE][PASSED] - Object: 'Object Repository/Page_Sales Performance Home/span_Sales Performance Home' is clicked on

2018-09-20 15:47:02 - [TEST_STEP][PASSED] - click: Object: 'Object Repository/Page_Sales Performance Home/a_Commissions' is clicked on

2018-09-20 15:47:03 - [MESSAGE][PASSED] - Object: 'Object Repository/Page_Sales Performance Home/a_Commissions' is clicked on

2018-09-20 15:47:03 - [TEST_STEP][PASSED] - click: Object: 'Object Repository/Page_Callidus Cloud Commissions Man/a_Manage Setup' is clicked on

2018-09-20 15:48:01 - [MESSAGE][PASSED] - Object: 'Object Repository/Page_Callidus Cloud Commissions Man/a_Manage Setup' is clicked on

2018-09-20 15:48:01 - [MESSAGE][PASSED] - Call Test Case 'Test Cases/Commission Login' successfully

2018-09-20 15:48:01 - [TEST_STEP][PASSED] - delay: Delayed 5 second(s)

2018-09-20 15:48:06 - [MESSAGE][PASSED] - Delayed 5 second(s)

2018-09-20 15:48:06 - [TEST_STEP][PASSED] - mouseOver: Object: 'Object Repository/Page_Plan Tab/a_Plan' is hovered

2018-09-20 15:48:06 - [MESSAGE][PASSED] - Object: 'Object Repository/Page_Plan Tab/a_Plan' is hovered

2018-09-20 15:48:06 - [TEST_STEP][PASSED] - delay: Delayed 3 second(s)

2018-09-20 15:48:09 - [MESSAGE][PASSED] - Delayed 3 second(s)

2018-09-20 15:48:09 - [TEST_STEP][PASSED] - Statement - println("User is able to naviagte to Plan tab"): null

2018-09-20 15:48:09 - [TEST_STEP][PASSED] - scrollToElement: Scroll to object 'Object Repository/Page_Plan Tab/a_Rules' successfully

2018-09-20 15:48:09 - [MESSAGE][PASSED] - Scroll to object 'Object Repository/Page_Plan Tab/a_Rules' successfully

2018-09-20 15:48:09 - [TEST_STEP][PASSED] - delay: Delayed 4 second(s)

2018-09-20 15:48:13 - [MESSAGE][PASSED] - Delayed 4 second(s)

2018-09-20 15:48:13 - [TEST_STEP][PASSED] - click: Object: 'Object Repository/Page_Plan Tab/a_Rules' is clicked on

2018-09-20 15:48:19 - [MESSAGE][PASSED] - Object: 'Object Repository/Page_Plan Tab/a_Rules' is clicked on

2018-09-20 15:48:19 - [TEST_STEP][PASSED] - Statement - println("User Naviagted to Rules screen"): null

2018-09-20 15:48:19 - [TEST_STEP][PASSED] - click: Object: 'Object Repository/Page_Callidus Cloud Commissions Man/a_Advanced Search' is clicked on

2018-09-20 15:48:19 - [MESSAGE][PASSED] - Object: 'Object Repository/Page_Callidus Cloud Commissions Man/a_Advanced Search' is clicked on

2018-09-20 15:48:19 - [TEST_STEP][PASSED] - delay: Delayed 3 second(s)

2018-09-20 15:48:22 - [MESSAGE][PASSED] - Delayed 3 second(s)

2018-09-20 15:48:22 - [TEST_STEP][PASSED] - click: Object: 'Object Repository/Page_Callidus Cloud Commissions Man/td_Field Name' is clicked on

2018-09-20 15:48:22 - [MESSAGE][PASSED] - Object: 'Object Repository/Page_Callidus Cloud Commissions Man/td_Field Name' is clicked on

2018-09-20 15:48:22 - [TEST_STEP][PASSED] - delay: Delayed 2 second(s)

2018-09-20 15:48:24 - [MESSAGE][PASSED] - Delayed 2 second(s)

2018-09-20 15:48:24 - [TEST_STEP][PASSED] - scrollToElement: Scroll to object 'Object Repository/Page_Plan Tab/a_Field_name' successfully

2018-09-20 15:48:24 - [MESSAGE][PASSED] - Scroll to object 'Object Repository/Page_Plan Tab/a_Field_name' successfully

2018-09-20 15:48:24 - [TEST_STEP][PASSED] - delay: Delayed 2 second(s)

2018-09-20 15:48:26 - [MESSAGE][PASSED] - Delayed 2 second(s)

2018-09-20 15:48:26 - [TEST_STEP][PASSED] - click: Object: 'Object Repository/Page_Plan Tab/a_Field_name' is clicked on

2018-09-20 15:48:28 - [MESSAGE][PASSED] - Object: 'Object Repository/Page_Plan Tab/a_Field_name' is clicked on

2018-09-20 15:48:28 - [TEST_STEP][PASSED] - click: Object: 'Object Repository/Page_Callidus Cloud Commissions Man/td_Comparision' is clicked on

2018-09-20 15:48:29 - [MESSAGE][PASSED] - Object: 'Object Repository/Page_Callidus Cloud Commissions Man/td_Comparision' is clicked on

2018-09-20 15:48:29 - [TEST_STEP][PASSED] - delay: Delayed 2 second(s)

2018-09-20 15:48:31 - [MESSAGE][PASSED] - Delayed 2 second(s)

2018-09-20 15:48:31 - [TEST_STEP][PASSED] - scrollToElement: Scroll to object 'Object Repository/Page_Callidus Cloud Commissions Man/option_Equals' successfully

2018-09-20 15:48:31 - [MESSAGE][PASSED] - Scroll to object 'Object Repository/Page_Callidus Cloud Commissions Man/option_Equals' successfully

2018-09-20 15:48:31 - [TEST_STEP][PASSED] - delay: Delayed 2 second(s)

2018-09-20 15:48:33 - [MESSAGE][PASSED] - Delayed 2 second(s)

2018-09-20 15:48:33 - [TEST_STEP][PASSED] - click: Object: 'Object Repository/Page_Callidus Cloud Commissions Man/option_Equals' is clicked on

2018-09-20 15:48:33 - [MESSAGE][PASSED] - Object: 'Object Repository/Page_Callidus Cloud Commissions Man/option_Equals' is clicked on

2018-09-20 15:48:33 - [TEST_STEP][PASSED] - delay: Delayed 2 second(s)

2018-09-20 15:48:35 - [MESSAGE][PASSED] - Delayed 2 second(s)

2018-09-20 15:48:35 - [TEST_STEP][PASSED] - setText: Text 'zzzzzzzzzzzzzzzzzzzzz' is set on object 'Object Repository/Page_Callidus Cloud Commissions Man/td_Value'

2018-09-20 15:48:36 - [MESSAGE][PASSED] - Text 'zzzzzzzzzzzzzzzzzzzzz' is set on object 'Object Repository/Page_Callidus Cloud Commissions Man/td_Value'

2018-09-20 15:48:36 - [TEST_STEP][PASSED] - delay: Delayed 2 second(s)

2018-09-20 15:48:38 - [MESSAGE][PASSED] - Delayed 2 second(s)

2018-09-20 15:48:38 - [TEST_STEP][PASSED] - click: Object: 'Object Repository/Page_Callidus Cloud Commissions Man/input_Apply Search' is clicked on

2018-09-20 15:48:38 - [MESSAGE][PASSED] - Object: 'Object Repository/Page_Callidus Cloud Commissions Man/input_Apply Search' is clicked on

2018-09-20 15:48:38 - [TEST_STEP][PASSED] - Statement - Try: No Records Found

2018-09-20 15:48:38 - [TEST_STEP][PASSED] - Statement - norecord = com.kms.katalon.core.webui.keyword.WebUiBuiltInKeywords.waitForElementPresent(com.kms.katalon.core.testobject.ObjectRepository.findTestObject(Page_Callidus Cloud Commissions Man/NoRecordsFound), 10): Object 'Object Repository/Page_Callidus Cloud Commissions Man/NoRecordsFound' is present

2018-09-20 15:48:40 - [MESSAGE][PASSED] - Object 'Object Repository/Page_Callidus Cloud Commissions Man/NoRecordsFound' is present

2018-09-20 15:48:40 - [TEST_STEP][PASSED] - Statement - If (norecord): No Records Found

2018-09-20 15:48:40 - [TEST_STEP][PASSED] - Statement - com.kms.katalon.core.util.KeywordUtil.markPassed("No Records Found"): No Records Found

2018-09-20 15:48:40 - [MESSAGE][PASSED] - No Records Found]]></system-out>
         <system-err><![CDATA[]]></system-err>
      </testcase>
      <system-out><![CDATA[2018-09-20 15:45:10 - [TEST_SUITE][PASSED] - search: Test Cases/Credit Rule exists in the system - Testing]]></system-out>
      <system-err><![CDATA[]]></system-err>
   </testsuite>
</testsuites>
