<?xml version="1.0" encoding="UTF-8"?>
<testsuites name="TestDemo" time="560" tests="22" failures="0" errors="0">
   <testsuite name="TestDemo" tests="22" failures="0" errors="0" time="560" timestamp="2018-09-10 11:39:24" hostname="kikosana - KIKOSANA-T450S.callidussoftware.com" id="Test Suites/TestDemo">
      <properties>
         <property name="deviceName" value=""/>
         <property name="devicePlatform" value=""/>
         <property name="logFolder" value="C:\\Users\\kikosana\\Downloads\\UAT_Commission-master (2)\\UAT_Commission-master\\Reports\\TestDemo\\20180910_113922"/>
         <property name="logFiles" value="C:\\Users\\kikosana\\Downloads\\UAT_Commission-master (2)\\UAT_Commission-master\\Reports\\TestDemo\\20180910_113922\\execution0.log"/>
         <property name="attachments" value=""/>
         <property name="hostName" value="kikosana - KIKOSANA-T450S.callidussoftware.com"/>
         <property name="os" value="Windows 10 64bit"/>
         <property name="katalonVersion" value="5.6.3.1"/>
         <property name="browser" value="Chrome 68.0.3440.106"/>
         <property name="hostAddress" value="10.125.199.25"/>
         <property name="sessionId" value="c1afb42ac6b16f004f7d892fd97f39b8"/>
         <property name="seleniumVersion" value="3.7.1"/>
         <property name="proxyInformation" value="ProxyInformation{proxyOption=NO_PROXY, proxyServerType=HTTP, password=, proxyServerAddress=, proxyServerPort=0}"/>
         <property name="platform" value="Windows 10"/>
      </properties>
      <testcase name="Test Cases/Commission Login" classname="Test Cases/Commission Login" status="PASSED">
         <system-out><![CDATA[2018-09-10 11:39:25 - [TEST_CASE][PASSED] - Test Cases/Commission Login: Test Cases/Commission Login

2018-09-10 11:39:25 - [TEST_STEP][PASSED] - openBrowser: Browser is opened with url: ''

2018-09-10 11:39:29 - [MESSAGE][PASSED] - Browser is opened with url: ''

2018-09-10 11:39:29 - [TEST_STEP][PASSED] - navigateToUrl: Navigate to 'https://biz3-tst.callidusondemand.com/SalesPortal/#!/' successfully

2018-09-10 11:39:31 - [MESSAGE][PASSED] - Navigate to 'https://biz3-tst.callidusondemand.com/SalesPortal/#!/' successfully

2018-09-10 11:39:31 - [TEST_STEP][PASSED] - maximizeWindow: Current window maximized

2018-09-10 11:39:32 - [MESSAGE][PASSED] - Current window maximized

2018-09-10 11:39:32 - [TEST_STEP][PASSED] - setText: Text 'kikosana@calliduscloud.com' is set on object 'Object Repository/Page_Sales Performance Home/input_username'

2018-09-10 11:39:32 - [MESSAGE][PASSED] - Text 'kikosana@calliduscloud.com' is set on object 'Object Repository/Page_Sales Performance Home/input_username'

2018-09-10 11:39:32 - [TEST_STEP][PASSED] - setText: Text 'Kiran09@@' is set on object 'Object Repository/Page_Sales Performance Home/input_password'

2018-09-10 11:39:33 - [MESSAGE][PASSED] - Text 'Kiran09@@' is set on object 'Object Repository/Page_Sales Performance Home/input_password'

2018-09-10 11:39:33 - [TEST_STEP][PASSED] - click: Object: 'Object Repository/Page_Sales Performance Home/button_Login' is clicked on

2018-09-10 11:39:33 - [MESSAGE][PASSED] - Object: 'Object Repository/Page_Sales Performance Home/button_Login' is clicked on

2018-09-10 11:39:33 - [TEST_STEP][PASSED] - click: Object: 'Object Repository/Page_Sales Performance Home/span_Sales Performance Home' is clicked on

2018-09-10 11:39:34 - [MESSAGE][PASSED] - Object: 'Object Repository/Page_Sales Performance Home/span_Sales Performance Home' is clicked on

2018-09-10 11:39:34 - [TEST_STEP][PASSED] - click: Object: 'Object Repository/Page_Sales Performance Home/a_Commissions' is clicked on

2018-09-10 11:39:35 - [MESSAGE][PASSED] - Object: 'Object Repository/Page_Sales Performance Home/a_Commissions' is clicked on

2018-09-10 11:39:35 - [TEST_STEP][PASSED] - click: Object: 'Object Repository/Page_Callidus Cloud Commissions Man/a_Manage Setup' is clicked on

2018-09-10 11:39:40 - [MESSAGE][PASSED] - Object: 'Object Repository/Page_Callidus Cloud Commissions Man/a_Manage Setup' is clicked on]]></system-out>
         <system-err><![CDATA[]]></system-err>
      </testcase>
      <testcase name="Test Cases/Credit Rule exists in the system" classname="Test Cases/Credit Rule exists in the system" status="PASSED">
         <system-out><![CDATA[2018-09-10 11:39:40 - [TEST_CASE][PASSED] - Test Cases/Credit Rule exists in the system: Test Cases/Credit Rule exists in the system

2018-09-10 11:39:40 - [TEST_STEP][NOT_RUN] - callTestCase: NOT_RUN: callTestCase

2018-09-10 11:39:40 - [MESSAGE][NOT_RUN] - NOT_RUN: callTestCase

2018-09-10 11:39:40 - [TEST_STEP][PASSED] - delay: Delayed 5 second(s)

2018-09-10 11:39:45 - [MESSAGE][PASSED] - Delayed 5 second(s)

2018-09-10 11:39:45 - [TEST_STEP][PASSED] - mouseOver: Object: 'Object Repository/Page_Plan Tab/a_Plan' is hovered

2018-09-10 11:39:46 - [MESSAGE][PASSED] - Object: 'Object Repository/Page_Plan Tab/a_Plan' is hovered

2018-09-10 11:39:46 - [TEST_STEP][PASSED] - delay: Delayed 3 second(s)

2018-09-10 11:39:49 - [MESSAGE][PASSED] - Delayed 3 second(s)

2018-09-10 11:39:49 - [TEST_STEP][PASSED] - scrollToElement: Scroll to object 'Object Repository/Page_Plan Tab/a_Rules' successfully

2018-09-10 11:39:49 - [MESSAGE][PASSED] - Scroll to object 'Object Repository/Page_Plan Tab/a_Rules' successfully

2018-09-10 11:39:49 - [TEST_STEP][PASSED] - delay: Delayed 4 second(s)

2018-09-10 11:39:53 - [MESSAGE][PASSED] - Delayed 4 second(s)

2018-09-10 11:39:53 - [TEST_STEP][PASSED] - click: Object: 'Object Repository/Page_Plan Tab/a_Rules' is clicked on

2018-09-10 11:39:54 - [MESSAGE][PASSED] - Object: 'Object Repository/Page_Plan Tab/a_Rules' is clicked on

2018-09-10 11:39:54 - [TEST_STEP][PASSED] - click: Object: 'Object Repository/Page_Callidus Cloud Commissions Man/a_Advanced Search' is clicked on

2018-09-10 11:39:54 - [MESSAGE][PASSED] - Object: 'Object Repository/Page_Callidus Cloud Commissions Man/a_Advanced Search' is clicked on

2018-09-10 11:39:54 - [TEST_STEP][PASSED] - delay: Delayed 3 second(s)

2018-09-10 11:39:57 - [MESSAGE][PASSED] - Delayed 3 second(s)

2018-09-10 11:39:57 - [TEST_STEP][PASSED] - click: Object: 'Object Repository/Page_Callidus Cloud Commissions Man/td_Field Name' is clicked on

2018-09-10 11:39:57 - [MESSAGE][PASSED] - Object: 'Object Repository/Page_Callidus Cloud Commissions Man/td_Field Name' is clicked on

2018-09-10 11:39:58 - [TEST_STEP][PASSED] - delay: Delayed 2 second(s)

2018-09-10 11:40:00 - [MESSAGE][PASSED] - Delayed 2 second(s)

2018-09-10 11:40:00 - [TEST_STEP][PASSED] - scrollToElement: Scroll to object 'Object Repository/Page_Plan Tab/a_Field_name' successfully

2018-09-10 11:40:00 - [MESSAGE][PASSED] - Scroll to object 'Object Repository/Page_Plan Tab/a_Field_name' successfully

2018-09-10 11:40:00 - [TEST_STEP][PASSED] - delay: Delayed 2 second(s)

2018-09-10 11:40:02 - [MESSAGE][PASSED] - Delayed 2 second(s)

2018-09-10 11:40:02 - [TEST_STEP][PASSED] - click: Object: 'Object Repository/Page_Plan Tab/a_Field_name' is clicked on

2018-09-10 11:40:02 - [MESSAGE][PASSED] - Object: 'Object Repository/Page_Plan Tab/a_Field_name' is clicked on

2018-09-10 11:40:02 - [TEST_STEP][PASSED] - click: Object: 'Object Repository/Page_Callidus Cloud Commissions Man/td_Comparision' is clicked on

2018-09-10 11:40:02 - [MESSAGE][PASSED] - Object: 'Object Repository/Page_Callidus Cloud Commissions Man/td_Comparision' is clicked on

2018-09-10 11:40:02 - [TEST_STEP][PASSED] - delay: Delayed 2 second(s)

2018-09-10 11:40:04 - [MESSAGE][PASSED] - Delayed 2 second(s)

2018-09-10 11:40:04 - [TEST_STEP][PASSED] - scrollToElement: Scroll to object 'Object Repository/Page_Callidus Cloud Commissions Man/option_Equals' successfully

2018-09-10 11:40:04 - [MESSAGE][PASSED] - Scroll to object 'Object Repository/Page_Callidus Cloud Commissions Man/option_Equals' successfully

2018-09-10 11:40:04 - [TEST_STEP][PASSED] - delay: Delayed 2 second(s)

2018-09-10 11:40:06 - [MESSAGE][PASSED] - Delayed 2 second(s)

2018-09-10 11:40:06 - [TEST_STEP][PASSED] - click: Object: 'Object Repository/Page_Callidus Cloud Commissions Man/option_Equals' is clicked on

2018-09-10 11:40:06 - [MESSAGE][PASSED] - Object: 'Object Repository/Page_Callidus Cloud Commissions Man/option_Equals' is clicked on

2018-09-10 11:40:06 - [TEST_STEP][PASSED] - delay: Delayed 2 second(s)

2018-09-10 11:40:08 - [MESSAGE][PASSED] - Delayed 2 second(s)

2018-09-10 11:40:08 - [TEST_STEP][PASSED] - setText: Text 'CR Territory Booking' is set on object 'Object Repository/Page_Callidus Cloud Commissions Man/td_Value'

2018-09-10 11:40:09 - [MESSAGE][PASSED] - Text 'CR Territory Booking' is set on object 'Object Repository/Page_Callidus Cloud Commissions Man/td_Value'

2018-09-10 11:40:09 - [TEST_STEP][PASSED] - delay: Delayed 2 second(s)

2018-09-10 11:40:11 - [MESSAGE][PASSED] - Delayed 2 second(s)

2018-09-10 11:40:11 - [TEST_STEP][PASSED] - click: Object: 'Object Repository/Page_Callidus Cloud Commissions Man/input_Apply Search' is clicked on

2018-09-10 11:40:11 - [MESSAGE][PASSED] - Object: 'Object Repository/Page_Callidus Cloud Commissions Man/input_Apply Search' is clicked on

2018-09-10 11:40:11 - [TEST_STEP][NOT_RUN] - acceptAlert: NOT_RUN: acceptAlert

2018-09-10 11:40:11 - [MESSAGE][NOT_RUN] - NOT_RUN: acceptAlert

2018-09-10 11:40:11 - [TEST_STEP][NOT_RUN] - callTestCase: NOT_RUN: callTestCase

2018-09-10 11:40:11 - [MESSAGE][NOT_RUN] - NOT_RUN: callTestCase]]></system-out>
         <system-err><![CDATA[]]></system-err>
      </testcase>
      <testcase name="Test Cases/Credit Types exist in the system" classname="Test Cases/Credit Types exist in the system" status="PASSED">
         <system-out><![CDATA[2018-09-10 11:40:11 - [TEST_CASE][PASSED] - Test Cases/Credit Types exist in the system: Test Cases/Credit Types exist in the system

2018-09-10 11:40:11 - [TEST_STEP][NOT_RUN] - callTestCase: NOT_RUN: callTestCase

2018-09-10 11:40:11 - [MESSAGE][NOT_RUN] - NOT_RUN: callTestCase

2018-09-10 11:40:11 - [TEST_STEP][PASSED] - mouseOver: Object: 'Object Repository/Page_Callidus Cloud Commissions Man/div_ADMINISTRATION' is hovered

2018-09-10 11:40:11 - [MESSAGE][PASSED] - Object: 'Object Repository/Page_Callidus Cloud Commissions Man/div_ADMINISTRATION' is hovered

2018-09-10 11:40:11 - [TEST_STEP][PASSED] - delay: Delayed 5 second(s)

2018-09-10 11:40:16 - [MESSAGE][PASSED] - Delayed 5 second(s)

2018-09-10 11:40:16 - [TEST_STEP][PASSED] - scrollToElement: Scroll to object 'Object Repository/Page_Callidus Cloud Commissions Man/a_Credit Types' successfully

2018-09-10 11:40:16 - [MESSAGE][PASSED] - Scroll to object 'Object Repository/Page_Callidus Cloud Commissions Man/a_Credit Types' successfully

2018-09-10 11:40:16 - [TEST_STEP][PASSED] - delay: Delayed 4 second(s)

2018-09-10 11:40:20 - [MESSAGE][PASSED] - Delayed 4 second(s)

2018-09-10 11:40:20 - [TEST_STEP][PASSED] - click: Object: 'Object Repository/Page_Callidus Cloud Commissions Man/a_Credit Types' is clicked on

2018-09-10 11:40:21 - [MESSAGE][PASSED] - Object: 'Object Repository/Page_Callidus Cloud Commissions Man/a_Credit Types' is clicked on

2018-09-10 11:40:21 - [TEST_STEP][PASSED] - delay: Delayed 2 second(s)

2018-09-10 11:40:23 - [MESSAGE][PASSED] - Delayed 2 second(s)

2018-09-10 11:40:23 - [TEST_STEP][PASSED] - click: Object: 'Object Repository/Page_Callidus Cloud Commissions Man/a_Advanced Search' is clicked on

2018-09-10 11:40:23 - [MESSAGE][PASSED] - Object: 'Object Repository/Page_Callidus Cloud Commissions Man/a_Advanced Search' is clicked on

2018-09-10 11:40:23 - [TEST_STEP][PASSED] - delay: Delayed 2 second(s)

2018-09-10 11:40:25 - [MESSAGE][PASSED] - Delayed 2 second(s)

2018-09-10 11:40:25 - [TEST_STEP][PASSED] - click: Object: 'Object Repository/Page_Callidus Cloud Commissions Man/td_Field Name' is clicked on

2018-09-10 11:40:25 - [MESSAGE][PASSED] - Object: 'Object Repository/Page_Callidus Cloud Commissions Man/td_Field Name' is clicked on

2018-09-10 11:40:25 - [TEST_STEP][PASSED] - delay: Delayed 2 second(s)

2018-09-10 11:40:27 - [MESSAGE][PASSED] - Delayed 2 second(s)

2018-09-10 11:40:27 - [TEST_STEP][PASSED] - scrollToElement: Scroll to object 'Object Repository/Page_Callidus Cloud Commissions Man/option_credit types id' successfully

2018-09-10 11:40:27 - [MESSAGE][PASSED] - Scroll to object 'Object Repository/Page_Callidus Cloud Commissions Man/option_credit types id' successfully

2018-09-10 11:40:27 - [TEST_STEP][PASSED] - delay: Delayed 2 second(s)

2018-09-10 11:40:29 - [MESSAGE][PASSED] - Delayed 2 second(s)

2018-09-10 11:40:29 - [TEST_STEP][PASSED] - click: Object: 'Object Repository/Page_Callidus Cloud Commissions Man/option_credit types id' is clicked on

2018-09-10 11:40:30 - [MESSAGE][PASSED] - Object: 'Object Repository/Page_Callidus Cloud Commissions Man/option_credit types id' is clicked on

2018-09-10 11:40:30 - [TEST_STEP][PASSED] - click: Object: 'Object Repository/Page_Callidus Cloud Commissions Man/td_Comparision' is clicked on

2018-09-10 11:40:30 - [MESSAGE][PASSED] - Object: 'Object Repository/Page_Callidus Cloud Commissions Man/td_Comparision' is clicked on

2018-09-10 11:40:30 - [TEST_STEP][PASSED] - scrollToElement: Scroll to object 'Object Repository/Page_Callidus Cloud Commissions Man/option_Equals' successfully

2018-09-10 11:40:30 - [MESSAGE][PASSED] - Scroll to object 'Object Repository/Page_Callidus Cloud Commissions Man/option_Equals' successfully

2018-09-10 11:40:30 - [TEST_STEP][PASSED] - delay: Delayed 2 second(s)

2018-09-10 11:40:32 - [MESSAGE][PASSED] - Delayed 2 second(s)

2018-09-10 11:40:32 - [TEST_STEP][PASSED] - click: Object: 'Object Repository/Page_Callidus Cloud Commissions Man/option_Equals' is clicked on

2018-09-10 11:40:32 - [MESSAGE][PASSED] - Object: 'Object Repository/Page_Callidus Cloud Commissions Man/option_Equals' is clicked on

2018-09-10 11:40:32 - [TEST_STEP][PASSED] - delay: Delayed 2 second(s)

2018-09-10 11:40:34 - [MESSAGE][PASSED] - Delayed 2 second(s)

2018-09-10 11:40:34 - [TEST_STEP][PASSED] - setText: Text 'Bonus123' is set on object 'Object Repository/Page_Callidus Cloud Commissions Man/td_Value'

2018-09-10 11:40:34 - [MESSAGE][PASSED] - Text 'Bonus123' is set on object 'Object Repository/Page_Callidus Cloud Commissions Man/td_Value'

2018-09-10 11:40:34 - [TEST_STEP][PASSED] - delay: Delayed 2 second(s)

2018-09-10 11:40:36 - [MESSAGE][PASSED] - Delayed 2 second(s)

2018-09-10 11:40:36 - [TEST_STEP][PASSED] - click: Object: 'Object Repository/Page_Callidus Cloud Commissions Man/input_Apply Search' is clicked on

2018-09-10 11:40:36 - [MESSAGE][PASSED] - Object: 'Object Repository/Page_Callidus Cloud Commissions Man/input_Apply Search' is clicked on

2018-09-10 11:40:36 - [TEST_STEP][NOT_RUN] - callTestCase: NOT_RUN: callTestCase

2018-09-10 11:40:36 - [MESSAGE][NOT_RUN] - NOT_RUN: callTestCase]]></system-out>
         <system-err><![CDATA[]]></system-err>
      </testcase>
      <testcase name="Test Cases/Deposit Rule exists in the system" classname="Test Cases/Deposit Rule exists in the system" status="PASSED">
         <system-out><![CDATA[2018-09-10 11:40:36 - [TEST_CASE][PASSED] - Test Cases/Deposit Rule exists in the system: Test Cases/Deposit Rule exists in the system

2018-09-10 11:40:37 - [TEST_STEP][NOT_RUN] - callTestCase: NOT_RUN: callTestCase

2018-09-10 11:40:37 - [MESSAGE][NOT_RUN] - NOT_RUN: callTestCase

2018-09-10 11:40:37 - [TEST_STEP][PASSED] - delay: Delayed 5 second(s)

2018-09-10 11:40:42 - [MESSAGE][PASSED] - Delayed 5 second(s)

2018-09-10 11:40:42 - [TEST_STEP][PASSED] - mouseOver: Object: 'Object Repository/Page_Plan Tab/a_Plan' is hovered

2018-09-10 11:40:42 - [MESSAGE][PASSED] - Object: 'Object Repository/Page_Plan Tab/a_Plan' is hovered

2018-09-10 11:40:42 - [TEST_STEP][PASSED] - delay: Delayed 3 second(s)

2018-09-10 11:40:45 - [MESSAGE][PASSED] - Delayed 3 second(s)

2018-09-10 11:40:45 - [TEST_STEP][PASSED] - scrollToElement: Scroll to object 'Object Repository/Page_Plan Tab/a_Rules' successfully

2018-09-10 11:40:45 - [MESSAGE][PASSED] - Scroll to object 'Object Repository/Page_Plan Tab/a_Rules' successfully

2018-09-10 11:40:45 - [TEST_STEP][PASSED] - delay: Delayed 4 second(s)

2018-09-10 11:40:49 - [MESSAGE][PASSED] - Delayed 4 second(s)

2018-09-10 11:40:49 - [TEST_STEP][PASSED] - click: Object: 'Object Repository/Page_Plan Tab/a_Rules' is clicked on

2018-09-10 11:40:50 - [MESSAGE][PASSED] - Object: 'Object Repository/Page_Plan Tab/a_Rules' is clicked on

2018-09-10 11:40:50 - [TEST_STEP][PASSED] - click: Object: 'Object Repository/Page_Callidus Cloud Commissions Man/a_Advanced Search' is clicked on

2018-09-10 11:40:50 - [MESSAGE][PASSED] - Object: 'Object Repository/Page_Callidus Cloud Commissions Man/a_Advanced Search' is clicked on

2018-09-10 11:40:50 - [TEST_STEP][PASSED] - delay: Delayed 3 second(s)

2018-09-10 11:40:53 - [MESSAGE][PASSED] - Delayed 3 second(s)

2018-09-10 11:40:53 - [TEST_STEP][PASSED] - click: Object: 'Object Repository/Page_Callidus Cloud Commissions Man/td_Field Name' is clicked on

2018-09-10 11:40:53 - [MESSAGE][PASSED] - Object: 'Object Repository/Page_Callidus Cloud Commissions Man/td_Field Name' is clicked on

2018-09-10 11:40:53 - [TEST_STEP][PASSED] - delay: Delayed 2 second(s)

2018-09-10 11:40:55 - [MESSAGE][PASSED] - Delayed 2 second(s)

2018-09-10 11:40:55 - [TEST_STEP][PASSED] - scrollToElement: Scroll to object 'Object Repository/Page_Plan Tab/a_Field_name' successfully

2018-09-10 11:40:55 - [MESSAGE][PASSED] - Scroll to object 'Object Repository/Page_Plan Tab/a_Field_name' successfully

2018-09-10 11:40:55 - [TEST_STEP][PASSED] - delay: Delayed 2 second(s)

2018-09-10 11:40:57 - [MESSAGE][PASSED] - Delayed 2 second(s)

2018-09-10 11:40:57 - [TEST_STEP][PASSED] - click: Object: 'Object Repository/Page_Plan Tab/a_Field_name' is clicked on

2018-09-10 11:40:57 - [MESSAGE][PASSED] - Object: 'Object Repository/Page_Plan Tab/a_Field_name' is clicked on

2018-09-10 11:40:57 - [TEST_STEP][PASSED] - click: Object: 'Object Repository/Page_Callidus Cloud Commissions Man/td_Comparision' is clicked on

2018-09-10 11:40:57 - [MESSAGE][PASSED] - Object: 'Object Repository/Page_Callidus Cloud Commissions Man/td_Comparision' is clicked on

2018-09-10 11:40:57 - [TEST_STEP][PASSED] - delay: Delayed 2 second(s)

2018-09-10 11:40:59 - [MESSAGE][PASSED] - Delayed 2 second(s)

2018-09-10 11:40:59 - [TEST_STEP][PASSED] - scrollToElement: Scroll to object 'Object Repository/Page_Callidus Cloud Commissions Man/option_Equals' successfully

2018-09-10 11:40:59 - [MESSAGE][PASSED] - Scroll to object 'Object Repository/Page_Callidus Cloud Commissions Man/option_Equals' successfully

2018-09-10 11:40:59 - [TEST_STEP][PASSED] - delay: Delayed 2 second(s)

2018-09-10 11:41:01 - [MESSAGE][PASSED] - Delayed 2 second(s)

2018-09-10 11:41:01 - [TEST_STEP][PASSED] - click: Object: 'Object Repository/Page_Callidus Cloud Commissions Man/option_Equals' is clicked on

2018-09-10 11:41:01 - [MESSAGE][PASSED] - Object: 'Object Repository/Page_Callidus Cloud Commissions Man/option_Equals' is clicked on

2018-09-10 11:41:01 - [TEST_STEP][PASSED] - delay: Delayed 2 second(s)

2018-09-10 11:41:03 - [MESSAGE][PASSED] - Delayed 2 second(s)

2018-09-10 11:41:03 - [TEST_STEP][PASSED] - setText: Text 'DR Base Commissions Flat Rate MTD' is set on object 'Object Repository/Page_Callidus Cloud Commissions Man/td_Value'

2018-09-10 11:41:04 - [MESSAGE][PASSED] - Text 'DR Base Commissions Flat Rate MTD' is set on object 'Object Repository/Page_Callidus Cloud Commissions Man/td_Value'

2018-09-10 11:41:04 - [TEST_STEP][PASSED] - delay: Delayed 2 second(s)

2018-09-10 11:41:06 - [MESSAGE][PASSED] - Delayed 2 second(s)

2018-09-10 11:41:06 - [TEST_STEP][PASSED] - click: Object: 'Object Repository/Page_Callidus Cloud Commissions Man/input_Apply Search' is clicked on

2018-09-10 11:41:06 - [MESSAGE][PASSED] - Object: 'Object Repository/Page_Callidus Cloud Commissions Man/input_Apply Search' is clicked on

2018-09-10 11:41:06 - [TEST_STEP][NOT_RUN] - acceptAlert: NOT_RUN: acceptAlert

2018-09-10 11:41:06 - [MESSAGE][NOT_RUN] - NOT_RUN: acceptAlert

2018-09-10 11:41:06 - [TEST_STEP][PASSED] - callTestCase: Call Test Case 'Test Cases/Commission Logout' successfully

2018-09-10 11:41:06 - [TEST_CASE][PASSED] - Test Cases/Commission Logout: Test Cases/Commission Logout

2018-09-10 11:41:07 - [TEST_STEP][PASSED] - click: Object: 'Object Repository/Page_Callidus Cloud Commissions Man/span_rkulkarncalliduscloud.com' is clicked on

2018-09-10 11:41:07 - [MESSAGE][PASSED] - Object: 'Object Repository/Page_Callidus Cloud Commissions Man/span_rkulkarncalliduscloud.com' is clicked on

2018-09-10 11:41:07 - [TEST_STEP][PASSED] - click: Object: 'Object Repository/Page_Callidus Cloud Commissions Man/div_Logout' is clicked on

2018-09-10 11:41:08 - [MESSAGE][PASSED] - Object: 'Object Repository/Page_Callidus Cloud Commissions Man/div_Logout' is clicked on

2018-09-10 11:41:08 - [TEST_STEP][PASSED] - closeBrowser: Browser is closed

2018-09-10 11:41:09 - [MESSAGE][PASSED] - Browser is closed

2018-09-10 11:41:09 - [MESSAGE][PASSED] - Call Test Case 'Test Cases/Commission Logout' successfully]]></system-out>
         <system-err><![CDATA[]]></system-err>
      </testcase>
      <testcase name="Test Cases/Earning Codes exist in the system" classname="Test Cases/Earning Codes exist in the system" status="PASSED">
         <system-out><![CDATA[2018-09-10 11:41:09 - [TEST_CASE][PASSED] - Test Cases/Earning Codes exist in the system: Test Cases/Earning Codes exist in the system

2018-09-10 11:41:09 - [TEST_STEP][PASSED] - callTestCase: Call Test Case 'Test Cases/Commission Login' successfully

2018-09-10 11:41:09 - [TEST_CASE][PASSED] - Test Cases/Commission Login: Test Cases/Commission Login

2018-09-10 11:41:09 - [TEST_STEP][PASSED] - openBrowser: Browser is opened with url: ''

2018-09-10 11:41:11 - [MESSAGE][PASSED] - Browser is opened with url: ''

2018-09-10 11:41:11 - [TEST_STEP][PASSED] - navigateToUrl: Navigate to 'https://biz3-tst.callidusondemand.com/SalesPortal/#!/' successfully

2018-09-10 11:41:12 - [MESSAGE][PASSED] - Navigate to 'https://biz3-tst.callidusondemand.com/SalesPortal/#!/' successfully

2018-09-10 11:41:12 - [TEST_STEP][PASSED] - maximizeWindow: Current window maximized

2018-09-10 11:41:13 - [MESSAGE][PASSED] - Current window maximized

2018-09-10 11:41:13 - [TEST_STEP][PASSED] - setText: Text 'kikosana@calliduscloud.com' is set on object 'Object Repository/Page_Sales Performance Home/input_username'

2018-09-10 11:41:14 - [MESSAGE][PASSED] - Text 'kikosana@calliduscloud.com' is set on object 'Object Repository/Page_Sales Performance Home/input_username'

2018-09-10 11:41:14 - [TEST_STEP][PASSED] - setText: Text 'Kiran09@@' is set on object 'Object Repository/Page_Sales Performance Home/input_password'

2018-09-10 11:41:14 - [MESSAGE][PASSED] - Text 'Kiran09@@' is set on object 'Object Repository/Page_Sales Performance Home/input_password'

2018-09-10 11:41:14 - [TEST_STEP][PASSED] - click: Object: 'Object Repository/Page_Sales Performance Home/button_Login' is clicked on

2018-09-10 11:41:14 - [MESSAGE][PASSED] - Object: 'Object Repository/Page_Sales Performance Home/button_Login' is clicked on

2018-09-10 11:41:14 - [TEST_STEP][PASSED] - click: Object: 'Object Repository/Page_Sales Performance Home/span_Sales Performance Home' is clicked on

2018-09-10 11:41:16 - [MESSAGE][PASSED] - Object: 'Object Repository/Page_Sales Performance Home/span_Sales Performance Home' is clicked on

2018-09-10 11:41:16 - [TEST_STEP][PASSED] - click: Object: 'Object Repository/Page_Sales Performance Home/a_Commissions' is clicked on

2018-09-10 11:41:16 - [MESSAGE][PASSED] - Object: 'Object Repository/Page_Sales Performance Home/a_Commissions' is clicked on

2018-09-10 11:41:16 - [TEST_STEP][PASSED] - click: Object: 'Object Repository/Page_Callidus Cloud Commissions Man/a_Manage Setup' is clicked on

2018-09-10 11:41:22 - [MESSAGE][PASSED] - Object: 'Object Repository/Page_Callidus Cloud Commissions Man/a_Manage Setup' is clicked on

2018-09-10 11:41:22 - [MESSAGE][PASSED] - Call Test Case 'Test Cases/Commission Login' successfully

2018-09-10 11:41:22 - [TEST_STEP][PASSED] - mouseOver: Object: 'Object Repository/Page_Callidus Cloud Commissions Man/div_ADMINISTRATION' is hovered

2018-09-10 11:41:22 - [MESSAGE][PASSED] - Object: 'Object Repository/Page_Callidus Cloud Commissions Man/div_ADMINISTRATION' is hovered

2018-09-10 11:41:22 - [TEST_STEP][PASSED] - delay: Delayed 5 second(s)

2018-09-10 11:41:27 - [MESSAGE][PASSED] - Delayed 5 second(s)

2018-09-10 11:41:27 - [TEST_STEP][PASSED] - scrollToElement: Scroll to object 'Object Repository/Page_Callidus Cloud Commissions Man/Reason Codes' successfully

2018-09-10 11:41:27 - [MESSAGE][PASSED] - Scroll to object 'Object Repository/Page_Callidus Cloud Commissions Man/Reason Codes' successfully

2018-09-10 11:41:27 - [TEST_STEP][PASSED] - click: Object: 'Object Repository/Page_Callidus Cloud Commissions Man/Reason Codes' is clicked on

2018-09-10 11:41:28 - [MESSAGE][PASSED] - Object: 'Object Repository/Page_Callidus Cloud Commissions Man/Reason Codes' is clicked on

2018-09-10 11:41:28 - [TEST_STEP][PASSED] - click: Object: 'Object Repository/Page_Callidus Cloud Commissions Man/a_Advanced Search' is clicked on

2018-09-10 11:41:28 - [MESSAGE][PASSED] - Object: 'Object Repository/Page_Callidus Cloud Commissions Man/a_Advanced Search' is clicked on

2018-09-10 11:41:28 - [TEST_STEP][NOT_RUN] - click: NOT_RUN: click

2018-09-10 11:41:28 - [MESSAGE][NOT_RUN] - NOT_RUN: click

2018-09-10 11:41:28 - [TEST_STEP][NOT_RUN] - scrollToElement: NOT_RUN: scrollToElement

2018-09-10 11:41:28 - [MESSAGE][NOT_RUN] - NOT_RUN: scrollToElement

2018-09-10 11:41:28 - [TEST_STEP][NOT_RUN] - click: NOT_RUN: click

2018-09-10 11:41:28 - [MESSAGE][NOT_RUN] - NOT_RUN: click

2018-09-10 11:41:28 - [TEST_STEP][NOT_RUN] - click: NOT_RUN: click

2018-09-10 11:41:28 - [MESSAGE][NOT_RUN] - NOT_RUN: click

2018-09-10 11:41:28 - [TEST_STEP][NOT_RUN] - scrollToElement: NOT_RUN: scrollToElement

2018-09-10 11:41:28 - [MESSAGE][NOT_RUN] - NOT_RUN: scrollToElement

2018-09-10 11:41:28 - [TEST_STEP][NOT_RUN] - click: NOT_RUN: click

2018-09-10 11:41:28 - [MESSAGE][NOT_RUN] - NOT_RUN: click

2018-09-10 11:41:28 - [TEST_STEP][NOT_RUN] - setText: NOT_RUN: setText

2018-09-10 11:41:28 - [MESSAGE][NOT_RUN] - NOT_RUN: setText

2018-09-10 11:41:28 - [TEST_STEP][NOT_RUN] - click: NOT_RUN: click

2018-09-10 11:41:28 - [MESSAGE][NOT_RUN] - NOT_RUN: click

2018-09-10 11:41:28 - [TEST_STEP][NOT_RUN] - callTestCase: NOT_RUN: callTestCase

2018-09-10 11:41:28 - [MESSAGE][NOT_RUN] - NOT_RUN: callTestCase]]></system-out>
         <system-err><![CDATA[]]></system-err>
      </testcase>
      <testcase name="Test Cases/Earning Groups exist in the system" classname="Test Cases/Earning Groups exist in the system" status="PASSED">
         <system-out><![CDATA[2018-09-10 11:41:28 - [TEST_CASE][PASSED] - Test Cases/Earning Groups exist in the system: Test Cases/Earning Groups exist in the system

2018-09-10 11:41:28 - [TEST_STEP][NOT_RUN] - callTestCase: NOT_RUN: callTestCase

2018-09-10 11:41:28 - [MESSAGE][NOT_RUN] - NOT_RUN: callTestCase

2018-09-10 11:41:28 - [TEST_STEP][PASSED] - mouseOver: Object: 'Object Repository/Page_Callidus Cloud Commissions Man/div_ADMINISTRATION' is hovered

2018-09-10 11:41:29 - [MESSAGE][PASSED] - Object: 'Object Repository/Page_Callidus Cloud Commissions Man/div_ADMINISTRATION' is hovered

2018-09-10 11:41:29 - [TEST_STEP][PASSED] - delay: Delayed 2 second(s)

2018-09-10 11:41:31 - [MESSAGE][PASSED] - Delayed 2 second(s)

2018-09-10 11:41:31 - [TEST_STEP][PASSED] - scrollToElement: Scroll to object 'Object Repository/Page_Callidus Cloud Commissions Man/a_Earning Groups' successfully

2018-09-10 11:41:31 - [MESSAGE][PASSED] - Scroll to object 'Object Repository/Page_Callidus Cloud Commissions Man/a_Earning Groups' successfully

2018-09-10 11:41:31 - [TEST_STEP][PASSED] - delay: Delayed 4 second(s)

2018-09-10 11:41:35 - [MESSAGE][PASSED] - Delayed 4 second(s)

2018-09-10 11:41:35 - [TEST_STEP][PASSED] - click: Object: 'Object Repository/Page_Callidus Cloud Commissions Man/a_Earning Groups' is clicked on

2018-09-10 11:41:35 - [MESSAGE][PASSED] - Object: 'Object Repository/Page_Callidus Cloud Commissions Man/a_Earning Groups' is clicked on

2018-09-10 11:41:35 - [TEST_STEP][PASSED] - delay: Delayed 2 second(s)

2018-09-10 11:41:37 - [MESSAGE][PASSED] - Delayed 2 second(s)

2018-09-10 11:41:37 - [TEST_STEP][PASSED] - click: Object: 'Object Repository/Page_Callidus Cloud Commissions Man/a_Advanced Search' is clicked on

2018-09-10 11:41:37 - [MESSAGE][PASSED] - Object: 'Object Repository/Page_Callidus Cloud Commissions Man/a_Advanced Search' is clicked on

2018-09-10 11:41:37 - [TEST_STEP][PASSED] - delay: Delayed 2 second(s)

2018-09-10 11:41:39 - [MESSAGE][PASSED] - Delayed 2 second(s)

2018-09-10 11:41:39 - [TEST_STEP][PASSED] - click: Object: 'Object Repository/Page_Callidus Cloud Commissions Man/td_Field Name' is clicked on

2018-09-10 11:41:39 - [MESSAGE][PASSED] - Object: 'Object Repository/Page_Callidus Cloud Commissions Man/td_Field Name' is clicked on

2018-09-10 11:41:39 - [TEST_STEP][PASSED] - delay: Delayed 2 second(s)

2018-09-10 11:41:41 - [MESSAGE][PASSED] - Delayed 2 second(s)

2018-09-10 11:41:41 - [TEST_STEP][PASSED] - scrollToElement: Scroll to object 'Object Repository/Page_Callidus Cloud Commissions Man/option_Earining Groups' successfully

2018-09-10 11:41:42 - [MESSAGE][PASSED] - Scroll to object 'Object Repository/Page_Callidus Cloud Commissions Man/option_Earining Groups' successfully

2018-09-10 11:41:42 - [TEST_STEP][PASSED] - delay: Delayed 2 second(s)

2018-09-10 11:41:44 - [MESSAGE][PASSED] - Delayed 2 second(s)

2018-09-10 11:41:44 - [TEST_STEP][PASSED] - click: Object: 'Object Repository/Page_Callidus Cloud Commissions Man/option_Earining Groups' is clicked on

2018-09-10 11:41:44 - [MESSAGE][PASSED] - Object: 'Object Repository/Page_Callidus Cloud Commissions Man/option_Earining Groups' is clicked on

2018-09-10 11:41:44 - [TEST_STEP][PASSED] - click: Object: 'Object Repository/Page_Callidus Cloud Commissions Man/td_Comparision' is clicked on

2018-09-10 11:41:44 - [MESSAGE][PASSED] - Object: 'Object Repository/Page_Callidus Cloud Commissions Man/td_Comparision' is clicked on

2018-09-10 11:41:44 - [TEST_STEP][PASSED] - delay: Delayed 2 second(s)

2018-09-10 11:41:46 - [MESSAGE][PASSED] - Delayed 2 second(s)

2018-09-10 11:41:46 - [TEST_STEP][PASSED] - scrollToElement: Scroll to object 'Object Repository/Page_Callidus Cloud Commissions Man/option_Equals' successfully

2018-09-10 11:41:46 - [MESSAGE][PASSED] - Scroll to object 'Object Repository/Page_Callidus Cloud Commissions Man/option_Equals' successfully

2018-09-10 11:41:46 - [TEST_STEP][PASSED] - delay: Delayed 2 second(s)

2018-09-10 11:41:48 - [MESSAGE][PASSED] - Delayed 2 second(s)

2018-09-10 11:41:48 - [TEST_STEP][PASSED] - click: Object: 'Object Repository/Page_Callidus Cloud Commissions Man/option_Equals' is clicked on

2018-09-10 11:41:48 - [MESSAGE][PASSED] - Object: 'Object Repository/Page_Callidus Cloud Commissions Man/option_Equals' is clicked on

2018-09-10 11:41:48 - [TEST_STEP][PASSED] - delay: Delayed 2 second(s)

2018-09-10 11:41:50 - [MESSAGE][PASSED] - Delayed 2 second(s)

2018-09-10 11:41:50 - [TEST_STEP][PASSED] - setText: Text 'commission' is set on object 'Object Repository/Page_Callidus Cloud Commissions Man/td_Value'

2018-09-10 11:41:50 - [MESSAGE][PASSED] - Text 'commission' is set on object 'Object Repository/Page_Callidus Cloud Commissions Man/td_Value'

2018-09-10 11:41:50 - [TEST_STEP][PASSED] - delay: Delayed 2 second(s)

2018-09-10 11:41:52 - [MESSAGE][PASSED] - Delayed 2 second(s)

2018-09-10 11:41:52 - [TEST_STEP][PASSED] - click: Object: 'Object Repository/Page_Callidus Cloud Commissions Man/input_Apply Search' is clicked on

2018-09-10 11:41:52 - [MESSAGE][PASSED] - Object: 'Object Repository/Page_Callidus Cloud Commissions Man/input_Apply Search' is clicked on

2018-09-10 11:41:52 - [TEST_STEP][NOT_RUN] - callTestCase: NOT_RUN: callTestCase

2018-09-10 11:41:52 - [MESSAGE][NOT_RUN] - NOT_RUN: callTestCase]]></system-out>
         <system-err><![CDATA[]]></system-err>
      </testcase>
      <testcase name="Test Cases/EventTypes exist in the System" classname="Test Cases/EventTypes exist in the System" status="PASSED">
         <system-out><![CDATA[2018-09-10 11:41:52 - [TEST_CASE][PASSED] - Test Cases/EventTypes exist in the System: Test Cases/EventTypes exist in the System

2018-09-10 11:41:53 - [TEST_STEP][NOT_RUN] - callTestCase: NOT_RUN: callTestCase

2018-09-10 11:41:53 - [MESSAGE][NOT_RUN] - NOT_RUN: callTestCase

2018-09-10 11:41:53 - [TEST_STEP][PASSED] - mouseOver: Object: 'Object Repository/Page_Callidus Cloud Commissions Man/div_ADMINISTRATION' is hovered

2018-09-10 11:41:53 - [MESSAGE][PASSED] - Object: 'Object Repository/Page_Callidus Cloud Commissions Man/div_ADMINISTRATION' is hovered

2018-09-10 11:41:53 - [TEST_STEP][PASSED] - delay: Delayed 2 second(s)

2018-09-10 11:41:55 - [MESSAGE][PASSED] - Delayed 2 second(s)

2018-09-10 11:41:55 - [TEST_STEP][PASSED] - scrollToElement: Scroll to object 'Object Repository/Page_Callidus Cloud Commissions Man/a_Event Types' successfully

2018-09-10 11:41:55 - [MESSAGE][PASSED] - Scroll to object 'Object Repository/Page_Callidus Cloud Commissions Man/a_Event Types' successfully

2018-09-10 11:41:55 - [TEST_STEP][PASSED] - delay: Delayed 4 second(s)

2018-09-10 11:41:59 - [MESSAGE][PASSED] - Delayed 4 second(s)

2018-09-10 11:41:59 - [TEST_STEP][PASSED] - click: Object: 'Object Repository/Page_Callidus Cloud Commissions Man/a_Event Types' is clicked on

2018-09-10 11:42:00 - [MESSAGE][PASSED] - Object: 'Object Repository/Page_Callidus Cloud Commissions Man/a_Event Types' is clicked on

2018-09-10 11:42:00 - [TEST_STEP][PASSED] - click: Object: 'Object Repository/Page_Callidus Cloud Commissions Man/a_Advanced Search' is clicked on

2018-09-10 11:42:00 - [MESSAGE][PASSED] - Object: 'Object Repository/Page_Callidus Cloud Commissions Man/a_Advanced Search' is clicked on

2018-09-10 11:42:00 - [TEST_STEP][PASSED] - delay: Delayed 3 second(s)

2018-09-10 11:42:03 - [MESSAGE][PASSED] - Delayed 3 second(s)

2018-09-10 11:42:03 - [TEST_STEP][PASSED] - click: Object: 'Object Repository/Page_Callidus Cloud Commissions Man/td_Field Name' is clicked on

2018-09-10 11:42:03 - [MESSAGE][PASSED] - Object: 'Object Repository/Page_Callidus Cloud Commissions Man/td_Field Name' is clicked on

2018-09-10 11:42:03 - [TEST_STEP][PASSED] - delay: Delayed 2 second(s)

2018-09-10 11:42:05 - [MESSAGE][PASSED] - Delayed 2 second(s)

2018-09-10 11:42:05 - [TEST_STEP][PASSED] - scrollToElement: Scroll to object 'Object Repository/Page_Callidus Cloud Commissions Man/a_eventTypeId' successfully

2018-09-10 11:42:05 - [MESSAGE][PASSED] - Scroll to object 'Object Repository/Page_Callidus Cloud Commissions Man/a_eventTypeId' successfully

2018-09-10 11:42:05 - [TEST_STEP][PASSED] - delay: Delayed 2 second(s)

2018-09-10 11:42:07 - [MESSAGE][PASSED] - Delayed 2 second(s)

2018-09-10 11:42:07 - [TEST_STEP][PASSED] - click: Object: 'Object Repository/Page_Callidus Cloud Commissions Man/a_eventTypeId' is clicked on

2018-09-10 11:42:07 - [MESSAGE][PASSED] - Object: 'Object Repository/Page_Callidus Cloud Commissions Man/a_eventTypeId' is clicked on

2018-09-10 11:42:07 - [TEST_STEP][PASSED] - click: Object: 'Object Repository/Page_Callidus Cloud Commissions Man/td_Comparision' is clicked on

2018-09-10 11:42:07 - [MESSAGE][PASSED] - Object: 'Object Repository/Page_Callidus Cloud Commissions Man/td_Comparision' is clicked on

2018-09-10 11:42:07 - [TEST_STEP][PASSED] - delay: Delayed 2 second(s)

2018-09-10 11:42:09 - [MESSAGE][PASSED] - Delayed 2 second(s)

2018-09-10 11:42:09 - [TEST_STEP][PASSED] - scrollToElement: Scroll to object 'Object Repository/Page_Callidus Cloud Commissions Man/option_Equals' successfully

2018-09-10 11:42:09 - [MESSAGE][PASSED] - Scroll to object 'Object Repository/Page_Callidus Cloud Commissions Man/option_Equals' successfully

2018-09-10 11:42:09 - [TEST_STEP][PASSED] - delay: Delayed 2 second(s)

2018-09-10 11:42:11 - [MESSAGE][PASSED] - Delayed 2 second(s)

2018-09-10 11:42:11 - [TEST_STEP][PASSED] - click: Object: 'Object Repository/Page_Callidus Cloud Commissions Man/option_Equals' is clicked on

2018-09-10 11:42:12 - [MESSAGE][PASSED] - Object: 'Object Repository/Page_Callidus Cloud Commissions Man/option_Equals' is clicked on

2018-09-10 11:42:12 - [TEST_STEP][PASSED] - delay: Delayed 2 second(s)

2018-09-10 11:42:14 - [MESSAGE][PASSED] - Delayed 2 second(s)

2018-09-10 11:42:14 - [TEST_STEP][PASSED] - setText: Text 'invoicing' is set on object 'Object Repository/Page_Callidus Cloud Commissions Man/td_Value'

2018-09-10 11:42:14 - [MESSAGE][PASSED] - Text 'invoicing' is set on object 'Object Repository/Page_Callidus Cloud Commissions Man/td_Value'

2018-09-10 11:42:14 - [TEST_STEP][PASSED] - click: Object: 'Object Repository/Page_Callidus Cloud Commissions Man/input_Apply Search' is clicked on

2018-09-10 11:42:14 - [MESSAGE][PASSED] - Object: 'Object Repository/Page_Callidus Cloud Commissions Man/input_Apply Search' is clicked on

2018-09-10 11:42:14 - [TEST_STEP][NOT_RUN] - callTestCase: NOT_RUN: callTestCase

2018-09-10 11:42:14 - [MESSAGE][NOT_RUN] - NOT_RUN: callTestCase]]></system-out>
         <system-err><![CDATA[]]></system-err>
      </testcase>
      <testcase name="Test Cases/Fixed ValueTypes exist in the system" classname="Test Cases/Fixed ValueTypes exist in the system" status="PASSED">
         <system-out><![CDATA[2018-09-10 11:42:14 - [TEST_CASE][PASSED] - Test Cases/Fixed ValueTypes exist in the system: Test Cases/Fixed ValueTypes exist in the system

2018-09-10 11:42:14 - [TEST_STEP][NOT_RUN] - callTestCase: NOT_RUN: callTestCase

2018-09-10 11:42:14 - [MESSAGE][NOT_RUN] - NOT_RUN: callTestCase

2018-09-10 11:42:14 - [TEST_STEP][PASSED] - delay: Delayed 6 second(s)

2018-09-10 11:42:20 - [MESSAGE][PASSED] - Delayed 6 second(s)

2018-09-10 11:42:20 - [TEST_STEP][PASSED] - mouseOver: Object: 'Object Repository/Page_Callidus Cloud Commissions Man/div_ADMINISTRATION' is hovered

2018-09-10 11:42:20 - [MESSAGE][PASSED] - Object: 'Object Repository/Page_Callidus Cloud Commissions Man/div_ADMINISTRATION' is hovered

2018-09-10 11:42:20 - [TEST_STEP][PASSED] - delay: Delayed 3 second(s)

2018-09-10 11:42:23 - [MESSAGE][PASSED] - Delayed 3 second(s)

2018-09-10 11:42:23 - [TEST_STEP][PASSED] - scrollToElement: Scroll to object 'Object Repository/Page_Callidus Cloud Commissions Man/a_Fixed Value Types' successfully

2018-09-10 11:42:23 - [MESSAGE][PASSED] - Scroll to object 'Object Repository/Page_Callidus Cloud Commissions Man/a_Fixed Value Types' successfully

2018-09-10 11:42:23 - [TEST_STEP][PASSED] - delay: Delayed 3 second(s)

2018-09-10 11:42:26 - [MESSAGE][PASSED] - Delayed 3 second(s)

2018-09-10 11:42:26 - [TEST_STEP][PASSED] - click: Object: 'Object Repository/Page_Callidus Cloud Commissions Man/a_Fixed Value Types' is clicked on

2018-09-10 11:42:27 - [MESSAGE][PASSED] - Object: 'Object Repository/Page_Callidus Cloud Commissions Man/a_Fixed Value Types' is clicked on

2018-09-10 11:42:27 - [TEST_STEP][PASSED] - delay: Delayed 3 second(s)

2018-09-10 11:42:30 - [MESSAGE][PASSED] - Delayed 3 second(s)

2018-09-10 11:42:30 - [TEST_STEP][PASSED] - click: Object: 'Object Repository/Page_Callidus Cloud Commissions Man/a_Advanced Search' is clicked on

2018-09-10 11:42:30 - [MESSAGE][PASSED] - Object: 'Object Repository/Page_Callidus Cloud Commissions Man/a_Advanced Search' is clicked on

2018-09-10 11:42:30 - [TEST_STEP][PASSED] - delay: Delayed 3 second(s)

2018-09-10 11:42:33 - [MESSAGE][PASSED] - Delayed 3 second(s)

2018-09-10 11:42:33 - [TEST_STEP][PASSED] - click: Object: 'Object Repository/Page_Callidus Cloud Commissions Man/td_Field Name' is clicked on

2018-09-10 11:42:33 - [MESSAGE][PASSED] - Object: 'Object Repository/Page_Callidus Cloud Commissions Man/td_Field Name' is clicked on

2018-09-10 11:42:33 - [TEST_STEP][PASSED] - delay: Delayed 2 second(s)

2018-09-10 11:42:35 - [MESSAGE][PASSED] - Delayed 2 second(s)

2018-09-10 11:42:35 - [TEST_STEP][PASSED] - scrollToElement: Scroll to object 'Object Repository/Page_Callidus Cloud Commissions Man/a_fixedValueTypeId' successfully

2018-09-10 11:42:35 - [MESSAGE][PASSED] - Scroll to object 'Object Repository/Page_Callidus Cloud Commissions Man/a_fixedValueTypeId' successfully

2018-09-10 11:42:35 - [TEST_STEP][PASSED] - delay: Delayed 2 second(s)

2018-09-10 11:42:37 - [MESSAGE][PASSED] - Delayed 2 second(s)

2018-09-10 11:42:37 - [TEST_STEP][PASSED] - click: Object: 'Object Repository/Page_Callidus Cloud Commissions Man/a_fixedValueTypeId' is clicked on

2018-09-10 11:42:37 - [MESSAGE][PASSED] - Object: 'Object Repository/Page_Callidus Cloud Commissions Man/a_fixedValueTypeId' is clicked on

2018-09-10 11:42:37 - [TEST_STEP][PASSED] - delay: Delayed 3 second(s)

2018-09-10 11:42:40 - [MESSAGE][PASSED] - Delayed 3 second(s)

2018-09-10 11:42:40 - [TEST_STEP][PASSED] - click: Object: 'Object Repository/Page_Callidus Cloud Commissions Man/td_Comparision' is clicked on

2018-09-10 11:42:41 - [MESSAGE][PASSED] - Object: 'Object Repository/Page_Callidus Cloud Commissions Man/td_Comparision' is clicked on

2018-09-10 11:42:41 - [TEST_STEP][PASSED] - delay: Delayed 2 second(s)

2018-09-10 11:42:43 - [MESSAGE][PASSED] - Delayed 2 second(s)

2018-09-10 11:42:43 - [TEST_STEP][PASSED] - scrollToElement: Scroll to object 'Object Repository/Page_Callidus Cloud Commissions Man/option_Equals' successfully

2018-09-10 11:42:43 - [MESSAGE][PASSED] - Scroll to object 'Object Repository/Page_Callidus Cloud Commissions Man/option_Equals' successfully

2018-09-10 11:42:43 - [TEST_STEP][PASSED] - delay: Delayed 2 second(s)

2018-09-10 11:42:45 - [MESSAGE][PASSED] - Delayed 2 second(s)

2018-09-10 11:42:45 - [TEST_STEP][PASSED] - click: Object: 'Object Repository/Page_Callidus Cloud Commissions Man/option_Equals' is clicked on

2018-09-10 11:42:45 - [MESSAGE][PASSED] - Object: 'Object Repository/Page_Callidus Cloud Commissions Man/option_Equals' is clicked on

2018-09-10 11:42:45 - [TEST_STEP][PASSED] - delay: Delayed 2 second(s)

2018-09-10 11:42:47 - [MESSAGE][PASSED] - Delayed 2 second(s)

2018-09-10 11:42:47 - [TEST_STEP][PASSED] - setText: Text 'Fix1' is set on object 'Object Repository/Page_Callidus Cloud Commissions Man/td_Value'

2018-09-10 11:42:47 - [MESSAGE][PASSED] - Text 'Fix1' is set on object 'Object Repository/Page_Callidus Cloud Commissions Man/td_Value'

2018-09-10 11:42:47 - [TEST_STEP][PASSED] - click: Object: 'Object Repository/Page_Callidus Cloud Commissions Man/input_Apply Search' is clicked on

2018-09-10 11:42:47 - [MESSAGE][PASSED] - Object: 'Object Repository/Page_Callidus Cloud Commissions Man/input_Apply Search' is clicked on

2018-09-10 11:42:47 - [TEST_STEP][NOT_RUN] - callTestCase: NOT_RUN: callTestCase

2018-09-10 11:42:47 - [MESSAGE][NOT_RUN] - NOT_RUN: callTestCase]]></system-out>
         <system-err><![CDATA[]]></system-err>
      </testcase>
      <testcase name="Test Cases/Fixed_Value_Variables_exist_in_the_System" classname="Test Cases/Fixed_Value_Variables_exist_in_the_System" status="PASSED">
         <system-out><![CDATA[2018-09-10 11:42:47 - [TEST_CASE][PASSED] - Test Cases/Fixed_Value_Variables_exist_in_the_System: Test Cases/Fixed_Value_Variables_exist_in_the_System

2018-09-10 11:42:48 - [TEST_STEP][NOT_RUN] - callTestCase: NOT_RUN: callTestCase

2018-09-10 11:42:48 - [MESSAGE][NOT_RUN] - NOT_RUN: callTestCase

2018-09-10 11:42:48 - [TEST_STEP][PASSED] - mouseOver: Object: 'Object Repository/Page_Callidus Cloud Commissions Man/div_PLAN' is hovered

2018-09-10 11:42:48 - [MESSAGE][PASSED] - Object: 'Object Repository/Page_Callidus Cloud Commissions Man/div_PLAN' is hovered

2018-09-10 11:42:48 - [TEST_STEP][PASSED] - delay: Delayed 2 second(s)

2018-09-10 11:42:50 - [MESSAGE][PASSED] - Delayed 2 second(s)

2018-09-10 11:42:50 - [TEST_STEP][PASSED] - scrollToElement: Scroll to object 'Object Repository/Page_Callidus Cloud Commissions Man/a_Plan Components' successfully

2018-09-10 11:42:50 - [MESSAGE][PASSED] - Scroll to object 'Object Repository/Page_Callidus Cloud Commissions Man/a_Plan Components' successfully

2018-09-10 11:42:50 - [TEST_STEP][PASSED] - delay: Delayed 4 second(s)

2018-09-10 11:42:54 - [MESSAGE][PASSED] - Delayed 4 second(s)

2018-09-10 11:42:54 - [TEST_STEP][PASSED] - scrollToElement: Scroll to object 'Object Repository/Page_Callidus Cloud Commissions Man/a_Variables' successfully

2018-09-10 11:42:54 - [MESSAGE][PASSED] - Scroll to object 'Object Repository/Page_Callidus Cloud Commissions Man/a_Variables' successfully

2018-09-10 11:42:54 - [TEST_STEP][PASSED] - delay: Delayed 2 second(s)

2018-09-10 11:42:56 - [MESSAGE][PASSED] - Delayed 2 second(s)

2018-09-10 11:42:56 - [TEST_STEP][PASSED] - click: Object: 'Object Repository/Page_Callidus Cloud Commissions Man/a_Variables' is clicked on

2018-09-10 11:42:56 - [MESSAGE][PASSED] - Object: 'Object Repository/Page_Callidus Cloud Commissions Man/a_Variables' is clicked on

2018-09-10 11:42:56 - [TEST_STEP][PASSED] - delay: Delayed 2 second(s)

2018-09-10 11:42:59 - [MESSAGE][PASSED] - Delayed 2 second(s)

2018-09-10 11:42:59 - [TEST_STEP][PASSED] - click: Object: 'Object Repository/Page_Callidus Cloud Commissions Man/a_Advanced Search' is clicked on

2018-09-10 11:42:59 - [MESSAGE][PASSED] - Object: 'Object Repository/Page_Callidus Cloud Commissions Man/a_Advanced Search' is clicked on

2018-09-10 11:42:59 - [TEST_STEP][PASSED] - delay: Delayed 2 second(s)

2018-09-10 11:43:01 - [MESSAGE][PASSED] - Delayed 2 second(s)

2018-09-10 11:43:01 - [TEST_STEP][PASSED] - click: Object: 'Object Repository/Page_Callidus Cloud Commissions Man/td_Field Name' is clicked on

2018-09-10 11:43:01 - [MESSAGE][PASSED] - Object: 'Object Repository/Page_Callidus Cloud Commissions Man/td_Field Name' is clicked on

2018-09-10 11:43:01 - [TEST_STEP][PASSED] - delay: Delayed 2 second(s)

2018-09-10 11:43:03 - [MESSAGE][PASSED] - Delayed 2 second(s)

2018-09-10 11:43:03 - [TEST_STEP][PASSED] - scrollToElement: Scroll to object 'Object Repository/Page_Callidus Cloud Commissions Man/option_Variables' successfully

2018-09-10 11:43:03 - [MESSAGE][PASSED] - Scroll to object 'Object Repository/Page_Callidus Cloud Commissions Man/option_Variables' successfully

2018-09-10 11:43:03 - [TEST_STEP][PASSED] - delay: Delayed 2 second(s)

2018-09-10 11:43:05 - [MESSAGE][PASSED] - Delayed 2 second(s)

2018-09-10 11:43:05 - [TEST_STEP][PASSED] - click: Object: 'Object Repository/Page_Callidus Cloud Commissions Man/option_Variables' is clicked on

2018-09-10 11:43:05 - [MESSAGE][PASSED] - Object: 'Object Repository/Page_Callidus Cloud Commissions Man/option_Variables' is clicked on

2018-09-10 11:43:05 - [TEST_STEP][PASSED] - click: Object: 'Object Repository/Page_Callidus Cloud Commissions Man/td_Comparision' is clicked on

2018-09-10 11:43:05 - [MESSAGE][PASSED] - Object: 'Object Repository/Page_Callidus Cloud Commissions Man/td_Comparision' is clicked on

2018-09-10 11:43:05 - [TEST_STEP][NOT_RUN] - delay: NOT_RUN: delay

2018-09-10 11:43:05 - [MESSAGE][NOT_RUN] - NOT_RUN: delay

2018-09-10 11:43:05 - [TEST_STEP][NOT_RUN] - deselectOptionByIndex: NOT_RUN: deselectOptionByIndex

2018-09-10 11:43:05 - [MESSAGE][NOT_RUN] - NOT_RUN: deselectOptionByIndex

2018-09-10 11:43:05 - [TEST_STEP][PASSED] - delay: Delayed 2 second(s)

2018-09-10 11:43:07 - [MESSAGE][PASSED] - Delayed 2 second(s)

2018-09-10 11:43:07 - [TEST_STEP][PASSED] - scrollToElement: Scroll to object 'Object Repository/Page_Callidus Cloud Commissions Man/option_Equals' successfully

2018-09-10 11:43:07 - [MESSAGE][PASSED] - Scroll to object 'Object Repository/Page_Callidus Cloud Commissions Man/option_Equals' successfully

2018-09-10 11:43:07 - [TEST_STEP][PASSED] - delay: Delayed 2 second(s)

2018-09-10 11:43:09 - [MESSAGE][PASSED] - Delayed 2 second(s)

2018-09-10 11:43:09 - [TEST_STEP][PASSED] - click: Object: 'Object Repository/Page_Callidus Cloud Commissions Man/option_Equals' is clicked on

2018-09-10 11:43:10 - [MESSAGE][PASSED] - Object: 'Object Repository/Page_Callidus Cloud Commissions Man/option_Equals' is clicked on

2018-09-10 11:43:10 - [TEST_STEP][PASSED] - delay: Delayed 2 second(s)

2018-09-10 11:43:12 - [MESSAGE][PASSED] - Delayed 2 second(s)

2018-09-10 11:43:12 - [TEST_STEP][PASSED] - setText: Text 'Var_FV_Demo1' is set on object 'Object Repository/Page_Callidus Cloud Commissions Man/td_Value'

2018-09-10 11:43:12 - [MESSAGE][PASSED] - Text 'Var_FV_Demo1' is set on object 'Object Repository/Page_Callidus Cloud Commissions Man/td_Value'

2018-09-10 11:43:12 - [TEST_STEP][PASSED] - delay: Delayed 2 second(s)

2018-09-10 11:43:14 - [MESSAGE][PASSED] - Delayed 2 second(s)

2018-09-10 11:43:14 - [TEST_STEP][PASSED] - click: Object: 'Object Repository/Page_Callidus Cloud Commissions Man/input_Apply Search' is clicked on

2018-09-10 11:43:14 - [MESSAGE][PASSED] - Object: 'Object Repository/Page_Callidus Cloud Commissions Man/input_Apply Search' is clicked on

2018-09-10 11:43:14 - [TEST_STEP][PASSED] - delay: Delayed 5 second(s)

2018-09-10 11:43:19 - [MESSAGE][PASSED] - Delayed 5 second(s)

2018-09-10 11:43:19 - [TEST_STEP][NOT_RUN] - callTestCase: NOT_RUN: callTestCase

2018-09-10 11:43:19 - [MESSAGE][NOT_RUN] - NOT_RUN: callTestCase]]></system-out>
         <system-err><![CDATA[]]></system-err>
      </testcase>
      <testcase name="Test Cases/Incentive Rule exists in the system" classname="Test Cases/Incentive Rule exists in the system" status="PASSED">
         <system-out><![CDATA[2018-09-10 11:43:19 - [TEST_CASE][PASSED] - Test Cases/Incentive Rule exists in the system: Test Cases/Incentive Rule exists in the system

2018-09-10 11:43:19 - [TEST_STEP][NOT_RUN] - callTestCase: NOT_RUN: callTestCase

2018-09-10 11:43:19 - [MESSAGE][NOT_RUN] - NOT_RUN: callTestCase

2018-09-10 11:43:19 - [TEST_STEP][PASSED] - delay: Delayed 5 second(s)

2018-09-10 11:43:24 - [MESSAGE][PASSED] - Delayed 5 second(s)

2018-09-10 11:43:24 - [TEST_STEP][PASSED] - mouseOver: Object: 'Object Repository/Page_Plan Tab/a_Plan' is hovered

2018-09-10 11:43:24 - [MESSAGE][PASSED] - Object: 'Object Repository/Page_Plan Tab/a_Plan' is hovered

2018-09-10 11:43:24 - [TEST_STEP][PASSED] - delay: Delayed 3 second(s)

2018-09-10 11:43:27 - [MESSAGE][PASSED] - Delayed 3 second(s)

2018-09-10 11:43:27 - [TEST_STEP][PASSED] - scrollToElement: Scroll to object 'Object Repository/Page_Plan Tab/a_Rules' successfully

2018-09-10 11:43:27 - [MESSAGE][PASSED] - Scroll to object 'Object Repository/Page_Plan Tab/a_Rules' successfully

2018-09-10 11:43:27 - [TEST_STEP][PASSED] - delay: Delayed 3 second(s)

2018-09-10 11:43:30 - [MESSAGE][PASSED] - Delayed 3 second(s)

2018-09-10 11:43:30 - [TEST_STEP][PASSED] - click: Object: 'Object Repository/Page_Plan Tab/a_Rules' is clicked on

2018-09-10 11:43:31 - [MESSAGE][PASSED] - Object: 'Object Repository/Page_Plan Tab/a_Rules' is clicked on

2018-09-10 11:43:31 - [TEST_STEP][PASSED] - delay: Delayed 2 second(s)

2018-09-10 11:43:33 - [MESSAGE][PASSED] - Delayed 2 second(s)

2018-09-10 11:43:33 - [TEST_STEP][PASSED] - click: Object: 'Object Repository/Page_Callidus Cloud Commissions Man/a_Advanced Search' is clicked on

2018-09-10 11:43:34 - [MESSAGE][PASSED] - Object: 'Object Repository/Page_Callidus Cloud Commissions Man/a_Advanced Search' is clicked on

2018-09-10 11:43:34 - [TEST_STEP][PASSED] - delay: Delayed 3 second(s)

2018-09-10 11:43:37 - [MESSAGE][PASSED] - Delayed 3 second(s)

2018-09-10 11:43:37 - [TEST_STEP][PASSED] - click: Object: 'Object Repository/Page_Callidus Cloud Commissions Man/td_Field Name' is clicked on

2018-09-10 11:43:37 - [MESSAGE][PASSED] - Object: 'Object Repository/Page_Callidus Cloud Commissions Man/td_Field Name' is clicked on

2018-09-10 11:43:37 - [TEST_STEP][PASSED] - delay: Delayed 2 second(s)

2018-09-10 11:43:39 - [MESSAGE][PASSED] - Delayed 2 second(s)

2018-09-10 11:43:39 - [TEST_STEP][PASSED] - scrollToElement: Scroll to object 'Object Repository/Page_Plan Tab/a_Field_name' successfully

2018-09-10 11:43:39 - [MESSAGE][PASSED] - Scroll to object 'Object Repository/Page_Plan Tab/a_Field_name' successfully

2018-09-10 11:43:39 - [TEST_STEP][PASSED] - delay: Delayed 2 second(s)

2018-09-10 11:43:41 - [MESSAGE][PASSED] - Delayed 2 second(s)

2018-09-10 11:43:41 - [TEST_STEP][PASSED] - click: Object: 'Object Repository/Page_Plan Tab/a_Field_name' is clicked on

2018-09-10 11:43:41 - [MESSAGE][PASSED] - Object: 'Object Repository/Page_Plan Tab/a_Field_name' is clicked on

2018-09-10 11:43:41 - [TEST_STEP][PASSED] - delay: Delayed 2 second(s)

2018-09-10 11:43:43 - [MESSAGE][PASSED] - Delayed 2 second(s)

2018-09-10 11:43:43 - [TEST_STEP][PASSED] - click: Object: 'Object Repository/Page_Callidus Cloud Commissions Man/td_Comparision' is clicked on

2018-09-10 11:43:43 - [MESSAGE][PASSED] - Object: 'Object Repository/Page_Callidus Cloud Commissions Man/td_Comparision' is clicked on

2018-09-10 11:43:43 - [TEST_STEP][PASSED] - delay: Delayed 2 second(s)

2018-09-10 11:43:45 - [MESSAGE][PASSED] - Delayed 2 second(s)

2018-09-10 11:43:45 - [TEST_STEP][PASSED] - scrollToElement: Scroll to object 'Object Repository/Page_Callidus Cloud Commissions Man/option_Equals' successfully

2018-09-10 11:43:45 - [MESSAGE][PASSED] - Scroll to object 'Object Repository/Page_Callidus Cloud Commissions Man/option_Equals' successfully

2018-09-10 11:43:45 - [TEST_STEP][PASSED] - delay: Delayed 2 second(s)

2018-09-10 11:43:47 - [MESSAGE][PASSED] - Delayed 2 second(s)

2018-09-10 11:43:47 - [TEST_STEP][PASSED] - click: Object: 'Object Repository/Page_Callidus Cloud Commissions Man/option_Equals' is clicked on

2018-09-10 11:43:47 - [MESSAGE][PASSED] - Object: 'Object Repository/Page_Callidus Cloud Commissions Man/option_Equals' is clicked on

2018-09-10 11:43:47 - [TEST_STEP][PASSED] - delay: Delayed 2 second(s)

2018-09-10 11:43:49 - [MESSAGE][PASSED] - Delayed 2 second(s)

2018-09-10 11:43:49 - [TEST_STEP][PASSED] - setText: Text 'IR Base Commissions Flat Rate Quota Based MTD' is set on object 'Object Repository/Page_Callidus Cloud Commissions Man/td_Value'

2018-09-10 11:43:50 - [MESSAGE][PASSED] - Text 'IR Base Commissions Flat Rate Quota Based MTD' is set on object 'Object Repository/Page_Callidus Cloud Commissions Man/td_Value'

2018-09-10 11:43:50 - [TEST_STEP][PASSED] - delay: Delayed 2 second(s)

2018-09-10 11:43:52 - [MESSAGE][PASSED] - Delayed 2 second(s)

2018-09-10 11:43:52 - [TEST_STEP][PASSED] - click: Object: 'Object Repository/Page_Callidus Cloud Commissions Man/input_Apply Search' is clicked on

2018-09-10 11:43:53 - [MESSAGE][PASSED] - Object: 'Object Repository/Page_Callidus Cloud Commissions Man/input_Apply Search' is clicked on

2018-09-10 11:43:53 - [TEST_STEP][NOT_RUN] - callTestCase: NOT_RUN: callTestCase

2018-09-10 11:43:53 - [MESSAGE][NOT_RUN] - NOT_RUN: callTestCase]]></system-out>
         <system-err><![CDATA[]]></system-err>
      </testcase>
      <testcase name="Test Cases/Lookup_Table_Varaibles_exist_in_the_system" classname="Test Cases/Lookup_Table_Varaibles_exist_in_the_system" status="PASSED">
         <system-out><![CDATA[2018-09-10 11:43:53 - [TEST_CASE][PASSED] - Test Cases/Lookup_Table_Varaibles_exist_in_the_system: Test Cases/Lookup_Table_Varaibles_exist_in_the_system

2018-09-10 11:43:53 - [TEST_STEP][NOT_RUN] - callTestCase: NOT_RUN: callTestCase

2018-09-10 11:43:53 - [MESSAGE][NOT_RUN] - NOT_RUN: callTestCase

2018-09-10 11:43:53 - [TEST_STEP][PASSED] - mouseOver: Object: 'Object Repository/Page_Callidus Cloud Commissions Man/div_PLAN' is hovered

2018-09-10 11:43:53 - [MESSAGE][PASSED] - Object: 'Object Repository/Page_Callidus Cloud Commissions Man/div_PLAN' is hovered

2018-09-10 11:43:53 - [TEST_STEP][PASSED] - delay: Delayed 2 second(s)

2018-09-10 11:43:55 - [MESSAGE][PASSED] - Delayed 2 second(s)

2018-09-10 11:43:55 - [TEST_STEP][PASSED] - scrollToElement: Scroll to object 'Object Repository/Page_Callidus Cloud Commissions Man/a_Plan Components' successfully

2018-09-10 11:43:55 - [MESSAGE][PASSED] - Scroll to object 'Object Repository/Page_Callidus Cloud Commissions Man/a_Plan Components' successfully

2018-09-10 11:43:55 - [TEST_STEP][PASSED] - delay: Delayed 2 second(s)

2018-09-10 11:43:57 - [MESSAGE][PASSED] - Delayed 2 second(s)

2018-09-10 11:43:57 - [TEST_STEP][PASSED] - scrollToElement: Scroll to object 'Object Repository/Page_Callidus Cloud Commissions Man/a_Variables' successfully

2018-09-10 11:43:57 - [MESSAGE][PASSED] - Scroll to object 'Object Repository/Page_Callidus Cloud Commissions Man/a_Variables' successfully

2018-09-10 11:43:57 - [TEST_STEP][PASSED] - delay: Delayed 4 second(s)

2018-09-10 11:44:01 - [MESSAGE][PASSED] - Delayed 4 second(s)

2018-09-10 11:44:01 - [TEST_STEP][PASSED] - click: Object: 'Object Repository/Page_Callidus Cloud Commissions Man/a_Variables' is clicked on

2018-09-10 11:44:02 - [MESSAGE][PASSED] - Object: 'Object Repository/Page_Callidus Cloud Commissions Man/a_Variables' is clicked on

2018-09-10 11:44:02 - [TEST_STEP][PASSED] - delay: Delayed 2 second(s)

2018-09-10 11:44:04 - [MESSAGE][PASSED] - Delayed 2 second(s)

2018-09-10 11:44:04 - [TEST_STEP][PASSED] - click: Object: 'Object Repository/Page_Callidus Cloud Commissions Man/a_Advanced Search' is clicked on

2018-09-10 11:44:04 - [MESSAGE][PASSED] - Object: 'Object Repository/Page_Callidus Cloud Commissions Man/a_Advanced Search' is clicked on

2018-09-10 11:44:04 - [TEST_STEP][PASSED] - delay: Delayed 2 second(s)

2018-09-10 11:44:06 - [MESSAGE][PASSED] - Delayed 2 second(s)

2018-09-10 11:44:06 - [TEST_STEP][PASSED] - click: Object: 'Object Repository/Page_Callidus Cloud Commissions Man/td_Field Name' is clicked on

2018-09-10 11:44:06 - [MESSAGE][PASSED] - Object: 'Object Repository/Page_Callidus Cloud Commissions Man/td_Field Name' is clicked on

2018-09-10 11:44:06 - [TEST_STEP][PASSED] - delay: Delayed 2 second(s)

2018-09-10 11:44:08 - [MESSAGE][PASSED] - Delayed 2 second(s)

2018-09-10 11:44:08 - [TEST_STEP][PASSED] - scrollToElement: Scroll to object 'Object Repository/Page_Callidus Cloud Commissions Man/option_Variables' successfully

2018-09-10 11:44:08 - [MESSAGE][PASSED] - Scroll to object 'Object Repository/Page_Callidus Cloud Commissions Man/option_Variables' successfully

2018-09-10 11:44:08 - [TEST_STEP][PASSED] - delay: Delayed 2 second(s)

2018-09-10 11:44:10 - [MESSAGE][PASSED] - Delayed 2 second(s)

2018-09-10 11:44:10 - [TEST_STEP][PASSED] - click: Object: 'Object Repository/Page_Callidus Cloud Commissions Man/option_Variables' is clicked on

2018-09-10 11:44:10 - [MESSAGE][PASSED] - Object: 'Object Repository/Page_Callidus Cloud Commissions Man/option_Variables' is clicked on

2018-09-10 11:44:10 - [TEST_STEP][PASSED] - delay: Delayed 2 second(s)

2018-09-10 11:44:12 - [MESSAGE][PASSED] - Delayed 2 second(s)

2018-09-10 11:44:12 - [TEST_STEP][PASSED] - click: Object: 'Object Repository/Page_Callidus Cloud Commissions Man/td_Comparision' is clicked on

2018-09-10 11:44:13 - [MESSAGE][PASSED] - Object: 'Object Repository/Page_Callidus Cloud Commissions Man/td_Comparision' is clicked on

2018-09-10 11:44:13 - [TEST_STEP][PASSED] - delay: Delayed 2 second(s)

2018-09-10 11:44:15 - [MESSAGE][PASSED] - Delayed 2 second(s)

2018-09-10 11:44:15 - [TEST_STEP][PASSED] - scrollToElement: Scroll to object 'Object Repository/Page_Callidus Cloud Commissions Man/option_Equals' successfully

2018-09-10 11:44:15 - [MESSAGE][PASSED] - Scroll to object 'Object Repository/Page_Callidus Cloud Commissions Man/option_Equals' successfully

2018-09-10 11:44:15 - [TEST_STEP][PASSED] - delay: Delayed 2 second(s)

2018-09-10 11:44:17 - [MESSAGE][PASSED] - Delayed 2 second(s)

2018-09-10 11:44:17 - [TEST_STEP][PASSED] - click: Object: 'Object Repository/Page_Callidus Cloud Commissions Man/option_Equals' is clicked on

2018-09-10 11:44:17 - [MESSAGE][PASSED] - Object: 'Object Repository/Page_Callidus Cloud Commissions Man/option_Equals' is clicked on

2018-09-10 11:44:17 - [TEST_STEP][PASSED] - delay: Delayed 2 second(s)

2018-09-10 11:44:19 - [MESSAGE][PASSED] - Delayed 2 second(s)

2018-09-10 11:44:19 - [TEST_STEP][PASSED] - setText: Text 'Var_LT_Demo4' is set on object 'Object Repository/Page_Callidus Cloud Commissions Man/td_Value'

2018-09-10 11:44:19 - [MESSAGE][PASSED] - Text 'Var_LT_Demo4' is set on object 'Object Repository/Page_Callidus Cloud Commissions Man/td_Value'

2018-09-10 11:44:19 - [TEST_STEP][PASSED] - click: Object: 'Object Repository/Page_Callidus Cloud Commissions Man/input_Apply Search' is clicked on

2018-09-10 11:44:19 - [MESSAGE][PASSED] - Object: 'Object Repository/Page_Callidus Cloud Commissions Man/input_Apply Search' is clicked on

2018-09-10 11:44:19 - [TEST_STEP][PASSED] - delay: Delayed 5 second(s)

2018-09-10 11:44:24 - [MESSAGE][PASSED] - Delayed 5 second(s)

2018-09-10 11:44:24 - [TEST_STEP][NOT_RUN] - callTestCase: NOT_RUN: callTestCase

2018-09-10 11:44:24 - [MESSAGE][NOT_RUN] - NOT_RUN: callTestCase]]></system-out>
         <system-err><![CDATA[]]></system-err>
      </testcase>
      <testcase name="Test Cases/Measurement Rule exists in the system" classname="Test Cases/Measurement Rule exists in the system" status="PASSED">
         <system-out><![CDATA[2018-09-10 11:44:24 - [TEST_CASE][PASSED] - Test Cases/Measurement Rule exists in the system: Test Cases/Measurement Rule exists in the system

2018-09-10 11:44:25 - [TEST_STEP][NOT_RUN] - callTestCase: NOT_RUN: callTestCase

2018-09-10 11:44:25 - [MESSAGE][NOT_RUN] - NOT_RUN: callTestCase

2018-09-10 11:44:25 - [TEST_STEP][PASSED] - delay: Delayed 5 second(s)

2018-09-10 11:44:30 - [MESSAGE][PASSED] - Delayed 5 second(s)

2018-09-10 11:44:30 - [TEST_STEP][PASSED] - mouseOver: Object: 'Object Repository/Page_Plan Tab/a_Plan' is hovered

2018-09-10 11:44:30 - [MESSAGE][PASSED] - Object: 'Object Repository/Page_Plan Tab/a_Plan' is hovered

2018-09-10 11:44:30 - [TEST_STEP][PASSED] - delay: Delayed 3 second(s)

2018-09-10 11:44:33 - [MESSAGE][PASSED] - Delayed 3 second(s)

2018-09-10 11:44:33 - [TEST_STEP][PASSED] - scrollToElement: Scroll to object 'Object Repository/Page_Plan Tab/a_Rules' successfully

2018-09-10 11:44:33 - [MESSAGE][PASSED] - Scroll to object 'Object Repository/Page_Plan Tab/a_Rules' successfully

2018-09-10 11:44:33 - [TEST_STEP][PASSED] - delay: Delayed 4 second(s)

2018-09-10 11:44:37 - [MESSAGE][PASSED] - Delayed 4 second(s)

2018-09-10 11:44:37 - [TEST_STEP][PASSED] - click: Object: 'Object Repository/Page_Plan Tab/a_Rules' is clicked on

2018-09-10 11:44:37 - [MESSAGE][PASSED] - Object: 'Object Repository/Page_Plan Tab/a_Rules' is clicked on

2018-09-10 11:44:37 - [TEST_STEP][PASSED] - delay: Delayed 2 second(s)

2018-09-10 11:44:39 - [MESSAGE][PASSED] - Delayed 2 second(s)

2018-09-10 11:44:39 - [TEST_STEP][PASSED] - click: Object: 'Object Repository/Page_Callidus Cloud Commissions Man/a_Advanced Search' is clicked on

2018-09-10 11:44:40 - [MESSAGE][PASSED] - Object: 'Object Repository/Page_Callidus Cloud Commissions Man/a_Advanced Search' is clicked on

2018-09-10 11:44:40 - [TEST_STEP][PASSED] - delay: Delayed 2 second(s)

2018-09-10 11:44:42 - [MESSAGE][PASSED] - Delayed 2 second(s)

2018-09-10 11:44:42 - [TEST_STEP][PASSED] - click: Object: 'Object Repository/Page_Callidus Cloud Commissions Man/td_Field Name' is clicked on

2018-09-10 11:44:42 - [MESSAGE][PASSED] - Object: 'Object Repository/Page_Callidus Cloud Commissions Man/td_Field Name' is clicked on

2018-09-10 11:44:42 - [TEST_STEP][PASSED] - delay: Delayed 2 second(s)

2018-09-10 11:44:44 - [MESSAGE][PASSED] - Delayed 2 second(s)

2018-09-10 11:44:44 - [TEST_STEP][PASSED] - scrollToElement: Scroll to object 'Object Repository/Page_Plan Tab/a_Field_name' successfully

2018-09-10 11:44:44 - [MESSAGE][PASSED] - Scroll to object 'Object Repository/Page_Plan Tab/a_Field_name' successfully

2018-09-10 11:44:44 - [TEST_STEP][PASSED] - delay: Delayed 2 second(s)

2018-09-10 11:44:46 - [MESSAGE][PASSED] - Delayed 2 second(s)

2018-09-10 11:44:46 - [TEST_STEP][PASSED] - click: Object: 'Object Repository/Page_Plan Tab/a_Field_name' is clicked on

2018-09-10 11:44:46 - [MESSAGE][PASSED] - Object: 'Object Repository/Page_Plan Tab/a_Field_name' is clicked on

2018-09-10 11:44:46 - [TEST_STEP][PASSED] - click: Object: 'Object Repository/Page_Callidus Cloud Commissions Man/td_Comparision' is clicked on

2018-09-10 11:44:46 - [MESSAGE][PASSED] - Object: 'Object Repository/Page_Callidus Cloud Commissions Man/td_Comparision' is clicked on

2018-09-10 11:44:46 - [TEST_STEP][PASSED] - delay: Delayed 2 second(s)

2018-09-10 11:44:48 - [MESSAGE][PASSED] - Delayed 2 second(s)

2018-09-10 11:44:48 - [TEST_STEP][PASSED] - scrollToElement: Scroll to object 'Object Repository/Page_Callidus Cloud Commissions Man/option_Equals' successfully

2018-09-10 11:44:48 - [MESSAGE][PASSED] - Scroll to object 'Object Repository/Page_Callidus Cloud Commissions Man/option_Equals' successfully

2018-09-10 11:44:48 - [TEST_STEP][PASSED] - delay: Delayed 2 second(s)

2018-09-10 11:44:50 - [MESSAGE][PASSED] - Delayed 2 second(s)

2018-09-10 11:44:50 - [TEST_STEP][PASSED] - click: Object: 'Object Repository/Page_Callidus Cloud Commissions Man/option_Equals' is clicked on

2018-09-10 11:44:50 - [MESSAGE][PASSED] - Object: 'Object Repository/Page_Callidus Cloud Commissions Man/option_Equals' is clicked on

2018-09-10 11:44:50 - [TEST_STEP][PASSED] - delay: Delayed 2 second(s)

2018-09-10 11:44:52 - [MESSAGE][PASSED] - Delayed 2 second(s)

2018-09-10 11:44:52 - [TEST_STEP][PASSED] - setText: Text 'MR Testrule' is set on object 'Object Repository/Page_Callidus Cloud Commissions Man/td_Value'

2018-09-10 11:44:53 - [MESSAGE][PASSED] - Text 'MR Testrule' is set on object 'Object Repository/Page_Callidus Cloud Commissions Man/td_Value'

2018-09-10 11:44:53 - [TEST_STEP][PASSED] - delay: Delayed 2 second(s)

2018-09-10 11:44:55 - [MESSAGE][PASSED] - Delayed 2 second(s)

2018-09-10 11:44:55 - [TEST_STEP][PASSED] - click: Object: 'Object Repository/Page_Callidus Cloud Commissions Man/input_Apply Search' is clicked on

2018-09-10 11:44:55 - [MESSAGE][PASSED] - Object: 'Object Repository/Page_Callidus Cloud Commissions Man/input_Apply Search' is clicked on

2018-09-10 11:44:55 - [TEST_STEP][NOT_RUN] - acceptAlert: NOT_RUN: acceptAlert

2018-09-10 11:44:55 - [MESSAGE][NOT_RUN] - NOT_RUN: acceptAlert

2018-09-10 11:44:55 - [TEST_STEP][NOT_RUN] - callTestCase: NOT_RUN: callTestCase

2018-09-10 11:44:55 - [MESSAGE][NOT_RUN] - NOT_RUN: callTestCase]]></system-out>
         <system-err><![CDATA[]]></system-err>
      </testcase>
      <testcase name="Test Cases/Plan Components exist in the system" classname="Test Cases/Plan Components exist in the system" status="PASSED">
         <system-out><![CDATA[2018-09-10 11:44:55 - [TEST_CASE][PASSED] - Test Cases/Plan Components exist in the system: Test Cases/Plan Components exist in the system

2018-09-10 11:44:55 - [TEST_STEP][NOT_RUN] - callTestCase: NOT_RUN: callTestCase

2018-09-10 11:44:55 - [MESSAGE][NOT_RUN] - NOT_RUN: callTestCase

2018-09-10 11:44:55 - [TEST_STEP][PASSED] - mouseOver: Object: 'Object Repository/Page_Callidus Cloud Commissions Man/div_PLAN' is hovered

2018-09-10 11:44:55 - [MESSAGE][PASSED] - Object: 'Object Repository/Page_Callidus Cloud Commissions Man/div_PLAN' is hovered

2018-09-10 11:44:55 - [TEST_STEP][PASSED] - delay: Delayed 2 second(s)

2018-09-10 11:44:57 - [MESSAGE][PASSED] - Delayed 2 second(s)

2018-09-10 11:44:57 - [TEST_STEP][PASSED] - scrollToElement: Scroll to object 'Object Repository/Page_Callidus Cloud Commissions Man/a_Plan Components' successfully

2018-09-10 11:44:57 - [MESSAGE][PASSED] - Scroll to object 'Object Repository/Page_Callidus Cloud Commissions Man/a_Plan Components' successfully

2018-09-10 11:44:57 - [TEST_STEP][PASSED] - delay: Delayed 4 second(s)

2018-09-10 11:45:01 - [MESSAGE][PASSED] - Delayed 4 second(s)

2018-09-10 11:45:01 - [TEST_STEP][PASSED] - click: Object: 'Object Repository/Page_Callidus Cloud Commissions Man/a_Plan Components' is clicked on

2018-09-10 11:45:02 - [MESSAGE][PASSED] - Object: 'Object Repository/Page_Callidus Cloud Commissions Man/a_Plan Components' is clicked on

2018-09-10 11:45:02 - [TEST_STEP][PASSED] - delay: Delayed 2 second(s)

2018-09-10 11:45:04 - [MESSAGE][PASSED] - Delayed 2 second(s)

2018-09-10 11:45:04 - [TEST_STEP][PASSED] - click: Object: 'Object Repository/Page_Callidus Cloud Commissions Man/a_Advanced Search' is clicked on

2018-09-10 11:45:04 - [MESSAGE][PASSED] - Object: 'Object Repository/Page_Callidus Cloud Commissions Man/a_Advanced Search' is clicked on

2018-09-10 11:45:04 - [TEST_STEP][PASSED] - delay: Delayed 2 second(s)

2018-09-10 11:45:06 - [MESSAGE][PASSED] - Delayed 2 second(s)

2018-09-10 11:45:06 - [TEST_STEP][PASSED] - click: Object: 'Object Repository/Page_Callidus Cloud Commissions Man/td_Field Name' is clicked on

2018-09-10 11:45:07 - [MESSAGE][PASSED] - Object: 'Object Repository/Page_Callidus Cloud Commissions Man/td_Field Name' is clicked on

2018-09-10 11:45:07 - [TEST_STEP][PASSED] - delay: Delayed 2 second(s)

2018-09-10 11:45:09 - [MESSAGE][PASSED] - Delayed 2 second(s)

2018-09-10 11:45:09 - [TEST_STEP][PASSED] - scrollToElement: Scroll to object 'Object Repository/Page_Callidus Cloud Commissions Man/option_Plan Components' successfully

2018-09-10 11:45:09 - [MESSAGE][PASSED] - Scroll to object 'Object Repository/Page_Callidus Cloud Commissions Man/option_Plan Components' successfully

2018-09-10 11:45:09 - [TEST_STEP][PASSED] - delay: Delayed 2 second(s)

2018-09-10 11:45:11 - [MESSAGE][PASSED] - Delayed 2 second(s)

2018-09-10 11:45:11 - [TEST_STEP][PASSED] - click: Object: 'Object Repository/Page_Callidus Cloud Commissions Man/option_Plan Components' is clicked on

2018-09-10 11:45:11 - [MESSAGE][PASSED] - Object: 'Object Repository/Page_Callidus Cloud Commissions Man/option_Plan Components' is clicked on

2018-09-10 11:45:11 - [TEST_STEP][PASSED] - click: Object: 'Object Repository/Page_Callidus Cloud Commissions Man/td_Comparision' is clicked on

2018-09-10 11:45:11 - [MESSAGE][PASSED] - Object: 'Object Repository/Page_Callidus Cloud Commissions Man/td_Comparision' is clicked on

2018-09-10 11:45:11 - [TEST_STEP][PASSED] - scrollToElement: Scroll to object 'Object Repository/Page_Callidus Cloud Commissions Man/option_Equals' successfully

2018-09-10 11:45:11 - [MESSAGE][PASSED] - Scroll to object 'Object Repository/Page_Callidus Cloud Commissions Man/option_Equals' successfully

2018-09-10 11:45:11 - [TEST_STEP][PASSED] - delay: Delayed 2 second(s)

2018-09-10 11:45:13 - [MESSAGE][PASSED] - Delayed 2 second(s)

2018-09-10 11:45:13 - [TEST_STEP][PASSED] - click: Object: 'Object Repository/Page_Callidus Cloud Commissions Man/option_Equals' is clicked on

2018-09-10 11:45:13 - [MESSAGE][PASSED] - Object: 'Object Repository/Page_Callidus Cloud Commissions Man/option_Equals' is clicked on

2018-09-10 11:45:13 - [TEST_STEP][PASSED] - delay: Delayed 2 second(s)

2018-09-10 11:45:15 - [MESSAGE][PASSED] - Delayed 2 second(s)

2018-09-10 11:45:15 - [TEST_STEP][PASSED] - setText: Text 'Aggregated Revenue against Territory based on Flat Rate' is set on object 'Object Repository/Page_Callidus Cloud Commissions Man/td_Value'

2018-09-10 11:45:16 - [MESSAGE][PASSED] - Text 'Aggregated Revenue against Territory based on Flat Rate' is set on object 'Object Repository/Page_Callidus Cloud Commissions Man/td_Value'

2018-09-10 11:45:16 - [TEST_STEP][PASSED] - click: Object: 'Object Repository/Page_Callidus Cloud Commissions Man/input_Apply Search' is clicked on

2018-09-10 11:45:16 - [MESSAGE][PASSED] - Object: 'Object Repository/Page_Callidus Cloud Commissions Man/input_Apply Search' is clicked on

2018-09-10 11:45:16 - [TEST_STEP][NOT_RUN] - callTestCase: NOT_RUN: callTestCase

2018-09-10 11:45:16 - [MESSAGE][NOT_RUN] - NOT_RUN: callTestCase]]></system-out>
         <system-err><![CDATA[]]></system-err>
      </testcase>
      <testcase name="Test Cases/Plans exist in the system" classname="Test Cases/Plans exist in the system" status="PASSED">
         <system-out><![CDATA[2018-09-10 11:45:16 - [TEST_CASE][PASSED] - Test Cases/Plans exist in the system: Test Cases/Plans exist in the system

2018-09-10 11:45:16 - [TEST_STEP][NOT_RUN] - callTestCase: NOT_RUN: callTestCase

2018-09-10 11:45:16 - [MESSAGE][NOT_RUN] - NOT_RUN: callTestCase

2018-09-10 11:45:16 - [TEST_STEP][PASSED] - mouseOver: Object: 'Object Repository/Page_Callidus Cloud Commissions Man/div_PLAN' is hovered

2018-09-10 11:45:17 - [MESSAGE][PASSED] - Object: 'Object Repository/Page_Callidus Cloud Commissions Man/div_PLAN' is hovered

2018-09-10 11:45:17 - [TEST_STEP][PASSED] - delay: Delayed 5 second(s)

2018-09-10 11:45:22 - [MESSAGE][PASSED] - Delayed 5 second(s)

2018-09-10 11:45:22 - [TEST_STEP][PASSED] - scrollToElement: Scroll to object 'Object Repository/Page_Callidus Cloud Commissions Man/a_Plans' successfully

2018-09-10 11:45:22 - [MESSAGE][PASSED] - Scroll to object 'Object Repository/Page_Callidus Cloud Commissions Man/a_Plans' successfully

2018-09-10 11:45:22 - [TEST_STEP][PASSED] - delay: Delayed 4 second(s)

2018-09-10 11:45:26 - [MESSAGE][PASSED] - Delayed 4 second(s)

2018-09-10 11:45:26 - [TEST_STEP][PASSED] - click: Object: 'Object Repository/Page_Callidus Cloud Commissions Man/a_Plans' is clicked on

2018-09-10 11:45:27 - [MESSAGE][PASSED] - Object: 'Object Repository/Page_Callidus Cloud Commissions Man/a_Plans' is clicked on

2018-09-10 11:45:27 - [TEST_STEP][PASSED] - delay: Delayed 2 second(s)

2018-09-10 11:45:29 - [MESSAGE][PASSED] - Delayed 2 second(s)

2018-09-10 11:45:29 - [TEST_STEP][PASSED] - click: Object: 'Object Repository/Page_Callidus Cloud Commissions Man/a_Advanced Search' is clicked on

2018-09-10 11:45:29 - [MESSAGE][PASSED] - Object: 'Object Repository/Page_Callidus Cloud Commissions Man/a_Advanced Search' is clicked on

2018-09-10 11:45:29 - [TEST_STEP][PASSED] - delay: Delayed 2 second(s)

2018-09-10 11:45:31 - [MESSAGE][PASSED] - Delayed 2 second(s)

2018-09-10 11:45:31 - [TEST_STEP][PASSED] - click: Object: 'Object Repository/Page_Callidus Cloud Commissions Man/td_Field Name' is clicked on

2018-09-10 11:45:31 - [MESSAGE][PASSED] - Object: 'Object Repository/Page_Callidus Cloud Commissions Man/td_Field Name' is clicked on

2018-09-10 11:45:31 - [TEST_STEP][PASSED] - delay: Delayed 2 second(s)

2018-09-10 11:45:33 - [MESSAGE][PASSED] - Delayed 2 second(s)

2018-09-10 11:45:33 - [TEST_STEP][PASSED] - scrollToElement: Scroll to object 'Object Repository/Page_Callidus Cloud Commissions Man/option_Plans' successfully

2018-09-10 11:45:33 - [MESSAGE][PASSED] - Scroll to object 'Object Repository/Page_Callidus Cloud Commissions Man/option_Plans' successfully

2018-09-10 11:45:33 - [TEST_STEP][PASSED] - delay: Delayed 2 second(s)

2018-09-10 11:45:35 - [MESSAGE][PASSED] - Delayed 2 second(s)

2018-09-10 11:45:35 - [TEST_STEP][PASSED] - click: Object: 'Object Repository/Page_Callidus Cloud Commissions Man/option_Plans' is clicked on

2018-09-10 11:45:35 - [MESSAGE][PASSED] - Object: 'Object Repository/Page_Callidus Cloud Commissions Man/option_Plans' is clicked on

2018-09-10 11:45:35 - [TEST_STEP][PASSED] - click: Object: 'Object Repository/Page_Callidus Cloud Commissions Man/td_Comparision' is clicked on

2018-09-10 11:45:36 - [MESSAGE][PASSED] - Object: 'Object Repository/Page_Callidus Cloud Commissions Man/td_Comparision' is clicked on

2018-09-10 11:45:36 - [TEST_STEP][PASSED] - scrollToElement: Scroll to object 'Object Repository/Page_Callidus Cloud Commissions Man/option_Equals' successfully

2018-09-10 11:45:36 - [MESSAGE][PASSED] - Scroll to object 'Object Repository/Page_Callidus Cloud Commissions Man/option_Equals' successfully

2018-09-10 11:45:36 - [TEST_STEP][PASSED] - delay: Delayed 2 second(s)

2018-09-10 11:45:38 - [MESSAGE][PASSED] - Delayed 2 second(s)

2018-09-10 11:45:38 - [TEST_STEP][PASSED] - click: Object: 'Object Repository/Page_Callidus Cloud Commissions Man/option_Equals' is clicked on

2018-09-10 11:45:38 - [MESSAGE][PASSED] - Object: 'Object Repository/Page_Callidus Cloud Commissions Man/option_Equals' is clicked on

2018-09-10 11:45:38 - [TEST_STEP][PASSED] - delay: Delayed 2 second(s)

2018-09-10 11:45:40 - [MESSAGE][PASSED] - Delayed 2 second(s)

2018-09-10 11:45:40 - [TEST_STEP][PASSED] - setText: Text 'compensation plan' is set on object 'Object Repository/Page_Callidus Cloud Commissions Man/td_Value'

2018-09-10 11:45:40 - [MESSAGE][PASSED] - Text 'compensation plan' is set on object 'Object Repository/Page_Callidus Cloud Commissions Man/td_Value'

2018-09-10 11:45:40 - [TEST_STEP][PASSED] - click: Object: 'Object Repository/Page_Callidus Cloud Commissions Man/input_Apply Search' is clicked on

2018-09-10 11:45:40 - [MESSAGE][PASSED] - Object: 'Object Repository/Page_Callidus Cloud Commissions Man/input_Apply Search' is clicked on

2018-09-10 11:45:40 - [TEST_STEP][NOT_RUN] - callTestCase: NOT_RUN: callTestCase

2018-09-10 11:45:40 - [MESSAGE][NOT_RUN] - NOT_RUN: callTestCase]]></system-out>
         <system-err><![CDATA[]]></system-err>
      </testcase>
      <testcase name="Test Cases/Position Groups exist in the system" classname="Test Cases/Position Groups exist in the system" status="PASSED">
         <system-out><![CDATA[2018-09-10 11:45:40 - [TEST_CASE][PASSED] - Test Cases/Position Groups exist in the system: Test Cases/Position Groups exist in the system

2018-09-10 11:45:41 - [TEST_STEP][NOT_RUN] - callTestCase: NOT_RUN: callTestCase

2018-09-10 11:45:41 - [MESSAGE][NOT_RUN] - NOT_RUN: callTestCase

2018-09-10 11:45:41 - [TEST_STEP][PASSED] - mouseOver: Object: 'Object Repository/Page_Callidus Cloud Commissions Man/div_ADMINISTRATION' is hovered

2018-09-10 11:45:41 - [MESSAGE][PASSED] - Object: 'Object Repository/Page_Callidus Cloud Commissions Man/div_ADMINISTRATION' is hovered

2018-09-10 11:45:41 - [TEST_STEP][PASSED] - delay: Delayed 2 second(s)

2018-09-10 11:45:43 - [MESSAGE][PASSED] - Delayed 2 second(s)

2018-09-10 11:45:43 - [TEST_STEP][PASSED] - scrollToElement: Scroll to object 'Object Repository/Page_Callidus Cloud Commissions Man/a_Position Groups' successfully

2018-09-10 11:45:43 - [MESSAGE][PASSED] - Scroll to object 'Object Repository/Page_Callidus Cloud Commissions Man/a_Position Groups' successfully

2018-09-10 11:45:43 - [TEST_STEP][PASSED] - delay: Delayed 4 second(s)

2018-09-10 11:45:47 - [MESSAGE][PASSED] - Delayed 4 second(s)

2018-09-10 11:45:47 - [TEST_STEP][PASSED] - click: Object: 'Object Repository/Page_Callidus Cloud Commissions Man/a_Position Groups' is clicked on

2018-09-10 11:45:47 - [MESSAGE][PASSED] - Object: 'Object Repository/Page_Callidus Cloud Commissions Man/a_Position Groups' is clicked on

2018-09-10 11:45:47 - [TEST_STEP][PASSED] - delay: Delayed 2 second(s)

2018-09-10 11:45:49 - [MESSAGE][PASSED] - Delayed 2 second(s)

2018-09-10 11:45:49 - [TEST_STEP][PASSED] - click: Object: 'Object Repository/Page_Callidus Cloud Commissions Man/a_Advanced Search' is clicked on

2018-09-10 11:45:49 - [MESSAGE][PASSED] - Object: 'Object Repository/Page_Callidus Cloud Commissions Man/a_Advanced Search' is clicked on

2018-09-10 11:45:49 - [TEST_STEP][PASSED] - click: Object: 'Object Repository/Page_Callidus Cloud Commissions Man/td_Field Name' is clicked on

2018-09-10 11:45:50 - [MESSAGE][PASSED] - Object: 'Object Repository/Page_Callidus Cloud Commissions Man/td_Field Name' is clicked on

2018-09-10 11:45:50 - [TEST_STEP][PASSED] - delay: Delayed 2 second(s)

2018-09-10 11:45:52 - [MESSAGE][PASSED] - Delayed 2 second(s)

2018-09-10 11:45:52 - [TEST_STEP][PASSED] - scrollToElement: Scroll to object 'Object Repository/Page_Callidus Cloud Commissions Man/option_Position Groups' successfully

2018-09-10 11:45:52 - [MESSAGE][PASSED] - Scroll to object 'Object Repository/Page_Callidus Cloud Commissions Man/option_Position Groups' successfully

2018-09-10 11:45:52 - [TEST_STEP][PASSED] - delay: Delayed 2 second(s)

2018-09-10 11:45:54 - [MESSAGE][PASSED] - Delayed 2 second(s)

2018-09-10 11:45:54 - [TEST_STEP][PASSED] - click: Object: 'Object Repository/Page_Callidus Cloud Commissions Man/option_Position Groups' is clicked on

2018-09-10 11:45:54 - [MESSAGE][PASSED] - Object: 'Object Repository/Page_Callidus Cloud Commissions Man/option_Position Groups' is clicked on

2018-09-10 11:45:54 - [TEST_STEP][PASSED] - click: Object: 'Object Repository/Page_Callidus Cloud Commissions Man/td_Comparision' is clicked on

2018-09-10 11:45:54 - [MESSAGE][PASSED] - Object: 'Object Repository/Page_Callidus Cloud Commissions Man/td_Comparision' is clicked on

2018-09-10 11:45:54 - [TEST_STEP][PASSED] - delay: Delayed 2 second(s)

2018-09-10 11:45:56 - [MESSAGE][PASSED] - Delayed 2 second(s)

2018-09-10 11:45:56 - [TEST_STEP][PASSED] - scrollToElement: Scroll to object 'Object Repository/Page_Callidus Cloud Commissions Man/option_Equals' successfully

2018-09-10 11:45:56 - [MESSAGE][PASSED] - Scroll to object 'Object Repository/Page_Callidus Cloud Commissions Man/option_Equals' successfully

2018-09-10 11:45:56 - [TEST_STEP][PASSED] - delay: Delayed 2 second(s)

2018-09-10 11:45:58 - [MESSAGE][PASSED] - Delayed 2 second(s)

2018-09-10 11:45:58 - [TEST_STEP][PASSED] - click: Object: 'Object Repository/Page_Callidus Cloud Commissions Man/option_Equals' is clicked on

2018-09-10 11:45:59 - [MESSAGE][PASSED] - Object: 'Object Repository/Page_Callidus Cloud Commissions Man/option_Equals' is clicked on

2018-09-10 11:45:59 - [TEST_STEP][PASSED] - delay: Delayed 2 second(s)

2018-09-10 11:46:01 - [MESSAGE][PASSED] - Delayed 2 second(s)

2018-09-10 11:46:01 - [TEST_STEP][PASSED] - setText: Text 'P_G_Demo1' is set on object 'Object Repository/Page_Callidus Cloud Commissions Man/td_Value'

2018-09-10 11:46:01 - [MESSAGE][PASSED] - Text 'P_G_Demo1' is set on object 'Object Repository/Page_Callidus Cloud Commissions Man/td_Value'

2018-09-10 11:46:01 - [TEST_STEP][PASSED] - delay: Delayed 2 second(s)

2018-09-10 11:46:03 - [MESSAGE][PASSED] - Delayed 2 second(s)

2018-09-10 11:46:03 - [TEST_STEP][PASSED] - click: Object: 'Object Repository/Page_Callidus Cloud Commissions Man/input_Apply Search' is clicked on

2018-09-10 11:46:03 - [MESSAGE][PASSED] - Object: 'Object Repository/Page_Callidus Cloud Commissions Man/input_Apply Search' is clicked on

2018-09-10 11:46:03 - [TEST_STEP][NOT_RUN] - callTestCase: NOT_RUN: callTestCase

2018-09-10 11:46:03 - [MESSAGE][NOT_RUN] - NOT_RUN: callTestCase]]></system-out>
         <system-err><![CDATA[]]></system-err>
      </testcase>
      <testcase name="Test Cases/Rate_Tables_exist_in_the_system" classname="Test Cases/Rate_Tables_exist_in_the_system" status="PASSED">
         <system-out><![CDATA[2018-09-10 11:46:03 - [TEST_CASE][PASSED] - Test Cases/Rate_Tables_exist_in_the_system: Test Cases/Rate_Tables_exist_in_the_system

2018-09-10 11:46:03 - [TEST_STEP][NOT_RUN] - callTestCase: NOT_RUN: callTestCase

2018-09-10 11:46:03 - [MESSAGE][NOT_RUN] - NOT_RUN: callTestCase

2018-09-10 11:46:03 - [TEST_STEP][PASSED] - mouseOver: Object: 'Object Repository/Page_Callidus Cloud Commissions Man/div_PLAN' is hovered

2018-09-10 11:46:03 - [MESSAGE][PASSED] - Object: 'Object Repository/Page_Callidus Cloud Commissions Man/div_PLAN' is hovered

2018-09-10 11:46:03 - [TEST_STEP][PASSED] - delay: Delayed 2 second(s)

2018-09-10 11:46:05 - [MESSAGE][PASSED] - Delayed 2 second(s)

2018-09-10 11:46:05 - [TEST_STEP][PASSED] - scrollToElement: Scroll to object 'Object Repository/Page_Callidus Cloud Commissions Man/a_Plan Components' successfully

2018-09-10 11:46:05 - [MESSAGE][PASSED] - Scroll to object 'Object Repository/Page_Callidus Cloud Commissions Man/a_Plan Components' successfully

2018-09-10 11:46:05 - [TEST_STEP][PASSED] - delay: Delayed 4 second(s)

2018-09-10 11:46:09 - [MESSAGE][PASSED] - Delayed 4 second(s)

2018-09-10 11:46:09 - [TEST_STEP][PASSED] - scrollToElement: Scroll to object 'Object Repository/Page_Callidus Cloud Commissions Man/a_Rate Tables' successfully

2018-09-10 11:46:10 - [MESSAGE][PASSED] - Scroll to object 'Object Repository/Page_Callidus Cloud Commissions Man/a_Rate Tables' successfully

2018-09-10 11:46:10 - [TEST_STEP][PASSED] - delay: Delayed 2 second(s)

2018-09-10 11:46:12 - [MESSAGE][PASSED] - Delayed 2 second(s)

2018-09-10 11:46:12 - [TEST_STEP][PASSED] - click: Object: 'Object Repository/Page_Callidus Cloud Commissions Man/a_Rate Tables' is clicked on

2018-09-10 11:46:12 - [MESSAGE][PASSED] - Object: 'Object Repository/Page_Callidus Cloud Commissions Man/a_Rate Tables' is clicked on

2018-09-10 11:46:12 - [TEST_STEP][PASSED] - click: Object: 'Object Repository/Page_Callidus Cloud Commissions Man/a_Advanced Search' is clicked on

2018-09-10 11:46:13 - [MESSAGE][PASSED] - Object: 'Object Repository/Page_Callidus Cloud Commissions Man/a_Advanced Search' is clicked on

2018-09-10 11:46:13 - [TEST_STEP][PASSED] - click: Object: 'Object Repository/Page_Callidus Cloud Commissions Man/td_Field Name' is clicked on

2018-09-10 11:46:13 - [MESSAGE][PASSED] - Object: 'Object Repository/Page_Callidus Cloud Commissions Man/td_Field Name' is clicked on

2018-09-10 11:46:13 - [TEST_STEP][PASSED] - delay: Delayed 2 second(s)

2018-09-10 11:46:15 - [MESSAGE][PASSED] - Delayed 2 second(s)

2018-09-10 11:46:15 - [TEST_STEP][PASSED] - scrollToElement: Scroll to object 'Object Repository/Page_Callidus Cloud Commissions Man/option_Territory' successfully

2018-09-10 11:46:15 - [MESSAGE][PASSED] - Scroll to object 'Object Repository/Page_Callidus Cloud Commissions Man/option_Territory' successfully

2018-09-10 11:46:15 - [TEST_STEP][PASSED] - delay: Delayed 2 second(s)

2018-09-10 11:46:17 - [MESSAGE][PASSED] - Delayed 2 second(s)

2018-09-10 11:46:17 - [TEST_STEP][PASSED] - click: Object: 'Object Repository/Page_Callidus Cloud Commissions Man/option_Territory' is clicked on

2018-09-10 11:46:18 - [MESSAGE][PASSED] - Object: 'Object Repository/Page_Callidus Cloud Commissions Man/option_Territory' is clicked on

2018-09-10 11:46:18 - [TEST_STEP][PASSED] - click: Object: 'Object Repository/Page_Callidus Cloud Commissions Man/td_Comparision' is clicked on

2018-09-10 11:46:18 - [MESSAGE][PASSED] - Object: 'Object Repository/Page_Callidus Cloud Commissions Man/td_Comparision' is clicked on

2018-09-10 11:46:18 - [TEST_STEP][PASSED] - delay: Delayed 2 second(s)

2018-09-10 11:46:20 - [MESSAGE][PASSED] - Delayed 2 second(s)

2018-09-10 11:46:20 - [TEST_STEP][PASSED] - scrollToElement: Scroll to object 'Object Repository/Page_Callidus Cloud Commissions Man/option_Equals' successfully

2018-09-10 11:46:20 - [MESSAGE][PASSED] - Scroll to object 'Object Repository/Page_Callidus Cloud Commissions Man/option_Equals' successfully

2018-09-10 11:46:20 - [TEST_STEP][PASSED] - delay: Delayed 2 second(s)

2018-09-10 11:46:22 - [MESSAGE][PASSED] - Delayed 2 second(s)

2018-09-10 11:46:22 - [TEST_STEP][PASSED] - click: Object: 'Object Repository/Page_Callidus Cloud Commissions Man/option_Equals' is clicked on

2018-09-10 11:46:22 - [MESSAGE][PASSED] - Object: 'Object Repository/Page_Callidus Cloud Commissions Man/option_Equals' is clicked on

2018-09-10 11:46:22 - [TEST_STEP][PASSED] - delay: Delayed 2 second(s)

2018-09-10 11:46:24 - [MESSAGE][PASSED] - Delayed 2 second(s)

2018-09-10 11:46:24 - [TEST_STEP][PASSED] - setText: Text 'R_T_Demo1' is set on object 'Object Repository/Page_Callidus Cloud Commissions Man/td_Value'

2018-09-10 11:46:24 - [MESSAGE][PASSED] - Text 'R_T_Demo1' is set on object 'Object Repository/Page_Callidus Cloud Commissions Man/td_Value'

2018-09-10 11:46:24 - [TEST_STEP][PASSED] - click: Object: 'Object Repository/Page_Callidus Cloud Commissions Man/input_Apply Search' is clicked on

2018-09-10 11:46:24 - [MESSAGE][PASSED] - Object: 'Object Repository/Page_Callidus Cloud Commissions Man/input_Apply Search' is clicked on

2018-09-10 11:46:24 - [TEST_STEP][NOT_RUN] - callTestCase: NOT_RUN: callTestCase

2018-09-10 11:46:24 - [MESSAGE][NOT_RUN] - NOT_RUN: callTestCase]]></system-out>
         <system-err><![CDATA[]]></system-err>
      </testcase>
      <testcase name="Test Cases/Rate_Table_Variable_exist_in_the_system" classname="Test Cases/Rate_Table_Variable_exist_in_the_system" status="PASSED">
         <system-out><![CDATA[2018-09-10 11:46:24 - [TEST_CASE][PASSED] - Test Cases/Rate_Table_Variable_exist_in_the_system: Test Cases/Rate_Table_Variable_exist_in_the_system

2018-09-10 11:46:25 - [TEST_STEP][NOT_RUN] - callTestCase: NOT_RUN: callTestCase

2018-09-10 11:46:25 - [MESSAGE][NOT_RUN] - NOT_RUN: callTestCase

2018-09-10 11:46:25 - [TEST_STEP][PASSED] - mouseOver: Object: 'Object Repository/Page_Callidus Cloud Commissions Man/div_PLAN' is hovered

2018-09-10 11:46:25 - [MESSAGE][PASSED] - Object: 'Object Repository/Page_Callidus Cloud Commissions Man/div_PLAN' is hovered

2018-09-10 11:46:25 - [TEST_STEP][PASSED] - delay: Delayed 2 second(s)

2018-09-10 11:46:27 - [MESSAGE][PASSED] - Delayed 2 second(s)

2018-09-10 11:46:27 - [TEST_STEP][PASSED] - scrollToElement: Scroll to object 'Object Repository/Page_Callidus Cloud Commissions Man/a_Plan Components' successfully

2018-09-10 11:46:27 - [MESSAGE][PASSED] - Scroll to object 'Object Repository/Page_Callidus Cloud Commissions Man/a_Plan Components' successfully

2018-09-10 11:46:27 - [TEST_STEP][PASSED] - delay: Delayed 4 second(s)

2018-09-10 11:46:31 - [MESSAGE][PASSED] - Delayed 4 second(s)

2018-09-10 11:46:31 - [TEST_STEP][PASSED] - scrollToElement: Scroll to object 'Object Repository/Page_Callidus Cloud Commissions Man/a_Variables' successfully

2018-09-10 11:46:31 - [MESSAGE][PASSED] - Scroll to object 'Object Repository/Page_Callidus Cloud Commissions Man/a_Variables' successfully

2018-09-10 11:46:31 - [TEST_STEP][PASSED] - delay: Delayed 2 second(s)

2018-09-10 11:46:33 - [MESSAGE][PASSED] - Delayed 2 second(s)

2018-09-10 11:46:33 - [TEST_STEP][PASSED] - click: Object: 'Object Repository/Page_Callidus Cloud Commissions Man/a_Variables' is clicked on

2018-09-10 11:46:34 - [MESSAGE][PASSED] - Object: 'Object Repository/Page_Callidus Cloud Commissions Man/a_Variables' is clicked on

2018-09-10 11:46:34 - [TEST_STEP][PASSED] - delay: Delayed 2 second(s)

2018-09-10 11:46:36 - [MESSAGE][PASSED] - Delayed 2 second(s)

2018-09-10 11:46:36 - [TEST_STEP][PASSED] - click: Object: 'Object Repository/Page_Callidus Cloud Commissions Man/a_Advanced Search' is clicked on

2018-09-10 11:46:36 - [MESSAGE][PASSED] - Object: 'Object Repository/Page_Callidus Cloud Commissions Man/a_Advanced Search' is clicked on

2018-09-10 11:46:36 - [TEST_STEP][PASSED] - delay: Delayed 2 second(s)

2018-09-10 11:46:38 - [MESSAGE][PASSED] - Delayed 2 second(s)

2018-09-10 11:46:38 - [TEST_STEP][PASSED] - click: Object: 'Object Repository/Page_Callidus Cloud Commissions Man/td_Field Name' is clicked on

2018-09-10 11:46:38 - [MESSAGE][PASSED] - Object: 'Object Repository/Page_Callidus Cloud Commissions Man/td_Field Name' is clicked on

2018-09-10 11:46:38 - [TEST_STEP][PASSED] - delay: Delayed 2 second(s)

2018-09-10 11:46:40 - [MESSAGE][PASSED] - Delayed 2 second(s)

2018-09-10 11:46:40 - [TEST_STEP][PASSED] - scrollToElement: Scroll to object 'Object Repository/Page_Callidus Cloud Commissions Man/option_Variables' successfully

2018-09-10 11:46:40 - [MESSAGE][PASSED] - Scroll to object 'Object Repository/Page_Callidus Cloud Commissions Man/option_Variables' successfully

2018-09-10 11:46:40 - [TEST_STEP][PASSED] - delay: Delayed 2 second(s)

2018-09-10 11:46:42 - [MESSAGE][PASSED] - Delayed 2 second(s)

2018-09-10 11:46:42 - [TEST_STEP][PASSED] - click: Object: 'Object Repository/Page_Callidus Cloud Commissions Man/option_Variables' is clicked on

2018-09-10 11:46:42 - [MESSAGE][PASSED] - Object: 'Object Repository/Page_Callidus Cloud Commissions Man/option_Variables' is clicked on

2018-09-10 11:46:42 - [TEST_STEP][PASSED] - delay: Delayed 2 second(s)

2018-09-10 11:46:44 - [MESSAGE][PASSED] - Delayed 2 second(s)

2018-09-10 11:46:44 - [TEST_STEP][PASSED] - click: Object: 'Object Repository/Page_Callidus Cloud Commissions Man/td_Comparision' is clicked on

2018-09-10 11:46:45 - [MESSAGE][PASSED] - Object: 'Object Repository/Page_Callidus Cloud Commissions Man/td_Comparision' is clicked on

2018-09-10 11:46:45 - [TEST_STEP][PASSED] - delay: Delayed 2 second(s)

2018-09-10 11:46:47 - [MESSAGE][PASSED] - Delayed 2 second(s)

2018-09-10 11:46:47 - [TEST_STEP][PASSED] - scrollToElement: Scroll to object 'Object Repository/Page_Callidus Cloud Commissions Man/option_Equals' successfully

2018-09-10 11:46:47 - [MESSAGE][PASSED] - Scroll to object 'Object Repository/Page_Callidus Cloud Commissions Man/option_Equals' successfully

2018-09-10 11:46:47 - [TEST_STEP][PASSED] - delay: Delayed 2 second(s)

2018-09-10 11:46:49 - [MESSAGE][PASSED] - Delayed 2 second(s)

2018-09-10 11:46:49 - [TEST_STEP][PASSED] - click: Object: 'Object Repository/Page_Callidus Cloud Commissions Man/option_Equals' is clicked on

2018-09-10 11:46:49 - [MESSAGE][PASSED] - Object: 'Object Repository/Page_Callidus Cloud Commissions Man/option_Equals' is clicked on

2018-09-10 11:46:49 - [TEST_STEP][PASSED] - delay: Delayed 2 second(s)

2018-09-10 11:46:51 - [MESSAGE][PASSED] - Delayed 2 second(s)

2018-09-10 11:46:51 - [TEST_STEP][PASSED] - setText: Text 'Var_RT_Demo2' is set on object 'Object Repository/Page_Callidus Cloud Commissions Man/td_Value'

2018-09-10 11:46:51 - [MESSAGE][PASSED] - Text 'Var_RT_Demo2' is set on object 'Object Repository/Page_Callidus Cloud Commissions Man/td_Value'

2018-09-10 11:46:51 - [TEST_STEP][PASSED] - delay: Delayed 2 second(s)

2018-09-10 11:46:53 - [MESSAGE][PASSED] - Delayed 2 second(s)

2018-09-10 11:46:53 - [TEST_STEP][PASSED] - click: Object: 'Object Repository/Page_Callidus Cloud Commissions Man/input_Apply Search' is clicked on

2018-09-10 11:46:53 - [MESSAGE][PASSED] - Object: 'Object Repository/Page_Callidus Cloud Commissions Man/input_Apply Search' is clicked on

2018-09-10 11:46:53 - [TEST_STEP][PASSED] - delay: Delayed 5 second(s)

2018-09-10 11:46:58 - [MESSAGE][PASSED] - Delayed 5 second(s)

2018-09-10 11:46:58 - [TEST_STEP][NOT_RUN] - callTestCase: NOT_RUN: callTestCase

2018-09-10 11:46:58 - [MESSAGE][NOT_RUN] - NOT_RUN: callTestCase]]></system-out>
         <system-err><![CDATA[]]></system-err>
      </testcase>
      <testcase name="Test Cases/Reason_Codes" classname="Test Cases/Reason_Codes" status="PASSED">
         <system-out><![CDATA[2018-09-10 11:46:58 - [TEST_CASE][PASSED] - Test Cases/Reason_Codes: Test Cases/Reason_Codes

2018-09-10 11:46:59 - [TEST_STEP][PASSED] - callTestCase: Call Test Case 'Test Cases/Commission Login' successfully

2018-09-10 11:46:59 - [TEST_CASE][PASSED] - Test Cases/Commission Login: Test Cases/Commission Login

2018-09-10 11:46:59 - [TEST_STEP][PASSED] - openBrowser: Browser is opened with url: ''

2018-09-10 11:46:59 - [MESSAGE][WARNING] - A browser is already opened. Closing browser and opening a new one

2018-09-10 11:47:02 - [MESSAGE][PASSED] - Browser is opened with url: ''

2018-09-10 11:47:02 - [TEST_STEP][PASSED] - navigateToUrl: Navigate to 'https://biz3-tst.callidusondemand.com/SalesPortal/#!/' successfully

2018-09-10 11:47:03 - [MESSAGE][PASSED] - Navigate to 'https://biz3-tst.callidusondemand.com/SalesPortal/#!/' successfully

2018-09-10 11:47:03 - [TEST_STEP][PASSED] - maximizeWindow: Current window maximized

2018-09-10 11:47:04 - [MESSAGE][PASSED] - Current window maximized

2018-09-10 11:47:04 - [TEST_STEP][PASSED] - setText: Text 'kikosana@calliduscloud.com' is set on object 'Object Repository/Page_Sales Performance Home/input_username'

2018-09-10 11:47:04 - [MESSAGE][PASSED] - Text 'kikosana@calliduscloud.com' is set on object 'Object Repository/Page_Sales Performance Home/input_username'

2018-09-10 11:47:04 - [TEST_STEP][PASSED] - setText: Text 'Kiran09@@' is set on object 'Object Repository/Page_Sales Performance Home/input_password'

2018-09-10 11:47:05 - [MESSAGE][PASSED] - Text 'Kiran09@@' is set on object 'Object Repository/Page_Sales Performance Home/input_password'

2018-09-10 11:47:05 - [TEST_STEP][PASSED] - click: Object: 'Object Repository/Page_Sales Performance Home/button_Login' is clicked on

2018-09-10 11:47:05 - [MESSAGE][PASSED] - Object: 'Object Repository/Page_Sales Performance Home/button_Login' is clicked on

2018-09-10 11:47:05 - [TEST_STEP][PASSED] - click: Object: 'Object Repository/Page_Sales Performance Home/span_Sales Performance Home' is clicked on

2018-09-10 11:47:06 - [MESSAGE][PASSED] - Object: 'Object Repository/Page_Sales Performance Home/span_Sales Performance Home' is clicked on

2018-09-10 11:47:06 - [TEST_STEP][PASSED] - click: Object: 'Object Repository/Page_Sales Performance Home/a_Commissions' is clicked on

2018-09-10 11:47:06 - [MESSAGE][PASSED] - Object: 'Object Repository/Page_Sales Performance Home/a_Commissions' is clicked on

2018-09-10 11:47:06 - [TEST_STEP][PASSED] - click: Object: 'Object Repository/Page_Callidus Cloud Commissions Man/a_Manage Setup' is clicked on

2018-09-10 11:47:11 - [MESSAGE][PASSED] - Object: 'Object Repository/Page_Callidus Cloud Commissions Man/a_Manage Setup' is clicked on

2018-09-10 11:47:11 - [MESSAGE][PASSED] - Call Test Case 'Test Cases/Commission Login' successfully

2018-09-10 11:47:11 - [TEST_STEP][NOT_RUN] - click: NOT_RUN: click

2018-09-10 11:47:11 - [MESSAGE][NOT_RUN] - NOT_RUN: click

2018-09-10 11:47:11 - [TEST_STEP][PASSED] - mouseOver: Object: 'Object Repository/Page_Callidus Cloud Commissions Man/div_ADMINISTRATION' is hovered

2018-09-10 11:47:12 - [MESSAGE][PASSED] - Object: 'Object Repository/Page_Callidus Cloud Commissions Man/div_ADMINISTRATION' is hovered

2018-09-10 11:47:12 - [TEST_STEP][PASSED] - delay: Delayed 2 second(s)

2018-09-10 11:47:14 - [MESSAGE][PASSED] - Delayed 2 second(s)

2018-09-10 11:47:14 - [TEST_STEP][PASSED] - scrollToElement: Scroll to object 'Object Repository/Page_Callidus Cloud Commissions Man/Reason Codes' successfully

2018-09-10 11:47:14 - [MESSAGE][PASSED] - Scroll to object 'Object Repository/Page_Callidus Cloud Commissions Man/Reason Codes' successfully

2018-09-10 11:47:14 - [TEST_STEP][PASSED] - delay: Delayed 4 second(s)

2018-09-10 11:47:18 - [MESSAGE][PASSED] - Delayed 4 second(s)

2018-09-10 11:47:18 - [TEST_STEP][PASSED] - click: Object: 'Object Repository/Page_Callidus Cloud Commissions Man/Reason Codes' is clicked on

2018-09-10 11:47:18 - [MESSAGE][PASSED] - Object: 'Object Repository/Page_Callidus Cloud Commissions Man/Reason Codes' is clicked on

2018-09-10 11:47:18 - [TEST_STEP][PASSED] - delay: Delayed 2 second(s)

2018-09-10 11:47:20 - [MESSAGE][PASSED] - Delayed 2 second(s)

2018-09-10 11:47:20 - [TEST_STEP][PASSED] - click: Object: 'Object Repository/Page_Callidus Cloud Commissions Man/a_Advanced Search' is clicked on

2018-09-10 11:47:20 - [MESSAGE][PASSED] - Object: 'Object Repository/Page_Callidus Cloud Commissions Man/a_Advanced Search' is clicked on

2018-09-10 11:47:20 - [TEST_STEP][PASSED] - delay: Delayed 2 second(s)

2018-09-10 11:47:22 - [MESSAGE][PASSED] - Delayed 2 second(s)

2018-09-10 11:47:22 - [TEST_STEP][PASSED] - click: Object: 'Object Repository/Page_Callidus Cloud Commissions Man/td_Field Name' is clicked on

2018-09-10 11:47:22 - [MESSAGE][PASSED] - Object: 'Object Repository/Page_Callidus Cloud Commissions Man/td_Field Name' is clicked on

2018-09-10 11:47:22 - [TEST_STEP][PASSED] - delay: Delayed 2 second(s)

2018-09-10 11:47:24 - [MESSAGE][PASSED] - Delayed 2 second(s)

2018-09-10 11:47:24 - [TEST_STEP][PASSED] - scrollToElement: Scroll to object 'Object Repository/Page_Callidus Cloud Commissions Man/ID' successfully

2018-09-10 11:47:24 - [MESSAGE][PASSED] - Scroll to object 'Object Repository/Page_Callidus Cloud Commissions Man/ID' successfully

2018-09-10 11:47:24 - [TEST_STEP][PASSED] - delay: Delayed 2 second(s)

2018-09-10 11:47:26 - [MESSAGE][PASSED] - Delayed 2 second(s)

2018-09-10 11:47:26 - [TEST_STEP][PASSED] - click: Object: 'Object Repository/Page_Callidus Cloud Commissions Man/ID' is clicked on

2018-09-10 11:47:27 - [MESSAGE][PASSED] - Object: 'Object Repository/Page_Callidus Cloud Commissions Man/ID' is clicked on

2018-09-10 11:47:27 - [TEST_STEP][PASSED] - click: Object: 'Object Repository/Page_Callidus Cloud Commissions Man/Comparision combo box' is clicked on

2018-09-10 11:47:27 - [MESSAGE][PASSED] - Object: 'Object Repository/Page_Callidus Cloud Commissions Man/Comparision combo box' is clicked on

2018-09-10 11:47:27 - [TEST_STEP][PASSED] - delay: Delayed 2 second(s)

2018-09-10 11:47:29 - [MESSAGE][PASSED] - Delayed 2 second(s)

2018-09-10 11:47:29 - [TEST_STEP][PASSED] - scrollToElement: Scroll to object 'Object Repository/Page_Callidus Cloud Commissions Man/CB_equals' successfully

2018-09-10 11:47:29 - [MESSAGE][PASSED] - Scroll to object 'Object Repository/Page_Callidus Cloud Commissions Man/CB_equals' successfully

2018-09-10 11:47:29 - [TEST_STEP][PASSED] - delay: Delayed 2 second(s)

2018-09-10 11:47:31 - [MESSAGE][PASSED] - Delayed 2 second(s)

2018-09-10 11:47:31 - [TEST_STEP][PASSED] - click: Object: 'Object Repository/Page_Callidus Cloud Commissions Man/CB_equals' is clicked on

2018-09-10 11:47:31 - [MESSAGE][PASSED] - Object: 'Object Repository/Page_Callidus Cloud Commissions Man/CB_equals' is clicked on

2018-09-10 11:47:31 - [TEST_STEP][PASSED] - delay: Delayed 2 second(s)

2018-09-10 11:47:33 - [MESSAGE][PASSED] - Delayed 2 second(s)

2018-09-10 11:47:33 - [TEST_STEP][PASSED] - setText: Text 'Test RC' is set on object 'Object Repository/Page_Callidus Cloud Commissions Man/td_Value'

2018-09-10 11:47:33 - [MESSAGE][PASSED] - Text 'Test RC' is set on object 'Object Repository/Page_Callidus Cloud Commissions Man/td_Value'

2018-09-10 11:47:33 - [TEST_STEP][PASSED] - click: Object: 'Object Repository/Page_Callidus Cloud Commissions Man/Apply Button' is clicked on

2018-09-10 11:47:33 - [MESSAGE][PASSED] - Object: 'Object Repository/Page_Callidus Cloud Commissions Man/Apply Button' is clicked on

2018-09-10 11:47:33 - [TEST_STEP][NOT_RUN] - callTestCase: NOT_RUN: callTestCase

2018-09-10 11:47:33 - [MESSAGE][NOT_RUN] - NOT_RUN: callTestCase]]></system-out>
         <system-err><![CDATA[]]></system-err>
      </testcase>
      <testcase name="Test Cases/Territory_Elements_exist_in_the_system" classname="Test Cases/Territory_Elements_exist_in_the_system" status="PASSED">
         <system-out><![CDATA[2018-09-10 11:47:33 - [TEST_CASE][PASSED] - Test Cases/Territory_Elements_exist_in_the_system: Test Cases/Territory_Elements_exist_in_the_system

2018-09-10 11:47:34 - [TEST_STEP][NOT_RUN] - callTestCase: NOT_RUN: callTestCase

2018-09-10 11:47:34 - [MESSAGE][NOT_RUN] - NOT_RUN: callTestCase

2018-09-10 11:47:34 - [TEST_STEP][PASSED] - mouseOver: Object: 'Object Repository/Page_Callidus Cloud Commissions Man/div_PLAN' is hovered

2018-09-10 11:47:34 - [MESSAGE][PASSED] - Object: 'Object Repository/Page_Callidus Cloud Commissions Man/div_PLAN' is hovered

2018-09-10 11:47:34 - [TEST_STEP][PASSED] - scrollToElement: Scroll to object 'Object Repository/Page_Callidus Cloud Commissions Man/a_Plan Components' successfully

2018-09-10 11:47:34 - [MESSAGE][PASSED] - Scroll to object 'Object Repository/Page_Callidus Cloud Commissions Man/a_Plan Components' successfully

2018-09-10 11:47:34 - [TEST_STEP][PASSED] - delay: Delayed 2 second(s)

2018-09-10 11:47:36 - [MESSAGE][PASSED] - Delayed 2 second(s)

2018-09-10 11:47:36 - [TEST_STEP][PASSED] - scrollToElement: Scroll to object 'Object Repository/Page_Callidus Cloud Commissions Man/a_Territory' successfully

2018-09-10 11:47:36 - [MESSAGE][PASSED] - Scroll to object 'Object Repository/Page_Callidus Cloud Commissions Man/a_Territory' successfully

2018-09-10 11:47:36 - [TEST_STEP][PASSED] - delay: Delayed 4 second(s)

2018-09-10 11:47:40 - [MESSAGE][PASSED] - Delayed 4 second(s)

2018-09-10 11:47:40 - [TEST_STEP][PASSED] - click: Object: 'Object Repository/Page_Callidus Cloud Commissions Man/a_Territory' is clicked on

2018-09-10 11:47:40 - [MESSAGE][PASSED] - Object: 'Object Repository/Page_Callidus Cloud Commissions Man/a_Territory' is clicked on

2018-09-10 11:47:40 - [TEST_STEP][PASSED] - delay: Delayed 2 second(s)

2018-09-10 11:47:42 - [MESSAGE][PASSED] - Delayed 2 second(s)

2018-09-10 11:47:42 - [TEST_STEP][PASSED] - click: Object: 'Object Repository/Page_Callidus Cloud Commissions Man/a_Advanced Search' is clicked on

2018-09-10 11:47:43 - [MESSAGE][PASSED] - Object: 'Object Repository/Page_Callidus Cloud Commissions Man/a_Advanced Search' is clicked on

2018-09-10 11:47:43 - [TEST_STEP][PASSED] - click: Object: 'Object Repository/Page_Callidus Cloud Commissions Man/td_Field Name' is clicked on

2018-09-10 11:47:43 - [MESSAGE][PASSED] - Object: 'Object Repository/Page_Callidus Cloud Commissions Man/td_Field Name' is clicked on

2018-09-10 11:47:43 - [TEST_STEP][PASSED] - delay: Delayed 2 second(s)

2018-09-10 11:47:45 - [MESSAGE][PASSED] - Delayed 2 second(s)

2018-09-10 11:47:45 - [TEST_STEP][PASSED] - scrollToElement: Scroll to object 'Object Repository/Page_Callidus Cloud Commissions Man/option_Territory' successfully

2018-09-10 11:47:45 - [MESSAGE][PASSED] - Scroll to object 'Object Repository/Page_Callidus Cloud Commissions Man/option_Territory' successfully

2018-09-10 11:47:45 - [TEST_STEP][PASSED] - delay: Delayed 2 second(s)

2018-09-10 11:47:47 - [MESSAGE][PASSED] - Delayed 2 second(s)

2018-09-10 11:47:47 - [TEST_STEP][PASSED] - click: Object: 'Object Repository/Page_Callidus Cloud Commissions Man/option_Territory' is clicked on

2018-09-10 11:47:48 - [MESSAGE][PASSED] - Object: 'Object Repository/Page_Callidus Cloud Commissions Man/option_Territory' is clicked on

2018-09-10 11:47:48 - [TEST_STEP][PASSED] - click: Object: 'Object Repository/Page_Callidus Cloud Commissions Man/td_Comparision' is clicked on

2018-09-10 11:47:48 - [MESSAGE][PASSED] - Object: 'Object Repository/Page_Callidus Cloud Commissions Man/td_Comparision' is clicked on

2018-09-10 11:47:48 - [TEST_STEP][PASSED] - delay: Delayed 2 second(s)

2018-09-10 11:47:50 - [MESSAGE][PASSED] - Delayed 2 second(s)

2018-09-10 11:47:50 - [TEST_STEP][PASSED] - scrollToElement: Scroll to object 'Object Repository/Page_Callidus Cloud Commissions Man/option_Equals' successfully

2018-09-10 11:47:50 - [MESSAGE][PASSED] - Scroll to object 'Object Repository/Page_Callidus Cloud Commissions Man/option_Equals' successfully

2018-09-10 11:47:50 - [TEST_STEP][PASSED] - delay: Delayed 2 second(s)

2018-09-10 11:47:52 - [MESSAGE][PASSED] - Delayed 2 second(s)

2018-09-10 11:47:52 - [TEST_STEP][PASSED] - click: Object: 'Object Repository/Page_Callidus Cloud Commissions Man/option_Equals' is clicked on

2018-09-10 11:47:52 - [MESSAGE][PASSED] - Object: 'Object Repository/Page_Callidus Cloud Commissions Man/option_Equals' is clicked on

2018-09-10 11:47:52 - [TEST_STEP][PASSED] - delay: Delayed 2 second(s)

2018-09-10 11:47:54 - [MESSAGE][PASSED] - Delayed 2 second(s)

2018-09-10 11:47:54 - [TEST_STEP][PASSED] - setText: Text 'Territory_Demo' is set on object 'Object Repository/Page_Callidus Cloud Commissions Man/td_Value'

2018-09-10 11:47:54 - [MESSAGE][PASSED] - Text 'Territory_Demo' is set on object 'Object Repository/Page_Callidus Cloud Commissions Man/td_Value'

2018-09-10 11:47:54 - [TEST_STEP][PASSED] - delay: Delayed 2 second(s)

2018-09-10 11:47:56 - [MESSAGE][PASSED] - Delayed 2 second(s)

2018-09-10 11:47:56 - [TEST_STEP][PASSED] - click: Object: 'Object Repository/Page_Callidus Cloud Commissions Man/input_Apply Search' is clicked on

2018-09-10 11:47:56 - [MESSAGE][PASSED] - Object: 'Object Repository/Page_Callidus Cloud Commissions Man/input_Apply Search' is clicked on

2018-09-10 11:47:56 - [TEST_STEP][NOT_RUN] - callTestCase: NOT_RUN: callTestCase

2018-09-10 11:47:56 - [MESSAGE][NOT_RUN] - NOT_RUN: callTestCase]]></system-out>
         <system-err><![CDATA[]]></system-err>
      </testcase>
      <testcase name="Test Cases/Territory_Variables_exist_in_the_system" classname="Test Cases/Territory_Variables_exist_in_the_system" status="PASSED">
         <system-out><![CDATA[2018-09-10 11:47:56 - [TEST_CASE][PASSED] - Test Cases/Territory_Variables_exist_in_the_system: Test Cases/Territory_Variables_exist_in_the_system

2018-09-10 11:47:57 - [TEST_STEP][NOT_RUN] - callTestCase: NOT_RUN: callTestCase

2018-09-10 11:47:57 - [MESSAGE][NOT_RUN] - NOT_RUN: callTestCase

2018-09-10 11:47:57 - [TEST_STEP][PASSED] - mouseOver: Object: 'Object Repository/Page_Callidus Cloud Commissions Man/div_PLAN' is hovered

2018-09-10 11:47:57 - [MESSAGE][PASSED] - Object: 'Object Repository/Page_Callidus Cloud Commissions Man/div_PLAN' is hovered

2018-09-10 11:47:57 - [TEST_STEP][PASSED] - delay: Delayed 2 second(s)

2018-09-10 11:47:59 - [MESSAGE][PASSED] - Delayed 2 second(s)

2018-09-10 11:47:59 - [TEST_STEP][PASSED] - scrollToElement: Scroll to object 'Object Repository/Page_Callidus Cloud Commissions Man/a_Plan Components' successfully

2018-09-10 11:47:59 - [MESSAGE][PASSED] - Scroll to object 'Object Repository/Page_Callidus Cloud Commissions Man/a_Plan Components' successfully

2018-09-10 11:47:59 - [TEST_STEP][PASSED] - delay: Delayed 2 second(s)

2018-09-10 11:48:01 - [MESSAGE][PASSED] - Delayed 2 second(s)

2018-09-10 11:48:01 - [TEST_STEP][PASSED] - scrollToElement: Scroll to object 'Object Repository/Page_Callidus Cloud Commissions Man/a_Variables' successfully

2018-09-10 11:48:01 - [MESSAGE][PASSED] - Scroll to object 'Object Repository/Page_Callidus Cloud Commissions Man/a_Variables' successfully

2018-09-10 11:48:01 - [TEST_STEP][PASSED] - delay: Delayed 4 second(s)

2018-09-10 11:48:05 - [MESSAGE][PASSED] - Delayed 4 second(s)

2018-09-10 11:48:05 - [TEST_STEP][PASSED] - click: Object: 'Object Repository/Page_Callidus Cloud Commissions Man/a_Variables' is clicked on

2018-09-10 11:48:06 - [MESSAGE][PASSED] - Object: 'Object Repository/Page_Callidus Cloud Commissions Man/a_Variables' is clicked on

2018-09-10 11:48:06 - [TEST_STEP][PASSED] - delay: Delayed 2 second(s)

2018-09-10 11:48:08 - [MESSAGE][PASSED] - Delayed 2 second(s)

2018-09-10 11:48:08 - [TEST_STEP][PASSED] - click: Object: 'Object Repository/Page_Callidus Cloud Commissions Man/a_Advanced Search' is clicked on

2018-09-10 11:48:08 - [MESSAGE][PASSED] - Object: 'Object Repository/Page_Callidus Cloud Commissions Man/a_Advanced Search' is clicked on

2018-09-10 11:48:08 - [TEST_STEP][PASSED] - click: Object: 'Object Repository/Page_Callidus Cloud Commissions Man/td_Field Name' is clicked on

2018-09-10 11:48:09 - [MESSAGE][PASSED] - Object: 'Object Repository/Page_Callidus Cloud Commissions Man/td_Field Name' is clicked on

2018-09-10 11:48:09 - [TEST_STEP][PASSED] - scrollToElement: Scroll to object 'Object Repository/Page_Callidus Cloud Commissions Man/option_Variables' successfully

2018-09-10 11:48:09 - [MESSAGE][PASSED] - Scroll to object 'Object Repository/Page_Callidus Cloud Commissions Man/option_Variables' successfully

2018-09-10 11:48:09 - [TEST_STEP][PASSED] - delay: Delayed 2 second(s)

2018-09-10 11:48:11 - [MESSAGE][PASSED] - Delayed 2 second(s)

2018-09-10 11:48:11 - [TEST_STEP][PASSED] - click: Object: 'Object Repository/Page_Callidus Cloud Commissions Man/option_Variables' is clicked on

2018-09-10 11:48:11 - [MESSAGE][PASSED] - Object: 'Object Repository/Page_Callidus Cloud Commissions Man/option_Variables' is clicked on

2018-09-10 11:48:11 - [TEST_STEP][PASSED] - click: Object: 'Object Repository/Page_Callidus Cloud Commissions Man/td_Comparision' is clicked on

2018-09-10 11:48:11 - [MESSAGE][PASSED] - Object: 'Object Repository/Page_Callidus Cloud Commissions Man/td_Comparision' is clicked on

2018-09-10 11:48:11 - [TEST_STEP][PASSED] - scrollToElement: Scroll to object 'Object Repository/Page_Callidus Cloud Commissions Man/option_Equals' successfully

2018-09-10 11:48:11 - [MESSAGE][PASSED] - Scroll to object 'Object Repository/Page_Callidus Cloud Commissions Man/option_Equals' successfully

2018-09-10 11:48:11 - [TEST_STEP][PASSED] - delay: Delayed 2 second(s)

2018-09-10 11:48:13 - [MESSAGE][PASSED] - Delayed 2 second(s)

2018-09-10 11:48:13 - [TEST_STEP][PASSED] - click: Object: 'Object Repository/Page_Callidus Cloud Commissions Man/option_Equals' is clicked on

2018-09-10 11:48:13 - [MESSAGE][PASSED] - Object: 'Object Repository/Page_Callidus Cloud Commissions Man/option_Equals' is clicked on

2018-09-10 11:48:13 - [TEST_STEP][PASSED] - delay: Delayed 2 second(s)

2018-09-10 11:48:15 - [MESSAGE][PASSED] - Delayed 2 second(s)

2018-09-10 11:48:15 - [TEST_STEP][PASSED] - setText: Text 'Var_T_Demo3' is set on object 'Object Repository/Page_Callidus Cloud Commissions Man/td_Value'

2018-09-10 11:48:16 - [MESSAGE][PASSED] - Text 'Var_T_Demo3' is set on object 'Object Repository/Page_Callidus Cloud Commissions Man/td_Value'

2018-09-10 11:48:16 - [TEST_STEP][PASSED] - click: Object: 'Object Repository/Page_Callidus Cloud Commissions Man/input_Apply Search' is clicked on

2018-09-10 11:48:16 - [MESSAGE][PASSED] - Object: 'Object Repository/Page_Callidus Cloud Commissions Man/input_Apply Search' is clicked on

2018-09-10 11:48:16 - [TEST_STEP][PASSED] - delay: Delayed 5 second(s)

2018-09-10 11:48:21 - [MESSAGE][PASSED] - Delayed 5 second(s)

2018-09-10 11:48:21 - [TEST_STEP][NOT_RUN] - callTestCase: NOT_RUN: callTestCase

2018-09-10 11:48:21 - [MESSAGE][NOT_RUN] - NOT_RUN: callTestCase]]></system-out>
         <system-err><![CDATA[]]></system-err>
      </testcase>
      <testcase name="Test Cases/UnitType exists in the system" classname="Test Cases/UnitType exists in the system" status="PASSED">
         <system-out><![CDATA[2018-09-10 11:48:21 - [TEST_CASE][PASSED] - Test Cases/UnitType exists in the system: Test Cases/UnitType exists in the system

2018-09-10 11:48:21 - [TEST_STEP][NOT_RUN] - callTestCase: NOT_RUN: callTestCase

2018-09-10 11:48:21 - [MESSAGE][NOT_RUN] - NOT_RUN: callTestCase

2018-09-10 11:48:21 - [TEST_STEP][PASSED] - mouseOver: Object: 'Object Repository/Page_Callidus Cloud Commissions Man/div_ADMINISTRATION' is hovered

2018-09-10 11:48:21 - [MESSAGE][PASSED] - Object: 'Object Repository/Page_Callidus Cloud Commissions Man/div_ADMINISTRATION' is hovered

2018-09-10 11:48:21 - [TEST_STEP][PASSED] - delay: Delayed 3 second(s)

2018-09-10 11:48:24 - [MESSAGE][PASSED] - Delayed 3 second(s)

2018-09-10 11:48:24 - [TEST_STEP][PASSED] - scrollToElement: Scroll to object 'Object Repository/Page_Callidus Cloud Commissions Man/a_Unit Types' successfully

2018-09-10 11:48:24 - [MESSAGE][PASSED] - Scroll to object 'Object Repository/Page_Callidus Cloud Commissions Man/a_Unit Types' successfully

2018-09-10 11:48:24 - [TEST_STEP][PASSED] - delay: Delayed 4 second(s)

2018-09-10 11:48:28 - [MESSAGE][PASSED] - Delayed 4 second(s)

2018-09-10 11:48:28 - [TEST_STEP][PASSED] - click: Object: 'Object Repository/Page_Callidus Cloud Commissions Man/a_Unit Types' is clicked on

2018-09-10 11:48:29 - [MESSAGE][PASSED] - Object: 'Object Repository/Page_Callidus Cloud Commissions Man/a_Unit Types' is clicked on

2018-09-10 11:48:29 - [TEST_STEP][PASSED] - setText: Text 'USD' is set on object 'Object Repository/Page_Callidus Cloud Commissions Man/input_Enter Search Terms'

2018-09-10 11:48:29 - [MESSAGE][PASSED] - Text 'USD' is set on object 'Object Repository/Page_Callidus Cloud Commissions Man/input_Enter Search Terms'

2018-09-10 11:48:29 - [TEST_STEP][PASSED] - click: Object: 'Object Repository/Page_Callidus Cloud Commissions Man/a_Advanced Search' is clicked on

2018-09-10 11:48:29 - [MESSAGE][PASSED] - Object: 'Object Repository/Page_Callidus Cloud Commissions Man/a_Advanced Search' is clicked on

2018-09-10 11:48:29 - [TEST_STEP][PASSED] - delay: Delayed 3 second(s)

2018-09-10 11:48:32 - [MESSAGE][PASSED] - Delayed 3 second(s)

2018-09-10 11:48:32 - [TEST_STEP][PASSED] - click: Object: 'Object Repository/Page_Callidus Cloud Commissions Man/td_Field Name' is clicked on

2018-09-10 11:48:32 - [MESSAGE][PASSED] - Object: 'Object Repository/Page_Callidus Cloud Commissions Man/td_Field Name' is clicked on

2018-09-10 11:48:32 - [TEST_STEP][PASSED] - scrollToElement: Scroll to object 'Object Repository/Page_Callidus Cloud Commissions Man/a_UnitTypeId' successfully

2018-09-10 11:48:32 - [MESSAGE][PASSED] - Scroll to object 'Object Repository/Page_Callidus Cloud Commissions Man/a_UnitTypeId' successfully

2018-09-10 11:48:32 - [TEST_STEP][PASSED] - delay: Delayed 2 second(s)

2018-09-10 11:48:34 - [MESSAGE][PASSED] - Delayed 2 second(s)

2018-09-10 11:48:34 - [TEST_STEP][PASSED] - click: Object: 'Object Repository/Page_Callidus Cloud Commissions Man/a_UnitTypeId' is clicked on

2018-09-10 11:48:34 - [MESSAGE][PASSED] - Object: 'Object Repository/Page_Callidus Cloud Commissions Man/a_UnitTypeId' is clicked on

2018-09-10 11:48:34 - [TEST_STEP][PASSED] - delay: Delayed 2 second(s)

2018-09-10 11:48:36 - [MESSAGE][PASSED] - Delayed 2 second(s)

2018-09-10 11:48:36 - [TEST_STEP][PASSED] - click: Object: 'Object Repository/Page_Callidus Cloud Commissions Man/td_Comparision' is clicked on

2018-09-10 11:48:37 - [MESSAGE][PASSED] - Object: 'Object Repository/Page_Callidus Cloud Commissions Man/td_Comparision' is clicked on

2018-09-10 11:48:37 - [TEST_STEP][PASSED] - delay: Delayed 2 second(s)

2018-09-10 11:48:39 - [MESSAGE][PASSED] - Delayed 2 second(s)

2018-09-10 11:48:39 - [TEST_STEP][PASSED] - scrollToElement: Scroll to object 'Object Repository/Page_Callidus Cloud Commissions Man/option_Equals' successfully

2018-09-10 11:48:39 - [MESSAGE][PASSED] - Scroll to object 'Object Repository/Page_Callidus Cloud Commissions Man/option_Equals' successfully

2018-09-10 11:48:39 - [TEST_STEP][PASSED] - delay: Delayed 2 second(s)

2018-09-10 11:48:41 - [MESSAGE][PASSED] - Delayed 2 second(s)

2018-09-10 11:48:41 - [TEST_STEP][PASSED] - click: Object: 'Object Repository/Page_Callidus Cloud Commissions Man/option_Equals' is clicked on

2018-09-10 11:48:41 - [MESSAGE][PASSED] - Object: 'Object Repository/Page_Callidus Cloud Commissions Man/option_Equals' is clicked on

2018-09-10 11:48:41 - [TEST_STEP][PASSED] - setText: Text 'USD' is set on object 'Object Repository/Page_Callidus Cloud Commissions Man/td_Value'

2018-09-10 11:48:41 - [MESSAGE][PASSED] - Text 'USD' is set on object 'Object Repository/Page_Callidus Cloud Commissions Man/td_Value'

2018-09-10 11:48:41 - [TEST_STEP][PASSED] - delay: Delayed 2 second(s)

2018-09-10 11:48:43 - [MESSAGE][PASSED] - Delayed 2 second(s)

2018-09-10 11:48:43 - [TEST_STEP][PASSED] - click: Object: 'Object Repository/Page_Callidus Cloud Commissions Man/input_Apply Search' is clicked on

2018-09-10 11:48:43 - [MESSAGE][PASSED] - Object: 'Object Repository/Page_Callidus Cloud Commissions Man/input_Apply Search' is clicked on

2018-09-10 11:48:43 - [TEST_STEP][NOT_RUN] - callTestCase: NOT_RUN: callTestCase

2018-09-10 11:48:43 - [MESSAGE][NOT_RUN] - NOT_RUN: callTestCase]]></system-out>
         <system-err><![CDATA[]]></system-err>
      </testcase>
      <testcase name="Test Cases/Commission Logout" classname="Test Cases/Commission Logout" status="PASSED">
         <system-out><![CDATA[2018-09-10 11:48:43 - [TEST_CASE][PASSED] - Test Cases/Commission Logout: Test Cases/Commission Logout

2018-09-10 11:48:43 - [TEST_STEP][PASSED] - click: Object: 'Object Repository/Page_Callidus Cloud Commissions Man/span_rkulkarncalliduscloud.com' is clicked on

2018-09-10 11:48:44 - [MESSAGE][PASSED] - Object: 'Object Repository/Page_Callidus Cloud Commissions Man/span_rkulkarncalliduscloud.com' is clicked on

2018-09-10 11:48:44 - [TEST_STEP][PASSED] - click: Object: 'Object Repository/Page_Callidus Cloud Commissions Man/div_Logout' is clicked on

2018-09-10 11:48:44 - [MESSAGE][PASSED] - Object: 'Object Repository/Page_Callidus Cloud Commissions Man/div_Logout' is clicked on

2018-09-10 11:48:44 - [TEST_STEP][PASSED] - closeBrowser: Browser is closed

2018-09-10 11:48:45 - [MESSAGE][PASSED] - Browser is closed]]></system-out>
         <system-err><![CDATA[]]></system-err>
      </testcase>
      <system-out><![CDATA[2018-09-10 11:39:24 - [TEST_SUITE][PASSED] - TestDemo: Test Cases/Commission Logout]]></system-out>
      <system-err><![CDATA[]]></system-err>
   </testsuite>
</testsuites>
