<?xml version="1.0" encoding="UTF-8"?>
<testsuites name="TestDemo" time="477" tests="21" failures="1" errors="0">
   <testsuite name="TestDemo" tests="21" failures="1" errors="0" time="477" timestamp="2018-09-10 11:24:02" hostname="kikosana - KIKOSANA-T450S.callidussoftware.com" id="Test Suites/TestDemo">
      <properties>
         <property name="deviceName" value=""/>
         <property name="devicePlatform" value=""/>
         <property name="logFolder" value="C:\\Users\\kikosana\\Downloads\\UAT_Commission-master (2)\\UAT_Commission-master\\Reports\\TestDemo\\20180910_112400"/>
         <property name="logFiles" value="C:\\Users\\kikosana\\Downloads\\UAT_Commission-master (2)\\UAT_Commission-master\\Reports\\TestDemo\\20180910_112400\\execution0.log"/>
         <property name="attachments" value="C:\\Users\\kikosana\\Downloads\\UAT_Commission-master (2)\\UAT_Commission-master\\Reports\\TestDemo\\20180910_112400\\1536603924028.png"/>
         <property name="hostName" value="kikosana - KIKOSANA-T450S.callidussoftware.com"/>
         <property name="os" value="Windows 10 64bit"/>
         <property name="katalonVersion" value="5.6.3.1"/>
         <property name="browser" value="Chrome 68.0.3440.106"/>
         <property name="hostAddress" value="10.125.199.25"/>
         <property name="sessionId" value="db831a07150206342fade4ac4930ff99"/>
         <property name="seleniumVersion" value="3.7.1"/>
         <property name="proxyInformation" value="ProxyInformation{proxyOption=NO_PROXY, proxyServerType=HTTP, password=, proxyServerAddress=, proxyServerPort=0}"/>
         <property name="platform" value="Windows 10"/>
      </properties>
      <testcase name="Test Cases/Commission Login" classname="Test Cases/Commission Login" status="PASSED">
         <system-out><![CDATA[2018-09-10 11:24:03 - [TEST_CASE][PASSED] - Test Cases/Commission Login: Test Cases/Commission Login

2018-09-10 11:24:03 - [TEST_STEP][PASSED] - openBrowser: Browser is opened with url: ''

2018-09-10 11:24:07 - [MESSAGE][PASSED] - Browser is opened with url: ''

2018-09-10 11:24:07 - [TEST_STEP][PASSED] - navigateToUrl: Navigate to 'https://biz3-tst.callidusondemand.com/SalesPortal/#!/' successfully

2018-09-10 11:24:09 - [MESSAGE][PASSED] - Navigate to 'https://biz3-tst.callidusondemand.com/SalesPortal/#!/' successfully

2018-09-10 11:24:09 - [TEST_STEP][PASSED] - maximizeWindow: Current window maximized

2018-09-10 11:24:10 - [MESSAGE][PASSED] - Current window maximized

2018-09-10 11:24:10 - [TEST_STEP][PASSED] - setText: Text 'kikosana@calliduscloud.com' is set on object 'Object Repository/Page_Sales Performance Home/input_username'

2018-09-10 11:24:11 - [MESSAGE][PASSED] - Text 'kikosana@calliduscloud.com' is set on object 'Object Repository/Page_Sales Performance Home/input_username'

2018-09-10 11:24:11 - [TEST_STEP][PASSED] - setText: Text 'Kiran09@@' is set on object 'Object Repository/Page_Sales Performance Home/input_password'

2018-09-10 11:24:11 - [MESSAGE][PASSED] - Text 'Kiran09@@' is set on object 'Object Repository/Page_Sales Performance Home/input_password'

2018-09-10 11:24:11 - [TEST_STEP][PASSED] - click: Object: 'Object Repository/Page_Sales Performance Home/button_Login' is clicked on

2018-09-10 11:24:11 - [MESSAGE][PASSED] - Object: 'Object Repository/Page_Sales Performance Home/button_Login' is clicked on

2018-09-10 11:24:11 - [TEST_STEP][PASSED] - click: Object: 'Object Repository/Page_Sales Performance Home/span_Sales Performance Home' is clicked on

2018-09-10 11:24:12 - [MESSAGE][PASSED] - Object: 'Object Repository/Page_Sales Performance Home/span_Sales Performance Home' is clicked on

2018-09-10 11:24:12 - [TEST_STEP][PASSED] - click: Object: 'Object Repository/Page_Sales Performance Home/a_Commissions' is clicked on

2018-09-10 11:24:13 - [MESSAGE][PASSED] - Object: 'Object Repository/Page_Sales Performance Home/a_Commissions' is clicked on

2018-09-10 11:24:13 - [TEST_STEP][PASSED] - click: Object: 'Object Repository/Page_Callidus Cloud Commissions Man/a_Manage Setup' is clicked on

2018-09-10 11:24:17 - [MESSAGE][PASSED] - Object: 'Object Repository/Page_Callidus Cloud Commissions Man/a_Manage Setup' is clicked on]]></system-out>
         <system-err><![CDATA[]]></system-err>
      </testcase>
      <testcase name="Test Cases/Credit Rule exists in the system" classname="Test Cases/Credit Rule exists in the system" status="PASSED">
         <system-out><![CDATA[2018-09-10 11:24:17 - [TEST_CASE][PASSED] - Test Cases/Credit Rule exists in the system: Test Cases/Credit Rule exists in the system

2018-09-10 11:24:17 - [TEST_STEP][NOT_RUN] - callTestCase: NOT_RUN: callTestCase

2018-09-10 11:24:17 - [MESSAGE][NOT_RUN] - NOT_RUN: callTestCase

2018-09-10 11:24:17 - [TEST_STEP][PASSED] - delay: Delayed 5 second(s)

2018-09-10 11:24:22 - [MESSAGE][PASSED] - Delayed 5 second(s)

2018-09-10 11:24:22 - [TEST_STEP][PASSED] - mouseOver: Object: 'Object Repository/Page_Plan Tab/a_Plan' is hovered

2018-09-10 11:24:23 - [MESSAGE][PASSED] - Object: 'Object Repository/Page_Plan Tab/a_Plan' is hovered

2018-09-10 11:24:23 - [TEST_STEP][PASSED] - delay: Delayed 3 second(s)

2018-09-10 11:24:26 - [MESSAGE][PASSED] - Delayed 3 second(s)

2018-09-10 11:24:26 - [TEST_STEP][PASSED] - scrollToElement: Scroll to object 'Object Repository/Page_Plan Tab/a_Rules' successfully

2018-09-10 11:24:26 - [MESSAGE][PASSED] - Scroll to object 'Object Repository/Page_Plan Tab/a_Rules' successfully

2018-09-10 11:24:26 - [TEST_STEP][PASSED] - delay: Delayed 4 second(s)

2018-09-10 11:24:30 - [MESSAGE][PASSED] - Delayed 4 second(s)

2018-09-10 11:24:30 - [TEST_STEP][PASSED] - click: Object: 'Object Repository/Page_Plan Tab/a_Rules' is clicked on

2018-09-10 11:24:31 - [MESSAGE][PASSED] - Object: 'Object Repository/Page_Plan Tab/a_Rules' is clicked on

2018-09-10 11:24:31 - [TEST_STEP][PASSED] - click: Object: 'Object Repository/Page_Callidus Cloud Commissions Man/a_Advanced Search' is clicked on

2018-09-10 11:24:31 - [MESSAGE][PASSED] - Object: 'Object Repository/Page_Callidus Cloud Commissions Man/a_Advanced Search' is clicked on

2018-09-10 11:24:31 - [TEST_STEP][PASSED] - delay: Delayed 3 second(s)

2018-09-10 11:24:34 - [MESSAGE][PASSED] - Delayed 3 second(s)

2018-09-10 11:24:34 - [TEST_STEP][PASSED] - click: Object: 'Object Repository/Page_Callidus Cloud Commissions Man/td_Field Name' is clicked on

2018-09-10 11:24:34 - [MESSAGE][PASSED] - Object: 'Object Repository/Page_Callidus Cloud Commissions Man/td_Field Name' is clicked on

2018-09-10 11:24:34 - [TEST_STEP][PASSED] - delay: Delayed 2 second(s)

2018-09-10 11:24:36 - [MESSAGE][PASSED] - Delayed 2 second(s)

2018-09-10 11:24:36 - [TEST_STEP][PASSED] - scrollToElement: Scroll to object 'Object Repository/Page_Plan Tab/a_Field_name' successfully

2018-09-10 11:24:36 - [MESSAGE][PASSED] - Scroll to object 'Object Repository/Page_Plan Tab/a_Field_name' successfully

2018-09-10 11:24:36 - [TEST_STEP][PASSED] - delay: Delayed 2 second(s)

2018-09-10 11:24:38 - [MESSAGE][PASSED] - Delayed 2 second(s)

2018-09-10 11:24:38 - [TEST_STEP][PASSED] - click: Object: 'Object Repository/Page_Plan Tab/a_Field_name' is clicked on

2018-09-10 11:24:38 - [MESSAGE][PASSED] - Object: 'Object Repository/Page_Plan Tab/a_Field_name' is clicked on

2018-09-10 11:24:38 - [TEST_STEP][PASSED] - click: Object: 'Object Repository/Page_Callidus Cloud Commissions Man/td_Comparision' is clicked on

2018-09-10 11:24:38 - [MESSAGE][PASSED] - Object: 'Object Repository/Page_Callidus Cloud Commissions Man/td_Comparision' is clicked on

2018-09-10 11:24:38 - [TEST_STEP][PASSED] - delay: Delayed 2 second(s)

2018-09-10 11:24:40 - [MESSAGE][PASSED] - Delayed 2 second(s)

2018-09-10 11:24:40 - [TEST_STEP][PASSED] - scrollToElement: Scroll to object 'Object Repository/Page_Callidus Cloud Commissions Man/option_Equals' successfully

2018-09-10 11:24:40 - [MESSAGE][PASSED] - Scroll to object 'Object Repository/Page_Callidus Cloud Commissions Man/option_Equals' successfully

2018-09-10 11:24:40 - [TEST_STEP][PASSED] - delay: Delayed 2 second(s)

2018-09-10 11:24:42 - [MESSAGE][PASSED] - Delayed 2 second(s)

2018-09-10 11:24:42 - [TEST_STEP][PASSED] - click: Object: 'Object Repository/Page_Callidus Cloud Commissions Man/option_Equals' is clicked on

2018-09-10 11:24:43 - [MESSAGE][PASSED] - Object: 'Object Repository/Page_Callidus Cloud Commissions Man/option_Equals' is clicked on

2018-09-10 11:24:43 - [TEST_STEP][PASSED] - delay: Delayed 2 second(s)

2018-09-10 11:24:45 - [MESSAGE][PASSED] - Delayed 2 second(s)

2018-09-10 11:24:45 - [TEST_STEP][PASSED] - setText: Text 'CR Territory Booking' is set on object 'Object Repository/Page_Callidus Cloud Commissions Man/td_Value'

2018-09-10 11:24:45 - [MESSAGE][PASSED] - Text 'CR Territory Booking' is set on object 'Object Repository/Page_Callidus Cloud Commissions Man/td_Value'

2018-09-10 11:24:45 - [TEST_STEP][PASSED] - delay: Delayed 2 second(s)

2018-09-10 11:24:47 - [MESSAGE][PASSED] - Delayed 2 second(s)

2018-09-10 11:24:47 - [TEST_STEP][PASSED] - click: Object: 'Object Repository/Page_Callidus Cloud Commissions Man/input_Apply Search' is clicked on

2018-09-10 11:24:47 - [MESSAGE][PASSED] - Object: 'Object Repository/Page_Callidus Cloud Commissions Man/input_Apply Search' is clicked on

2018-09-10 11:24:47 - [TEST_STEP][NOT_RUN] - acceptAlert: NOT_RUN: acceptAlert

2018-09-10 11:24:47 - [MESSAGE][NOT_RUN] - NOT_RUN: acceptAlert

2018-09-10 11:24:47 - [TEST_STEP][NOT_RUN] - callTestCase: NOT_RUN: callTestCase

2018-09-10 11:24:47 - [MESSAGE][NOT_RUN] - NOT_RUN: callTestCase]]></system-out>
         <system-err><![CDATA[]]></system-err>
      </testcase>
      <testcase name="Test Cases/Credit Types exist in the system" classname="Test Cases/Credit Types exist in the system" status="PASSED">
         <system-out><![CDATA[2018-09-10 11:24:47 - [TEST_CASE][PASSED] - Test Cases/Credit Types exist in the system: Test Cases/Credit Types exist in the system

2018-09-10 11:24:48 - [TEST_STEP][NOT_RUN] - callTestCase: NOT_RUN: callTestCase

2018-09-10 11:24:48 - [MESSAGE][NOT_RUN] - NOT_RUN: callTestCase

2018-09-10 11:24:48 - [TEST_STEP][PASSED] - mouseOver: Object: 'Object Repository/Page_Callidus Cloud Commissions Man/div_ADMINISTRATION' is hovered

2018-09-10 11:24:48 - [MESSAGE][PASSED] - Object: 'Object Repository/Page_Callidus Cloud Commissions Man/div_ADMINISTRATION' is hovered

2018-09-10 11:24:48 - [TEST_STEP][PASSED] - delay: Delayed 5 second(s)

2018-09-10 11:24:53 - [MESSAGE][PASSED] - Delayed 5 second(s)

2018-09-10 11:24:53 - [TEST_STEP][PASSED] - scrollToElement: Scroll to object 'Object Repository/Page_Callidus Cloud Commissions Man/a_Credit Types' successfully

2018-09-10 11:24:53 - [MESSAGE][PASSED] - Scroll to object 'Object Repository/Page_Callidus Cloud Commissions Man/a_Credit Types' successfully

2018-09-10 11:24:53 - [TEST_STEP][PASSED] - delay: Delayed 4 second(s)

2018-09-10 11:24:57 - [MESSAGE][PASSED] - Delayed 4 second(s)

2018-09-10 11:24:57 - [TEST_STEP][PASSED] - click: Object: 'Object Repository/Page_Callidus Cloud Commissions Man/a_Credit Types' is clicked on

2018-09-10 11:24:57 - [MESSAGE][PASSED] - Object: 'Object Repository/Page_Callidus Cloud Commissions Man/a_Credit Types' is clicked on

2018-09-10 11:24:57 - [TEST_STEP][PASSED] - delay: Delayed 2 second(s)

2018-09-10 11:24:59 - [MESSAGE][PASSED] - Delayed 2 second(s)

2018-09-10 11:24:59 - [TEST_STEP][PASSED] - click: Object: 'Object Repository/Page_Callidus Cloud Commissions Man/a_Advanced Search' is clicked on

2018-09-10 11:25:00 - [MESSAGE][PASSED] - Object: 'Object Repository/Page_Callidus Cloud Commissions Man/a_Advanced Search' is clicked on

2018-09-10 11:25:00 - [TEST_STEP][PASSED] - delay: Delayed 2 second(s)

2018-09-10 11:25:02 - [MESSAGE][PASSED] - Delayed 2 second(s)

2018-09-10 11:25:02 - [TEST_STEP][PASSED] - click: Object: 'Object Repository/Page_Callidus Cloud Commissions Man/td_Field Name' is clicked on

2018-09-10 11:25:02 - [MESSAGE][PASSED] - Object: 'Object Repository/Page_Callidus Cloud Commissions Man/td_Field Name' is clicked on

2018-09-10 11:25:02 - [TEST_STEP][PASSED] - delay: Delayed 2 second(s)

2018-09-10 11:25:04 - [MESSAGE][PASSED] - Delayed 2 second(s)

2018-09-10 11:25:04 - [TEST_STEP][PASSED] - scrollToElement: Scroll to object 'Object Repository/Page_Callidus Cloud Commissions Man/option_credit types id' successfully

2018-09-10 11:25:04 - [MESSAGE][PASSED] - Scroll to object 'Object Repository/Page_Callidus Cloud Commissions Man/option_credit types id' successfully

2018-09-10 11:25:04 - [TEST_STEP][PASSED] - delay: Delayed 2 second(s)

2018-09-10 11:25:06 - [MESSAGE][PASSED] - Delayed 2 second(s)

2018-09-10 11:25:06 - [TEST_STEP][PASSED] - click: Object: 'Object Repository/Page_Callidus Cloud Commissions Man/option_credit types id' is clicked on

2018-09-10 11:25:06 - [MESSAGE][PASSED] - Object: 'Object Repository/Page_Callidus Cloud Commissions Man/option_credit types id' is clicked on

2018-09-10 11:25:06 - [TEST_STEP][PASSED] - click: Object: 'Object Repository/Page_Callidus Cloud Commissions Man/td_Comparision' is clicked on

2018-09-10 11:25:06 - [MESSAGE][PASSED] - Object: 'Object Repository/Page_Callidus Cloud Commissions Man/td_Comparision' is clicked on

2018-09-10 11:25:06 - [TEST_STEP][PASSED] - scrollToElement: Scroll to object 'Object Repository/Page_Callidus Cloud Commissions Man/option_Equals' successfully

2018-09-10 11:25:06 - [MESSAGE][PASSED] - Scroll to object 'Object Repository/Page_Callidus Cloud Commissions Man/option_Equals' successfully

2018-09-10 11:25:06 - [TEST_STEP][PASSED] - delay: Delayed 2 second(s)

2018-09-10 11:25:08 - [MESSAGE][PASSED] - Delayed 2 second(s)

2018-09-10 11:25:08 - [TEST_STEP][PASSED] - click: Object: 'Object Repository/Page_Callidus Cloud Commissions Man/option_Equals' is clicked on

2018-09-10 11:25:08 - [MESSAGE][PASSED] - Object: 'Object Repository/Page_Callidus Cloud Commissions Man/option_Equals' is clicked on

2018-09-10 11:25:08 - [TEST_STEP][PASSED] - delay: Delayed 2 second(s)

2018-09-10 11:25:10 - [MESSAGE][PASSED] - Delayed 2 second(s)

2018-09-10 11:25:10 - [TEST_STEP][PASSED] - setText: Text 'Bonus123' is set on object 'Object Repository/Page_Callidus Cloud Commissions Man/td_Value'

2018-09-10 11:25:11 - [MESSAGE][PASSED] - Text 'Bonus123' is set on object 'Object Repository/Page_Callidus Cloud Commissions Man/td_Value'

2018-09-10 11:25:11 - [TEST_STEP][PASSED] - delay: Delayed 2 second(s)

2018-09-10 11:25:13 - [MESSAGE][PASSED] - Delayed 2 second(s)

2018-09-10 11:25:13 - [TEST_STEP][PASSED] - click: Object: 'Object Repository/Page_Callidus Cloud Commissions Man/input_Apply Search' is clicked on

2018-09-10 11:25:13 - [MESSAGE][PASSED] - Object: 'Object Repository/Page_Callidus Cloud Commissions Man/input_Apply Search' is clicked on

2018-09-10 11:25:13 - [TEST_STEP][NOT_RUN] - callTestCase: NOT_RUN: callTestCase

2018-09-10 11:25:13 - [MESSAGE][NOT_RUN] - NOT_RUN: callTestCase]]></system-out>
         <system-err><![CDATA[]]></system-err>
      </testcase>
      <testcase name="Test Cases/Deposit Rule exists in the system" classname="Test Cases/Deposit Rule exists in the system" status="FAILED">
         <failure type="FAILED" message="Unable to click on object 'Object Repository/Page_Plan Tab/a_Rules' (Root cause: org.openqa.selenium.ElementNotVisibleException: element not visible
  (Session info: chrome=68.0.3440.106)
  (Driver info: chromedriver=2.35.528161 (5b82f2d2aae0ca24b877009200ced9065a772e73),platform=Windows NT 10.0.17134 x86_64) (WARNING: The server did not provide any stacktrace information)
Command duration or timeout: 0 milliseconds
Build info: version: '3.7.1', revision: '8a0099a', time: '2017-11-06T21:07:36.161Z'
System info: host: 'KIKOSANA-T450S', ip: '10.125.199.25', os.name: 'Windows 10', os.arch: 'amd64', os.version: '10.0', java.version: '1.8.0_181'
Driver info: com.kms.katalon.selenium.driver.CChromeDriver
Capabilities {acceptInsecureCerts: false, acceptSslCerts: false, applicationCacheEnabled: false, browserConnectionEnabled: false, browserName: chrome, chrome: {chromedriverVersion: 2.35.528161 (5b82f2d2aae0ca..., userDataDir: C:\Users\kikosana\AppData\L...}, cssSelectorsEnabled: true, databaseEnabled: false, handlesAlerts: true, hasTouchScreen: false, javascriptEnabled: true, locationContextEnabled: true, mobileEmulationEnabled: false, nativeEvents: true, networkConnectionEnabled: false, pageLoadStrategy: normal, platform: XP, platformName: XP, rotatable: false, setWindowRect: true, takesHeapSnapshot: true, takesScreenshot: true, unexpectedAlertBehaviour: , unhandledPromptBehavior: , version: 68.0.3440.106, webStorageEnabled: true}
Session ID: 8999daa18fa6d12beb906a67ba098d27)"/>
         <system-out><![CDATA[2018-09-10 11:25:13 - [TEST_CASE][FAILED] - Test Cases/Deposit Rule exists in the system: Test Cases/Deposit Rule exists in the system FAILED because (of) Unable to click on object 'Object Repository/Page_Plan Tab/a_Rules' (Root cause: org.openqa.selenium.ElementNotVisibleException: element not visible
  (Session info: chrome=68.0.3440.106)
  (Driver info: chromedriver=2.35.528161 (5b82f2d2aae0ca24b877009200ced9065a772e73),platform=Windows NT 10.0.17134 x86_64) (WARNING: The server did not provide any stacktrace information)
Command duration or timeout: 0 milliseconds
Build info: version: '3.7.1', revision: '8a0099a', time: '2017-11-06T21:07:36.161Z'
System info: host: 'KIKOSANA-T450S', ip: '10.125.199.25', os.name: 'Windows 10', os.arch: 'amd64', os.version: '10.0', java.version: '1.8.0_181'
Driver info: com.kms.katalon.selenium.driver.CChromeDriver
Capabilities {acceptInsecureCerts: false, acceptSslCerts: false, applicationCacheEnabled: false, browserConnectionEnabled: false, browserName: chrome, chrome: {chromedriverVersion: 2.35.528161 (5b82f2d2aae0ca..., userDataDir: C:\Users\kikosana\AppData\L...}, cssSelectorsEnabled: true, databaseEnabled: false, handlesAlerts: true, hasTouchScreen: false, javascriptEnabled: true, locationContextEnabled: true, mobileEmulationEnabled: false, nativeEvents: true, networkConnectionEnabled: false, pageLoadStrategy: normal, platform: XP, platformName: XP, rotatable: false, setWindowRect: true, takesHeapSnapshot: true, takesScreenshot: true, unexpectedAlertBehaviour: , unhandledPromptBehavior: , version: 68.0.3440.106, webStorageEnabled: true}
Session ID: 8999daa18fa6d12beb906a67ba098d27)

2018-09-10 11:25:13 - [TEST_STEP][NOT_RUN] - callTestCase: NOT_RUN: callTestCase

2018-09-10 11:25:13 - [MESSAGE][NOT_RUN] - NOT_RUN: callTestCase

2018-09-10 11:25:13 - [TEST_STEP][PASSED] - delay: Delayed 5 second(s)

2018-09-10 11:25:18 - [MESSAGE][PASSED] - Delayed 5 second(s)

2018-09-10 11:25:18 - [TEST_STEP][PASSED] - mouseOver: Object: 'Object Repository/Page_Plan Tab/a_Plan' is hovered

2018-09-10 11:25:18 - [MESSAGE][PASSED] - Object: 'Object Repository/Page_Plan Tab/a_Plan' is hovered

2018-09-10 11:25:18 - [TEST_STEP][PASSED] - delay: Delayed 3 second(s)

2018-09-10 11:25:21 - [MESSAGE][PASSED] - Delayed 3 second(s)

2018-09-10 11:25:21 - [TEST_STEP][PASSED] - scrollToElement: Scroll to object 'Object Repository/Page_Plan Tab/a_Rules' successfully

2018-09-10 11:25:21 - [MESSAGE][PASSED] - Scroll to object 'Object Repository/Page_Plan Tab/a_Rules' successfully

2018-09-10 11:25:21 - [TEST_STEP][PASSED] - delay: Delayed 2 second(s)

2018-09-10 11:25:23 - [MESSAGE][PASSED] - Delayed 2 second(s)

2018-09-10 11:25:23 - [TEST_STEP][FAILED] - click: Unable to click on object 'Object Repository/Page_Plan Tab/a_Rules' (Root cause: org.openqa.selenium.ElementNotVisibleException: element not visible
  (Session info: chrome=68.0.3440.106)
  (Driver info: chromedriver=2.35.528161 (5b82f2d2aae0ca24b877009200ced9065a772e73),platform=Windows NT 10.0.17134 x86_64) (WARNING: The server did not provide any stacktrace information)
Command duration or timeout: 0 milliseconds
Build info: version: '3.7.1', revision: '8a0099a', time: '2017-11-06T21:07:36.161Z'
System info: host: 'KIKOSANA-T450S', ip: '10.125.199.25', os.name: 'Windows 10', os.arch: 'amd64', os.version: '10.0', java.version: '1.8.0_181'
Driver info: com.kms.katalon.selenium.driver.CChromeDriver
Capabilities {acceptInsecureCerts: false, acceptSslCerts: false, applicationCacheEnabled: false, browserConnectionEnabled: false, browserName: chrome, chrome: {chromedriverVersion: 2.35.528161 (5b82f2d2aae0ca..., userDataDir: C:\Users\kikosana\AppData\L...}, cssSelectorsEnabled: true, databaseEnabled: false, handlesAlerts: true, hasTouchScreen: false, javascriptEnabled: true, locationContextEnabled: true, mobileEmulationEnabled: false, nativeEvents: true, networkConnectionEnabled: false, pageLoadStrategy: normal, platform: XP, platformName: XP, rotatable: false, setWindowRect: true, takesHeapSnapshot: true, takesScreenshot: true, unexpectedAlertBehaviour: , unhandledPromptBehavior: , version: 68.0.3440.106, webStorageEnabled: true}
Session ID: 8999daa18fa6d12beb906a67ba098d27)

2018-09-10 11:25:24 - [MESSAGE][FAILED] - Unable to click on object 'Object Repository/Page_Plan Tab/a_Rules' (Root cause: org.openqa.selenium.ElementNotVisibleException: element not visible
  (Session info: chrome=68.0.3440.106)
  (Driver info: chromedriver=2.35.528161 (5b82f2d2aae0ca24b877009200ced9065a772e73),platform=Windows NT 10.0.17134 x86_64) (WARNING: The server did not provide any stacktrace information)
Command duration or timeout: 0 milliseconds
Build info: version: '3.7.1', revision: '8a0099a', time: '2017-11-06T21:07:36.161Z'
System info: host: 'KIKOSANA-T450S', ip: '10.125.199.25', os.name: 'Windows 10', os.arch: 'amd64', os.version: '10.0', java.version: '1.8.0_181'
Driver info: com.kms.katalon.selenium.driver.CChromeDriver
Capabilities {acceptInsecureCerts: false, acceptSslCerts: false, applicationCacheEnabled: false, browserConnectionEnabled: false, browserName: chrome, chrome: {chromedriverVersion: 2.35.528161 (5b82f2d2aae0ca..., userDataDir: C:\Users\kikosana\AppData\L...}, cssSelectorsEnabled: true, databaseEnabled: false, handlesAlerts: true, hasTouchScreen: false, javascriptEnabled: true, locationContextEnabled: true, mobileEmulationEnabled: false, nativeEvents: true, networkConnectionEnabled: false, pageLoadStrategy: normal, platform: XP, platformName: XP, rotatable: false, setWindowRect: true, takesHeapSnapshot: true, takesScreenshot: true, unexpectedAlertBehaviour: , unhandledPromptBehavior: , version: 68.0.3440.106, webStorageEnabled: true}
Session ID: 8999daa18fa6d12beb906a67ba098d27)
[[ATTACHMENT|C:\\Users\\kikosana\\Downloads\\UAT_Commission-master (2)\\UAT_Commission-master\\Reports\\TestDemo\\20180910_112400\\1536603924028.png]]]]></system-out>
         <system-err><![CDATA[2018-09-10 11:25:13 - [TEST_CASE][FAILED] - Test Cases/Deposit Rule exists in the system: Test Cases/Deposit Rule exists in the system FAILED because (of) Unable to click on object 'Object Repository/Page_Plan Tab/a_Rules' (Root cause: org.openqa.selenium.ElementNotVisibleException: element not visible
  (Session info: chrome=68.0.3440.106)
  (Driver info: chromedriver=2.35.528161 (5b82f2d2aae0ca24b877009200ced9065a772e73),platform=Windows NT 10.0.17134 x86_64) (WARNING: The server did not provide any stacktrace information)
Command duration or timeout: 0 milliseconds
Build info: version: '3.7.1', revision: '8a0099a', time: '2017-11-06T21:07:36.161Z'
System info: host: 'KIKOSANA-T450S', ip: '10.125.199.25', os.name: 'Windows 10', os.arch: 'amd64', os.version: '10.0', java.version: '1.8.0_181'
Driver info: com.kms.katalon.selenium.driver.CChromeDriver
Capabilities {acceptInsecureCerts: false, acceptSslCerts: false, applicationCacheEnabled: false, browserConnectionEnabled: false, browserName: chrome, chrome: {chromedriverVersion: 2.35.528161 (5b82f2d2aae0ca..., userDataDir: C:\Users\kikosana\AppData\L...}, cssSelectorsEnabled: true, databaseEnabled: false, handlesAlerts: true, hasTouchScreen: false, javascriptEnabled: true, locationContextEnabled: true, mobileEmulationEnabled: false, nativeEvents: true, networkConnectionEnabled: false, pageLoadStrategy: normal, platform: XP, platformName: XP, rotatable: false, setWindowRect: true, takesHeapSnapshot: true, takesScreenshot: true, unexpectedAlertBehaviour: , unhandledPromptBehavior: , version: 68.0.3440.106, webStorageEnabled: true}
Session ID: 8999daa18fa6d12beb906a67ba098d27)]]></system-err>
      </testcase>
      <testcase name="Test Cases/Earning Codes exist in the system" classname="Test Cases/Earning Codes exist in the system" status="PASSED">
         <system-out><![CDATA[2018-09-10 11:25:24 - [TEST_CASE][PASSED] - Test Cases/Earning Codes exist in the system: Test Cases/Earning Codes exist in the system

2018-09-10 11:25:24 - [TEST_STEP][PASSED] - callTestCase: Call Test Case 'Test Cases/Commission Login' successfully

2018-09-10 11:25:24 - [TEST_CASE][PASSED] - Test Cases/Commission Login: Test Cases/Commission Login

2018-09-10 11:25:24 - [TEST_STEP][PASSED] - openBrowser: Browser is opened with url: ''

2018-09-10 11:25:24 - [MESSAGE][WARNING] - A browser is already opened. Closing browser and opening a new one

2018-09-10 11:25:28 - [MESSAGE][PASSED] - Browser is opened with url: ''

2018-09-10 11:25:28 - [TEST_STEP][PASSED] - navigateToUrl: Navigate to 'https://biz3-tst.callidusondemand.com/SalesPortal/#!/' successfully

2018-09-10 11:25:29 - [MESSAGE][PASSED] - Navigate to 'https://biz3-tst.callidusondemand.com/SalesPortal/#!/' successfully

2018-09-10 11:25:29 - [TEST_STEP][PASSED] - maximizeWindow: Current window maximized

2018-09-10 11:25:30 - [MESSAGE][PASSED] - Current window maximized

2018-09-10 11:25:30 - [TEST_STEP][PASSED] - setText: Text 'kikosana@calliduscloud.com' is set on object 'Object Repository/Page_Sales Performance Home/input_username'

2018-09-10 11:25:30 - [MESSAGE][PASSED] - Text 'kikosana@calliduscloud.com' is set on object 'Object Repository/Page_Sales Performance Home/input_username'

2018-09-10 11:25:30 - [TEST_STEP][PASSED] - setText: Text 'Kiran09@@' is set on object 'Object Repository/Page_Sales Performance Home/input_password'

2018-09-10 11:25:30 - [MESSAGE][PASSED] - Text 'Kiran09@@' is set on object 'Object Repository/Page_Sales Performance Home/input_password'

2018-09-10 11:25:30 - [TEST_STEP][PASSED] - click: Object: 'Object Repository/Page_Sales Performance Home/button_Login' is clicked on

2018-09-10 11:25:31 - [MESSAGE][PASSED] - Object: 'Object Repository/Page_Sales Performance Home/button_Login' is clicked on

2018-09-10 11:25:31 - [TEST_STEP][PASSED] - click: Object: 'Object Repository/Page_Sales Performance Home/span_Sales Performance Home' is clicked on

2018-09-10 11:25:32 - [MESSAGE][PASSED] - Object: 'Object Repository/Page_Sales Performance Home/span_Sales Performance Home' is clicked on

2018-09-10 11:25:32 - [TEST_STEP][PASSED] - click: Object: 'Object Repository/Page_Sales Performance Home/a_Commissions' is clicked on

2018-09-10 11:25:32 - [MESSAGE][PASSED] - Object: 'Object Repository/Page_Sales Performance Home/a_Commissions' is clicked on

2018-09-10 11:25:32 - [TEST_STEP][PASSED] - click: Object: 'Object Repository/Page_Callidus Cloud Commissions Man/a_Manage Setup' is clicked on

2018-09-10 11:25:37 - [MESSAGE][PASSED] - Object: 'Object Repository/Page_Callidus Cloud Commissions Man/a_Manage Setup' is clicked on

2018-09-10 11:25:37 - [MESSAGE][PASSED] - Call Test Case 'Test Cases/Commission Login' successfully

2018-09-10 11:25:37 - [TEST_STEP][PASSED] - mouseOver: Object: 'Object Repository/Page_Callidus Cloud Commissions Man/div_ADMINISTRATION' is hovered

2018-09-10 11:25:38 - [MESSAGE][PASSED] - Object: 'Object Repository/Page_Callidus Cloud Commissions Man/div_ADMINISTRATION' is hovered

2018-09-10 11:25:38 - [TEST_STEP][PASSED] - delay: Delayed 5 second(s)

2018-09-10 11:25:43 - [MESSAGE][PASSED] - Delayed 5 second(s)

2018-09-10 11:25:43 - [TEST_STEP][PASSED] - scrollToElement: Scroll to object 'Object Repository/Page_Callidus Cloud Commissions Man/Reason Codes' successfully

2018-09-10 11:25:43 - [MESSAGE][PASSED] - Scroll to object 'Object Repository/Page_Callidus Cloud Commissions Man/Reason Codes' successfully

2018-09-10 11:25:43 - [TEST_STEP][PASSED] - click: Object: 'Object Repository/Page_Callidus Cloud Commissions Man/Reason Codes' is clicked on

2018-09-10 11:25:43 - [MESSAGE][PASSED] - Object: 'Object Repository/Page_Callidus Cloud Commissions Man/Reason Codes' is clicked on

2018-09-10 11:25:43 - [TEST_STEP][PASSED] - click: Object: 'Object Repository/Page_Callidus Cloud Commissions Man/a_Advanced Search' is clicked on

2018-09-10 11:25:44 - [MESSAGE][PASSED] - Object: 'Object Repository/Page_Callidus Cloud Commissions Man/a_Advanced Search' is clicked on

2018-09-10 11:25:44 - [TEST_STEP][NOT_RUN] - click: NOT_RUN: click

2018-09-10 11:25:44 - [MESSAGE][NOT_RUN] - NOT_RUN: click

2018-09-10 11:25:44 - [TEST_STEP][NOT_RUN] - scrollToElement: NOT_RUN: scrollToElement

2018-09-10 11:25:44 - [MESSAGE][NOT_RUN] - NOT_RUN: scrollToElement

2018-09-10 11:25:44 - [TEST_STEP][NOT_RUN] - click: NOT_RUN: click

2018-09-10 11:25:44 - [MESSAGE][NOT_RUN] - NOT_RUN: click

2018-09-10 11:25:44 - [TEST_STEP][NOT_RUN] - click: NOT_RUN: click

2018-09-10 11:25:44 - [MESSAGE][NOT_RUN] - NOT_RUN: click

2018-09-10 11:25:44 - [TEST_STEP][NOT_RUN] - scrollToElement: NOT_RUN: scrollToElement

2018-09-10 11:25:44 - [MESSAGE][NOT_RUN] - NOT_RUN: scrollToElement

2018-09-10 11:25:44 - [TEST_STEP][NOT_RUN] - click: NOT_RUN: click

2018-09-10 11:25:44 - [MESSAGE][NOT_RUN] - NOT_RUN: click

2018-09-10 11:25:44 - [TEST_STEP][NOT_RUN] - setText: NOT_RUN: setText

2018-09-10 11:25:44 - [MESSAGE][NOT_RUN] - NOT_RUN: setText

2018-09-10 11:25:44 - [TEST_STEP][NOT_RUN] - click: NOT_RUN: click

2018-09-10 11:25:44 - [MESSAGE][NOT_RUN] - NOT_RUN: click

2018-09-10 11:25:44 - [TEST_STEP][NOT_RUN] - callTestCase: NOT_RUN: callTestCase

2018-09-10 11:25:44 - [MESSAGE][NOT_RUN] - NOT_RUN: callTestCase]]></system-out>
         <system-err><![CDATA[]]></system-err>
      </testcase>
      <testcase name="Test Cases/Earning Groups exist in the system" classname="Test Cases/Earning Groups exist in the system" status="PASSED">
         <system-out><![CDATA[2018-09-10 11:25:44 - [TEST_CASE][PASSED] - Test Cases/Earning Groups exist in the system: Test Cases/Earning Groups exist in the system

2018-09-10 11:25:44 - [TEST_STEP][NOT_RUN] - callTestCase: NOT_RUN: callTestCase

2018-09-10 11:25:44 - [MESSAGE][NOT_RUN] - NOT_RUN: callTestCase

2018-09-10 11:25:44 - [TEST_STEP][PASSED] - mouseOver: Object: 'Object Repository/Page_Callidus Cloud Commissions Man/div_ADMINISTRATION' is hovered

2018-09-10 11:25:44 - [MESSAGE][PASSED] - Object: 'Object Repository/Page_Callidus Cloud Commissions Man/div_ADMINISTRATION' is hovered

2018-09-10 11:25:44 - [TEST_STEP][PASSED] - delay: Delayed 2 second(s)

2018-09-10 11:25:46 - [MESSAGE][PASSED] - Delayed 2 second(s)

2018-09-10 11:25:46 - [TEST_STEP][PASSED] - scrollToElement: Scroll to object 'Object Repository/Page_Callidus Cloud Commissions Man/a_Earning Groups' successfully

2018-09-10 11:25:46 - [MESSAGE][PASSED] - Scroll to object 'Object Repository/Page_Callidus Cloud Commissions Man/a_Earning Groups' successfully

2018-09-10 11:25:46 - [TEST_STEP][PASSED] - delay: Delayed 2 second(s)

2018-09-10 11:25:48 - [MESSAGE][PASSED] - Delayed 2 second(s)

2018-09-10 11:25:48 - [TEST_STEP][PASSED] - click: Object: 'Object Repository/Page_Callidus Cloud Commissions Man/a_Earning Groups' is clicked on

2018-09-10 11:25:49 - [MESSAGE][PASSED] - Object: 'Object Repository/Page_Callidus Cloud Commissions Man/a_Earning Groups' is clicked on

2018-09-10 11:25:49 - [TEST_STEP][PASSED] - click: Object: 'Object Repository/Page_Callidus Cloud Commissions Man/a_Advanced Search' is clicked on

2018-09-10 11:25:49 - [MESSAGE][PASSED] - Object: 'Object Repository/Page_Callidus Cloud Commissions Man/a_Advanced Search' is clicked on

2018-09-10 11:25:49 - [TEST_STEP][PASSED] - click: Object: 'Object Repository/Page_Callidus Cloud Commissions Man/td_Field Name' is clicked on

2018-09-10 11:25:50 - [MESSAGE][PASSED] - Object: 'Object Repository/Page_Callidus Cloud Commissions Man/td_Field Name' is clicked on

2018-09-10 11:25:50 - [TEST_STEP][PASSED] - delay: Delayed 2 second(s)

2018-09-10 11:25:52 - [MESSAGE][PASSED] - Delayed 2 second(s)

2018-09-10 11:25:52 - [TEST_STEP][PASSED] - scrollToElement: Scroll to object 'Object Repository/Page_Callidus Cloud Commissions Man/option_Earining Groups' successfully

2018-09-10 11:25:52 - [MESSAGE][PASSED] - Scroll to object 'Object Repository/Page_Callidus Cloud Commissions Man/option_Earining Groups' successfully

2018-09-10 11:25:52 - [TEST_STEP][PASSED] - delay: Delayed 2 second(s)

2018-09-10 11:25:54 - [MESSAGE][PASSED] - Delayed 2 second(s)

2018-09-10 11:25:54 - [TEST_STEP][PASSED] - click: Object: 'Object Repository/Page_Callidus Cloud Commissions Man/option_Earining Groups' is clicked on

2018-09-10 11:25:54 - [MESSAGE][PASSED] - Object: 'Object Repository/Page_Callidus Cloud Commissions Man/option_Earining Groups' is clicked on

2018-09-10 11:25:54 - [TEST_STEP][PASSED] - click: Object: 'Object Repository/Page_Callidus Cloud Commissions Man/td_Comparision' is clicked on

2018-09-10 11:25:54 - [MESSAGE][PASSED] - Object: 'Object Repository/Page_Callidus Cloud Commissions Man/td_Comparision' is clicked on

2018-09-10 11:25:54 - [TEST_STEP][PASSED] - delay: Delayed 2 second(s)

2018-09-10 11:25:56 - [MESSAGE][PASSED] - Delayed 2 second(s)

2018-09-10 11:25:56 - [TEST_STEP][PASSED] - scrollToElement: Scroll to object 'Object Repository/Page_Callidus Cloud Commissions Man/option_Equals' successfully

2018-09-10 11:25:56 - [MESSAGE][PASSED] - Scroll to object 'Object Repository/Page_Callidus Cloud Commissions Man/option_Equals' successfully

2018-09-10 11:25:56 - [TEST_STEP][PASSED] - delay: Delayed 2 second(s)

2018-09-10 11:25:58 - [MESSAGE][PASSED] - Delayed 2 second(s)

2018-09-10 11:25:58 - [TEST_STEP][PASSED] - click: Object: 'Object Repository/Page_Callidus Cloud Commissions Man/option_Equals' is clicked on

2018-09-10 11:25:58 - [MESSAGE][PASSED] - Object: 'Object Repository/Page_Callidus Cloud Commissions Man/option_Equals' is clicked on

2018-09-10 11:25:58 - [TEST_STEP][PASSED] - delay: Delayed 2 second(s)

2018-09-10 11:26:00 - [MESSAGE][PASSED] - Delayed 2 second(s)

2018-09-10 11:26:00 - [TEST_STEP][PASSED] - setText: Text 'commission' is set on object 'Object Repository/Page_Callidus Cloud Commissions Man/td_Value'

2018-09-10 11:26:01 - [MESSAGE][PASSED] - Text 'commission' is set on object 'Object Repository/Page_Callidus Cloud Commissions Man/td_Value'

2018-09-10 11:26:01 - [TEST_STEP][PASSED] - delay: Delayed 2 second(s)

2018-09-10 11:26:03 - [MESSAGE][PASSED] - Delayed 2 second(s)

2018-09-10 11:26:03 - [TEST_STEP][PASSED] - click: Object: 'Object Repository/Page_Callidus Cloud Commissions Man/input_Apply Search' is clicked on

2018-09-10 11:26:03 - [MESSAGE][PASSED] - Object: 'Object Repository/Page_Callidus Cloud Commissions Man/input_Apply Search' is clicked on

2018-09-10 11:26:03 - [TEST_STEP][NOT_RUN] - callTestCase: NOT_RUN: callTestCase

2018-09-10 11:26:03 - [MESSAGE][NOT_RUN] - NOT_RUN: callTestCase]]></system-out>
         <system-err><![CDATA[]]></system-err>
      </testcase>
      <testcase name="Test Cases/EventTypes exist in the System" classname="Test Cases/EventTypes exist in the System" status="PASSED">
         <system-out><![CDATA[2018-09-10 11:26:03 - [TEST_CASE][PASSED] - Test Cases/EventTypes exist in the System: Test Cases/EventTypes exist in the System

2018-09-10 11:26:03 - [TEST_STEP][NOT_RUN] - callTestCase: NOT_RUN: callTestCase

2018-09-10 11:26:03 - [MESSAGE][NOT_RUN] - NOT_RUN: callTestCase

2018-09-10 11:26:03 - [TEST_STEP][PASSED] - mouseOver: Object: 'Object Repository/Page_Callidus Cloud Commissions Man/div_ADMINISTRATION' is hovered

2018-09-10 11:26:03 - [MESSAGE][PASSED] - Object: 'Object Repository/Page_Callidus Cloud Commissions Man/div_ADMINISTRATION' is hovered

2018-09-10 11:26:03 - [TEST_STEP][PASSED] - delay: Delayed 2 second(s)

2018-09-10 11:26:05 - [MESSAGE][PASSED] - Delayed 2 second(s)

2018-09-10 11:26:05 - [TEST_STEP][PASSED] - scrollToElement: Scroll to object 'Object Repository/Page_Callidus Cloud Commissions Man/a_Event Types' successfully

2018-09-10 11:26:05 - [MESSAGE][PASSED] - Scroll to object 'Object Repository/Page_Callidus Cloud Commissions Man/a_Event Types' successfully

2018-09-10 11:26:05 - [TEST_STEP][PASSED] - delay: Delayed 2 second(s)

2018-09-10 11:26:07 - [MESSAGE][PASSED] - Delayed 2 second(s)

2018-09-10 11:26:07 - [TEST_STEP][PASSED] - click: Object: 'Object Repository/Page_Callidus Cloud Commissions Man/a_Event Types' is clicked on

2018-09-10 11:26:08 - [MESSAGE][PASSED] - Object: 'Object Repository/Page_Callidus Cloud Commissions Man/a_Event Types' is clicked on

2018-09-10 11:26:08 - [TEST_STEP][PASSED] - click: Object: 'Object Repository/Page_Callidus Cloud Commissions Man/a_Advanced Search' is clicked on

2018-09-10 11:26:08 - [MESSAGE][PASSED] - Object: 'Object Repository/Page_Callidus Cloud Commissions Man/a_Advanced Search' is clicked on

2018-09-10 11:26:08 - [TEST_STEP][PASSED] - delay: Delayed 3 second(s)

2018-09-10 11:26:11 - [MESSAGE][PASSED] - Delayed 3 second(s)

2018-09-10 11:26:11 - [TEST_STEP][PASSED] - click: Object: 'Object Repository/Page_Callidus Cloud Commissions Man/td_Field Name' is clicked on

2018-09-10 11:26:11 - [MESSAGE][PASSED] - Object: 'Object Repository/Page_Callidus Cloud Commissions Man/td_Field Name' is clicked on

2018-09-10 11:26:11 - [TEST_STEP][PASSED] - delay: Delayed 2 second(s)

2018-09-10 11:26:13 - [MESSAGE][PASSED] - Delayed 2 second(s)

2018-09-10 11:26:13 - [TEST_STEP][PASSED] - scrollToElement: Scroll to object 'Object Repository/Page_Callidus Cloud Commissions Man/a_eventTypeId' successfully

2018-09-10 11:26:13 - [MESSAGE][PASSED] - Scroll to object 'Object Repository/Page_Callidus Cloud Commissions Man/a_eventTypeId' successfully

2018-09-10 11:26:13 - [TEST_STEP][PASSED] - delay: Delayed 2 second(s)

2018-09-10 11:26:15 - [MESSAGE][PASSED] - Delayed 2 second(s)

2018-09-10 11:26:15 - [TEST_STEP][PASSED] - click: Object: 'Object Repository/Page_Callidus Cloud Commissions Man/a_eventTypeId' is clicked on

2018-09-10 11:26:16 - [MESSAGE][PASSED] - Object: 'Object Repository/Page_Callidus Cloud Commissions Man/a_eventTypeId' is clicked on

2018-09-10 11:26:16 - [TEST_STEP][PASSED] - click: Object: 'Object Repository/Page_Callidus Cloud Commissions Man/td_Comparision' is clicked on

2018-09-10 11:26:16 - [MESSAGE][PASSED] - Object: 'Object Repository/Page_Callidus Cloud Commissions Man/td_Comparision' is clicked on

2018-09-10 11:26:16 - [TEST_STEP][PASSED] - delay: Delayed 2 second(s)

2018-09-10 11:26:18 - [MESSAGE][PASSED] - Delayed 2 second(s)

2018-09-10 11:26:18 - [TEST_STEP][PASSED] - scrollToElement: Scroll to object 'Object Repository/Page_Callidus Cloud Commissions Man/option_Equals' successfully

2018-09-10 11:26:18 - [MESSAGE][PASSED] - Scroll to object 'Object Repository/Page_Callidus Cloud Commissions Man/option_Equals' successfully

2018-09-10 11:26:18 - [TEST_STEP][PASSED] - delay: Delayed 2 second(s)

2018-09-10 11:26:20 - [MESSAGE][PASSED] - Delayed 2 second(s)

2018-09-10 11:26:20 - [TEST_STEP][PASSED] - click: Object: 'Object Repository/Page_Callidus Cloud Commissions Man/option_Equals' is clicked on

2018-09-10 11:26:20 - [MESSAGE][PASSED] - Object: 'Object Repository/Page_Callidus Cloud Commissions Man/option_Equals' is clicked on

2018-09-10 11:26:20 - [TEST_STEP][PASSED] - delay: Delayed 2 second(s)

2018-09-10 11:26:22 - [MESSAGE][PASSED] - Delayed 2 second(s)

2018-09-10 11:26:22 - [TEST_STEP][PASSED] - setText: Text 'invoicing' is set on object 'Object Repository/Page_Callidus Cloud Commissions Man/td_Value'

2018-09-10 11:26:22 - [MESSAGE][PASSED] - Text 'invoicing' is set on object 'Object Repository/Page_Callidus Cloud Commissions Man/td_Value'

2018-09-10 11:26:22 - [TEST_STEP][PASSED] - click: Object: 'Object Repository/Page_Callidus Cloud Commissions Man/input_Apply Search' is clicked on

2018-09-10 11:26:22 - [MESSAGE][PASSED] - Object: 'Object Repository/Page_Callidus Cloud Commissions Man/input_Apply Search' is clicked on

2018-09-10 11:26:22 - [TEST_STEP][NOT_RUN] - callTestCase: NOT_RUN: callTestCase

2018-09-10 11:26:22 - [MESSAGE][NOT_RUN] - NOT_RUN: callTestCase]]></system-out>
         <system-err><![CDATA[]]></system-err>
      </testcase>
      <testcase name="Test Cases/Fixed ValueTypes exist in the system" classname="Test Cases/Fixed ValueTypes exist in the system" status="PASSED">
         <system-out><![CDATA[2018-09-10 11:26:22 - [TEST_CASE][PASSED] - Test Cases/Fixed ValueTypes exist in the system: Test Cases/Fixed ValueTypes exist in the system

2018-09-10 11:26:23 - [TEST_STEP][NOT_RUN] - callTestCase: NOT_RUN: callTestCase

2018-09-10 11:26:23 - [MESSAGE][NOT_RUN] - NOT_RUN: callTestCase

2018-09-10 11:26:23 - [TEST_STEP][PASSED] - delay: Delayed 6 second(s)

2018-09-10 11:26:29 - [MESSAGE][PASSED] - Delayed 6 second(s)

2018-09-10 11:26:29 - [TEST_STEP][PASSED] - mouseOver: Object: 'Object Repository/Page_Callidus Cloud Commissions Man/div_ADMINISTRATION' is hovered

2018-09-10 11:26:29 - [MESSAGE][PASSED] - Object: 'Object Repository/Page_Callidus Cloud Commissions Man/div_ADMINISTRATION' is hovered

2018-09-10 11:26:29 - [TEST_STEP][PASSED] - delay: Delayed 3 second(s)

2018-09-10 11:26:32 - [MESSAGE][PASSED] - Delayed 3 second(s)

2018-09-10 11:26:32 - [TEST_STEP][PASSED] - scrollToElement: Scroll to object 'Object Repository/Page_Callidus Cloud Commissions Man/a_Fixed Value Types' successfully

2018-09-10 11:26:32 - [MESSAGE][PASSED] - Scroll to object 'Object Repository/Page_Callidus Cloud Commissions Man/a_Fixed Value Types' successfully

2018-09-10 11:26:32 - [TEST_STEP][PASSED] - click: Object: 'Object Repository/Page_Callidus Cloud Commissions Man/a_Fixed Value Types' is clicked on

2018-09-10 11:26:32 - [MESSAGE][PASSED] - Object: 'Object Repository/Page_Callidus Cloud Commissions Man/a_Fixed Value Types' is clicked on

2018-09-10 11:26:32 - [TEST_STEP][PASSED] - click: Object: 'Object Repository/Page_Callidus Cloud Commissions Man/a_Advanced Search' is clicked on

2018-09-10 11:26:33 - [MESSAGE][PASSED] - Object: 'Object Repository/Page_Callidus Cloud Commissions Man/a_Advanced Search' is clicked on

2018-09-10 11:26:33 - [TEST_STEP][PASSED] - delay: Delayed 3 second(s)

2018-09-10 11:26:36 - [MESSAGE][PASSED] - Delayed 3 second(s)

2018-09-10 11:26:36 - [TEST_STEP][PASSED] - click: Object: 'Object Repository/Page_Callidus Cloud Commissions Man/td_Field Name' is clicked on

2018-09-10 11:26:36 - [MESSAGE][PASSED] - Object: 'Object Repository/Page_Callidus Cloud Commissions Man/td_Field Name' is clicked on

2018-09-10 11:26:36 - [TEST_STEP][PASSED] - delay: Delayed 2 second(s)

2018-09-10 11:26:38 - [MESSAGE][PASSED] - Delayed 2 second(s)

2018-09-10 11:26:38 - [TEST_STEP][PASSED] - scrollToElement: Scroll to object 'Object Repository/Page_Callidus Cloud Commissions Man/a_fixedValueTypeId' successfully

2018-09-10 11:26:38 - [MESSAGE][PASSED] - Scroll to object 'Object Repository/Page_Callidus Cloud Commissions Man/a_fixedValueTypeId' successfully

2018-09-10 11:26:38 - [TEST_STEP][PASSED] - delay: Delayed 2 second(s)

2018-09-10 11:26:40 - [MESSAGE][PASSED] - Delayed 2 second(s)

2018-09-10 11:26:40 - [TEST_STEP][PASSED] - click: Object: 'Object Repository/Page_Callidus Cloud Commissions Man/a_fixedValueTypeId' is clicked on

2018-09-10 11:26:40 - [MESSAGE][PASSED] - Object: 'Object Repository/Page_Callidus Cloud Commissions Man/a_fixedValueTypeId' is clicked on

2018-09-10 11:26:40 - [TEST_STEP][PASSED] - click: Object: 'Object Repository/Page_Callidus Cloud Commissions Man/td_Comparision' is clicked on

2018-09-10 11:26:40 - [MESSAGE][PASSED] - Object: 'Object Repository/Page_Callidus Cloud Commissions Man/td_Comparision' is clicked on

2018-09-10 11:26:40 - [TEST_STEP][PASSED] - scrollToElement: Scroll to object 'Object Repository/Page_Callidus Cloud Commissions Man/option_Equals' successfully

2018-09-10 11:26:40 - [MESSAGE][PASSED] - Scroll to object 'Object Repository/Page_Callidus Cloud Commissions Man/option_Equals' successfully

2018-09-10 11:26:40 - [TEST_STEP][PASSED] - delay: Delayed 2 second(s)

2018-09-10 11:26:42 - [MESSAGE][PASSED] - Delayed 2 second(s)

2018-09-10 11:26:42 - [TEST_STEP][PASSED] - click: Object: 'Object Repository/Page_Callidus Cloud Commissions Man/option_Equals' is clicked on

2018-09-10 11:26:42 - [MESSAGE][PASSED] - Object: 'Object Repository/Page_Callidus Cloud Commissions Man/option_Equals' is clicked on

2018-09-10 11:26:42 - [TEST_STEP][PASSED] - delay: Delayed 2 second(s)

2018-09-10 11:26:44 - [MESSAGE][PASSED] - Delayed 2 second(s)

2018-09-10 11:26:44 - [TEST_STEP][PASSED] - setText: Text 'Fix1' is set on object 'Object Repository/Page_Callidus Cloud Commissions Man/td_Value'

2018-09-10 11:26:45 - [MESSAGE][PASSED] - Text 'Fix1' is set on object 'Object Repository/Page_Callidus Cloud Commissions Man/td_Value'

2018-09-10 11:26:45 - [TEST_STEP][PASSED] - click: Object: 'Object Repository/Page_Callidus Cloud Commissions Man/input_Apply Search' is clicked on

2018-09-10 11:26:45 - [MESSAGE][PASSED] - Object: 'Object Repository/Page_Callidus Cloud Commissions Man/input_Apply Search' is clicked on

2018-09-10 11:26:45 - [TEST_STEP][NOT_RUN] - callTestCase: NOT_RUN: callTestCase

2018-09-10 11:26:45 - [MESSAGE][NOT_RUN] - NOT_RUN: callTestCase]]></system-out>
         <system-err><![CDATA[]]></system-err>
      </testcase>
      <testcase name="Test Cases/Fixed_Value_Variables_exist_in_the_System" classname="Test Cases/Fixed_Value_Variables_exist_in_the_System" status="PASSED">
         <system-out><![CDATA[2018-09-10 11:26:45 - [TEST_CASE][PASSED] - Test Cases/Fixed_Value_Variables_exist_in_the_System: Test Cases/Fixed_Value_Variables_exist_in_the_System

2018-09-10 11:26:45 - [TEST_STEP][NOT_RUN] - callTestCase: NOT_RUN: callTestCase

2018-09-10 11:26:45 - [MESSAGE][NOT_RUN] - NOT_RUN: callTestCase

2018-09-10 11:26:45 - [TEST_STEP][PASSED] - mouseOver: Object: 'Object Repository/Page_Callidus Cloud Commissions Man/div_PLAN' is hovered

2018-09-10 11:26:45 - [MESSAGE][PASSED] - Object: 'Object Repository/Page_Callidus Cloud Commissions Man/div_PLAN' is hovered

2018-09-10 11:26:45 - [TEST_STEP][PASSED] - delay: Delayed 2 second(s)

2018-09-10 11:26:47 - [MESSAGE][PASSED] - Delayed 2 second(s)

2018-09-10 11:26:47 - [TEST_STEP][PASSED] - scrollToElement: Scroll to object 'Object Repository/Page_Callidus Cloud Commissions Man/a_Plan Components' successfully

2018-09-10 11:26:47 - [MESSAGE][PASSED] - Scroll to object 'Object Repository/Page_Callidus Cloud Commissions Man/a_Plan Components' successfully

2018-09-10 11:26:47 - [TEST_STEP][PASSED] - delay: Delayed 2 second(s)

2018-09-10 11:26:49 - [MESSAGE][PASSED] - Delayed 2 second(s)

2018-09-10 11:26:49 - [TEST_STEP][PASSED] - scrollToElement: Scroll to object 'Object Repository/Page_Callidus Cloud Commissions Man/a_Variables' successfully

2018-09-10 11:26:49 - [MESSAGE][PASSED] - Scroll to object 'Object Repository/Page_Callidus Cloud Commissions Man/a_Variables' successfully

2018-09-10 11:26:49 - [TEST_STEP][PASSED] - delay: Delayed 2 second(s)

2018-09-10 11:26:51 - [MESSAGE][PASSED] - Delayed 2 second(s)

2018-09-10 11:26:51 - [TEST_STEP][PASSED] - click: Object: 'Object Repository/Page_Callidus Cloud Commissions Man/a_Variables' is clicked on

2018-09-10 11:26:52 - [MESSAGE][PASSED] - Object: 'Object Repository/Page_Callidus Cloud Commissions Man/a_Variables' is clicked on

2018-09-10 11:26:52 - [TEST_STEP][PASSED] - delay: Delayed 2 second(s)

2018-09-10 11:26:54 - [MESSAGE][PASSED] - Delayed 2 second(s)

2018-09-10 11:26:54 - [TEST_STEP][PASSED] - click: Object: 'Object Repository/Page_Callidus Cloud Commissions Man/a_Advanced Search' is clicked on

2018-09-10 11:26:54 - [MESSAGE][PASSED] - Object: 'Object Repository/Page_Callidus Cloud Commissions Man/a_Advanced Search' is clicked on

2018-09-10 11:26:54 - [TEST_STEP][PASSED] - delay: Delayed 2 second(s)

2018-09-10 11:26:56 - [MESSAGE][PASSED] - Delayed 2 second(s)

2018-09-10 11:26:56 - [TEST_STEP][PASSED] - click: Object: 'Object Repository/Page_Callidus Cloud Commissions Man/td_Field Name' is clicked on

2018-09-10 11:26:56 - [MESSAGE][PASSED] - Object: 'Object Repository/Page_Callidus Cloud Commissions Man/td_Field Name' is clicked on

2018-09-10 11:26:56 - [TEST_STEP][PASSED] - delay: Delayed 2 second(s)

2018-09-10 11:26:58 - [MESSAGE][PASSED] - Delayed 2 second(s)

2018-09-10 11:26:58 - [TEST_STEP][PASSED] - scrollToElement: Scroll to object 'Object Repository/Page_Callidus Cloud Commissions Man/option_Variables' successfully

2018-09-10 11:26:58 - [MESSAGE][PASSED] - Scroll to object 'Object Repository/Page_Callidus Cloud Commissions Man/option_Variables' successfully

2018-09-10 11:26:58 - [TEST_STEP][PASSED] - delay: Delayed 2 second(s)

2018-09-10 11:27:00 - [MESSAGE][PASSED] - Delayed 2 second(s)

2018-09-10 11:27:00 - [TEST_STEP][PASSED] - click: Object: 'Object Repository/Page_Callidus Cloud Commissions Man/option_Variables' is clicked on

2018-09-10 11:27:00 - [MESSAGE][PASSED] - Object: 'Object Repository/Page_Callidus Cloud Commissions Man/option_Variables' is clicked on

2018-09-10 11:27:00 - [TEST_STEP][PASSED] - click: Object: 'Object Repository/Page_Callidus Cloud Commissions Man/td_Comparision' is clicked on

2018-09-10 11:27:00 - [MESSAGE][PASSED] - Object: 'Object Repository/Page_Callidus Cloud Commissions Man/td_Comparision' is clicked on

2018-09-10 11:27:00 - [TEST_STEP][NOT_RUN] - delay: NOT_RUN: delay

2018-09-10 11:27:00 - [MESSAGE][NOT_RUN] - NOT_RUN: delay

2018-09-10 11:27:00 - [TEST_STEP][NOT_RUN] - deselectOptionByIndex: NOT_RUN: deselectOptionByIndex

2018-09-10 11:27:00 - [MESSAGE][NOT_RUN] - NOT_RUN: deselectOptionByIndex

2018-09-10 11:27:00 - [TEST_STEP][PASSED] - delay: Delayed 2 second(s)

2018-09-10 11:27:02 - [MESSAGE][PASSED] - Delayed 2 second(s)

2018-09-10 11:27:02 - [TEST_STEP][PASSED] - scrollToElement: Scroll to object 'Object Repository/Page_Callidus Cloud Commissions Man/option_Equals' successfully

2018-09-10 11:27:03 - [MESSAGE][PASSED] - Scroll to object 'Object Repository/Page_Callidus Cloud Commissions Man/option_Equals' successfully

2018-09-10 11:27:03 - [TEST_STEP][PASSED] - delay: Delayed 2 second(s)

2018-09-10 11:27:05 - [MESSAGE][PASSED] - Delayed 2 second(s)

2018-09-10 11:27:05 - [TEST_STEP][PASSED] - click: Object: 'Object Repository/Page_Callidus Cloud Commissions Man/option_Equals' is clicked on

2018-09-10 11:27:05 - [MESSAGE][PASSED] - Object: 'Object Repository/Page_Callidus Cloud Commissions Man/option_Equals' is clicked on

2018-09-10 11:27:05 - [TEST_STEP][PASSED] - delay: Delayed 2 second(s)

2018-09-10 11:27:07 - [MESSAGE][PASSED] - Delayed 2 second(s)

2018-09-10 11:27:07 - [TEST_STEP][PASSED] - setText: Text 'Var_FV_Demo1' is set on object 'Object Repository/Page_Callidus Cloud Commissions Man/td_Value'

2018-09-10 11:27:07 - [MESSAGE][PASSED] - Text 'Var_FV_Demo1' is set on object 'Object Repository/Page_Callidus Cloud Commissions Man/td_Value'

2018-09-10 11:27:07 - [TEST_STEP][PASSED] - delay: Delayed 2 second(s)

2018-09-10 11:27:09 - [MESSAGE][PASSED] - Delayed 2 second(s)

2018-09-10 11:27:09 - [TEST_STEP][PASSED] - click: Object: 'Object Repository/Page_Callidus Cloud Commissions Man/input_Apply Search' is clicked on

2018-09-10 11:27:09 - [MESSAGE][PASSED] - Object: 'Object Repository/Page_Callidus Cloud Commissions Man/input_Apply Search' is clicked on

2018-09-10 11:27:09 - [TEST_STEP][PASSED] - delay: Delayed 5 second(s)

2018-09-10 11:27:14 - [MESSAGE][PASSED] - Delayed 5 second(s)

2018-09-10 11:27:14 - [TEST_STEP][NOT_RUN] - callTestCase: NOT_RUN: callTestCase

2018-09-10 11:27:14 - [MESSAGE][NOT_RUN] - NOT_RUN: callTestCase]]></system-out>
         <system-err><![CDATA[]]></system-err>
      </testcase>
      <testcase name="Test Cases/Incentive Rule exists in the system" classname="Test Cases/Incentive Rule exists in the system" status="PASSED">
         <system-out><![CDATA[2018-09-10 11:27:14 - [TEST_CASE][PASSED] - Test Cases/Incentive Rule exists in the system: Test Cases/Incentive Rule exists in the system

2018-09-10 11:27:15 - [TEST_STEP][NOT_RUN] - callTestCase: NOT_RUN: callTestCase

2018-09-10 11:27:15 - [MESSAGE][NOT_RUN] - NOT_RUN: callTestCase

2018-09-10 11:27:15 - [TEST_STEP][PASSED] - delay: Delayed 5 second(s)

2018-09-10 11:27:20 - [MESSAGE][PASSED] - Delayed 5 second(s)

2018-09-10 11:27:20 - [TEST_STEP][PASSED] - mouseOver: Object: 'Object Repository/Page_Plan Tab/a_Plan' is hovered

2018-09-10 11:27:20 - [MESSAGE][PASSED] - Object: 'Object Repository/Page_Plan Tab/a_Plan' is hovered

2018-09-10 11:27:20 - [TEST_STEP][PASSED] - delay: Delayed 3 second(s)

2018-09-10 11:27:23 - [MESSAGE][PASSED] - Delayed 3 second(s)

2018-09-10 11:27:23 - [TEST_STEP][PASSED] - scrollToElement: Scroll to object 'Object Repository/Page_Plan Tab/a_Rules' successfully

2018-09-10 11:27:23 - [MESSAGE][PASSED] - Scroll to object 'Object Repository/Page_Plan Tab/a_Rules' successfully

2018-09-10 11:27:23 - [TEST_STEP][PASSED] - delay: Delayed 3 second(s)

2018-09-10 11:27:26 - [MESSAGE][PASSED] - Delayed 3 second(s)

2018-09-10 11:27:26 - [TEST_STEP][PASSED] - click: Object: 'Object Repository/Page_Plan Tab/a_Rules' is clicked on

2018-09-10 11:27:26 - [MESSAGE][PASSED] - Object: 'Object Repository/Page_Plan Tab/a_Rules' is clicked on

2018-09-10 11:27:26 - [TEST_STEP][PASSED] - delay: Delayed 2 second(s)

2018-09-10 11:27:28 - [MESSAGE][PASSED] - Delayed 2 second(s)

2018-09-10 11:27:28 - [TEST_STEP][PASSED] - click: Object: 'Object Repository/Page_Callidus Cloud Commissions Man/a_Advanced Search' is clicked on

2018-09-10 11:27:29 - [MESSAGE][PASSED] - Object: 'Object Repository/Page_Callidus Cloud Commissions Man/a_Advanced Search' is clicked on

2018-09-10 11:27:29 - [TEST_STEP][PASSED] - delay: Delayed 3 second(s)

2018-09-10 11:27:32 - [MESSAGE][PASSED] - Delayed 3 second(s)

2018-09-10 11:27:32 - [TEST_STEP][PASSED] - click: Object: 'Object Repository/Page_Callidus Cloud Commissions Man/td_Field Name' is clicked on

2018-09-10 11:27:32 - [MESSAGE][PASSED] - Object: 'Object Repository/Page_Callidus Cloud Commissions Man/td_Field Name' is clicked on

2018-09-10 11:27:32 - [TEST_STEP][PASSED] - delay: Delayed 2 second(s)

2018-09-10 11:27:34 - [MESSAGE][PASSED] - Delayed 2 second(s)

2018-09-10 11:27:34 - [TEST_STEP][PASSED] - scrollToElement: Scroll to object 'Object Repository/Page_Plan Tab/a_Field_name' successfully

2018-09-10 11:27:34 - [MESSAGE][PASSED] - Scroll to object 'Object Repository/Page_Plan Tab/a_Field_name' successfully

2018-09-10 11:27:34 - [TEST_STEP][PASSED] - delay: Delayed 2 second(s)

2018-09-10 11:27:36 - [MESSAGE][PASSED] - Delayed 2 second(s)

2018-09-10 11:27:36 - [TEST_STEP][PASSED] - click: Object: 'Object Repository/Page_Plan Tab/a_Field_name' is clicked on

2018-09-10 11:27:36 - [MESSAGE][PASSED] - Object: 'Object Repository/Page_Plan Tab/a_Field_name' is clicked on

2018-09-10 11:27:36 - [TEST_STEP][PASSED] - delay: Delayed 2 second(s)

2018-09-10 11:27:38 - [MESSAGE][PASSED] - Delayed 2 second(s)

2018-09-10 11:27:38 - [TEST_STEP][PASSED] - click: Object: 'Object Repository/Page_Callidus Cloud Commissions Man/td_Comparision' is clicked on

2018-09-10 11:27:38 - [MESSAGE][PASSED] - Object: 'Object Repository/Page_Callidus Cloud Commissions Man/td_Comparision' is clicked on

2018-09-10 11:27:38 - [TEST_STEP][PASSED] - delay: Delayed 2 second(s)

2018-09-10 11:27:40 - [MESSAGE][PASSED] - Delayed 2 second(s)

2018-09-10 11:27:40 - [TEST_STEP][PASSED] - scrollToElement: Scroll to object 'Object Repository/Page_Callidus Cloud Commissions Man/option_Equals' successfully

2018-09-10 11:27:40 - [MESSAGE][PASSED] - Scroll to object 'Object Repository/Page_Callidus Cloud Commissions Man/option_Equals' successfully

2018-09-10 11:27:40 - [TEST_STEP][PASSED] - delay: Delayed 2 second(s)

2018-09-10 11:27:42 - [MESSAGE][PASSED] - Delayed 2 second(s)

2018-09-10 11:27:42 - [TEST_STEP][PASSED] - click: Object: 'Object Repository/Page_Callidus Cloud Commissions Man/option_Equals' is clicked on

2018-09-10 11:27:43 - [MESSAGE][PASSED] - Object: 'Object Repository/Page_Callidus Cloud Commissions Man/option_Equals' is clicked on

2018-09-10 11:27:43 - [TEST_STEP][PASSED] - delay: Delayed 2 second(s)

2018-09-10 11:27:45 - [MESSAGE][PASSED] - Delayed 2 second(s)

2018-09-10 11:27:45 - [TEST_STEP][PASSED] - setText: Text 'IR Base Commissions Flat Rate Quota Based MTD' is set on object 'Object Repository/Page_Callidus Cloud Commissions Man/td_Value'

2018-09-10 11:27:46 - [MESSAGE][PASSED] - Text 'IR Base Commissions Flat Rate Quota Based MTD' is set on object 'Object Repository/Page_Callidus Cloud Commissions Man/td_Value'

2018-09-10 11:27:46 - [TEST_STEP][PASSED] - delay: Delayed 2 second(s)

2018-09-10 11:27:48 - [MESSAGE][PASSED] - Delayed 2 second(s)

2018-09-10 11:27:48 - [TEST_STEP][PASSED] - click: Object: 'Object Repository/Page_Callidus Cloud Commissions Man/input_Apply Search' is clicked on

2018-09-10 11:27:48 - [MESSAGE][PASSED] - Object: 'Object Repository/Page_Callidus Cloud Commissions Man/input_Apply Search' is clicked on

2018-09-10 11:27:48 - [TEST_STEP][NOT_RUN] - callTestCase: NOT_RUN: callTestCase

2018-09-10 11:27:48 - [MESSAGE][NOT_RUN] - NOT_RUN: callTestCase]]></system-out>
         <system-err><![CDATA[]]></system-err>
      </testcase>
      <testcase name="Test Cases/Lookup_Table_Varaibles_exist_in_the_system" classname="Test Cases/Lookup_Table_Varaibles_exist_in_the_system" status="PASSED">
         <system-out><![CDATA[2018-09-10 11:27:48 - [TEST_CASE][PASSED] - Test Cases/Lookup_Table_Varaibles_exist_in_the_system: Test Cases/Lookup_Table_Varaibles_exist_in_the_system

2018-09-10 11:27:48 - [TEST_STEP][NOT_RUN] - callTestCase: NOT_RUN: callTestCase

2018-09-10 11:27:48 - [MESSAGE][NOT_RUN] - NOT_RUN: callTestCase

2018-09-10 11:27:48 - [TEST_STEP][PASSED] - mouseOver: Object: 'Object Repository/Page_Callidus Cloud Commissions Man/div_PLAN' is hovered

2018-09-10 11:27:48 - [MESSAGE][PASSED] - Object: 'Object Repository/Page_Callidus Cloud Commissions Man/div_PLAN' is hovered

2018-09-10 11:27:48 - [TEST_STEP][PASSED] - delay: Delayed 2 second(s)

2018-09-10 11:27:50 - [MESSAGE][PASSED] - Delayed 2 second(s)

2018-09-10 11:27:50 - [TEST_STEP][PASSED] - scrollToElement: Scroll to object 'Object Repository/Page_Callidus Cloud Commissions Man/a_Plan Components' successfully

2018-09-10 11:27:50 - [MESSAGE][PASSED] - Scroll to object 'Object Repository/Page_Callidus Cloud Commissions Man/a_Plan Components' successfully

2018-09-10 11:27:50 - [TEST_STEP][PASSED] - delay: Delayed 2 second(s)

2018-09-10 11:27:52 - [MESSAGE][PASSED] - Delayed 2 second(s)

2018-09-10 11:27:52 - [TEST_STEP][PASSED] - scrollToElement: Scroll to object 'Object Repository/Page_Callidus Cloud Commissions Man/a_Variables' successfully

2018-09-10 11:27:52 - [MESSAGE][PASSED] - Scroll to object 'Object Repository/Page_Callidus Cloud Commissions Man/a_Variables' successfully

2018-09-10 11:27:52 - [TEST_STEP][PASSED] - delay: Delayed 2 second(s)

2018-09-10 11:27:54 - [MESSAGE][PASSED] - Delayed 2 second(s)

2018-09-10 11:27:54 - [TEST_STEP][PASSED] - click: Object: 'Object Repository/Page_Callidus Cloud Commissions Man/a_Variables' is clicked on

2018-09-10 11:27:55 - [MESSAGE][PASSED] - Object: 'Object Repository/Page_Callidus Cloud Commissions Man/a_Variables' is clicked on

2018-09-10 11:27:55 - [TEST_STEP][PASSED] - delay: Delayed 2 second(s)

2018-09-10 11:27:57 - [MESSAGE][PASSED] - Delayed 2 second(s)

2018-09-10 11:27:57 - [TEST_STEP][PASSED] - click: Object: 'Object Repository/Page_Callidus Cloud Commissions Man/a_Advanced Search' is clicked on

2018-09-10 11:27:57 - [MESSAGE][PASSED] - Object: 'Object Repository/Page_Callidus Cloud Commissions Man/a_Advanced Search' is clicked on

2018-09-10 11:27:57 - [TEST_STEP][PASSED] - delay: Delayed 2 second(s)

2018-09-10 11:27:59 - [MESSAGE][PASSED] - Delayed 2 second(s)

2018-09-10 11:27:59 - [TEST_STEP][PASSED] - click: Object: 'Object Repository/Page_Callidus Cloud Commissions Man/td_Field Name' is clicked on

2018-09-10 11:27:59 - [MESSAGE][PASSED] - Object: 'Object Repository/Page_Callidus Cloud Commissions Man/td_Field Name' is clicked on

2018-09-10 11:27:59 - [TEST_STEP][PASSED] - delay: Delayed 2 second(s)

2018-09-10 11:28:01 - [MESSAGE][PASSED] - Delayed 2 second(s)

2018-09-10 11:28:01 - [TEST_STEP][PASSED] - scrollToElement: Scroll to object 'Object Repository/Page_Callidus Cloud Commissions Man/option_Variables' successfully

2018-09-10 11:28:01 - [MESSAGE][PASSED] - Scroll to object 'Object Repository/Page_Callidus Cloud Commissions Man/option_Variables' successfully

2018-09-10 11:28:01 - [TEST_STEP][PASSED] - delay: Delayed 2 second(s)

2018-09-10 11:28:03 - [MESSAGE][PASSED] - Delayed 2 second(s)

2018-09-10 11:28:03 - [TEST_STEP][PASSED] - click: Object: 'Object Repository/Page_Callidus Cloud Commissions Man/option_Variables' is clicked on

2018-09-10 11:28:03 - [MESSAGE][PASSED] - Object: 'Object Repository/Page_Callidus Cloud Commissions Man/option_Variables' is clicked on

2018-09-10 11:28:03 - [TEST_STEP][PASSED] - delay: Delayed 2 second(s)

2018-09-10 11:28:05 - [MESSAGE][PASSED] - Delayed 2 second(s)

2018-09-10 11:28:05 - [TEST_STEP][PASSED] - click: Object: 'Object Repository/Page_Callidus Cloud Commissions Man/td_Comparision' is clicked on

2018-09-10 11:28:06 - [MESSAGE][PASSED] - Object: 'Object Repository/Page_Callidus Cloud Commissions Man/td_Comparision' is clicked on

2018-09-10 11:28:06 - [TEST_STEP][PASSED] - delay: Delayed 2 second(s)

2018-09-10 11:28:08 - [MESSAGE][PASSED] - Delayed 2 second(s)

2018-09-10 11:28:08 - [TEST_STEP][PASSED] - scrollToElement: Scroll to object 'Object Repository/Page_Callidus Cloud Commissions Man/option_Equals' successfully

2018-09-10 11:28:08 - [MESSAGE][PASSED] - Scroll to object 'Object Repository/Page_Callidus Cloud Commissions Man/option_Equals' successfully

2018-09-10 11:28:08 - [TEST_STEP][PASSED] - delay: Delayed 2 second(s)

2018-09-10 11:28:10 - [MESSAGE][PASSED] - Delayed 2 second(s)

2018-09-10 11:28:10 - [TEST_STEP][PASSED] - click: Object: 'Object Repository/Page_Callidus Cloud Commissions Man/option_Equals' is clicked on

2018-09-10 11:28:10 - [MESSAGE][PASSED] - Object: 'Object Repository/Page_Callidus Cloud Commissions Man/option_Equals' is clicked on

2018-09-10 11:28:10 - [TEST_STEP][PASSED] - delay: Delayed 2 second(s)

2018-09-10 11:28:12 - [MESSAGE][PASSED] - Delayed 2 second(s)

2018-09-10 11:28:12 - [TEST_STEP][PASSED] - setText: Text 'Var_LT_Demo4' is set on object 'Object Repository/Page_Callidus Cloud Commissions Man/td_Value'

2018-09-10 11:28:12 - [MESSAGE][PASSED] - Text 'Var_LT_Demo4' is set on object 'Object Repository/Page_Callidus Cloud Commissions Man/td_Value'

2018-09-10 11:28:12 - [TEST_STEP][PASSED] - click: Object: 'Object Repository/Page_Callidus Cloud Commissions Man/input_Apply Search' is clicked on

2018-09-10 11:28:12 - [MESSAGE][PASSED] - Object: 'Object Repository/Page_Callidus Cloud Commissions Man/input_Apply Search' is clicked on

2018-09-10 11:28:12 - [TEST_STEP][PASSED] - delay: Delayed 5 second(s)

2018-09-10 11:28:17 - [MESSAGE][PASSED] - Delayed 5 second(s)

2018-09-10 11:28:17 - [TEST_STEP][NOT_RUN] - callTestCase: NOT_RUN: callTestCase

2018-09-10 11:28:17 - [MESSAGE][NOT_RUN] - NOT_RUN: callTestCase]]></system-out>
         <system-err><![CDATA[]]></system-err>
      </testcase>
      <testcase name="Test Cases/Measurement Rule exists in the system" classname="Test Cases/Measurement Rule exists in the system" status="PASSED">
         <system-out><![CDATA[2018-09-10 11:28:17 - [TEST_CASE][PASSED] - Test Cases/Measurement Rule exists in the system: Test Cases/Measurement Rule exists in the system

2018-09-10 11:28:18 - [TEST_STEP][NOT_RUN] - callTestCase: NOT_RUN: callTestCase

2018-09-10 11:28:18 - [MESSAGE][NOT_RUN] - NOT_RUN: callTestCase

2018-09-10 11:28:18 - [TEST_STEP][PASSED] - delay: Delayed 5 second(s)

2018-09-10 11:28:23 - [MESSAGE][PASSED] - Delayed 5 second(s)

2018-09-10 11:28:23 - [TEST_STEP][PASSED] - mouseOver: Object: 'Object Repository/Page_Plan Tab/a_Plan' is hovered

2018-09-10 11:28:23 - [MESSAGE][PASSED] - Object: 'Object Repository/Page_Plan Tab/a_Plan' is hovered

2018-09-10 11:28:23 - [TEST_STEP][PASSED] - delay: Delayed 3 second(s)

2018-09-10 11:28:26 - [MESSAGE][PASSED] - Delayed 3 second(s)

2018-09-10 11:28:26 - [TEST_STEP][PASSED] - scrollToElement: Scroll to object 'Object Repository/Page_Plan Tab/a_Rules' successfully

2018-09-10 11:28:26 - [MESSAGE][PASSED] - Scroll to object 'Object Repository/Page_Plan Tab/a_Rules' successfully

2018-09-10 11:28:26 - [TEST_STEP][PASSED] - delay: Delayed 2 second(s)

2018-09-10 11:28:28 - [MESSAGE][PASSED] - Delayed 2 second(s)

2018-09-10 11:28:28 - [TEST_STEP][PASSED] - click: Object: 'Object Repository/Page_Plan Tab/a_Rules' is clicked on

2018-09-10 11:28:29 - [MESSAGE][PASSED] - Object: 'Object Repository/Page_Plan Tab/a_Rules' is clicked on

2018-09-10 11:28:29 - [TEST_STEP][PASSED] - delay: Delayed 2 second(s)

2018-09-10 11:28:31 - [MESSAGE][PASSED] - Delayed 2 second(s)

2018-09-10 11:28:31 - [TEST_STEP][PASSED] - click: Object: 'Object Repository/Page_Callidus Cloud Commissions Man/a_Advanced Search' is clicked on

2018-09-10 11:28:31 - [MESSAGE][PASSED] - Object: 'Object Repository/Page_Callidus Cloud Commissions Man/a_Advanced Search' is clicked on

2018-09-10 11:28:31 - [TEST_STEP][PASSED] - delay: Delayed 2 second(s)

2018-09-10 11:28:33 - [MESSAGE][PASSED] - Delayed 2 second(s)

2018-09-10 11:28:33 - [TEST_STEP][PASSED] - click: Object: 'Object Repository/Page_Callidus Cloud Commissions Man/td_Field Name' is clicked on

2018-09-10 11:28:33 - [MESSAGE][PASSED] - Object: 'Object Repository/Page_Callidus Cloud Commissions Man/td_Field Name' is clicked on

2018-09-10 11:28:33 - [TEST_STEP][PASSED] - delay: Delayed 2 second(s)

2018-09-10 11:28:35 - [MESSAGE][PASSED] - Delayed 2 second(s)

2018-09-10 11:28:35 - [TEST_STEP][PASSED] - scrollToElement: Scroll to object 'Object Repository/Page_Plan Tab/a_Field_name' successfully

2018-09-10 11:28:35 - [MESSAGE][PASSED] - Scroll to object 'Object Repository/Page_Plan Tab/a_Field_name' successfully

2018-09-10 11:28:35 - [TEST_STEP][PASSED] - delay: Delayed 2 second(s)

2018-09-10 11:28:37 - [MESSAGE][PASSED] - Delayed 2 second(s)

2018-09-10 11:28:37 - [TEST_STEP][PASSED] - click: Object: 'Object Repository/Page_Plan Tab/a_Field_name' is clicked on

2018-09-10 11:28:37 - [MESSAGE][PASSED] - Object: 'Object Repository/Page_Plan Tab/a_Field_name' is clicked on

2018-09-10 11:28:37 - [TEST_STEP][PASSED] - click: Object: 'Object Repository/Page_Callidus Cloud Commissions Man/td_Comparision' is clicked on

2018-09-10 11:28:37 - [MESSAGE][PASSED] - Object: 'Object Repository/Page_Callidus Cloud Commissions Man/td_Comparision' is clicked on

2018-09-10 11:28:37 - [TEST_STEP][PASSED] - delay: Delayed 2 second(s)

2018-09-10 11:28:39 - [MESSAGE][PASSED] - Delayed 2 second(s)

2018-09-10 11:28:39 - [TEST_STEP][PASSED] - scrollToElement: Scroll to object 'Object Repository/Page_Callidus Cloud Commissions Man/option_Equals' successfully

2018-09-10 11:28:39 - [MESSAGE][PASSED] - Scroll to object 'Object Repository/Page_Callidus Cloud Commissions Man/option_Equals' successfully

2018-09-10 11:28:39 - [TEST_STEP][PASSED] - delay: Delayed 2 second(s)

2018-09-10 11:28:41 - [MESSAGE][PASSED] - Delayed 2 second(s)

2018-09-10 11:28:41 - [TEST_STEP][PASSED] - click: Object: 'Object Repository/Page_Callidus Cloud Commissions Man/option_Equals' is clicked on

2018-09-10 11:28:41 - [MESSAGE][PASSED] - Object: 'Object Repository/Page_Callidus Cloud Commissions Man/option_Equals' is clicked on

2018-09-10 11:28:41 - [TEST_STEP][PASSED] - delay: Delayed 2 second(s)

2018-09-10 11:28:43 - [MESSAGE][PASSED] - Delayed 2 second(s)

2018-09-10 11:28:43 - [TEST_STEP][PASSED] - setText: Text 'MR Testrule' is set on object 'Object Repository/Page_Callidus Cloud Commissions Man/td_Value'

2018-09-10 11:28:44 - [MESSAGE][PASSED] - Text 'MR Testrule' is set on object 'Object Repository/Page_Callidus Cloud Commissions Man/td_Value'

2018-09-10 11:28:44 - [TEST_STEP][PASSED] - delay: Delayed 2 second(s)

2018-09-10 11:28:46 - [MESSAGE][PASSED] - Delayed 2 second(s)

2018-09-10 11:28:46 - [TEST_STEP][PASSED] - click: Object: 'Object Repository/Page_Callidus Cloud Commissions Man/input_Apply Search' is clicked on

2018-09-10 11:28:46 - [MESSAGE][PASSED] - Object: 'Object Repository/Page_Callidus Cloud Commissions Man/input_Apply Search' is clicked on

2018-09-10 11:28:46 - [TEST_STEP][NOT_RUN] - acceptAlert: NOT_RUN: acceptAlert

2018-09-10 11:28:46 - [MESSAGE][NOT_RUN] - NOT_RUN: acceptAlert

2018-09-10 11:28:46 - [TEST_STEP][NOT_RUN] - callTestCase: NOT_RUN: callTestCase

2018-09-10 11:28:46 - [MESSAGE][NOT_RUN] - NOT_RUN: callTestCase]]></system-out>
         <system-err><![CDATA[]]></system-err>
      </testcase>
      <testcase name="Test Cases/Plan Components exist in the system" classname="Test Cases/Plan Components exist in the system" status="PASSED">
         <system-out><![CDATA[2018-09-10 11:28:46 - [TEST_CASE][PASSED] - Test Cases/Plan Components exist in the system: Test Cases/Plan Components exist in the system

2018-09-10 11:28:46 - [TEST_STEP][NOT_RUN] - callTestCase: NOT_RUN: callTestCase

2018-09-10 11:28:46 - [MESSAGE][NOT_RUN] - NOT_RUN: callTestCase

2018-09-10 11:28:46 - [TEST_STEP][PASSED] - mouseOver: Object: 'Object Repository/Page_Callidus Cloud Commissions Man/div_PLAN' is hovered

2018-09-10 11:28:46 - [MESSAGE][PASSED] - Object: 'Object Repository/Page_Callidus Cloud Commissions Man/div_PLAN' is hovered

2018-09-10 11:28:46 - [TEST_STEP][PASSED] - delay: Delayed 2 second(s)

2018-09-10 11:28:48 - [MESSAGE][PASSED] - Delayed 2 second(s)

2018-09-10 11:28:48 - [TEST_STEP][PASSED] - scrollToElement: Scroll to object 'Object Repository/Page_Callidus Cloud Commissions Man/a_Plan Components' successfully

2018-09-10 11:28:49 - [MESSAGE][PASSED] - Scroll to object 'Object Repository/Page_Callidus Cloud Commissions Man/a_Plan Components' successfully

2018-09-10 11:28:49 - [TEST_STEP][PASSED] - delay: Delayed 2 second(s)

2018-09-10 11:28:51 - [MESSAGE][PASSED] - Delayed 2 second(s)

2018-09-10 11:28:51 - [TEST_STEP][PASSED] - click: Object: 'Object Repository/Page_Callidus Cloud Commissions Man/a_Plan Components' is clicked on

2018-09-10 11:28:51 - [MESSAGE][PASSED] - Object: 'Object Repository/Page_Callidus Cloud Commissions Man/a_Plan Components' is clicked on

2018-09-10 11:28:51 - [TEST_STEP][PASSED] - click: Object: 'Object Repository/Page_Callidus Cloud Commissions Man/a_Advanced Search' is clicked on

2018-09-10 11:28:52 - [MESSAGE][PASSED] - Object: 'Object Repository/Page_Callidus Cloud Commissions Man/a_Advanced Search' is clicked on

2018-09-10 11:28:52 - [TEST_STEP][PASSED] - click: Object: 'Object Repository/Page_Callidus Cloud Commissions Man/td_Field Name' is clicked on

2018-09-10 11:28:53 - [MESSAGE][PASSED] - Object: 'Object Repository/Page_Callidus Cloud Commissions Man/td_Field Name' is clicked on

2018-09-10 11:28:53 - [TEST_STEP][PASSED] - delay: Delayed 2 second(s)

2018-09-10 11:28:55 - [MESSAGE][PASSED] - Delayed 2 second(s)

2018-09-10 11:28:55 - [TEST_STEP][PASSED] - scrollToElement: Scroll to object 'Object Repository/Page_Callidus Cloud Commissions Man/option_Plan Components' successfully

2018-09-10 11:28:55 - [MESSAGE][PASSED] - Scroll to object 'Object Repository/Page_Callidus Cloud Commissions Man/option_Plan Components' successfully

2018-09-10 11:28:55 - [TEST_STEP][PASSED] - delay: Delayed 2 second(s)

2018-09-10 11:28:57 - [MESSAGE][PASSED] - Delayed 2 second(s)

2018-09-10 11:28:57 - [TEST_STEP][PASSED] - click: Object: 'Object Repository/Page_Callidus Cloud Commissions Man/option_Plan Components' is clicked on

2018-09-10 11:28:57 - [MESSAGE][PASSED] - Object: 'Object Repository/Page_Callidus Cloud Commissions Man/option_Plan Components' is clicked on

2018-09-10 11:28:57 - [TEST_STEP][PASSED] - click: Object: 'Object Repository/Page_Callidus Cloud Commissions Man/td_Comparision' is clicked on

2018-09-10 11:28:57 - [MESSAGE][PASSED] - Object: 'Object Repository/Page_Callidus Cloud Commissions Man/td_Comparision' is clicked on

2018-09-10 11:28:57 - [TEST_STEP][PASSED] - scrollToElement: Scroll to object 'Object Repository/Page_Callidus Cloud Commissions Man/option_Equals' successfully

2018-09-10 11:28:57 - [MESSAGE][PASSED] - Scroll to object 'Object Repository/Page_Callidus Cloud Commissions Man/option_Equals' successfully

2018-09-10 11:28:57 - [TEST_STEP][PASSED] - delay: Delayed 2 second(s)

2018-09-10 11:28:59 - [MESSAGE][PASSED] - Delayed 2 second(s)

2018-09-10 11:28:59 - [TEST_STEP][PASSED] - click: Object: 'Object Repository/Page_Callidus Cloud Commissions Man/option_Equals' is clicked on

2018-09-10 11:28:59 - [MESSAGE][PASSED] - Object: 'Object Repository/Page_Callidus Cloud Commissions Man/option_Equals' is clicked on

2018-09-10 11:28:59 - [TEST_STEP][PASSED] - delay: Delayed 2 second(s)

2018-09-10 11:29:01 - [MESSAGE][PASSED] - Delayed 2 second(s)

2018-09-10 11:29:01 - [TEST_STEP][PASSED] - setText: Text 'Aggregated Revenue against Territory based on Flat Rate' is set on object 'Object Repository/Page_Callidus Cloud Commissions Man/td_Value'

2018-09-10 11:29:02 - [MESSAGE][PASSED] - Text 'Aggregated Revenue against Territory based on Flat Rate' is set on object 'Object Repository/Page_Callidus Cloud Commissions Man/td_Value'

2018-09-10 11:29:02 - [TEST_STEP][PASSED] - click: Object: 'Object Repository/Page_Callidus Cloud Commissions Man/input_Apply Search' is clicked on

2018-09-10 11:29:03 - [MESSAGE][PASSED] - Object: 'Object Repository/Page_Callidus Cloud Commissions Man/input_Apply Search' is clicked on

2018-09-10 11:29:03 - [TEST_STEP][NOT_RUN] - callTestCase: NOT_RUN: callTestCase

2018-09-10 11:29:03 - [MESSAGE][NOT_RUN] - NOT_RUN: callTestCase]]></system-out>
         <system-err><![CDATA[]]></system-err>
      </testcase>
      <testcase name="Test Cases/Plans exist in the system" classname="Test Cases/Plans exist in the system" status="PASSED">
         <system-out><![CDATA[2018-09-10 11:29:03 - [TEST_CASE][PASSED] - Test Cases/Plans exist in the system: Test Cases/Plans exist in the system

2018-09-10 11:29:03 - [TEST_STEP][NOT_RUN] - callTestCase: NOT_RUN: callTestCase

2018-09-10 11:29:03 - [MESSAGE][NOT_RUN] - NOT_RUN: callTestCase

2018-09-10 11:29:03 - [TEST_STEP][PASSED] - mouseOver: Object: 'Object Repository/Page_Callidus Cloud Commissions Man/div_PLAN' is hovered

2018-09-10 11:29:03 - [MESSAGE][PASSED] - Object: 'Object Repository/Page_Callidus Cloud Commissions Man/div_PLAN' is hovered

2018-09-10 11:29:03 - [TEST_STEP][PASSED] - delay: Delayed 5 second(s)

2018-09-10 11:29:08 - [MESSAGE][PASSED] - Delayed 5 second(s)

2018-09-10 11:29:08 - [TEST_STEP][PASSED] - scrollToElement: Scroll to object 'Object Repository/Page_Callidus Cloud Commissions Man/a_Plans' successfully

2018-09-10 11:29:08 - [MESSAGE][PASSED] - Scroll to object 'Object Repository/Page_Callidus Cloud Commissions Man/a_Plans' successfully

2018-09-10 11:29:08 - [TEST_STEP][PASSED] - click: Object: 'Object Repository/Page_Callidus Cloud Commissions Man/a_Plans' is clicked on

2018-09-10 11:29:09 - [MESSAGE][PASSED] - Object: 'Object Repository/Page_Callidus Cloud Commissions Man/a_Plans' is clicked on

2018-09-10 11:29:09 - [TEST_STEP][PASSED] - click: Object: 'Object Repository/Page_Callidus Cloud Commissions Man/a_Advanced Search' is clicked on

2018-09-10 11:29:09 - [MESSAGE][PASSED] - Object: 'Object Repository/Page_Callidus Cloud Commissions Man/a_Advanced Search' is clicked on

2018-09-10 11:29:09 - [TEST_STEP][PASSED] - click: Object: 'Object Repository/Page_Callidus Cloud Commissions Man/td_Field Name' is clicked on

2018-09-10 11:29:10 - [MESSAGE][PASSED] - Object: 'Object Repository/Page_Callidus Cloud Commissions Man/td_Field Name' is clicked on

2018-09-10 11:29:10 - [TEST_STEP][PASSED] - scrollToElement: Scroll to object 'Object Repository/Page_Callidus Cloud Commissions Man/option_Plans' successfully

2018-09-10 11:29:10 - [MESSAGE][PASSED] - Scroll to object 'Object Repository/Page_Callidus Cloud Commissions Man/option_Plans' successfully

2018-09-10 11:29:10 - [TEST_STEP][PASSED] - delay: Delayed 2 second(s)

2018-09-10 11:29:12 - [MESSAGE][PASSED] - Delayed 2 second(s)

2018-09-10 11:29:12 - [TEST_STEP][PASSED] - click: Object: 'Object Repository/Page_Callidus Cloud Commissions Man/option_Plans' is clicked on

2018-09-10 11:29:12 - [MESSAGE][PASSED] - Object: 'Object Repository/Page_Callidus Cloud Commissions Man/option_Plans' is clicked on

2018-09-10 11:29:12 - [TEST_STEP][PASSED] - click: Object: 'Object Repository/Page_Callidus Cloud Commissions Man/td_Comparision' is clicked on

2018-09-10 11:29:12 - [MESSAGE][PASSED] - Object: 'Object Repository/Page_Callidus Cloud Commissions Man/td_Comparision' is clicked on

2018-09-10 11:29:12 - [TEST_STEP][PASSED] - scrollToElement: Scroll to object 'Object Repository/Page_Callidus Cloud Commissions Man/option_Equals' successfully

2018-09-10 11:29:12 - [MESSAGE][PASSED] - Scroll to object 'Object Repository/Page_Callidus Cloud Commissions Man/option_Equals' successfully

2018-09-10 11:29:12 - [TEST_STEP][PASSED] - delay: Delayed 2 second(s)

2018-09-10 11:29:14 - [MESSAGE][PASSED] - Delayed 2 second(s)

2018-09-10 11:29:14 - [TEST_STEP][PASSED] - click: Object: 'Object Repository/Page_Callidus Cloud Commissions Man/option_Equals' is clicked on

2018-09-10 11:29:14 - [MESSAGE][PASSED] - Object: 'Object Repository/Page_Callidus Cloud Commissions Man/option_Equals' is clicked on

2018-09-10 11:29:14 - [TEST_STEP][PASSED] - delay: Delayed 2 second(s)

2018-09-10 11:29:16 - [MESSAGE][PASSED] - Delayed 2 second(s)

2018-09-10 11:29:16 - [TEST_STEP][PASSED] - setText: Text 'compensation plan' is set on object 'Object Repository/Page_Callidus Cloud Commissions Man/td_Value'

2018-09-10 11:29:17 - [MESSAGE][PASSED] - Text 'compensation plan' is set on object 'Object Repository/Page_Callidus Cloud Commissions Man/td_Value'

2018-09-10 11:29:17 - [TEST_STEP][PASSED] - click: Object: 'Object Repository/Page_Callidus Cloud Commissions Man/input_Apply Search' is clicked on

2018-09-10 11:29:17 - [MESSAGE][PASSED] - Object: 'Object Repository/Page_Callidus Cloud Commissions Man/input_Apply Search' is clicked on

2018-09-10 11:29:17 - [TEST_STEP][NOT_RUN] - callTestCase: NOT_RUN: callTestCase

2018-09-10 11:29:17 - [MESSAGE][NOT_RUN] - NOT_RUN: callTestCase]]></system-out>
         <system-err><![CDATA[]]></system-err>
      </testcase>
      <testcase name="Test Cases/Position Groups exist in the system" classname="Test Cases/Position Groups exist in the system" status="PASSED">
         <system-out><![CDATA[2018-09-10 11:29:17 - [TEST_CASE][PASSED] - Test Cases/Position Groups exist in the system: Test Cases/Position Groups exist in the system

2018-09-10 11:29:17 - [TEST_STEP][NOT_RUN] - callTestCase: NOT_RUN: callTestCase

2018-09-10 11:29:17 - [MESSAGE][NOT_RUN] - NOT_RUN: callTestCase

2018-09-10 11:29:17 - [TEST_STEP][PASSED] - mouseOver: Object: 'Object Repository/Page_Callidus Cloud Commissions Man/div_ADMINISTRATION' is hovered

2018-09-10 11:29:17 - [MESSAGE][PASSED] - Object: 'Object Repository/Page_Callidus Cloud Commissions Man/div_ADMINISTRATION' is hovered

2018-09-10 11:29:17 - [TEST_STEP][PASSED] - delay: Delayed 2 second(s)

2018-09-10 11:29:19 - [MESSAGE][PASSED] - Delayed 2 second(s)

2018-09-10 11:29:19 - [TEST_STEP][PASSED] - scrollToElement: Scroll to object 'Object Repository/Page_Callidus Cloud Commissions Man/a_Position Groups' successfully

2018-09-10 11:29:19 - [MESSAGE][PASSED] - Scroll to object 'Object Repository/Page_Callidus Cloud Commissions Man/a_Position Groups' successfully

2018-09-10 11:29:19 - [TEST_STEP][PASSED] - delay: Delayed 2 second(s)

2018-09-10 11:29:21 - [MESSAGE][PASSED] - Delayed 2 second(s)

2018-09-10 11:29:21 - [TEST_STEP][PASSED] - click: Object: 'Object Repository/Page_Callidus Cloud Commissions Man/a_Position Groups' is clicked on

2018-09-10 11:29:22 - [MESSAGE][PASSED] - Object: 'Object Repository/Page_Callidus Cloud Commissions Man/a_Position Groups' is clicked on

2018-09-10 11:29:22 - [TEST_STEP][PASSED] - delay: Delayed 2 second(s)

2018-09-10 11:29:24 - [MESSAGE][PASSED] - Delayed 2 second(s)

2018-09-10 11:29:24 - [TEST_STEP][PASSED] - click: Object: 'Object Repository/Page_Callidus Cloud Commissions Man/a_Advanced Search' is clicked on

2018-09-10 11:29:24 - [MESSAGE][PASSED] - Object: 'Object Repository/Page_Callidus Cloud Commissions Man/a_Advanced Search' is clicked on

2018-09-10 11:29:24 - [TEST_STEP][PASSED] - click: Object: 'Object Repository/Page_Callidus Cloud Commissions Man/td_Field Name' is clicked on

2018-09-10 11:29:25 - [MESSAGE][PASSED] - Object: 'Object Repository/Page_Callidus Cloud Commissions Man/td_Field Name' is clicked on

2018-09-10 11:29:25 - [TEST_STEP][PASSED] - delay: Delayed 2 second(s)

2018-09-10 11:29:27 - [MESSAGE][PASSED] - Delayed 2 second(s)

2018-09-10 11:29:27 - [TEST_STEP][PASSED] - scrollToElement: Scroll to object 'Object Repository/Page_Callidus Cloud Commissions Man/option_Position Groups' successfully

2018-09-10 11:29:27 - [MESSAGE][PASSED] - Scroll to object 'Object Repository/Page_Callidus Cloud Commissions Man/option_Position Groups' successfully

2018-09-10 11:29:27 - [TEST_STEP][PASSED] - delay: Delayed 2 second(s)

2018-09-10 11:29:29 - [MESSAGE][PASSED] - Delayed 2 second(s)

2018-09-10 11:29:29 - [TEST_STEP][PASSED] - click: Object: 'Object Repository/Page_Callidus Cloud Commissions Man/option_Position Groups' is clicked on

2018-09-10 11:29:29 - [MESSAGE][PASSED] - Object: 'Object Repository/Page_Callidus Cloud Commissions Man/option_Position Groups' is clicked on

2018-09-10 11:29:29 - [TEST_STEP][PASSED] - click: Object: 'Object Repository/Page_Callidus Cloud Commissions Man/td_Comparision' is clicked on

2018-09-10 11:29:29 - [MESSAGE][PASSED] - Object: 'Object Repository/Page_Callidus Cloud Commissions Man/td_Comparision' is clicked on

2018-09-10 11:29:29 - [TEST_STEP][PASSED] - delay: Delayed 2 second(s)

2018-09-10 11:29:31 - [MESSAGE][PASSED] - Delayed 2 second(s)

2018-09-10 11:29:31 - [TEST_STEP][PASSED] - scrollToElement: Scroll to object 'Object Repository/Page_Callidus Cloud Commissions Man/option_Equals' successfully

2018-09-10 11:29:31 - [MESSAGE][PASSED] - Scroll to object 'Object Repository/Page_Callidus Cloud Commissions Man/option_Equals' successfully

2018-09-10 11:29:31 - [TEST_STEP][PASSED] - delay: Delayed 2 second(s)

2018-09-10 11:29:33 - [MESSAGE][PASSED] - Delayed 2 second(s)

2018-09-10 11:29:33 - [TEST_STEP][PASSED] - click: Object: 'Object Repository/Page_Callidus Cloud Commissions Man/option_Equals' is clicked on

2018-09-10 11:29:33 - [MESSAGE][PASSED] - Object: 'Object Repository/Page_Callidus Cloud Commissions Man/option_Equals' is clicked on

2018-09-10 11:29:33 - [TEST_STEP][PASSED] - delay: Delayed 2 second(s)

2018-09-10 11:29:35 - [MESSAGE][PASSED] - Delayed 2 second(s)

2018-09-10 11:29:35 - [TEST_STEP][PASSED] - setText: Text 'P_G_Demo1' is set on object 'Object Repository/Page_Callidus Cloud Commissions Man/td_Value'

2018-09-10 11:29:36 - [MESSAGE][PASSED] - Text 'P_G_Demo1' is set on object 'Object Repository/Page_Callidus Cloud Commissions Man/td_Value'

2018-09-10 11:29:36 - [TEST_STEP][PASSED] - delay: Delayed 2 second(s)

2018-09-10 11:29:38 - [MESSAGE][PASSED] - Delayed 2 second(s)

2018-09-10 11:29:38 - [TEST_STEP][PASSED] - click: Object: 'Object Repository/Page_Callidus Cloud Commissions Man/input_Apply Search' is clicked on

2018-09-10 11:29:38 - [MESSAGE][PASSED] - Object: 'Object Repository/Page_Callidus Cloud Commissions Man/input_Apply Search' is clicked on

2018-09-10 11:29:38 - [TEST_STEP][NOT_RUN] - callTestCase: NOT_RUN: callTestCase

2018-09-10 11:29:38 - [MESSAGE][NOT_RUN] - NOT_RUN: callTestCase]]></system-out>
         <system-err><![CDATA[]]></system-err>
      </testcase>
      <testcase name="Test Cases/Rate_Tables_exist_in_the_system" classname="Test Cases/Rate_Tables_exist_in_the_system" status="PASSED">
         <system-out><![CDATA[2018-09-10 11:29:38 - [TEST_CASE][PASSED] - Test Cases/Rate_Tables_exist_in_the_system: Test Cases/Rate_Tables_exist_in_the_system

2018-09-10 11:29:38 - [TEST_STEP][NOT_RUN] - callTestCase: NOT_RUN: callTestCase

2018-09-10 11:29:38 - [MESSAGE][NOT_RUN] - NOT_RUN: callTestCase

2018-09-10 11:29:38 - [TEST_STEP][PASSED] - mouseOver: Object: 'Object Repository/Page_Callidus Cloud Commissions Man/div_PLAN' is hovered

2018-09-10 11:29:38 - [MESSAGE][PASSED] - Object: 'Object Repository/Page_Callidus Cloud Commissions Man/div_PLAN' is hovered

2018-09-10 11:29:38 - [TEST_STEP][PASSED] - delay: Delayed 2 second(s)

2018-09-10 11:29:40 - [MESSAGE][PASSED] - Delayed 2 second(s)

2018-09-10 11:29:40 - [TEST_STEP][PASSED] - scrollToElement: Scroll to object 'Object Repository/Page_Callidus Cloud Commissions Man/a_Plan Components' successfully

2018-09-10 11:29:41 - [MESSAGE][PASSED] - Scroll to object 'Object Repository/Page_Callidus Cloud Commissions Man/a_Plan Components' successfully

2018-09-10 11:29:41 - [TEST_STEP][PASSED] - delay: Delayed 2 second(s)

2018-09-10 11:29:43 - [MESSAGE][PASSED] - Delayed 2 second(s)

2018-09-10 11:29:43 - [TEST_STEP][PASSED] - scrollToElement: Scroll to object 'Object Repository/Page_Callidus Cloud Commissions Man/a_Rate Tables' successfully

2018-09-10 11:29:43 - [MESSAGE][PASSED] - Scroll to object 'Object Repository/Page_Callidus Cloud Commissions Man/a_Rate Tables' successfully

2018-09-10 11:29:43 - [TEST_STEP][PASSED] - delay: Delayed 2 second(s)

2018-09-10 11:29:45 - [MESSAGE][PASSED] - Delayed 2 second(s)

2018-09-10 11:29:45 - [TEST_STEP][PASSED] - click: Object: 'Object Repository/Page_Callidus Cloud Commissions Man/a_Rate Tables' is clicked on

2018-09-10 11:29:45 - [MESSAGE][PASSED] - Object: 'Object Repository/Page_Callidus Cloud Commissions Man/a_Rate Tables' is clicked on

2018-09-10 11:29:45 - [TEST_STEP][PASSED] - click: Object: 'Object Repository/Page_Callidus Cloud Commissions Man/a_Advanced Search' is clicked on

2018-09-10 11:29:46 - [MESSAGE][PASSED] - Object: 'Object Repository/Page_Callidus Cloud Commissions Man/a_Advanced Search' is clicked on

2018-09-10 11:29:46 - [TEST_STEP][PASSED] - click: Object: 'Object Repository/Page_Callidus Cloud Commissions Man/td_Field Name' is clicked on

2018-09-10 11:29:46 - [MESSAGE][PASSED] - Object: 'Object Repository/Page_Callidus Cloud Commissions Man/td_Field Name' is clicked on

2018-09-10 11:29:46 - [TEST_STEP][PASSED] - delay: Delayed 2 second(s)

2018-09-10 11:29:48 - [MESSAGE][PASSED] - Delayed 2 second(s)

2018-09-10 11:29:48 - [TEST_STEP][PASSED] - scrollToElement: Scroll to object 'Object Repository/Page_Callidus Cloud Commissions Man/option_Territory' successfully

2018-09-10 11:29:48 - [MESSAGE][PASSED] - Scroll to object 'Object Repository/Page_Callidus Cloud Commissions Man/option_Territory' successfully

2018-09-10 11:29:48 - [TEST_STEP][PASSED] - delay: Delayed 2 second(s)

2018-09-10 11:29:50 - [MESSAGE][PASSED] - Delayed 2 second(s)

2018-09-10 11:29:50 - [TEST_STEP][PASSED] - click: Object: 'Object Repository/Page_Callidus Cloud Commissions Man/option_Territory' is clicked on

2018-09-10 11:29:50 - [MESSAGE][PASSED] - Object: 'Object Repository/Page_Callidus Cloud Commissions Man/option_Territory' is clicked on

2018-09-10 11:29:50 - [TEST_STEP][PASSED] - click: Object: 'Object Repository/Page_Callidus Cloud Commissions Man/td_Comparision' is clicked on

2018-09-10 11:29:51 - [MESSAGE][PASSED] - Object: 'Object Repository/Page_Callidus Cloud Commissions Man/td_Comparision' is clicked on

2018-09-10 11:29:51 - [TEST_STEP][PASSED] - delay: Delayed 2 second(s)

2018-09-10 11:29:53 - [MESSAGE][PASSED] - Delayed 2 second(s)

2018-09-10 11:29:53 - [TEST_STEP][PASSED] - scrollToElement: Scroll to object 'Object Repository/Page_Callidus Cloud Commissions Man/option_Equals' successfully

2018-09-10 11:29:53 - [MESSAGE][PASSED] - Scroll to object 'Object Repository/Page_Callidus Cloud Commissions Man/option_Equals' successfully

2018-09-10 11:29:53 - [TEST_STEP][PASSED] - delay: Delayed 2 second(s)

2018-09-10 11:29:55 - [MESSAGE][PASSED] - Delayed 2 second(s)

2018-09-10 11:29:55 - [TEST_STEP][PASSED] - click: Object: 'Object Repository/Page_Callidus Cloud Commissions Man/option_Equals' is clicked on

2018-09-10 11:29:55 - [MESSAGE][PASSED] - Object: 'Object Repository/Page_Callidus Cloud Commissions Man/option_Equals' is clicked on

2018-09-10 11:29:55 - [TEST_STEP][PASSED] - delay: Delayed 2 second(s)

2018-09-10 11:29:57 - [MESSAGE][PASSED] - Delayed 2 second(s)

2018-09-10 11:29:57 - [TEST_STEP][PASSED] - setText: Text 'R_T_Demo1' is set on object 'Object Repository/Page_Callidus Cloud Commissions Man/td_Value'

2018-09-10 11:29:57 - [MESSAGE][PASSED] - Text 'R_T_Demo1' is set on object 'Object Repository/Page_Callidus Cloud Commissions Man/td_Value'

2018-09-10 11:29:57 - [TEST_STEP][PASSED] - click: Object: 'Object Repository/Page_Callidus Cloud Commissions Man/input_Apply Search' is clicked on

2018-09-10 11:29:57 - [MESSAGE][PASSED] - Object: 'Object Repository/Page_Callidus Cloud Commissions Man/input_Apply Search' is clicked on

2018-09-10 11:29:57 - [TEST_STEP][NOT_RUN] - callTestCase: NOT_RUN: callTestCase

2018-09-10 11:29:57 - [MESSAGE][NOT_RUN] - NOT_RUN: callTestCase]]></system-out>
         <system-err><![CDATA[]]></system-err>
      </testcase>
      <testcase name="Test Cases/Rate_Table_Variable_exist_in_the_system" classname="Test Cases/Rate_Table_Variable_exist_in_the_system" status="PASSED">
         <system-out><![CDATA[2018-09-10 11:29:57 - [TEST_CASE][PASSED] - Test Cases/Rate_Table_Variable_exist_in_the_system: Test Cases/Rate_Table_Variable_exist_in_the_system

2018-09-10 11:29:58 - [TEST_STEP][NOT_RUN] - callTestCase: NOT_RUN: callTestCase

2018-09-10 11:29:58 - [MESSAGE][NOT_RUN] - NOT_RUN: callTestCase

2018-09-10 11:29:58 - [TEST_STEP][PASSED] - mouseOver: Object: 'Object Repository/Page_Callidus Cloud Commissions Man/div_PLAN' is hovered

2018-09-10 11:29:58 - [MESSAGE][PASSED] - Object: 'Object Repository/Page_Callidus Cloud Commissions Man/div_PLAN' is hovered

2018-09-10 11:29:58 - [TEST_STEP][PASSED] - delay: Delayed 2 second(s)

2018-09-10 11:30:00 - [MESSAGE][PASSED] - Delayed 2 second(s)

2018-09-10 11:30:00 - [TEST_STEP][PASSED] - scrollToElement: Scroll to object 'Object Repository/Page_Callidus Cloud Commissions Man/a_Plan Components' successfully

2018-09-10 11:30:00 - [MESSAGE][PASSED] - Scroll to object 'Object Repository/Page_Callidus Cloud Commissions Man/a_Plan Components' successfully

2018-09-10 11:30:00 - [TEST_STEP][PASSED] - delay: Delayed 2 second(s)

2018-09-10 11:30:02 - [MESSAGE][PASSED] - Delayed 2 second(s)

2018-09-10 11:30:02 - [TEST_STEP][PASSED] - scrollToElement: Scroll to object 'Object Repository/Page_Callidus Cloud Commissions Man/a_Variables' successfully

2018-09-10 11:30:02 - [MESSAGE][PASSED] - Scroll to object 'Object Repository/Page_Callidus Cloud Commissions Man/a_Variables' successfully

2018-09-10 11:30:02 - [TEST_STEP][PASSED] - delay: Delayed 2 second(s)

2018-09-10 11:30:04 - [MESSAGE][PASSED] - Delayed 2 second(s)

2018-09-10 11:30:04 - [TEST_STEP][PASSED] - click: Object: 'Object Repository/Page_Callidus Cloud Commissions Man/a_Variables' is clicked on

2018-09-10 11:30:05 - [MESSAGE][PASSED] - Object: 'Object Repository/Page_Callidus Cloud Commissions Man/a_Variables' is clicked on

2018-09-10 11:30:05 - [TEST_STEP][PASSED] - click: Object: 'Object Repository/Page_Callidus Cloud Commissions Man/a_Advanced Search' is clicked on

2018-09-10 11:30:05 - [MESSAGE][PASSED] - Object: 'Object Repository/Page_Callidus Cloud Commissions Man/a_Advanced Search' is clicked on

2018-09-10 11:30:05 - [TEST_STEP][PASSED] - delay: Delayed 2 second(s)

2018-09-10 11:30:07 - [MESSAGE][PASSED] - Delayed 2 second(s)

2018-09-10 11:30:07 - [TEST_STEP][PASSED] - click: Object: 'Object Repository/Page_Callidus Cloud Commissions Man/td_Field Name' is clicked on

2018-09-10 11:30:07 - [MESSAGE][PASSED] - Object: 'Object Repository/Page_Callidus Cloud Commissions Man/td_Field Name' is clicked on

2018-09-10 11:30:07 - [TEST_STEP][PASSED] - delay: Delayed 2 second(s)

2018-09-10 11:30:09 - [MESSAGE][PASSED] - Delayed 2 second(s)

2018-09-10 11:30:09 - [TEST_STEP][PASSED] - scrollToElement: Scroll to object 'Object Repository/Page_Callidus Cloud Commissions Man/option_Variables' successfully

2018-09-10 11:30:09 - [MESSAGE][PASSED] - Scroll to object 'Object Repository/Page_Callidus Cloud Commissions Man/option_Variables' successfully

2018-09-10 11:30:09 - [TEST_STEP][PASSED] - delay: Delayed 2 second(s)

2018-09-10 11:30:11 - [MESSAGE][PASSED] - Delayed 2 second(s)

2018-09-10 11:30:11 - [TEST_STEP][PASSED] - click: Object: 'Object Repository/Page_Callidus Cloud Commissions Man/option_Variables' is clicked on

2018-09-10 11:30:11 - [MESSAGE][PASSED] - Object: 'Object Repository/Page_Callidus Cloud Commissions Man/option_Variables' is clicked on

2018-09-10 11:30:11 - [TEST_STEP][PASSED] - click: Object: 'Object Repository/Page_Callidus Cloud Commissions Man/td_Comparision' is clicked on

2018-09-10 11:30:11 - [MESSAGE][PASSED] - Object: 'Object Repository/Page_Callidus Cloud Commissions Man/td_Comparision' is clicked on

2018-09-10 11:30:11 - [TEST_STEP][PASSED] - delay: Delayed 2 second(s)

2018-09-10 11:30:13 - [MESSAGE][PASSED] - Delayed 2 second(s)

2018-09-10 11:30:13 - [TEST_STEP][PASSED] - scrollToElement: Scroll to object 'Object Repository/Page_Callidus Cloud Commissions Man/option_Equals' successfully

2018-09-10 11:30:13 - [MESSAGE][PASSED] - Scroll to object 'Object Repository/Page_Callidus Cloud Commissions Man/option_Equals' successfully

2018-09-10 11:30:13 - [TEST_STEP][PASSED] - delay: Delayed 2 second(s)

2018-09-10 11:30:15 - [MESSAGE][PASSED] - Delayed 2 second(s)

2018-09-10 11:30:15 - [TEST_STEP][PASSED] - click: Object: 'Object Repository/Page_Callidus Cloud Commissions Man/option_Equals' is clicked on

2018-09-10 11:30:16 - [MESSAGE][PASSED] - Object: 'Object Repository/Page_Callidus Cloud Commissions Man/option_Equals' is clicked on

2018-09-10 11:30:16 - [TEST_STEP][PASSED] - delay: Delayed 2 second(s)

2018-09-10 11:30:18 - [MESSAGE][PASSED] - Delayed 2 second(s)

2018-09-10 11:30:18 - [TEST_STEP][PASSED] - setText: Text 'Var_RT_Demo2' is set on object 'Object Repository/Page_Callidus Cloud Commissions Man/td_Value'

2018-09-10 11:30:18 - [MESSAGE][PASSED] - Text 'Var_RT_Demo2' is set on object 'Object Repository/Page_Callidus Cloud Commissions Man/td_Value'

2018-09-10 11:30:18 - [TEST_STEP][PASSED] - delay: Delayed 2 second(s)

2018-09-10 11:30:20 - [MESSAGE][PASSED] - Delayed 2 second(s)

2018-09-10 11:30:20 - [TEST_STEP][PASSED] - click: Object: 'Object Repository/Page_Callidus Cloud Commissions Man/input_Apply Search' is clicked on

2018-09-10 11:30:20 - [MESSAGE][PASSED] - Object: 'Object Repository/Page_Callidus Cloud Commissions Man/input_Apply Search' is clicked on

2018-09-10 11:30:20 - [TEST_STEP][PASSED] - delay: Delayed 5 second(s)

2018-09-10 11:30:25 - [MESSAGE][PASSED] - Delayed 5 second(s)

2018-09-10 11:30:25 - [TEST_STEP][NOT_RUN] - callTestCase: NOT_RUN: callTestCase

2018-09-10 11:30:25 - [MESSAGE][NOT_RUN] - NOT_RUN: callTestCase]]></system-out>
         <system-err><![CDATA[]]></system-err>
      </testcase>
      <testcase name="Test Cases/Reason_Codes" classname="Test Cases/Reason_Codes" status="PASSED">
         <system-out><![CDATA[2018-09-10 11:30:25 - [TEST_CASE][PASSED] - Test Cases/Reason_Codes: Test Cases/Reason_Codes

2018-09-10 11:30:25 - [TEST_STEP][PASSED] - callTestCase: Call Test Case 'Test Cases/Commission Login' successfully

2018-09-10 11:30:25 - [TEST_CASE][PASSED] - Test Cases/Commission Login: Test Cases/Commission Login

2018-09-10 11:30:25 - [TEST_STEP][PASSED] - openBrowser: Browser is opened with url: ''

2018-09-10 11:30:25 - [MESSAGE][WARNING] - A browser is already opened. Closing browser and opening a new one

2018-09-10 11:30:29 - [MESSAGE][PASSED] - Browser is opened with url: ''

2018-09-10 11:30:29 - [TEST_STEP][PASSED] - navigateToUrl: Navigate to 'https://biz3-tst.callidusondemand.com/SalesPortal/#!/' successfully

2018-09-10 11:30:30 - [MESSAGE][PASSED] - Navigate to 'https://biz3-tst.callidusondemand.com/SalesPortal/#!/' successfully

2018-09-10 11:30:30 - [TEST_STEP][PASSED] - maximizeWindow: Current window maximized

2018-09-10 11:30:31 - [MESSAGE][PASSED] - Current window maximized

2018-09-10 11:30:31 - [TEST_STEP][PASSED] - setText: Text 'kikosana@calliduscloud.com' is set on object 'Object Repository/Page_Sales Performance Home/input_username'

2018-09-10 11:30:31 - [MESSAGE][PASSED] - Text 'kikosana@calliduscloud.com' is set on object 'Object Repository/Page_Sales Performance Home/input_username'

2018-09-10 11:30:31 - [TEST_STEP][PASSED] - setText: Text 'Kiran09@@' is set on object 'Object Repository/Page_Sales Performance Home/input_password'

2018-09-10 11:30:31 - [MESSAGE][PASSED] - Text 'Kiran09@@' is set on object 'Object Repository/Page_Sales Performance Home/input_password'

2018-09-10 11:30:31 - [TEST_STEP][PASSED] - click: Object: 'Object Repository/Page_Sales Performance Home/button_Login' is clicked on

2018-09-10 11:30:32 - [MESSAGE][PASSED] - Object: 'Object Repository/Page_Sales Performance Home/button_Login' is clicked on

2018-09-10 11:30:32 - [TEST_STEP][PASSED] - click: Object: 'Object Repository/Page_Sales Performance Home/span_Sales Performance Home' is clicked on

2018-09-10 11:30:33 - [MESSAGE][PASSED] - Object: 'Object Repository/Page_Sales Performance Home/span_Sales Performance Home' is clicked on

2018-09-10 11:30:33 - [TEST_STEP][PASSED] - click: Object: 'Object Repository/Page_Sales Performance Home/a_Commissions' is clicked on

2018-09-10 11:30:33 - [MESSAGE][PASSED] - Object: 'Object Repository/Page_Sales Performance Home/a_Commissions' is clicked on

2018-09-10 11:30:33 - [TEST_STEP][PASSED] - click: Object: 'Object Repository/Page_Callidus Cloud Commissions Man/a_Manage Setup' is clicked on

2018-09-10 11:30:38 - [MESSAGE][PASSED] - Object: 'Object Repository/Page_Callidus Cloud Commissions Man/a_Manage Setup' is clicked on

2018-09-10 11:30:38 - [MESSAGE][PASSED] - Call Test Case 'Test Cases/Commission Login' successfully

2018-09-10 11:30:38 - [TEST_STEP][NOT_RUN] - click: NOT_RUN: click

2018-09-10 11:30:38 - [MESSAGE][NOT_RUN] - NOT_RUN: click

2018-09-10 11:30:38 - [TEST_STEP][PASSED] - mouseOver: Object: 'Object Repository/Page_Callidus Cloud Commissions Man/div_ADMINISTRATION' is hovered

2018-09-10 11:30:38 - [MESSAGE][PASSED] - Object: 'Object Repository/Page_Callidus Cloud Commissions Man/div_ADMINISTRATION' is hovered

2018-09-10 11:30:38 - [TEST_STEP][PASSED] - delay: Delayed 2 second(s)

2018-09-10 11:30:40 - [MESSAGE][PASSED] - Delayed 2 second(s)

2018-09-10 11:30:40 - [TEST_STEP][PASSED] - scrollToElement: Scroll to object 'Object Repository/Page_Callidus Cloud Commissions Man/Reason Codes' successfully

2018-09-10 11:30:40 - [MESSAGE][PASSED] - Scroll to object 'Object Repository/Page_Callidus Cloud Commissions Man/Reason Codes' successfully

2018-09-10 11:30:40 - [TEST_STEP][PASSED] - delay: Delayed 4 second(s)

2018-09-10 11:30:44 - [MESSAGE][PASSED] - Delayed 4 second(s)

2018-09-10 11:30:44 - [TEST_STEP][PASSED] - click: Object: 'Object Repository/Page_Callidus Cloud Commissions Man/Reason Codes' is clicked on

2018-09-10 11:30:45 - [MESSAGE][PASSED] - Object: 'Object Repository/Page_Callidus Cloud Commissions Man/Reason Codes' is clicked on

2018-09-10 11:30:45 - [TEST_STEP][PASSED] - delay: Delayed 2 second(s)

2018-09-10 11:30:47 - [MESSAGE][PASSED] - Delayed 2 second(s)

2018-09-10 11:30:47 - [TEST_STEP][PASSED] - click: Object: 'Object Repository/Page_Callidus Cloud Commissions Man/a_Advanced Search' is clicked on

2018-09-10 11:30:47 - [MESSAGE][PASSED] - Object: 'Object Repository/Page_Callidus Cloud Commissions Man/a_Advanced Search' is clicked on

2018-09-10 11:30:47 - [TEST_STEP][PASSED] - click: Object: 'Object Repository/Page_Callidus Cloud Commissions Man/td_Field Name' is clicked on

2018-09-10 11:30:48 - [MESSAGE][PASSED] - Object: 'Object Repository/Page_Callidus Cloud Commissions Man/td_Field Name' is clicked on

2018-09-10 11:30:48 - [TEST_STEP][PASSED] - delay: Delayed 2 second(s)

2018-09-10 11:30:50 - [MESSAGE][PASSED] - Delayed 2 second(s)

2018-09-10 11:30:50 - [TEST_STEP][PASSED] - scrollToElement: Scroll to object 'Object Repository/Page_Callidus Cloud Commissions Man/ID' successfully

2018-09-10 11:30:50 - [MESSAGE][PASSED] - Scroll to object 'Object Repository/Page_Callidus Cloud Commissions Man/ID' successfully

2018-09-10 11:30:50 - [TEST_STEP][PASSED] - delay: Delayed 2 second(s)

2018-09-10 11:30:52 - [MESSAGE][PASSED] - Delayed 2 second(s)

2018-09-10 11:30:52 - [TEST_STEP][PASSED] - click: Object: 'Object Repository/Page_Callidus Cloud Commissions Man/ID' is clicked on

2018-09-10 11:30:52 - [MESSAGE][PASSED] - Object: 'Object Repository/Page_Callidus Cloud Commissions Man/ID' is clicked on

2018-09-10 11:30:52 - [TEST_STEP][PASSED] - click: Object: 'Object Repository/Page_Callidus Cloud Commissions Man/Comparision combo box' is clicked on

2018-09-10 11:30:52 - [MESSAGE][PASSED] - Object: 'Object Repository/Page_Callidus Cloud Commissions Man/Comparision combo box' is clicked on

2018-09-10 11:30:52 - [TEST_STEP][PASSED] - scrollToElement: Scroll to object 'Object Repository/Page_Callidus Cloud Commissions Man/CB_equals' successfully

2018-09-10 11:30:52 - [MESSAGE][PASSED] - Scroll to object 'Object Repository/Page_Callidus Cloud Commissions Man/CB_equals' successfully

2018-09-10 11:30:52 - [TEST_STEP][PASSED] - delay: Delayed 2 second(s)

2018-09-10 11:30:54 - [MESSAGE][PASSED] - Delayed 2 second(s)

2018-09-10 11:30:54 - [TEST_STEP][PASSED] - click: Object: 'Object Repository/Page_Callidus Cloud Commissions Man/CB_equals' is clicked on

2018-09-10 11:30:54 - [MESSAGE][PASSED] - Object: 'Object Repository/Page_Callidus Cloud Commissions Man/CB_equals' is clicked on

2018-09-10 11:30:54 - [TEST_STEP][PASSED] - delay: Delayed 2 second(s)

2018-09-10 11:30:56 - [MESSAGE][PASSED] - Delayed 2 second(s)

2018-09-10 11:30:56 - [TEST_STEP][PASSED] - setText: Text 'Test RC' is set on object 'Object Repository/Page_Callidus Cloud Commissions Man/td_Value'

2018-09-10 11:30:56 - [MESSAGE][PASSED] - Text 'Test RC' is set on object 'Object Repository/Page_Callidus Cloud Commissions Man/td_Value'

2018-09-10 11:30:56 - [TEST_STEP][PASSED] - click: Object: 'Object Repository/Page_Callidus Cloud Commissions Man/Apply Button' is clicked on

2018-09-10 11:30:57 - [MESSAGE][PASSED] - Object: 'Object Repository/Page_Callidus Cloud Commissions Man/Apply Button' is clicked on

2018-09-10 11:30:57 - [TEST_STEP][NOT_RUN] - callTestCase: NOT_RUN: callTestCase

2018-09-10 11:30:57 - [MESSAGE][NOT_RUN] - NOT_RUN: callTestCase]]></system-out>
         <system-err><![CDATA[]]></system-err>
      </testcase>
      <testcase name="Test Cases/Territory_Elements_exist_in_the_system" classname="Test Cases/Territory_Elements_exist_in_the_system" status="PASSED">
         <system-out><![CDATA[2018-09-10 11:30:57 - [TEST_CASE][PASSED] - Test Cases/Territory_Elements_exist_in_the_system: Test Cases/Territory_Elements_exist_in_the_system

2018-09-10 11:30:57 - [TEST_STEP][NOT_RUN] - callTestCase: NOT_RUN: callTestCase

2018-09-10 11:30:57 - [MESSAGE][NOT_RUN] - NOT_RUN: callTestCase

2018-09-10 11:30:57 - [TEST_STEP][PASSED] - mouseOver: Object: 'Object Repository/Page_Callidus Cloud Commissions Man/div_PLAN' is hovered

2018-09-10 11:30:57 - [MESSAGE][PASSED] - Object: 'Object Repository/Page_Callidus Cloud Commissions Man/div_PLAN' is hovered

2018-09-10 11:30:57 - [TEST_STEP][PASSED] - scrollToElement: Scroll to object 'Object Repository/Page_Callidus Cloud Commissions Man/a_Plan Components' successfully

2018-09-10 11:30:57 - [MESSAGE][PASSED] - Scroll to object 'Object Repository/Page_Callidus Cloud Commissions Man/a_Plan Components' successfully

2018-09-10 11:30:57 - [TEST_STEP][PASSED] - delay: Delayed 2 second(s)

2018-09-10 11:30:59 - [MESSAGE][PASSED] - Delayed 2 second(s)

2018-09-10 11:30:59 - [TEST_STEP][PASSED] - scrollToElement: Scroll to object 'Object Repository/Page_Callidus Cloud Commissions Man/a_Territory' successfully

2018-09-10 11:30:59 - [MESSAGE][PASSED] - Scroll to object 'Object Repository/Page_Callidus Cloud Commissions Man/a_Territory' successfully

2018-09-10 11:30:59 - [TEST_STEP][PASSED] - delay: Delayed 2 second(s)

2018-09-10 11:31:01 - [MESSAGE][PASSED] - Delayed 2 second(s)

2018-09-10 11:31:01 - [TEST_STEP][PASSED] - click: Object: 'Object Repository/Page_Callidus Cloud Commissions Man/a_Territory' is clicked on

2018-09-10 11:31:02 - [MESSAGE][PASSED] - Object: 'Object Repository/Page_Callidus Cloud Commissions Man/a_Territory' is clicked on

2018-09-10 11:31:02 - [TEST_STEP][PASSED] - delay: Delayed 2 second(s)

2018-09-10 11:31:04 - [MESSAGE][PASSED] - Delayed 2 second(s)

2018-09-10 11:31:04 - [TEST_STEP][PASSED] - click: Object: 'Object Repository/Page_Callidus Cloud Commissions Man/a_Advanced Search' is clicked on

2018-09-10 11:31:04 - [MESSAGE][PASSED] - Object: 'Object Repository/Page_Callidus Cloud Commissions Man/a_Advanced Search' is clicked on

2018-09-10 11:31:04 - [TEST_STEP][PASSED] - click: Object: 'Object Repository/Page_Callidus Cloud Commissions Man/td_Field Name' is clicked on

2018-09-10 11:31:05 - [MESSAGE][PASSED] - Object: 'Object Repository/Page_Callidus Cloud Commissions Man/td_Field Name' is clicked on

2018-09-10 11:31:05 - [TEST_STEP][PASSED] - delay: Delayed 2 second(s)

2018-09-10 11:31:07 - [MESSAGE][PASSED] - Delayed 2 second(s)

2018-09-10 11:31:07 - [TEST_STEP][PASSED] - scrollToElement: Scroll to object 'Object Repository/Page_Callidus Cloud Commissions Man/option_Territory' successfully

2018-09-10 11:31:07 - [MESSAGE][PASSED] - Scroll to object 'Object Repository/Page_Callidus Cloud Commissions Man/option_Territory' successfully

2018-09-10 11:31:07 - [TEST_STEP][PASSED] - delay: Delayed 2 second(s)

2018-09-10 11:31:09 - [MESSAGE][PASSED] - Delayed 2 second(s)

2018-09-10 11:31:09 - [TEST_STEP][PASSED] - click: Object: 'Object Repository/Page_Callidus Cloud Commissions Man/option_Territory' is clicked on

2018-09-10 11:31:09 - [MESSAGE][PASSED] - Object: 'Object Repository/Page_Callidus Cloud Commissions Man/option_Territory' is clicked on

2018-09-10 11:31:09 - [TEST_STEP][PASSED] - click: Object: 'Object Repository/Page_Callidus Cloud Commissions Man/td_Comparision' is clicked on

2018-09-10 11:31:09 - [MESSAGE][PASSED] - Object: 'Object Repository/Page_Callidus Cloud Commissions Man/td_Comparision' is clicked on

2018-09-10 11:31:09 - [TEST_STEP][PASSED] - delay: Delayed 2 second(s)

2018-09-10 11:31:11 - [MESSAGE][PASSED] - Delayed 2 second(s)

2018-09-10 11:31:11 - [TEST_STEP][PASSED] - scrollToElement: Scroll to object 'Object Repository/Page_Callidus Cloud Commissions Man/option_Equals' successfully

2018-09-10 11:31:11 - [MESSAGE][PASSED] - Scroll to object 'Object Repository/Page_Callidus Cloud Commissions Man/option_Equals' successfully

2018-09-10 11:31:11 - [TEST_STEP][PASSED] - delay: Delayed 2 second(s)

2018-09-10 11:31:13 - [MESSAGE][PASSED] - Delayed 2 second(s)

2018-09-10 11:31:13 - [TEST_STEP][PASSED] - click: Object: 'Object Repository/Page_Callidus Cloud Commissions Man/option_Equals' is clicked on

2018-09-10 11:31:13 - [MESSAGE][PASSED] - Object: 'Object Repository/Page_Callidus Cloud Commissions Man/option_Equals' is clicked on

2018-09-10 11:31:13 - [TEST_STEP][PASSED] - delay: Delayed 2 second(s)

2018-09-10 11:31:15 - [MESSAGE][PASSED] - Delayed 2 second(s)

2018-09-10 11:31:15 - [TEST_STEP][PASSED] - setText: Text 'Territory_Demo' is set on object 'Object Repository/Page_Callidus Cloud Commissions Man/td_Value'

2018-09-10 11:31:16 - [MESSAGE][PASSED] - Text 'Territory_Demo' is set on object 'Object Repository/Page_Callidus Cloud Commissions Man/td_Value'

2018-09-10 11:31:16 - [TEST_STEP][PASSED] - delay: Delayed 2 second(s)

2018-09-10 11:31:18 - [MESSAGE][PASSED] - Delayed 2 second(s)

2018-09-10 11:31:18 - [TEST_STEP][PASSED] - click: Object: 'Object Repository/Page_Callidus Cloud Commissions Man/input_Apply Search' is clicked on

2018-09-10 11:31:18 - [MESSAGE][PASSED] - Object: 'Object Repository/Page_Callidus Cloud Commissions Man/input_Apply Search' is clicked on

2018-09-10 11:31:18 - [TEST_STEP][NOT_RUN] - callTestCase: NOT_RUN: callTestCase

2018-09-10 11:31:18 - [MESSAGE][NOT_RUN] - NOT_RUN: callTestCase]]></system-out>
         <system-err><![CDATA[]]></system-err>
      </testcase>
      <testcase name="Test Cases/Territory_Variables_exist_in_the_system" classname="Test Cases/Territory_Variables_exist_in_the_system" status="PASSED">
         <system-out><![CDATA[2018-09-10 11:31:18 - [TEST_CASE][PASSED] - Test Cases/Territory_Variables_exist_in_the_system: Test Cases/Territory_Variables_exist_in_the_system

2018-09-10 11:31:18 - [TEST_STEP][NOT_RUN] - callTestCase: NOT_RUN: callTestCase

2018-09-10 11:31:18 - [MESSAGE][NOT_RUN] - NOT_RUN: callTestCase

2018-09-10 11:31:18 - [TEST_STEP][PASSED] - mouseOver: Object: 'Object Repository/Page_Callidus Cloud Commissions Man/div_PLAN' is hovered

2018-09-10 11:31:19 - [MESSAGE][PASSED] - Object: 'Object Repository/Page_Callidus Cloud Commissions Man/div_PLAN' is hovered

2018-09-10 11:31:19 - [TEST_STEP][PASSED] - delay: Delayed 2 second(s)

2018-09-10 11:31:21 - [MESSAGE][PASSED] - Delayed 2 second(s)

2018-09-10 11:31:21 - [TEST_STEP][PASSED] - scrollToElement: Scroll to object 'Object Repository/Page_Callidus Cloud Commissions Man/a_Plan Components' successfully

2018-09-10 11:31:21 - [MESSAGE][PASSED] - Scroll to object 'Object Repository/Page_Callidus Cloud Commissions Man/a_Plan Components' successfully

2018-09-10 11:31:21 - [TEST_STEP][PASSED] - delay: Delayed 2 second(s)

2018-09-10 11:31:23 - [MESSAGE][PASSED] - Delayed 2 second(s)

2018-09-10 11:31:23 - [TEST_STEP][PASSED] - scrollToElement: Scroll to object 'Object Repository/Page_Callidus Cloud Commissions Man/a_Variables' successfully

2018-09-10 11:31:23 - [MESSAGE][PASSED] - Scroll to object 'Object Repository/Page_Callidus Cloud Commissions Man/a_Variables' successfully

2018-09-10 11:31:23 - [TEST_STEP][PASSED] - delay: Delayed 2 second(s)

2018-09-10 11:31:25 - [MESSAGE][PASSED] - Delayed 2 second(s)

2018-09-10 11:31:25 - [TEST_STEP][PASSED] - click: Object: 'Object Repository/Page_Callidus Cloud Commissions Man/a_Variables' is clicked on

2018-09-10 11:31:25 - [MESSAGE][PASSED] - Object: 'Object Repository/Page_Callidus Cloud Commissions Man/a_Variables' is clicked on

2018-09-10 11:31:25 - [TEST_STEP][PASSED] - delay: Delayed 2 second(s)

2018-09-10 11:31:27 - [MESSAGE][PASSED] - Delayed 2 second(s)

2018-09-10 11:31:27 - [TEST_STEP][PASSED] - click: Object: 'Object Repository/Page_Callidus Cloud Commissions Man/a_Advanced Search' is clicked on

2018-09-10 11:31:27 - [MESSAGE][PASSED] - Object: 'Object Repository/Page_Callidus Cloud Commissions Man/a_Advanced Search' is clicked on

2018-09-10 11:31:27 - [TEST_STEP][PASSED] - click: Object: 'Object Repository/Page_Callidus Cloud Commissions Man/td_Field Name' is clicked on

2018-09-10 11:31:28 - [MESSAGE][PASSED] - Object: 'Object Repository/Page_Callidus Cloud Commissions Man/td_Field Name' is clicked on

2018-09-10 11:31:28 - [TEST_STEP][PASSED] - scrollToElement: Scroll to object 'Object Repository/Page_Callidus Cloud Commissions Man/option_Variables' successfully

2018-09-10 11:31:28 - [MESSAGE][PASSED] - Scroll to object 'Object Repository/Page_Callidus Cloud Commissions Man/option_Variables' successfully

2018-09-10 11:31:28 - [TEST_STEP][PASSED] - delay: Delayed 2 second(s)

2018-09-10 11:31:30 - [MESSAGE][PASSED] - Delayed 2 second(s)

2018-09-10 11:31:30 - [TEST_STEP][PASSED] - click: Object: 'Object Repository/Page_Callidus Cloud Commissions Man/option_Variables' is clicked on

2018-09-10 11:31:30 - [MESSAGE][PASSED] - Object: 'Object Repository/Page_Callidus Cloud Commissions Man/option_Variables' is clicked on

2018-09-10 11:31:30 - [TEST_STEP][PASSED] - click: Object: 'Object Repository/Page_Callidus Cloud Commissions Man/td_Comparision' is clicked on

2018-09-10 11:31:30 - [MESSAGE][PASSED] - Object: 'Object Repository/Page_Callidus Cloud Commissions Man/td_Comparision' is clicked on

2018-09-10 11:31:30 - [TEST_STEP][PASSED] - scrollToElement: Scroll to object 'Object Repository/Page_Callidus Cloud Commissions Man/option_Equals' successfully

2018-09-10 11:31:30 - [MESSAGE][PASSED] - Scroll to object 'Object Repository/Page_Callidus Cloud Commissions Man/option_Equals' successfully

2018-09-10 11:31:30 - [TEST_STEP][PASSED] - delay: Delayed 2 second(s)

2018-09-10 11:31:32 - [MESSAGE][PASSED] - Delayed 2 second(s)

2018-09-10 11:31:32 - [TEST_STEP][PASSED] - click: Object: 'Object Repository/Page_Callidus Cloud Commissions Man/option_Equals' is clicked on

2018-09-10 11:31:33 - [MESSAGE][PASSED] - Object: 'Object Repository/Page_Callidus Cloud Commissions Man/option_Equals' is clicked on

2018-09-10 11:31:33 - [TEST_STEP][PASSED] - delay: Delayed 2 second(s)

2018-09-10 11:31:35 - [MESSAGE][PASSED] - Delayed 2 second(s)

2018-09-10 11:31:35 - [TEST_STEP][PASSED] - setText: Text 'Var_T_Demo3' is set on object 'Object Repository/Page_Callidus Cloud Commissions Man/td_Value'

2018-09-10 11:31:35 - [MESSAGE][PASSED] - Text 'Var_T_Demo3' is set on object 'Object Repository/Page_Callidus Cloud Commissions Man/td_Value'

2018-09-10 11:31:35 - [TEST_STEP][PASSED] - click: Object: 'Object Repository/Page_Callidus Cloud Commissions Man/input_Apply Search' is clicked on

2018-09-10 11:31:35 - [MESSAGE][PASSED] - Object: 'Object Repository/Page_Callidus Cloud Commissions Man/input_Apply Search' is clicked on

2018-09-10 11:31:35 - [TEST_STEP][PASSED] - delay: Delayed 5 second(s)

2018-09-10 11:31:40 - [MESSAGE][PASSED] - Delayed 5 second(s)

2018-09-10 11:31:40 - [TEST_STEP][NOT_RUN] - callTestCase: NOT_RUN: callTestCase

2018-09-10 11:31:40 - [MESSAGE][NOT_RUN] - NOT_RUN: callTestCase]]></system-out>
         <system-err><![CDATA[]]></system-err>
      </testcase>
      <testcase name="Test Cases/UnitType exists in the system" classname="Test Cases/UnitType exists in the system" status="PASSED">
         <system-out><![CDATA[2018-09-10 11:31:40 - [TEST_CASE][PASSED] - Test Cases/UnitType exists in the system: Test Cases/UnitType exists in the system

2018-09-10 11:31:40 - [TEST_STEP][NOT_RUN] - callTestCase: NOT_RUN: callTestCase

2018-09-10 11:31:40 - [MESSAGE][NOT_RUN] - NOT_RUN: callTestCase

2018-09-10 11:31:40 - [TEST_STEP][PASSED] - mouseOver: Object: 'Object Repository/Page_Callidus Cloud Commissions Man/div_ADMINISTRATION' is hovered

2018-09-10 11:31:40 - [MESSAGE][PASSED] - Object: 'Object Repository/Page_Callidus Cloud Commissions Man/div_ADMINISTRATION' is hovered

2018-09-10 11:31:40 - [TEST_STEP][PASSED] - delay: Delayed 3 second(s)

2018-09-10 11:31:43 - [MESSAGE][PASSED] - Delayed 3 second(s)

2018-09-10 11:31:43 - [TEST_STEP][PASSED] - scrollToElement: Scroll to object 'Object Repository/Page_Callidus Cloud Commissions Man/a_Unit Types' successfully

2018-09-10 11:31:43 - [MESSAGE][PASSED] - Scroll to object 'Object Repository/Page_Callidus Cloud Commissions Man/a_Unit Types' successfully

2018-09-10 11:31:43 - [TEST_STEP][PASSED] - delay: Delayed 3 second(s)

2018-09-10 11:31:46 - [MESSAGE][PASSED] - Delayed 3 second(s)

2018-09-10 11:31:46 - [TEST_STEP][PASSED] - click: Object: 'Object Repository/Page_Callidus Cloud Commissions Man/a_Unit Types' is clicked on

2018-09-10 11:31:47 - [MESSAGE][PASSED] - Object: 'Object Repository/Page_Callidus Cloud Commissions Man/a_Unit Types' is clicked on

2018-09-10 11:31:47 - [TEST_STEP][PASSED] - setText: Text 'USD' is set on object 'Object Repository/Page_Callidus Cloud Commissions Man/input_Enter Search Terms'

2018-09-10 11:31:47 - [MESSAGE][PASSED] - Text 'USD' is set on object 'Object Repository/Page_Callidus Cloud Commissions Man/input_Enter Search Terms'

2018-09-10 11:31:47 - [TEST_STEP][PASSED] - click: Object: 'Object Repository/Page_Callidus Cloud Commissions Man/a_Advanced Search' is clicked on

2018-09-10 11:31:47 - [MESSAGE][PASSED] - Object: 'Object Repository/Page_Callidus Cloud Commissions Man/a_Advanced Search' is clicked on

2018-09-10 11:31:47 - [TEST_STEP][PASSED] - delay: Delayed 3 second(s)

2018-09-10 11:31:50 - [MESSAGE][PASSED] - Delayed 3 second(s)

2018-09-10 11:31:50 - [TEST_STEP][PASSED] - click: Object: 'Object Repository/Page_Callidus Cloud Commissions Man/td_Field Name' is clicked on

2018-09-10 11:31:51 - [MESSAGE][PASSED] - Object: 'Object Repository/Page_Callidus Cloud Commissions Man/td_Field Name' is clicked on

2018-09-10 11:31:51 - [TEST_STEP][PASSED] - scrollToElement: Scroll to object 'Object Repository/Page_Callidus Cloud Commissions Man/a_UnitTypeId' successfully

2018-09-10 11:31:51 - [MESSAGE][PASSED] - Scroll to object 'Object Repository/Page_Callidus Cloud Commissions Man/a_UnitTypeId' successfully

2018-09-10 11:31:51 - [TEST_STEP][PASSED] - delay: Delayed 2 second(s)

2018-09-10 11:31:53 - [MESSAGE][PASSED] - Delayed 2 second(s)

2018-09-10 11:31:53 - [TEST_STEP][PASSED] - click: Object: 'Object Repository/Page_Callidus Cloud Commissions Man/a_UnitTypeId' is clicked on

2018-09-10 11:31:53 - [MESSAGE][PASSED] - Object: 'Object Repository/Page_Callidus Cloud Commissions Man/a_UnitTypeId' is clicked on

2018-09-10 11:31:53 - [TEST_STEP][PASSED] - click: Object: 'Object Repository/Page_Callidus Cloud Commissions Man/td_Comparision' is clicked on

2018-09-10 11:31:53 - [MESSAGE][PASSED] - Object: 'Object Repository/Page_Callidus Cloud Commissions Man/td_Comparision' is clicked on

2018-09-10 11:31:53 - [TEST_STEP][PASSED] - scrollToElement: Scroll to object 'Object Repository/Page_Callidus Cloud Commissions Man/option_Equals' successfully

2018-09-10 11:31:53 - [MESSAGE][PASSED] - Scroll to object 'Object Repository/Page_Callidus Cloud Commissions Man/option_Equals' successfully

2018-09-10 11:31:53 - [TEST_STEP][PASSED] - delay: Delayed 2 second(s)

2018-09-10 11:31:55 - [MESSAGE][PASSED] - Delayed 2 second(s)

2018-09-10 11:31:55 - [TEST_STEP][PASSED] - click: Object: 'Object Repository/Page_Callidus Cloud Commissions Man/option_Equals' is clicked on

2018-09-10 11:31:55 - [MESSAGE][PASSED] - Object: 'Object Repository/Page_Callidus Cloud Commissions Man/option_Equals' is clicked on

2018-09-10 11:31:55 - [TEST_STEP][PASSED] - setText: Text 'USD' is set on object 'Object Repository/Page_Callidus Cloud Commissions Man/td_Value'

2018-09-10 11:31:55 - [MESSAGE][PASSED] - Text 'USD' is set on object 'Object Repository/Page_Callidus Cloud Commissions Man/td_Value'

2018-09-10 11:31:55 - [TEST_STEP][PASSED] - delay: Delayed 2 second(s)

2018-09-10 11:31:57 - [MESSAGE][PASSED] - Delayed 2 second(s)

2018-09-10 11:31:57 - [TEST_STEP][PASSED] - click: Object: 'Object Repository/Page_Callidus Cloud Commissions Man/input_Apply Search' is clicked on

2018-09-10 11:31:57 - [MESSAGE][PASSED] - Object: 'Object Repository/Page_Callidus Cloud Commissions Man/input_Apply Search' is clicked on

2018-09-10 11:31:57 - [TEST_STEP][NOT_RUN] - callTestCase: NOT_RUN: callTestCase

2018-09-10 11:31:57 - [MESSAGE][NOT_RUN] - NOT_RUN: callTestCase]]></system-out>
         <system-err><![CDATA[]]></system-err>
      </testcase>
      <testcase name="Test Cases/Commission Logout" classname="Test Cases/Commission Logout" status="PASSED">
         <system-out><![CDATA[2018-09-10 11:31:57 - [TEST_CASE][PASSED] - Test Cases/Commission Logout: Test Cases/Commission Logout

2018-09-10 11:31:58 - [TEST_STEP][PASSED] - click: Object: 'Object Repository/Page_Callidus Cloud Commissions Man/span_rkulkarncalliduscloud.com' is clicked on

2018-09-10 11:31:58 - [MESSAGE][PASSED] - Object: 'Object Repository/Page_Callidus Cloud Commissions Man/span_rkulkarncalliduscloud.com' is clicked on

2018-09-10 11:31:58 - [TEST_STEP][PASSED] - click: Object: 'Object Repository/Page_Callidus Cloud Commissions Man/div_Logout' is clicked on

2018-09-10 11:31:59 - [MESSAGE][PASSED] - Object: 'Object Repository/Page_Callidus Cloud Commissions Man/div_Logout' is clicked on

2018-09-10 11:31:59 - [TEST_STEP][PASSED] - closeBrowser: Browser is closed

2018-09-10 11:32:00 - [MESSAGE][PASSED] - Browser is closed]]></system-out>
         <system-err><![CDATA[]]></system-err>
      </testcase>
      <system-out><![CDATA[2018-09-10 11:24:02 - [TEST_SUITE][FAILED] - TestDemo: Test Cases/Deposit Rule exists in the system FAILED because (of) Unable to click on object 'Object Repository/Page_Plan Tab/a_Rules' (Root cause: org.openqa.selenium.ElementNotVisibleException: element not visible
  (Session info: chrome=68.0.3440.106)
  (Driver info: chromedriver=2.35.528161 (5b82f2d2aae0ca24b877009200ced9065a772e73),platform=Windows NT 10.0.17134 x86_64) (WARNING: The server did not provide any stacktrace information)
Command duration or timeout: 0 milliseconds
Build info: version: '3.7.1', revision: '8a0099a', time: '2017-11-06T21:07:36.161Z'
System info: host: 'KIKOSANA-T450S', ip: '10.125.199.25', os.name: 'Windows 10', os.arch: 'amd64', os.version: '10.0', java.version: '1.8.0_181'
Driver info: com.kms.katalon.selenium.driver.CChromeDriver
Capabilities {acceptInsecureCerts: false, acceptSslCerts: false, applicationCacheEnabled: false, browserConnectionEnabled: false, browserName: chrome, chrome: {chromedriverVersion: 2.35.528161 (5b82f2d2aae0ca..., userDataDir: C:\Users\kikosana\AppData\L...}, cssSelectorsEnabled: true, databaseEnabled: false, handlesAlerts: true, hasTouchScreen: false, javascriptEnabled: true, locationContextEnabled: true, mobileEmulationEnabled: false, nativeEvents: true, networkConnectionEnabled: false, pageLoadStrategy: normal, platform: XP, platformName: XP, rotatable: false, setWindowRect: true, takesHeapSnapshot: true, takesScreenshot: true, unexpectedAlertBehaviour: , unhandledPromptBehavior: , version: 68.0.3440.106, webStorageEnabled: true}
Session ID: 8999daa18fa6d12beb906a67ba098d27)]]></system-out>
      <system-err><![CDATA[2018-09-10 11:24:02 - [TEST_SUITE][FAILED] - TestDemo: Test Cases/Deposit Rule exists in the system FAILED because (of) Unable to click on object 'Object Repository/Page_Plan Tab/a_Rules' (Root cause: org.openqa.selenium.ElementNotVisibleException: element not visible
  (Session info: chrome=68.0.3440.106)
  (Driver info: chromedriver=2.35.528161 (5b82f2d2aae0ca24b877009200ced9065a772e73),platform=Windows NT 10.0.17134 x86_64) (WARNING: The server did not provide any stacktrace information)
Command duration or timeout: 0 milliseconds
Build info: version: '3.7.1', revision: '8a0099a', time: '2017-11-06T21:07:36.161Z'
System info: host: 'KIKOSANA-T450S', ip: '10.125.199.25', os.name: 'Windows 10', os.arch: 'amd64', os.version: '10.0', java.version: '1.8.0_181'
Driver info: com.kms.katalon.selenium.driver.CChromeDriver
Capabilities {acceptInsecureCerts: false, acceptSslCerts: false, applicationCacheEnabled: false, browserConnectionEnabled: false, browserName: chrome, chrome: {chromedriverVersion: 2.35.528161 (5b82f2d2aae0ca..., userDataDir: C:\Users\kikosana\AppData\L...}, cssSelectorsEnabled: true, databaseEnabled: false, handlesAlerts: true, hasTouchScreen: false, javascriptEnabled: true, locationContextEnabled: true, mobileEmulationEnabled: false, nativeEvents: true, networkConnectionEnabled: false, pageLoadStrategy: normal, platform: XP, platformName: XP, rotatable: false, setWindowRect: true, takesHeapSnapshot: true, takesScreenshot: true, unexpectedAlertBehaviour: , unhandledPromptBehavior: , version: 68.0.3440.106, webStorageEnabled: true}
Session ID: 8999daa18fa6d12beb906a67ba098d27)]]></system-err>
   </testsuite>
</testsuites>
