<?xml version="1.0" encoding="UTF-8"?>
<testsuites name="Testcode" time="36" tests="2" failures="0" errors="0">
   <testsuite name="Testcode" tests="2" failures="0" errors="0" time="36" timestamp="2018-09-11 16:19:34" hostname="kikosana - KIKOSANA-T450S.callidussoftware.com" id="Test Suites/Testcode">
      <properties>
         <property name="deviceName" value=""/>
         <property name="devicePlatform" value=""/>
         <property name="logFolder" value="C:\\Users\\kikosana\\Downloads\\UAT_Commission-master (2)\\UAT_Commission-master\\Reports\\Testcode\\20180911_161931"/>
         <property name="logFiles" value="C:\\Users\\kikosana\\Downloads\\UAT_Commission-master (2)\\UAT_Commission-master\\Reports\\Testcode\\20180911_161931\\execution0.log"/>
         <property name="attachments" value=""/>
         <property name="hostName" value="kikosana - KIKOSANA-T450S.callidussoftware.com"/>
         <property name="os" value="Windows 10 64bit"/>
         <property name="katalonVersion" value="5.6.3.1"/>
         <property name="browser" value="Chrome 68.0.3440.106"/>
         <property name="hostAddress" value="10.0.0.88"/>
         <property name="sessionId" value="74f65e9e7ca2dd93da3b3e20ee08dbba"/>
         <property name="seleniumVersion" value="3.7.1"/>
         <property name="proxyInformation" value="ProxyInformation{proxyOption=NO_PROXY, proxyServerType=HTTP, password=, proxyServerAddress=, proxyServerPort=0}"/>
         <property name="platform" value="Windows 10"/>
      </properties>
      <testcase name="Test Cases/Commission Login" classname="Test Cases/Commission Login" status="PASSED">
         <system-out><![CDATA[2018-09-11 16:19:34 - [TEST_CASE][PASSED] - Test Cases/Commission Login: Test Cases/Commission Login

2018-09-11 16:19:34 - [TEST_STEP][PASSED] - Start listener action : sampleBeforeTestCase: Invoke 'com.kms.katalon.core.annotation.BeforeTestCase' method: 'NewTestListener.sampleBeforeTestCase(...)' completed.

2018-09-11 16:19:34 - [TEST_STEP][PASSED] - Statement - println(testCaseContext.getTestCaseId()): null

2018-09-11 16:19:34 - [TEST_STEP][PASSED] - Statement - println(testCaseContext.getTestCaseVariables()): Invoke 'com.kms.katalon.core.annotation.BeforeTestCase' method: 'NewTestListener.sampleBeforeTestCase(...)' completed.

2018-09-11 16:19:35 - [TEST_STEP][PASSED] - openBrowser: Browser is opened with url: ''

2018-09-11 16:19:38 - [MESSAGE][PASSED] - Browser is opened with url: ''

2018-09-11 16:19:38 - [TEST_STEP][PASSED] - navigateToUrl: Navigate to 'https://biz3-tst.callidusondemand.com/SalesPortal/#!/' successfully

2018-09-11 16:19:40 - [MESSAGE][PASSED] - Navigate to 'https://biz3-tst.callidusondemand.com/SalesPortal/#!/' successfully

2018-09-11 16:19:40 - [TEST_STEP][PASSED] - maximizeWindow: Current window maximized

2018-09-11 16:19:41 - [MESSAGE][PASSED] - Current window maximized

2018-09-11 16:19:41 - [TEST_STEP][PASSED] - setText: Text 'kikosana@calliduscloud.com' is set on object 'Object Repository/Page_Sales Performance Home/input_username'

2018-09-11 16:19:41 - [MESSAGE][PASSED] - Text 'kikosana@calliduscloud.com' is set on object 'Object Repository/Page_Sales Performance Home/input_username'

2018-09-11 16:19:41 - [TEST_STEP][PASSED] - setText: Text 'Kiran09@@' is set on object 'Object Repository/Page_Sales Performance Home/input_password'

2018-09-11 16:19:42 - [MESSAGE][PASSED] - Text 'Kiran09@@' is set on object 'Object Repository/Page_Sales Performance Home/input_password'

2018-09-11 16:19:42 - [TEST_STEP][PASSED] - click: Object: 'Object Repository/Page_Sales Performance Home/button_Login' is clicked on

2018-09-11 16:19:42 - [MESSAGE][PASSED] - Object: 'Object Repository/Page_Sales Performance Home/button_Login' is clicked on

2018-09-11 16:19:42 - [TEST_STEP][PASSED] - click: Object: 'Object Repository/Page_Sales Performance Home/span_Sales Performance Home' is clicked on

2018-09-11 16:19:43 - [MESSAGE][PASSED] - Object: 'Object Repository/Page_Sales Performance Home/span_Sales Performance Home' is clicked on

2018-09-11 16:19:43 - [TEST_STEP][PASSED] - click: Object: 'Object Repository/Page_Sales Performance Home/a_Commissions' is clicked on

2018-09-11 16:19:43 - [MESSAGE][PASSED] - Object: 'Object Repository/Page_Sales Performance Home/a_Commissions' is clicked on

2018-09-11 16:19:43 - [TEST_STEP][PASSED] - click: Object: 'Object Repository/Page_Callidus Cloud Commissions Man/a_Manage Setup' is clicked on

2018-09-11 16:19:49 - [MESSAGE][PASSED] - Object: 'Object Repository/Page_Callidus Cloud Commissions Man/a_Manage Setup' is clicked on]]></system-out>
         <system-err><![CDATA[]]></system-err>
      </testcase>
      <testcase name="Test Cases/Earning Codes exist in the system" classname="Test Cases/Earning Codes exist in the system" status="PASSED">
         <system-out><![CDATA[2018-09-11 16:19:49 - [TEST_CASE][PASSED] - Test Cases/Earning Codes exist in the system: Test Cases/Earning Codes exist in the system

2018-09-11 16:19:49 - [TEST_STEP][PASSED] - Start listener action : sampleBeforeTestCase: Invoke 'com.kms.katalon.core.annotation.BeforeTestCase' method: 'NewTestListener.sampleBeforeTestCase(...)' completed.

2018-09-11 16:19:49 - [TEST_STEP][PASSED] - Statement - println(testCaseContext.getTestCaseId()): null

2018-09-11 16:19:49 - [TEST_STEP][PASSED] - Statement - println(testCaseContext.getTestCaseVariables()): Invoke 'com.kms.katalon.core.annotation.BeforeTestCase' method: 'NewTestListener.sampleBeforeTestCase(...)' completed.

2018-09-11 16:19:49 - [TEST_STEP][NOT_RUN] - callTestCase: NOT_RUN: callTestCase

2018-09-11 16:19:49 - [MESSAGE][NOT_RUN] - NOT_RUN: callTestCase

2018-09-11 16:19:49 - [TEST_STEP][NOT_RUN] - callTestCase: NOT_RUN: callTestCase

2018-09-11 16:19:49 - [MESSAGE][NOT_RUN] - NOT_RUN: callTestCase

2018-09-11 16:19:49 - [TEST_STEP][PASSED] - callTestCase: Call Test Case 'Test Cases/Commission Login' successfully

2018-09-11 16:19:50 - [TEST_CASE][PASSED] - Test Cases/Commission Login: Test Cases/Commission Login

2018-09-11 16:19:50 - [TEST_STEP][PASSED] - openBrowser: Browser is opened with url: ''

2018-09-11 16:19:50 - [MESSAGE][WARNING] - A browser is already opened. Closing browser and opening a new one

2018-09-11 16:19:53 - [MESSAGE][PASSED] - Browser is opened with url: ''

2018-09-11 16:19:53 - [TEST_STEP][PASSED] - navigateToUrl: Navigate to 'https://biz3-tst.callidusondemand.com/SalesPortal/#!/' successfully

2018-09-11 16:19:54 - [MESSAGE][PASSED] - Navigate to 'https://biz3-tst.callidusondemand.com/SalesPortal/#!/' successfully

2018-09-11 16:19:54 - [TEST_STEP][PASSED] - maximizeWindow: Current window maximized

2018-09-11 16:19:55 - [MESSAGE][PASSED] - Current window maximized

2018-09-11 16:19:55 - [TEST_STEP][PASSED] - setText: Text 'kikosana@calliduscloud.com' is set on object 'Object Repository/Page_Sales Performance Home/input_username'

2018-09-11 16:19:55 - [MESSAGE][PASSED] - Text 'kikosana@calliduscloud.com' is set on object 'Object Repository/Page_Sales Performance Home/input_username'

2018-09-11 16:19:55 - [TEST_STEP][PASSED] - setText: Text 'Kiran09@@' is set on object 'Object Repository/Page_Sales Performance Home/input_password'

2018-09-11 16:19:56 - [MESSAGE][PASSED] - Text 'Kiran09@@' is set on object 'Object Repository/Page_Sales Performance Home/input_password'

2018-09-11 16:19:56 - [TEST_STEP][PASSED] - click: Object: 'Object Repository/Page_Sales Performance Home/button_Login' is clicked on

2018-09-11 16:19:56 - [MESSAGE][PASSED] - Object: 'Object Repository/Page_Sales Performance Home/button_Login' is clicked on

2018-09-11 16:19:56 - [TEST_STEP][PASSED] - click: Object: 'Object Repository/Page_Sales Performance Home/span_Sales Performance Home' is clicked on

2018-09-11 16:19:57 - [MESSAGE][PASSED] - Object: 'Object Repository/Page_Sales Performance Home/span_Sales Performance Home' is clicked on

2018-09-11 16:19:57 - [TEST_STEP][PASSED] - click: Object: 'Object Repository/Page_Sales Performance Home/a_Commissions' is clicked on

2018-09-11 16:19:57 - [MESSAGE][PASSED] - Object: 'Object Repository/Page_Sales Performance Home/a_Commissions' is clicked on

2018-09-11 16:19:57 - [TEST_STEP][PASSED] - click: Object: 'Object Repository/Page_Callidus Cloud Commissions Man/a_Manage Setup' is clicked on

2018-09-11 16:20:03 - [MESSAGE][PASSED] - Object: 'Object Repository/Page_Callidus Cloud Commissions Man/a_Manage Setup' is clicked on

2018-09-11 16:20:03 - [MESSAGE][PASSED] - Call Test Case 'Test Cases/Commission Login' successfully

2018-09-11 16:20:03 - [TEST_STEP][PASSED] - mouseOver: Object: 'Object Repository/Page_Callidus Cloud Commissions Man/div_ADMINISTRATION' is hovered

2018-09-11 16:20:03 - [MESSAGE][PASSED] - Object: 'Object Repository/Page_Callidus Cloud Commissions Man/div_ADMINISTRATION' is hovered

2018-09-11 16:20:03 - [TEST_STEP][PASSED] - delay: Delayed 5 second(s)

2018-09-11 16:20:08 - [MESSAGE][PASSED] - Delayed 5 second(s)

2018-09-11 16:20:08 - [TEST_STEP][PASSED] - scrollToElement: Scroll to object 'Object Repository/Page_Callidus Cloud Commissions Man/Reason Codes' successfully

2018-09-11 16:20:08 - [MESSAGE][PASSED] - Scroll to object 'Object Repository/Page_Callidus Cloud Commissions Man/Reason Codes' successfully

2018-09-11 16:20:08 - [TEST_STEP][PASSED] - click: Object: 'Object Repository/Page_Callidus Cloud Commissions Man/Reason Codes' is clicked on

2018-09-11 16:20:09 - [MESSAGE][PASSED] - Object: 'Object Repository/Page_Callidus Cloud Commissions Man/Reason Codes' is clicked on

2018-09-11 16:20:09 - [TEST_STEP][PASSED] - click: Object: 'Object Repository/Page_Callidus Cloud Commissions Man/a_Advanced Search' is clicked on

2018-09-11 16:20:09 - [MESSAGE][PASSED] - Object: 'Object Repository/Page_Callidus Cloud Commissions Man/a_Advanced Search' is clicked on

2018-09-11 16:20:09 - [TEST_STEP][NOT_RUN] - click: NOT_RUN: click

2018-09-11 16:20:09 - [MESSAGE][NOT_RUN] - NOT_RUN: click

2018-09-11 16:20:09 - [TEST_STEP][NOT_RUN] - scrollToElement: NOT_RUN: scrollToElement

2018-09-11 16:20:09 - [MESSAGE][NOT_RUN] - NOT_RUN: scrollToElement

2018-09-11 16:20:09 - [TEST_STEP][NOT_RUN] - click: NOT_RUN: click

2018-09-11 16:20:09 - [MESSAGE][NOT_RUN] - NOT_RUN: click

2018-09-11 16:20:09 - [TEST_STEP][NOT_RUN] - click: NOT_RUN: click

2018-09-11 16:20:09 - [MESSAGE][NOT_RUN] - NOT_RUN: click

2018-09-11 16:20:09 - [TEST_STEP][NOT_RUN] - scrollToElement: NOT_RUN: scrollToElement

2018-09-11 16:20:09 - [MESSAGE][NOT_RUN] - NOT_RUN: scrollToElement

2018-09-11 16:20:09 - [TEST_STEP][NOT_RUN] - click: NOT_RUN: click

2018-09-11 16:20:09 - [MESSAGE][NOT_RUN] - NOT_RUN: click

2018-09-11 16:20:09 - [TEST_STEP][NOT_RUN] - setText: NOT_RUN: setText

2018-09-11 16:20:09 - [MESSAGE][NOT_RUN] - NOT_RUN: setText

2018-09-11 16:20:09 - [TEST_STEP][NOT_RUN] - click: NOT_RUN: click

2018-09-11 16:20:09 - [MESSAGE][NOT_RUN] - NOT_RUN: click

2018-09-11 16:20:09 - [TEST_STEP][NOT_RUN] - callTestCase: NOT_RUN: callTestCase

2018-09-11 16:20:09 - [MESSAGE][NOT_RUN] - NOT_RUN: callTestCase]]></system-out>
         <system-err><![CDATA[]]></system-err>
      </testcase>
      <system-out><![CDATA[2018-09-11 16:19:34 - [TEST_SUITE][PASSED] - Testcode: Test Cases/Earning Codes exist in the system]]></system-out>
      <system-err><![CDATA[]]></system-err>
   </testsuite>
</testsuites>
