<?xml version="1.0" encoding="UTF-8"?>
<testsuites name="TestDemo" time="734" tests="22" failures="0" errors="0">
   <testsuite name="TestDemo" tests="22" failures="0" errors="0" time="734" timestamp="2018-09-11 16:22:38" hostname="kikosana - KIKOSANA-T450S.callidussoftware.com" id="Test Suites/TestDemo">
      <properties>
         <property name="deviceName" value=""/>
         <property name="devicePlatform" value=""/>
         <property name="logFolder" value="C:\\Users\\kikosana\\Downloads\\UAT_Commission-master (2)\\UAT_Commission-master\\Reports\\TestDemo\\20180911_162235"/>
         <property name="logFiles" value="C:\\Users\\kikosana\\Downloads\\UAT_Commission-master (2)\\UAT_Commission-master\\Reports\\TestDemo\\20180911_162235\\execution0.log"/>
         <property name="attachments" value=""/>
         <property name="hostName" value="kikosana - KIKOSANA-T450S.callidussoftware.com"/>
         <property name="os" value="Windows 10 64bit"/>
         <property name="katalonVersion" value="5.6.3.1"/>
         <property name="browser" value="Chrome 68.0.3440.106"/>
         <property name="hostAddress" value="10.0.0.88"/>
         <property name="sessionId" value="85004e6d860fef632d075e62791b85a0"/>
         <property name="seleniumVersion" value="3.7.1"/>
         <property name="proxyInformation" value="ProxyInformation{proxyOption=NO_PROXY, proxyServerType=HTTP, password=, proxyServerAddress=, proxyServerPort=0}"/>
         <property name="platform" value="Windows 10"/>
      </properties>
      <testcase name="Test Cases/Commission Login" classname="Test Cases/Commission Login" status="PASSED">
         <system-out><![CDATA[2018-09-11 16:22:39 - [TEST_CASE][PASSED] - Test Cases/Commission Login: Test Cases/Commission Login

2018-09-11 16:22:39 - [TEST_STEP][PASSED] - Start listener action : sampleBeforeTestCase: Invoke 'com.kms.katalon.core.annotation.BeforeTestCase' method: 'NewTestListener.sampleBeforeTestCase(...)' completed.

2018-09-11 16:22:39 - [TEST_STEP][PASSED] - Statement - println(testCaseContext.getTestCaseId()): null

2018-09-11 16:22:39 - [TEST_STEP][PASSED] - Statement - println(testCaseContext.getTestCaseVariables()): Invoke 'com.kms.katalon.core.annotation.BeforeTestCase' method: 'NewTestListener.sampleBeforeTestCase(...)' completed.

2018-09-11 16:22:39 - [TEST_STEP][PASSED] - openBrowser: Browser is opened with url: ''

2018-09-11 16:22:43 - [MESSAGE][PASSED] - Browser is opened with url: ''

2018-09-11 16:22:43 - [TEST_STEP][PASSED] - navigateToUrl: Navigate to 'https://biz3-tst.callidusondemand.com/SalesPortal/#!/' successfully

2018-09-11 16:22:44 - [MESSAGE][PASSED] - Navigate to 'https://biz3-tst.callidusondemand.com/SalesPortal/#!/' successfully

2018-09-11 16:22:44 - [TEST_STEP][PASSED] - maximizeWindow: Current window maximized

2018-09-11 16:22:45 - [MESSAGE][PASSED] - Current window maximized

2018-09-11 16:22:45 - [TEST_STEP][PASSED] - setText: Text 'kikosana@calliduscloud.com' is set on object 'Object Repository/Page_Sales Performance Home/input_username'

2018-09-11 16:22:46 - [MESSAGE][PASSED] - Text 'kikosana@calliduscloud.com' is set on object 'Object Repository/Page_Sales Performance Home/input_username'

2018-09-11 16:22:46 - [TEST_STEP][PASSED] - setText: Text 'Kiran09@@' is set on object 'Object Repository/Page_Sales Performance Home/input_password'

2018-09-11 16:22:46 - [MESSAGE][PASSED] - Text 'Kiran09@@' is set on object 'Object Repository/Page_Sales Performance Home/input_password'

2018-09-11 16:22:46 - [TEST_STEP][PASSED] - click: Object: 'Object Repository/Page_Sales Performance Home/button_Login' is clicked on

2018-09-11 16:22:46 - [MESSAGE][PASSED] - Object: 'Object Repository/Page_Sales Performance Home/button_Login' is clicked on

2018-09-11 16:22:46 - [TEST_STEP][PASSED] - click: Object: 'Object Repository/Page_Sales Performance Home/span_Sales Performance Home' is clicked on

2018-09-11 16:22:47 - [MESSAGE][PASSED] - Object: 'Object Repository/Page_Sales Performance Home/span_Sales Performance Home' is clicked on

2018-09-11 16:22:47 - [TEST_STEP][PASSED] - click: Object: 'Object Repository/Page_Sales Performance Home/a_Commissions' is clicked on

2018-09-11 16:22:48 - [MESSAGE][PASSED] - Object: 'Object Repository/Page_Sales Performance Home/a_Commissions' is clicked on

2018-09-11 16:22:48 - [TEST_STEP][PASSED] - click: Object: 'Object Repository/Page_Callidus Cloud Commissions Man/a_Manage Setup' is clicked on

2018-09-11 16:22:54 - [MESSAGE][PASSED] - Object: 'Object Repository/Page_Callidus Cloud Commissions Man/a_Manage Setup' is clicked on]]></system-out>
         <system-err><![CDATA[]]></system-err>
      </testcase>
      <testcase name="Test Cases/Credit Rule exists in the system" classname="Test Cases/Credit Rule exists in the system" status="PASSED">
         <system-out><![CDATA[2018-09-11 16:22:54 - [TEST_CASE][PASSED] - Test Cases/Credit Rule exists in the system: Test Cases/Credit Rule exists in the system

2018-09-11 16:22:54 - [TEST_STEP][PASSED] - Start listener action : sampleBeforeTestCase: Invoke 'com.kms.katalon.core.annotation.BeforeTestCase' method: 'NewTestListener.sampleBeforeTestCase(...)' completed.

2018-09-11 16:22:54 - [TEST_STEP][PASSED] - Statement - println(testCaseContext.getTestCaseId()): null

2018-09-11 16:22:54 - [TEST_STEP][PASSED] - Statement - println(testCaseContext.getTestCaseVariables()): Invoke 'com.kms.katalon.core.annotation.BeforeTestCase' method: 'NewTestListener.sampleBeforeTestCase(...)' completed.

2018-09-11 16:22:54 - [TEST_STEP][NOT_RUN] - callTestCase: NOT_RUN: callTestCase

2018-09-11 16:22:54 - [MESSAGE][NOT_RUN] - NOT_RUN: callTestCase

2018-09-11 16:22:54 - [TEST_STEP][PASSED] - delay: Delayed 5 second(s)

2018-09-11 16:22:59 - [MESSAGE][PASSED] - Delayed 5 second(s)

2018-09-11 16:22:59 - [TEST_STEP][PASSED] - mouseOver: Object: 'Object Repository/Page_Plan Tab/a_Plan' is hovered

2018-09-11 16:22:59 - [MESSAGE][PASSED] - Object: 'Object Repository/Page_Plan Tab/a_Plan' is hovered

2018-09-11 16:22:59 - [TEST_STEP][PASSED] - delay: Delayed 3 second(s)

2018-09-11 16:23:02 - [MESSAGE][PASSED] - Delayed 3 second(s)

2018-09-11 16:23:02 - [TEST_STEP][PASSED] - scrollToElement: Scroll to object 'Object Repository/Page_Plan Tab/a_Rules' successfully

2018-09-11 16:23:02 - [MESSAGE][PASSED] - Scroll to object 'Object Repository/Page_Plan Tab/a_Rules' successfully

2018-09-11 16:23:02 - [TEST_STEP][PASSED] - delay: Delayed 4 second(s)

2018-09-11 16:23:06 - [MESSAGE][PASSED] - Delayed 4 second(s)

2018-09-11 16:23:06 - [TEST_STEP][PASSED] - click: Object: 'Object Repository/Page_Plan Tab/a_Rules' is clicked on

2018-09-11 16:23:07 - [MESSAGE][PASSED] - Object: 'Object Repository/Page_Plan Tab/a_Rules' is clicked on

2018-09-11 16:23:07 - [TEST_STEP][PASSED] - click: Object: 'Object Repository/Page_Callidus Cloud Commissions Man/a_Advanced Search' is clicked on

2018-09-11 16:23:08 - [MESSAGE][PASSED] - Object: 'Object Repository/Page_Callidus Cloud Commissions Man/a_Advanced Search' is clicked on

2018-09-11 16:23:08 - [TEST_STEP][PASSED] - delay: Delayed 3 second(s)

2018-09-11 16:23:11 - [MESSAGE][PASSED] - Delayed 3 second(s)

2018-09-11 16:23:11 - [TEST_STEP][PASSED] - click: Object: 'Object Repository/Page_Callidus Cloud Commissions Man/td_Field Name' is clicked on

2018-09-11 16:23:11 - [MESSAGE][PASSED] - Object: 'Object Repository/Page_Callidus Cloud Commissions Man/td_Field Name' is clicked on

2018-09-11 16:23:11 - [TEST_STEP][PASSED] - delay: Delayed 2 second(s)

2018-09-11 16:23:13 - [MESSAGE][PASSED] - Delayed 2 second(s)

2018-09-11 16:23:13 - [TEST_STEP][PASSED] - scrollToElement: Scroll to object 'Object Repository/Page_Plan Tab/a_Field_name' successfully

2018-09-11 16:23:13 - [MESSAGE][PASSED] - Scroll to object 'Object Repository/Page_Plan Tab/a_Field_name' successfully

2018-09-11 16:23:13 - [TEST_STEP][PASSED] - delay: Delayed 2 second(s)

2018-09-11 16:23:15 - [MESSAGE][PASSED] - Delayed 2 second(s)

2018-09-11 16:23:15 - [TEST_STEP][PASSED] - click: Object: 'Object Repository/Page_Plan Tab/a_Field_name' is clicked on

2018-09-11 16:23:15 - [MESSAGE][PASSED] - Object: 'Object Repository/Page_Plan Tab/a_Field_name' is clicked on

2018-09-11 16:23:15 - [TEST_STEP][PASSED] - click: Object: 'Object Repository/Page_Callidus Cloud Commissions Man/td_Comparision' is clicked on

2018-09-11 16:23:15 - [MESSAGE][PASSED] - Object: 'Object Repository/Page_Callidus Cloud Commissions Man/td_Comparision' is clicked on

2018-09-11 16:23:15 - [TEST_STEP][PASSED] - delay: Delayed 2 second(s)

2018-09-11 16:23:17 - [MESSAGE][PASSED] - Delayed 2 second(s)

2018-09-11 16:23:17 - [TEST_STEP][PASSED] - scrollToElement: Scroll to object 'Object Repository/Page_Callidus Cloud Commissions Man/option_Equals' successfully

2018-09-11 16:23:17 - [MESSAGE][PASSED] - Scroll to object 'Object Repository/Page_Callidus Cloud Commissions Man/option_Equals' successfully

2018-09-11 16:23:17 - [TEST_STEP][PASSED] - delay: Delayed 2 second(s)

2018-09-11 16:23:19 - [MESSAGE][PASSED] - Delayed 2 second(s)

2018-09-11 16:23:19 - [TEST_STEP][PASSED] - click: Object: 'Object Repository/Page_Callidus Cloud Commissions Man/option_Equals' is clicked on

2018-09-11 16:23:20 - [MESSAGE][PASSED] - Object: 'Object Repository/Page_Callidus Cloud Commissions Man/option_Equals' is clicked on

2018-09-11 16:23:20 - [TEST_STEP][PASSED] - delay: Delayed 2 second(s)

2018-09-11 16:23:22 - [MESSAGE][PASSED] - Delayed 2 second(s)

2018-09-11 16:23:22 - [TEST_STEP][PASSED] - setText: Text 'CR Territory Booking' is set on object 'Object Repository/Page_Callidus Cloud Commissions Man/td_Value'

2018-09-11 16:23:22 - [MESSAGE][PASSED] - Text 'CR Territory Booking' is set on object 'Object Repository/Page_Callidus Cloud Commissions Man/td_Value'

2018-09-11 16:23:22 - [TEST_STEP][PASSED] - delay: Delayed 2 second(s)

2018-09-11 16:23:24 - [MESSAGE][PASSED] - Delayed 2 second(s)

2018-09-11 16:23:24 - [TEST_STEP][PASSED] - click: Object: 'Object Repository/Page_Callidus Cloud Commissions Man/input_Apply Search' is clicked on

2018-09-11 16:23:24 - [MESSAGE][PASSED] - Object: 'Object Repository/Page_Callidus Cloud Commissions Man/input_Apply Search' is clicked on

2018-09-11 16:23:24 - [TEST_STEP][NOT_RUN] - acceptAlert: NOT_RUN: acceptAlert

2018-09-11 16:23:24 - [MESSAGE][NOT_RUN] - NOT_RUN: acceptAlert

2018-09-11 16:23:24 - [TEST_STEP][NOT_RUN] - callTestCase: NOT_RUN: callTestCase

2018-09-11 16:23:24 - [MESSAGE][NOT_RUN] - NOT_RUN: callTestCase]]></system-out>
         <system-err><![CDATA[]]></system-err>
      </testcase>
      <testcase name="Test Cases/Credit Types exist in the system" classname="Test Cases/Credit Types exist in the system" status="PASSED">
         <system-out><![CDATA[2018-09-11 16:23:24 - [TEST_CASE][PASSED] - Test Cases/Credit Types exist in the system: Test Cases/Credit Types exist in the system

2018-09-11 16:23:24 - [TEST_STEP][PASSED] - Start listener action : sampleBeforeTestCase: Invoke 'com.kms.katalon.core.annotation.BeforeTestCase' method: 'NewTestListener.sampleBeforeTestCase(...)' completed.

2018-09-11 16:23:24 - [TEST_STEP][PASSED] - Statement - println(testCaseContext.getTestCaseId()): null

2018-09-11 16:23:24 - [TEST_STEP][PASSED] - Statement - println(testCaseContext.getTestCaseVariables()): Invoke 'com.kms.katalon.core.annotation.BeforeTestCase' method: 'NewTestListener.sampleBeforeTestCase(...)' completed.

2018-09-11 16:23:25 - [TEST_STEP][NOT_RUN] - callTestCase: NOT_RUN: callTestCase

2018-09-11 16:23:25 - [MESSAGE][NOT_RUN] - NOT_RUN: callTestCase

2018-09-11 16:23:25 - [TEST_STEP][PASSED] - mouseOver: Object: 'Object Repository/Page_Callidus Cloud Commissions Man/div_ADMINISTRATION' is hovered

2018-09-11 16:23:25 - [MESSAGE][PASSED] - Object: 'Object Repository/Page_Callidus Cloud Commissions Man/div_ADMINISTRATION' is hovered

2018-09-11 16:23:25 - [TEST_STEP][PASSED] - delay: Delayed 5 second(s)

2018-09-11 16:23:30 - [MESSAGE][PASSED] - Delayed 5 second(s)

2018-09-11 16:23:30 - [TEST_STEP][PASSED] - scrollToElement: Scroll to object 'Object Repository/Page_Callidus Cloud Commissions Man/a_Credit Types' successfully

2018-09-11 16:23:30 - [MESSAGE][PASSED] - Scroll to object 'Object Repository/Page_Callidus Cloud Commissions Man/a_Credit Types' successfully

2018-09-11 16:23:30 - [TEST_STEP][PASSED] - delay: Delayed 4 second(s)

2018-09-11 16:23:34 - [MESSAGE][PASSED] - Delayed 4 second(s)

2018-09-11 16:23:34 - [TEST_STEP][PASSED] - click: Object: 'Object Repository/Page_Callidus Cloud Commissions Man/a_Credit Types' is clicked on

2018-09-11 16:23:35 - [MESSAGE][PASSED] - Object: 'Object Repository/Page_Callidus Cloud Commissions Man/a_Credit Types' is clicked on

2018-09-11 16:23:35 - [TEST_STEP][PASSED] - delay: Delayed 2 second(s)

2018-09-11 16:23:37 - [MESSAGE][PASSED] - Delayed 2 second(s)

2018-09-11 16:23:37 - [TEST_STEP][PASSED] - click: Object: 'Object Repository/Page_Callidus Cloud Commissions Man/a_Advanced Search' is clicked on

2018-09-11 16:23:37 - [MESSAGE][PASSED] - Object: 'Object Repository/Page_Callidus Cloud Commissions Man/a_Advanced Search' is clicked on

2018-09-11 16:23:37 - [TEST_STEP][PASSED] - delay: Delayed 2 second(s)

2018-09-11 16:23:39 - [MESSAGE][PASSED] - Delayed 2 second(s)

2018-09-11 16:23:39 - [TEST_STEP][PASSED] - click: Object: 'Object Repository/Page_Callidus Cloud Commissions Man/td_Field Name' is clicked on

2018-09-11 16:23:39 - [MESSAGE][PASSED] - Object: 'Object Repository/Page_Callidus Cloud Commissions Man/td_Field Name' is clicked on

2018-09-11 16:23:39 - [TEST_STEP][PASSED] - delay: Delayed 2 second(s)

2018-09-11 16:23:41 - [MESSAGE][PASSED] - Delayed 2 second(s)

2018-09-11 16:23:41 - [TEST_STEP][PASSED] - scrollToElement: Scroll to object 'Object Repository/Page_Callidus Cloud Commissions Man/option_credit types id' successfully

2018-09-11 16:23:41 - [MESSAGE][PASSED] - Scroll to object 'Object Repository/Page_Callidus Cloud Commissions Man/option_credit types id' successfully

2018-09-11 16:23:41 - [TEST_STEP][PASSED] - delay: Delayed 2 second(s)

2018-09-11 16:23:43 - [MESSAGE][PASSED] - Delayed 2 second(s)

2018-09-11 16:23:43 - [TEST_STEP][PASSED] - click: Object: 'Object Repository/Page_Callidus Cloud Commissions Man/option_credit types id' is clicked on

2018-09-11 16:23:43 - [MESSAGE][PASSED] - Object: 'Object Repository/Page_Callidus Cloud Commissions Man/option_credit types id' is clicked on

2018-09-11 16:23:43 - [TEST_STEP][PASSED] - click: Object: 'Object Repository/Page_Callidus Cloud Commissions Man/td_Comparision' is clicked on

2018-09-11 16:23:43 - [MESSAGE][PASSED] - Object: 'Object Repository/Page_Callidus Cloud Commissions Man/td_Comparision' is clicked on

2018-09-11 16:23:43 - [TEST_STEP][PASSED] - scrollToElement: Scroll to object 'Object Repository/Page_Callidus Cloud Commissions Man/option_Equals' successfully

2018-09-11 16:23:43 - [MESSAGE][PASSED] - Scroll to object 'Object Repository/Page_Callidus Cloud Commissions Man/option_Equals' successfully

2018-09-11 16:23:43 - [TEST_STEP][PASSED] - delay: Delayed 2 second(s)

2018-09-11 16:23:45 - [MESSAGE][PASSED] - Delayed 2 second(s)

2018-09-11 16:23:45 - [TEST_STEP][PASSED] - click: Object: 'Object Repository/Page_Callidus Cloud Commissions Man/option_Equals' is clicked on

2018-09-11 16:23:45 - [MESSAGE][PASSED] - Object: 'Object Repository/Page_Callidus Cloud Commissions Man/option_Equals' is clicked on

2018-09-11 16:23:45 - [TEST_STEP][PASSED] - delay: Delayed 2 second(s)

2018-09-11 16:23:47 - [MESSAGE][PASSED] - Delayed 2 second(s)

2018-09-11 16:23:47 - [TEST_STEP][PASSED] - setText: Text 'Bonus123' is set on object 'Object Repository/Page_Callidus Cloud Commissions Man/td_Value'

2018-09-11 16:23:48 - [MESSAGE][PASSED] - Text 'Bonus123' is set on object 'Object Repository/Page_Callidus Cloud Commissions Man/td_Value'

2018-09-11 16:23:48 - [TEST_STEP][PASSED] - delay: Delayed 2 second(s)

2018-09-11 16:23:50 - [MESSAGE][PASSED] - Delayed 2 second(s)

2018-09-11 16:23:50 - [TEST_STEP][PASSED] - click: Object: 'Object Repository/Page_Callidus Cloud Commissions Man/input_Apply Search' is clicked on

2018-09-11 16:23:50 - [MESSAGE][PASSED] - Object: 'Object Repository/Page_Callidus Cloud Commissions Man/input_Apply Search' is clicked on

2018-09-11 16:23:50 - [TEST_STEP][NOT_RUN] - callTestCase: NOT_RUN: callTestCase

2018-09-11 16:23:50 - [MESSAGE][NOT_RUN] - NOT_RUN: callTestCase]]></system-out>
         <system-err><![CDATA[]]></system-err>
      </testcase>
      <testcase name="Test Cases/Deposit Rule exists in the system" classname="Test Cases/Deposit Rule exists in the system" status="PASSED">
         <system-out><![CDATA[2018-09-11 16:23:50 - [TEST_CASE][PASSED] - Test Cases/Deposit Rule exists in the system: Test Cases/Deposit Rule exists in the system

2018-09-11 16:23:50 - [TEST_STEP][PASSED] - Start listener action : sampleBeforeTestCase: Invoke 'com.kms.katalon.core.annotation.BeforeTestCase' method: 'NewTestListener.sampleBeforeTestCase(...)' completed.

2018-09-11 16:23:50 - [TEST_STEP][PASSED] - Statement - println(testCaseContext.getTestCaseId()): null

2018-09-11 16:23:50 - [TEST_STEP][PASSED] - Statement - println(testCaseContext.getTestCaseVariables()): Invoke 'com.kms.katalon.core.annotation.BeforeTestCase' method: 'NewTestListener.sampleBeforeTestCase(...)' completed.

2018-09-11 16:23:50 - [TEST_STEP][NOT_RUN] - callTestCase: NOT_RUN: callTestCase

2018-09-11 16:23:50 - [MESSAGE][NOT_RUN] - NOT_RUN: callTestCase

2018-09-11 16:23:50 - [TEST_STEP][PASSED] - delay: Delayed 5 second(s)

2018-09-11 16:23:55 - [MESSAGE][PASSED] - Delayed 5 second(s)

2018-09-11 16:23:55 - [TEST_STEP][PASSED] - mouseOver: Object: 'Object Repository/Page_Plan Tab/a_Plan' is hovered

2018-09-11 16:23:56 - [MESSAGE][PASSED] - Object: 'Object Repository/Page_Plan Tab/a_Plan' is hovered

2018-09-11 16:23:56 - [TEST_STEP][PASSED] - delay: Delayed 3 second(s)

2018-09-11 16:23:59 - [MESSAGE][PASSED] - Delayed 3 second(s)

2018-09-11 16:23:59 - [TEST_STEP][PASSED] - scrollToElement: Scroll to object 'Object Repository/Page_Plan Tab/a_Rules' successfully

2018-09-11 16:23:59 - [MESSAGE][PASSED] - Scroll to object 'Object Repository/Page_Plan Tab/a_Rules' successfully

2018-09-11 16:23:59 - [TEST_STEP][PASSED] - delay: Delayed 4 second(s)

2018-09-11 16:24:03 - [MESSAGE][PASSED] - Delayed 4 second(s)

2018-09-11 16:24:03 - [TEST_STEP][PASSED] - click: Object: 'Object Repository/Page_Plan Tab/a_Rules' is clicked on

2018-09-11 16:24:03 - [MESSAGE][PASSED] - Object: 'Object Repository/Page_Plan Tab/a_Rules' is clicked on

2018-09-11 16:24:03 - [TEST_STEP][PASSED] - click: Object: 'Object Repository/Page_Callidus Cloud Commissions Man/a_Advanced Search' is clicked on

2018-09-11 16:24:04 - [MESSAGE][PASSED] - Object: 'Object Repository/Page_Callidus Cloud Commissions Man/a_Advanced Search' is clicked on

2018-09-11 16:24:04 - [TEST_STEP][PASSED] - delay: Delayed 3 second(s)

2018-09-11 16:24:07 - [MESSAGE][PASSED] - Delayed 3 second(s)

2018-09-11 16:24:07 - [TEST_STEP][PASSED] - click: Object: 'Object Repository/Page_Callidus Cloud Commissions Man/td_Field Name' is clicked on

2018-09-11 16:24:07 - [MESSAGE][PASSED] - Object: 'Object Repository/Page_Callidus Cloud Commissions Man/td_Field Name' is clicked on

2018-09-11 16:24:07 - [TEST_STEP][PASSED] - delay: Delayed 2 second(s)

2018-09-11 16:24:09 - [MESSAGE][PASSED] - Delayed 2 second(s)

2018-09-11 16:24:09 - [TEST_STEP][PASSED] - scrollToElement: Scroll to object 'Object Repository/Page_Plan Tab/a_Field_name' successfully

2018-09-11 16:24:09 - [MESSAGE][PASSED] - Scroll to object 'Object Repository/Page_Plan Tab/a_Field_name' successfully

2018-09-11 16:24:09 - [TEST_STEP][PASSED] - delay: Delayed 2 second(s)

2018-09-11 16:24:11 - [MESSAGE][PASSED] - Delayed 2 second(s)

2018-09-11 16:24:11 - [TEST_STEP][PASSED] - click: Object: 'Object Repository/Page_Plan Tab/a_Field_name' is clicked on

2018-09-11 16:24:11 - [MESSAGE][PASSED] - Object: 'Object Repository/Page_Plan Tab/a_Field_name' is clicked on

2018-09-11 16:24:11 - [TEST_STEP][PASSED] - click: Object: 'Object Repository/Page_Callidus Cloud Commissions Man/td_Comparision' is clicked on

2018-09-11 16:24:11 - [MESSAGE][PASSED] - Object: 'Object Repository/Page_Callidus Cloud Commissions Man/td_Comparision' is clicked on

2018-09-11 16:24:11 - [TEST_STEP][PASSED] - delay: Delayed 2 second(s)

2018-09-11 16:24:13 - [MESSAGE][PASSED] - Delayed 2 second(s)

2018-09-11 16:24:13 - [TEST_STEP][PASSED] - scrollToElement: Scroll to object 'Object Repository/Page_Callidus Cloud Commissions Man/option_Equals' successfully

2018-09-11 16:24:13 - [MESSAGE][PASSED] - Scroll to object 'Object Repository/Page_Callidus Cloud Commissions Man/option_Equals' successfully

2018-09-11 16:24:13 - [TEST_STEP][PASSED] - delay: Delayed 2 second(s)

2018-09-11 16:24:15 - [MESSAGE][PASSED] - Delayed 2 second(s)

2018-09-11 16:24:15 - [TEST_STEP][PASSED] - click: Object: 'Object Repository/Page_Callidus Cloud Commissions Man/option_Equals' is clicked on

2018-09-11 16:24:15 - [MESSAGE][PASSED] - Object: 'Object Repository/Page_Callidus Cloud Commissions Man/option_Equals' is clicked on

2018-09-11 16:24:15 - [TEST_STEP][PASSED] - delay: Delayed 2 second(s)

2018-09-11 16:24:17 - [MESSAGE][PASSED] - Delayed 2 second(s)

2018-09-11 16:24:17 - [TEST_STEP][PASSED] - setText: Text 'DR Base Commissions Flat Rate MTD' is set on object 'Object Repository/Page_Callidus Cloud Commissions Man/td_Value'

2018-09-11 16:24:18 - [MESSAGE][PASSED] - Text 'DR Base Commissions Flat Rate MTD' is set on object 'Object Repository/Page_Callidus Cloud Commissions Man/td_Value'

2018-09-11 16:24:18 - [TEST_STEP][PASSED] - delay: Delayed 2 second(s)

2018-09-11 16:24:20 - [MESSAGE][PASSED] - Delayed 2 second(s)

2018-09-11 16:24:20 - [TEST_STEP][PASSED] - click: Object: 'Object Repository/Page_Callidus Cloud Commissions Man/input_Apply Search' is clicked on

2018-09-11 16:24:20 - [MESSAGE][PASSED] - Object: 'Object Repository/Page_Callidus Cloud Commissions Man/input_Apply Search' is clicked on

2018-09-11 16:24:20 - [TEST_STEP][NOT_RUN] - acceptAlert: NOT_RUN: acceptAlert

2018-09-11 16:24:20 - [MESSAGE][NOT_RUN] - NOT_RUN: acceptAlert

2018-09-11 16:24:20 - [TEST_STEP][PASSED] - callTestCase: Call Test Case 'Test Cases/Commission Logout' successfully

2018-09-11 16:24:20 - [TEST_CASE][PASSED] - Test Cases/Commission Logout: Test Cases/Commission Logout

2018-09-11 16:24:21 - [TEST_STEP][PASSED] - click: Object: 'Object Repository/Page_Callidus Cloud Commissions Man/span_rkulkarncalliduscloud.com' is clicked on

2018-09-11 16:24:21 - [MESSAGE][PASSED] - Object: 'Object Repository/Page_Callidus Cloud Commissions Man/span_rkulkarncalliduscloud.com' is clicked on

2018-09-11 16:24:21 - [TEST_STEP][PASSED] - click: Object: 'Object Repository/Page_Callidus Cloud Commissions Man/div_Logout' is clicked on

2018-09-11 16:24:22 - [MESSAGE][PASSED] - Object: 'Object Repository/Page_Callidus Cloud Commissions Man/div_Logout' is clicked on

2018-09-11 16:24:22 - [TEST_STEP][PASSED] - closeBrowser: Browser is closed

2018-09-11 16:24:23 - [MESSAGE][PASSED] - Browser is closed

2018-09-11 16:24:23 - [MESSAGE][PASSED] - Call Test Case 'Test Cases/Commission Logout' successfully]]></system-out>
         <system-err><![CDATA[]]></system-err>
      </testcase>
      <testcase name="Test Cases/Earning Codes exist in the system" classname="Test Cases/Earning Codes exist in the system" status="PASSED">
         <system-out><![CDATA[2018-09-11 16:24:23 - [TEST_CASE][PASSED] - Test Cases/Earning Codes exist in the system: Test Cases/Earning Codes exist in the system

2018-09-11 16:24:23 - [TEST_STEP][PASSED] - Start listener action : sampleBeforeTestCase: Invoke 'com.kms.katalon.core.annotation.BeforeTestCase' method: 'NewTestListener.sampleBeforeTestCase(...)' completed.

2018-09-11 16:24:23 - [TEST_STEP][PASSED] - Statement - println(testCaseContext.getTestCaseId()): null

2018-09-11 16:24:23 - [TEST_STEP][PASSED] - Statement - println(testCaseContext.getTestCaseVariables()): Invoke 'com.kms.katalon.core.annotation.BeforeTestCase' method: 'NewTestListener.sampleBeforeTestCase(...)' completed.

2018-09-11 16:24:23 - [TEST_STEP][NOT_RUN] - callTestCase: NOT_RUN: callTestCase

2018-09-11 16:24:23 - [MESSAGE][NOT_RUN] - NOT_RUN: callTestCase

2018-09-11 16:24:23 - [TEST_STEP][NOT_RUN] - callTestCase: NOT_RUN: callTestCase

2018-09-11 16:24:23 - [MESSAGE][NOT_RUN] - NOT_RUN: callTestCase

2018-09-11 16:24:23 - [TEST_STEP][PASSED] - callTestCase: Call Test Case 'Test Cases/Commission Login' successfully

2018-09-11 16:24:23 - [TEST_CASE][PASSED] - Test Cases/Commission Login: Test Cases/Commission Login

2018-09-11 16:24:23 - [TEST_STEP][PASSED] - openBrowser: Browser is opened with url: ''

2018-09-11 16:24:25 - [MESSAGE][PASSED] - Browser is opened with url: ''

2018-09-11 16:24:25 - [TEST_STEP][PASSED] - navigateToUrl: Navigate to 'https://biz3-tst.callidusondemand.com/SalesPortal/#!/' successfully

2018-09-11 16:24:26 - [MESSAGE][PASSED] - Navigate to 'https://biz3-tst.callidusondemand.com/SalesPortal/#!/' successfully

2018-09-11 16:24:26 - [TEST_STEP][PASSED] - maximizeWindow: Current window maximized

2018-09-11 16:24:28 - [MESSAGE][PASSED] - Current window maximized

2018-09-11 16:24:28 - [TEST_STEP][PASSED] - setText: Text 'kikosana@calliduscloud.com' is set on object 'Object Repository/Page_Sales Performance Home/input_username'

2018-09-11 16:24:28 - [MESSAGE][PASSED] - Text 'kikosana@calliduscloud.com' is set on object 'Object Repository/Page_Sales Performance Home/input_username'

2018-09-11 16:24:28 - [TEST_STEP][PASSED] - setText: Text 'Kiran09@@' is set on object 'Object Repository/Page_Sales Performance Home/input_password'

2018-09-11 16:24:28 - [MESSAGE][PASSED] - Text 'Kiran09@@' is set on object 'Object Repository/Page_Sales Performance Home/input_password'

2018-09-11 16:24:28 - [TEST_STEP][PASSED] - click: Object: 'Object Repository/Page_Sales Performance Home/button_Login' is clicked on

2018-09-11 16:24:28 - [MESSAGE][PASSED] - Object: 'Object Repository/Page_Sales Performance Home/button_Login' is clicked on

2018-09-11 16:24:28 - [TEST_STEP][PASSED] - click: Object: 'Object Repository/Page_Sales Performance Home/span_Sales Performance Home' is clicked on

2018-09-11 16:24:29 - [MESSAGE][PASSED] - Object: 'Object Repository/Page_Sales Performance Home/span_Sales Performance Home' is clicked on

2018-09-11 16:24:29 - [TEST_STEP][PASSED] - click: Object: 'Object Repository/Page_Sales Performance Home/a_Commissions' is clicked on

2018-09-11 16:24:30 - [MESSAGE][PASSED] - Object: 'Object Repository/Page_Sales Performance Home/a_Commissions' is clicked on

2018-09-11 16:24:30 - [TEST_STEP][PASSED] - click: Object: 'Object Repository/Page_Callidus Cloud Commissions Man/a_Manage Setup' is clicked on

2018-09-11 16:24:36 - [MESSAGE][PASSED] - Object: 'Object Repository/Page_Callidus Cloud Commissions Man/a_Manage Setup' is clicked on

2018-09-11 16:24:36 - [MESSAGE][PASSED] - Call Test Case 'Test Cases/Commission Login' successfully

2018-09-11 16:24:36 - [TEST_STEP][PASSED] - mouseOver: Object: 'Object Repository/Page_Callidus Cloud Commissions Man/div_ADMINISTRATION' is hovered

2018-09-11 16:24:36 - [MESSAGE][PASSED] - Object: 'Object Repository/Page_Callidus Cloud Commissions Man/div_ADMINISTRATION' is hovered

2018-09-11 16:24:36 - [TEST_STEP][PASSED] - delay: Delayed 5 second(s)

2018-09-11 16:24:41 - [MESSAGE][PASSED] - Delayed 5 second(s)

2018-09-11 16:24:41 - [TEST_STEP][PASSED] - scrollToElement: Scroll to object 'Object Repository/Page_Callidus Cloud Commissions Man/Reason Codes' successfully

2018-09-11 16:24:41 - [MESSAGE][PASSED] - Scroll to object 'Object Repository/Page_Callidus Cloud Commissions Man/Reason Codes' successfully

2018-09-11 16:24:41 - [TEST_STEP][PASSED] - click: Object: 'Object Repository/Page_Callidus Cloud Commissions Man/Reason Codes' is clicked on

2018-09-11 16:24:41 - [MESSAGE][PASSED] - Object: 'Object Repository/Page_Callidus Cloud Commissions Man/Reason Codes' is clicked on

2018-09-11 16:24:41 - [TEST_STEP][PASSED] - click: Object: 'Object Repository/Page_Callidus Cloud Commissions Man/a_Advanced Search' is clicked on

2018-09-11 16:24:42 - [MESSAGE][PASSED] - Object: 'Object Repository/Page_Callidus Cloud Commissions Man/a_Advanced Search' is clicked on

2018-09-11 16:24:42 - [TEST_STEP][NOT_RUN] - click: NOT_RUN: click

2018-09-11 16:24:42 - [MESSAGE][NOT_RUN] - NOT_RUN: click

2018-09-11 16:24:42 - [TEST_STEP][NOT_RUN] - scrollToElement: NOT_RUN: scrollToElement

2018-09-11 16:24:42 - [MESSAGE][NOT_RUN] - NOT_RUN: scrollToElement

2018-09-11 16:24:42 - [TEST_STEP][NOT_RUN] - click: NOT_RUN: click

2018-09-11 16:24:42 - [MESSAGE][NOT_RUN] - NOT_RUN: click

2018-09-11 16:24:42 - [TEST_STEP][NOT_RUN] - click: NOT_RUN: click

2018-09-11 16:24:42 - [MESSAGE][NOT_RUN] - NOT_RUN: click

2018-09-11 16:24:42 - [TEST_STEP][NOT_RUN] - scrollToElement: NOT_RUN: scrollToElement

2018-09-11 16:24:42 - [MESSAGE][NOT_RUN] - NOT_RUN: scrollToElement

2018-09-11 16:24:42 - [TEST_STEP][NOT_RUN] - click: NOT_RUN: click

2018-09-11 16:24:42 - [MESSAGE][NOT_RUN] - NOT_RUN: click

2018-09-11 16:24:42 - [TEST_STEP][NOT_RUN] - setText: NOT_RUN: setText

2018-09-11 16:24:42 - [MESSAGE][NOT_RUN] - NOT_RUN: setText

2018-09-11 16:24:42 - [TEST_STEP][NOT_RUN] - click: NOT_RUN: click

2018-09-11 16:24:42 - [MESSAGE][NOT_RUN] - NOT_RUN: click

2018-09-11 16:24:42 - [TEST_STEP][NOT_RUN] - callTestCase: NOT_RUN: callTestCase

2018-09-11 16:24:42 - [MESSAGE][NOT_RUN] - NOT_RUN: callTestCase]]></system-out>
         <system-err><![CDATA[]]></system-err>
      </testcase>
      <testcase name="Test Cases/Earning Groups exist in the system" classname="Test Cases/Earning Groups exist in the system" status="PASSED">
         <system-out><![CDATA[2018-09-11 16:24:42 - [TEST_CASE][PASSED] - Test Cases/Earning Groups exist in the system: Test Cases/Earning Groups exist in the system

2018-09-11 16:24:42 - [TEST_STEP][PASSED] - Start listener action : sampleBeforeTestCase: Invoke 'com.kms.katalon.core.annotation.BeforeTestCase' method: 'NewTestListener.sampleBeforeTestCase(...)' completed.

2018-09-11 16:24:42 - [TEST_STEP][PASSED] - Statement - println(testCaseContext.getTestCaseId()): null

2018-09-11 16:24:42 - [TEST_STEP][PASSED] - Statement - println(testCaseContext.getTestCaseVariables()): Invoke 'com.kms.katalon.core.annotation.BeforeTestCase' method: 'NewTestListener.sampleBeforeTestCase(...)' completed.

2018-09-11 16:24:42 - [TEST_STEP][NOT_RUN] - callTestCase: NOT_RUN: callTestCase

2018-09-11 16:24:42 - [MESSAGE][NOT_RUN] - NOT_RUN: callTestCase

2018-09-11 16:24:42 - [TEST_STEP][PASSED] - mouseOver: Object: 'Object Repository/Page_Callidus Cloud Commissions Man/div_ADMINISTRATION' is hovered

2018-09-11 16:24:42 - [MESSAGE][PASSED] - Object: 'Object Repository/Page_Callidus Cloud Commissions Man/div_ADMINISTRATION' is hovered

2018-09-11 16:24:42 - [TEST_STEP][PASSED] - delay: Delayed 2 second(s)

2018-09-11 16:24:44 - [MESSAGE][PASSED] - Delayed 2 second(s)

2018-09-11 16:24:44 - [TEST_STEP][PASSED] - scrollToElement: Scroll to object 'Object Repository/Page_Callidus Cloud Commissions Man/a_Earning Groups' successfully

2018-09-11 16:24:45 - [MESSAGE][PASSED] - Scroll to object 'Object Repository/Page_Callidus Cloud Commissions Man/a_Earning Groups' successfully

2018-09-11 16:24:45 - [TEST_STEP][PASSED] - delay: Delayed 4 second(s)

2018-09-11 16:24:49 - [MESSAGE][PASSED] - Delayed 4 second(s)

2018-09-11 16:24:49 - [TEST_STEP][PASSED] - click: Object: 'Object Repository/Page_Callidus Cloud Commissions Man/a_Earning Groups' is clicked on

2018-09-11 16:24:49 - [MESSAGE][PASSED] - Object: 'Object Repository/Page_Callidus Cloud Commissions Man/a_Earning Groups' is clicked on

2018-09-11 16:24:49 - [TEST_STEP][PASSED] - delay: Delayed 2 second(s)

2018-09-11 16:24:51 - [MESSAGE][PASSED] - Delayed 2 second(s)

2018-09-11 16:24:51 - [TEST_STEP][PASSED] - click: Object: 'Object Repository/Page_Callidus Cloud Commissions Man/a_Advanced Search' is clicked on

2018-09-11 16:24:51 - [MESSAGE][PASSED] - Object: 'Object Repository/Page_Callidus Cloud Commissions Man/a_Advanced Search' is clicked on

2018-09-11 16:24:51 - [TEST_STEP][PASSED] - delay: Delayed 2 second(s)

2018-09-11 16:24:53 - [MESSAGE][PASSED] - Delayed 2 second(s)

2018-09-11 16:24:53 - [TEST_STEP][PASSED] - click: Object: 'Object Repository/Page_Callidus Cloud Commissions Man/td_Field Name' is clicked on

2018-09-11 16:24:53 - [MESSAGE][PASSED] - Object: 'Object Repository/Page_Callidus Cloud Commissions Man/td_Field Name' is clicked on

2018-09-11 16:24:53 - [TEST_STEP][PASSED] - delay: Delayed 2 second(s)

2018-09-11 16:24:55 - [MESSAGE][PASSED] - Delayed 2 second(s)

2018-09-11 16:24:55 - [TEST_STEP][PASSED] - scrollToElement: Scroll to object 'Object Repository/Page_Callidus Cloud Commissions Man/option_Earining Groups' successfully

2018-09-11 16:24:56 - [MESSAGE][PASSED] - Scroll to object 'Object Repository/Page_Callidus Cloud Commissions Man/option_Earining Groups' successfully

2018-09-11 16:24:56 - [TEST_STEP][PASSED] - delay: Delayed 2 second(s)

2018-09-11 16:24:58 - [MESSAGE][PASSED] - Delayed 2 second(s)

2018-09-11 16:24:58 - [TEST_STEP][PASSED] - click: Object: 'Object Repository/Page_Callidus Cloud Commissions Man/option_Earining Groups' is clicked on

2018-09-11 16:24:58 - [MESSAGE][PASSED] - Object: 'Object Repository/Page_Callidus Cloud Commissions Man/option_Earining Groups' is clicked on

2018-09-11 16:24:58 - [TEST_STEP][PASSED] - click: Object: 'Object Repository/Page_Callidus Cloud Commissions Man/td_Comparision' is clicked on

2018-09-11 16:24:58 - [MESSAGE][PASSED] - Object: 'Object Repository/Page_Callidus Cloud Commissions Man/td_Comparision' is clicked on

2018-09-11 16:24:58 - [TEST_STEP][PASSED] - delay: Delayed 2 second(s)

2018-09-11 16:25:00 - [MESSAGE][PASSED] - Delayed 2 second(s)

2018-09-11 16:25:00 - [TEST_STEP][PASSED] - scrollToElement: Scroll to object 'Object Repository/Page_Callidus Cloud Commissions Man/option_Equals' successfully

2018-09-11 16:25:00 - [MESSAGE][PASSED] - Scroll to object 'Object Repository/Page_Callidus Cloud Commissions Man/option_Equals' successfully

2018-09-11 16:25:00 - [TEST_STEP][PASSED] - delay: Delayed 2 second(s)

2018-09-11 16:25:02 - [MESSAGE][PASSED] - Delayed 2 second(s)

2018-09-11 16:25:02 - [TEST_STEP][PASSED] - click: Object: 'Object Repository/Page_Callidus Cloud Commissions Man/option_Equals' is clicked on

2018-09-11 16:25:02 - [MESSAGE][PASSED] - Object: 'Object Repository/Page_Callidus Cloud Commissions Man/option_Equals' is clicked on

2018-09-11 16:25:02 - [TEST_STEP][PASSED] - delay: Delayed 2 second(s)

2018-09-11 16:25:04 - [MESSAGE][PASSED] - Delayed 2 second(s)

2018-09-11 16:25:04 - [TEST_STEP][PASSED] - setText: Text 'commission' is set on object 'Object Repository/Page_Callidus Cloud Commissions Man/td_Value'

2018-09-11 16:25:04 - [MESSAGE][PASSED] - Text 'commission' is set on object 'Object Repository/Page_Callidus Cloud Commissions Man/td_Value'

2018-09-11 16:25:04 - [TEST_STEP][PASSED] - delay: Delayed 2 second(s)

2018-09-11 16:25:06 - [MESSAGE][PASSED] - Delayed 2 second(s)

2018-09-11 16:25:06 - [TEST_STEP][PASSED] - click: Object: 'Object Repository/Page_Callidus Cloud Commissions Man/input_Apply Search' is clicked on

2018-09-11 16:25:07 - [MESSAGE][PASSED] - Object: 'Object Repository/Page_Callidus Cloud Commissions Man/input_Apply Search' is clicked on

2018-09-11 16:25:07 - [TEST_STEP][NOT_RUN] - callTestCase: NOT_RUN: callTestCase

2018-09-11 16:25:07 - [MESSAGE][NOT_RUN] - NOT_RUN: callTestCase]]></system-out>
         <system-err><![CDATA[]]></system-err>
      </testcase>
      <testcase name="Test Cases/EventTypes exist in the System" classname="Test Cases/EventTypes exist in the System" status="PASSED">
         <system-out><![CDATA[2018-09-11 16:25:07 - [TEST_CASE][PASSED] - Test Cases/EventTypes exist in the System: Test Cases/EventTypes exist in the System

2018-09-11 16:25:07 - [TEST_STEP][PASSED] - Start listener action : sampleBeforeTestCase: Invoke 'com.kms.katalon.core.annotation.BeforeTestCase' method: 'NewTestListener.sampleBeforeTestCase(...)' completed.

2018-09-11 16:25:07 - [TEST_STEP][PASSED] - Statement - println(testCaseContext.getTestCaseId()): null

2018-09-11 16:25:07 - [TEST_STEP][PASSED] - Statement - println(testCaseContext.getTestCaseVariables()): Invoke 'com.kms.katalon.core.annotation.BeforeTestCase' method: 'NewTestListener.sampleBeforeTestCase(...)' completed.

2018-09-11 16:25:07 - [TEST_STEP][NOT_RUN] - callTestCase: NOT_RUN: callTestCase

2018-09-11 16:25:07 - [MESSAGE][NOT_RUN] - NOT_RUN: callTestCase

2018-09-11 16:25:07 - [TEST_STEP][PASSED] - mouseOver: Object: 'Object Repository/Page_Callidus Cloud Commissions Man/div_ADMINISTRATION' is hovered

2018-09-11 16:25:07 - [MESSAGE][PASSED] - Object: 'Object Repository/Page_Callidus Cloud Commissions Man/div_ADMINISTRATION' is hovered

2018-09-11 16:25:07 - [TEST_STEP][PASSED] - delay: Delayed 2 second(s)

2018-09-11 16:25:09 - [MESSAGE][PASSED] - Delayed 2 second(s)

2018-09-11 16:25:09 - [TEST_STEP][PASSED] - scrollToElement: Scroll to object 'Object Repository/Page_Callidus Cloud Commissions Man/a_Event Types' successfully

2018-09-11 16:25:09 - [MESSAGE][PASSED] - Scroll to object 'Object Repository/Page_Callidus Cloud Commissions Man/a_Event Types' successfully

2018-09-11 16:25:09 - [TEST_STEP][PASSED] - delay: Delayed 4 second(s)

2018-09-11 16:25:13 - [MESSAGE][PASSED] - Delayed 4 second(s)

2018-09-11 16:25:13 - [TEST_STEP][PASSED] - click: Object: 'Object Repository/Page_Callidus Cloud Commissions Man/a_Event Types' is clicked on

2018-09-11 16:25:14 - [MESSAGE][PASSED] - Object: 'Object Repository/Page_Callidus Cloud Commissions Man/a_Event Types' is clicked on

2018-09-11 16:25:14 - [TEST_STEP][PASSED] - click: Object: 'Object Repository/Page_Callidus Cloud Commissions Man/a_Advanced Search' is clicked on

2018-09-11 16:25:14 - [MESSAGE][PASSED] - Object: 'Object Repository/Page_Callidus Cloud Commissions Man/a_Advanced Search' is clicked on

2018-09-11 16:25:14 - [TEST_STEP][PASSED] - delay: Delayed 3 second(s)

2018-09-11 16:25:17 - [MESSAGE][PASSED] - Delayed 3 second(s)

2018-09-11 16:25:17 - [TEST_STEP][PASSED] - click: Object: 'Object Repository/Page_Callidus Cloud Commissions Man/td_Field Name' is clicked on

2018-09-11 16:25:17 - [MESSAGE][PASSED] - Object: 'Object Repository/Page_Callidus Cloud Commissions Man/td_Field Name' is clicked on

2018-09-11 16:25:17 - [TEST_STEP][PASSED] - delay: Delayed 2 second(s)

2018-09-11 16:25:19 - [MESSAGE][PASSED] - Delayed 2 second(s)

2018-09-11 16:25:19 - [TEST_STEP][PASSED] - scrollToElement: Scroll to object 'Object Repository/Page_Callidus Cloud Commissions Man/a_eventTypeId' successfully

2018-09-11 16:25:19 - [MESSAGE][PASSED] - Scroll to object 'Object Repository/Page_Callidus Cloud Commissions Man/a_eventTypeId' successfully

2018-09-11 16:25:19 - [TEST_STEP][PASSED] - delay: Delayed 2 second(s)

2018-09-11 16:25:21 - [MESSAGE][PASSED] - Delayed 2 second(s)

2018-09-11 16:25:21 - [TEST_STEP][PASSED] - click: Object: 'Object Repository/Page_Callidus Cloud Commissions Man/a_eventTypeId' is clicked on

2018-09-11 16:25:21 - [MESSAGE][PASSED] - Object: 'Object Repository/Page_Callidus Cloud Commissions Man/a_eventTypeId' is clicked on

2018-09-11 16:25:21 - [TEST_STEP][PASSED] - click: Object: 'Object Repository/Page_Callidus Cloud Commissions Man/td_Comparision' is clicked on

2018-09-11 16:25:21 - [MESSAGE][PASSED] - Object: 'Object Repository/Page_Callidus Cloud Commissions Man/td_Comparision' is clicked on

2018-09-11 16:25:21 - [TEST_STEP][PASSED] - delay: Delayed 2 second(s)

2018-09-11 16:25:23 - [MESSAGE][PASSED] - Delayed 2 second(s)

2018-09-11 16:25:23 - [TEST_STEP][PASSED] - scrollToElement: Scroll to object 'Object Repository/Page_Callidus Cloud Commissions Man/option_Equals' successfully

2018-09-11 16:25:24 - [MESSAGE][PASSED] - Scroll to object 'Object Repository/Page_Callidus Cloud Commissions Man/option_Equals' successfully

2018-09-11 16:25:24 - [TEST_STEP][PASSED] - delay: Delayed 2 second(s)

2018-09-11 16:25:26 - [MESSAGE][PASSED] - Delayed 2 second(s)

2018-09-11 16:25:26 - [TEST_STEP][PASSED] - click: Object: 'Object Repository/Page_Callidus Cloud Commissions Man/option_Equals' is clicked on

2018-09-11 16:25:26 - [MESSAGE][PASSED] - Object: 'Object Repository/Page_Callidus Cloud Commissions Man/option_Equals' is clicked on

2018-09-11 16:25:26 - [TEST_STEP][PASSED] - delay: Delayed 2 second(s)

2018-09-11 16:25:28 - [MESSAGE][PASSED] - Delayed 2 second(s)

2018-09-11 16:25:28 - [TEST_STEP][PASSED] - setText: Text 'invoicing' is set on object 'Object Repository/Page_Callidus Cloud Commissions Man/td_Value'

2018-09-11 16:25:28 - [MESSAGE][PASSED] - Text 'invoicing' is set on object 'Object Repository/Page_Callidus Cloud Commissions Man/td_Value'

2018-09-11 16:25:28 - [TEST_STEP][PASSED] - click: Object: 'Object Repository/Page_Callidus Cloud Commissions Man/input_Apply Search' is clicked on

2018-09-11 16:25:28 - [MESSAGE][PASSED] - Object: 'Object Repository/Page_Callidus Cloud Commissions Man/input_Apply Search' is clicked on

2018-09-11 16:25:28 - [TEST_STEP][NOT_RUN] - callTestCase: NOT_RUN: callTestCase

2018-09-11 16:25:28 - [MESSAGE][NOT_RUN] - NOT_RUN: callTestCase]]></system-out>
         <system-err><![CDATA[]]></system-err>
      </testcase>
      <testcase name="Test Cases/Fixed ValueTypes exist in the system" classname="Test Cases/Fixed ValueTypes exist in the system" status="PASSED">
         <system-out><![CDATA[2018-09-11 16:25:28 - [TEST_CASE][PASSED] - Test Cases/Fixed ValueTypes exist in the system: Test Cases/Fixed ValueTypes exist in the system

2018-09-11 16:25:28 - [TEST_STEP][PASSED] - Start listener action : sampleBeforeTestCase: Invoke 'com.kms.katalon.core.annotation.BeforeTestCase' method: 'NewTestListener.sampleBeforeTestCase(...)' completed.

2018-09-11 16:25:28 - [TEST_STEP][PASSED] - Statement - println(testCaseContext.getTestCaseId()): null

2018-09-11 16:25:28 - [TEST_STEP][PASSED] - Statement - println(testCaseContext.getTestCaseVariables()): Invoke 'com.kms.katalon.core.annotation.BeforeTestCase' method: 'NewTestListener.sampleBeforeTestCase(...)' completed.

2018-09-11 16:25:29 - [TEST_STEP][NOT_RUN] - callTestCase: NOT_RUN: callTestCase

2018-09-11 16:25:29 - [MESSAGE][NOT_RUN] - NOT_RUN: callTestCase

2018-09-11 16:25:29 - [TEST_STEP][PASSED] - delay: Delayed 6 second(s)

2018-09-11 16:25:35 - [MESSAGE][PASSED] - Delayed 6 second(s)

2018-09-11 16:25:35 - [TEST_STEP][PASSED] - mouseOver: Object: 'Object Repository/Page_Callidus Cloud Commissions Man/div_ADMINISTRATION' is hovered

2018-09-11 16:25:35 - [MESSAGE][PASSED] - Object: 'Object Repository/Page_Callidus Cloud Commissions Man/div_ADMINISTRATION' is hovered

2018-09-11 16:25:35 - [TEST_STEP][PASSED] - delay: Delayed 3 second(s)

2018-09-11 16:25:38 - [MESSAGE][PASSED] - Delayed 3 second(s)

2018-09-11 16:25:38 - [TEST_STEP][PASSED] - scrollToElement: Scroll to object 'Object Repository/Page_Callidus Cloud Commissions Man/a_Fixed Value Types' successfully

2018-09-11 16:25:38 - [MESSAGE][PASSED] - Scroll to object 'Object Repository/Page_Callidus Cloud Commissions Man/a_Fixed Value Types' successfully

2018-09-11 16:25:38 - [TEST_STEP][PASSED] - delay: Delayed 3 second(s)

2018-09-11 16:25:41 - [MESSAGE][PASSED] - Delayed 3 second(s)

2018-09-11 16:25:41 - [TEST_STEP][PASSED] - click: Object: 'Object Repository/Page_Callidus Cloud Commissions Man/a_Fixed Value Types' is clicked on

2018-09-11 16:25:41 - [MESSAGE][PASSED] - Object: 'Object Repository/Page_Callidus Cloud Commissions Man/a_Fixed Value Types' is clicked on

2018-09-11 16:25:41 - [TEST_STEP][PASSED] - delay: Delayed 3 second(s)

2018-09-11 16:25:44 - [MESSAGE][PASSED] - Delayed 3 second(s)

2018-09-11 16:25:44 - [TEST_STEP][PASSED] - click: Object: 'Object Repository/Page_Callidus Cloud Commissions Man/a_Advanced Search' is clicked on

2018-09-11 16:25:44 - [MESSAGE][PASSED] - Object: 'Object Repository/Page_Callidus Cloud Commissions Man/a_Advanced Search' is clicked on

2018-09-11 16:25:44 - [TEST_STEP][PASSED] - delay: Delayed 3 second(s)

2018-09-11 16:25:47 - [MESSAGE][PASSED] - Delayed 3 second(s)

2018-09-11 16:25:47 - [TEST_STEP][PASSED] - click: Object: 'Object Repository/Page_Callidus Cloud Commissions Man/td_Field Name' is clicked on

2018-09-11 16:25:48 - [MESSAGE][PASSED] - Object: 'Object Repository/Page_Callidus Cloud Commissions Man/td_Field Name' is clicked on

2018-09-11 16:25:48 - [TEST_STEP][PASSED] - delay: Delayed 2 second(s)

2018-09-11 16:25:50 - [MESSAGE][PASSED] - Delayed 2 second(s)

2018-09-11 16:25:50 - [TEST_STEP][PASSED] - scrollToElement: Scroll to object 'Object Repository/Page_Callidus Cloud Commissions Man/a_fixedValueTypeId' successfully

2018-09-11 16:25:50 - [MESSAGE][PASSED] - Scroll to object 'Object Repository/Page_Callidus Cloud Commissions Man/a_fixedValueTypeId' successfully

2018-09-11 16:25:50 - [TEST_STEP][PASSED] - delay: Delayed 2 second(s)

2018-09-11 16:25:52 - [MESSAGE][PASSED] - Delayed 2 second(s)

2018-09-11 16:25:52 - [TEST_STEP][PASSED] - click: Object: 'Object Repository/Page_Callidus Cloud Commissions Man/a_fixedValueTypeId' is clicked on

2018-09-11 16:25:52 - [MESSAGE][PASSED] - Object: 'Object Repository/Page_Callidus Cloud Commissions Man/a_fixedValueTypeId' is clicked on

2018-09-11 16:25:52 - [TEST_STEP][PASSED] - delay: Delayed 3 second(s)

2018-09-11 16:25:55 - [MESSAGE][PASSED] - Delayed 3 second(s)

2018-09-11 16:25:55 - [TEST_STEP][PASSED] - click: Object: 'Object Repository/Page_Callidus Cloud Commissions Man/td_Comparision' is clicked on

2018-09-11 16:25:55 - [MESSAGE][PASSED] - Object: 'Object Repository/Page_Callidus Cloud Commissions Man/td_Comparision' is clicked on

2018-09-11 16:25:55 - [TEST_STEP][PASSED] - delay: Delayed 2 second(s)

2018-09-11 16:25:57 - [MESSAGE][PASSED] - Delayed 2 second(s)

2018-09-11 16:25:57 - [TEST_STEP][PASSED] - scrollToElement: Scroll to object 'Object Repository/Page_Callidus Cloud Commissions Man/option_Equals' successfully

2018-09-11 16:25:57 - [MESSAGE][PASSED] - Scroll to object 'Object Repository/Page_Callidus Cloud Commissions Man/option_Equals' successfully

2018-09-11 16:25:57 - [TEST_STEP][PASSED] - delay: Delayed 2 second(s)

2018-09-11 16:25:59 - [MESSAGE][PASSED] - Delayed 2 second(s)

2018-09-11 16:25:59 - [TEST_STEP][PASSED] - click: Object: 'Object Repository/Page_Callidus Cloud Commissions Man/option_Equals' is clicked on

2018-09-11 16:25:59 - [MESSAGE][PASSED] - Object: 'Object Repository/Page_Callidus Cloud Commissions Man/option_Equals' is clicked on

2018-09-11 16:25:59 - [TEST_STEP][PASSED] - delay: Delayed 2 second(s)

2018-09-11 16:26:01 - [MESSAGE][PASSED] - Delayed 2 second(s)

2018-09-11 16:26:01 - [TEST_STEP][PASSED] - setText: Text 'Fix1' is set on object 'Object Repository/Page_Callidus Cloud Commissions Man/td_Value'

2018-09-11 16:26:01 - [MESSAGE][PASSED] - Text 'Fix1' is set on object 'Object Repository/Page_Callidus Cloud Commissions Man/td_Value'

2018-09-11 16:26:01 - [TEST_STEP][PASSED] - click: Object: 'Object Repository/Page_Callidus Cloud Commissions Man/input_Apply Search' is clicked on

2018-09-11 16:26:02 - [MESSAGE][PASSED] - Object: 'Object Repository/Page_Callidus Cloud Commissions Man/input_Apply Search' is clicked on

2018-09-11 16:26:02 - [TEST_STEP][NOT_RUN] - callTestCase: NOT_RUN: callTestCase

2018-09-11 16:26:02 - [MESSAGE][NOT_RUN] - NOT_RUN: callTestCase]]></system-out>
         <system-err><![CDATA[]]></system-err>
      </testcase>
      <testcase name="Test Cases/Fixed_Value_Variables_exist_in_the_System" classname="Test Cases/Fixed_Value_Variables_exist_in_the_System" status="PASSED">
         <system-out><![CDATA[2018-09-11 16:26:02 - [TEST_CASE][PASSED] - Test Cases/Fixed_Value_Variables_exist_in_the_System: Test Cases/Fixed_Value_Variables_exist_in_the_System

2018-09-11 16:26:02 - [TEST_STEP][PASSED] - Start listener action : sampleBeforeTestCase: Invoke 'com.kms.katalon.core.annotation.BeforeTestCase' method: 'NewTestListener.sampleBeforeTestCase(...)' completed.

2018-09-11 16:26:02 - [TEST_STEP][PASSED] - Statement - println(testCaseContext.getTestCaseId()): null

2018-09-11 16:26:02 - [TEST_STEP][PASSED] - Statement - println(testCaseContext.getTestCaseVariables()): Invoke 'com.kms.katalon.core.annotation.BeforeTestCase' method: 'NewTestListener.sampleBeforeTestCase(...)' completed.

2018-09-11 16:26:02 - [TEST_STEP][NOT_RUN] - callTestCase: NOT_RUN: callTestCase

2018-09-11 16:26:02 - [MESSAGE][NOT_RUN] - NOT_RUN: callTestCase

2018-09-11 16:26:02 - [TEST_STEP][PASSED] - mouseOver: Object: 'Object Repository/Page_Callidus Cloud Commissions Man/div_PLAN' is hovered

2018-09-11 16:26:02 - [MESSAGE][PASSED] - Object: 'Object Repository/Page_Callidus Cloud Commissions Man/div_PLAN' is hovered

2018-09-11 16:26:02 - [TEST_STEP][PASSED] - delay: Delayed 2 second(s)

2018-09-11 16:26:04 - [MESSAGE][PASSED] - Delayed 2 second(s)

2018-09-11 16:26:04 - [TEST_STEP][PASSED] - scrollToElement: Scroll to object 'Object Repository/Page_Callidus Cloud Commissions Man/a_Plan Components' successfully

2018-09-11 16:26:04 - [MESSAGE][PASSED] - Scroll to object 'Object Repository/Page_Callidus Cloud Commissions Man/a_Plan Components' successfully

2018-09-11 16:26:04 - [TEST_STEP][PASSED] - delay: Delayed 4 second(s)

2018-09-11 16:26:08 - [MESSAGE][PASSED] - Delayed 4 second(s)

2018-09-11 16:26:08 - [TEST_STEP][PASSED] - scrollToElement: Scroll to object 'Object Repository/Page_Callidus Cloud Commissions Man/a_Variables' successfully

2018-09-11 16:26:08 - [MESSAGE][PASSED] - Scroll to object 'Object Repository/Page_Callidus Cloud Commissions Man/a_Variables' successfully

2018-09-11 16:26:08 - [TEST_STEP][PASSED] - delay: Delayed 2 second(s)

2018-09-11 16:26:10 - [MESSAGE][PASSED] - Delayed 2 second(s)

2018-09-11 16:26:10 - [TEST_STEP][PASSED] - click: Object: 'Object Repository/Page_Callidus Cloud Commissions Man/a_Variables' is clicked on

2018-09-11 16:26:11 - [MESSAGE][PASSED] - Object: 'Object Repository/Page_Callidus Cloud Commissions Man/a_Variables' is clicked on

2018-09-11 16:26:11 - [TEST_STEP][PASSED] - delay: Delayed 2 second(s)

2018-09-11 16:26:13 - [MESSAGE][PASSED] - Delayed 2 second(s)

2018-09-11 16:26:13 - [TEST_STEP][PASSED] - click: Object: 'Object Repository/Page_Callidus Cloud Commissions Man/a_Advanced Search' is clicked on

2018-09-11 16:26:13 - [MESSAGE][PASSED] - Object: 'Object Repository/Page_Callidus Cloud Commissions Man/a_Advanced Search' is clicked on

2018-09-11 16:26:13 - [TEST_STEP][PASSED] - delay: Delayed 2 second(s)

2018-09-11 16:26:15 - [MESSAGE][PASSED] - Delayed 2 second(s)

2018-09-11 16:26:15 - [TEST_STEP][PASSED] - click: Object: 'Object Repository/Page_Callidus Cloud Commissions Man/td_Field Name' is clicked on

2018-09-11 16:26:15 - [MESSAGE][PASSED] - Object: 'Object Repository/Page_Callidus Cloud Commissions Man/td_Field Name' is clicked on

2018-09-11 16:26:15 - [TEST_STEP][PASSED] - delay: Delayed 2 second(s)

2018-09-11 16:26:17 - [MESSAGE][PASSED] - Delayed 2 second(s)

2018-09-11 16:26:17 - [TEST_STEP][PASSED] - scrollToElement: Scroll to object 'Object Repository/Page_Callidus Cloud Commissions Man/option_Variables' successfully

2018-09-11 16:26:17 - [MESSAGE][PASSED] - Scroll to object 'Object Repository/Page_Callidus Cloud Commissions Man/option_Variables' successfully

2018-09-11 16:26:17 - [TEST_STEP][PASSED] - delay: Delayed 2 second(s)

2018-09-11 16:26:19 - [MESSAGE][PASSED] - Delayed 2 second(s)

2018-09-11 16:26:19 - [TEST_STEP][PASSED] - click: Object: 'Object Repository/Page_Callidus Cloud Commissions Man/option_Variables' is clicked on

2018-09-11 16:26:19 - [MESSAGE][PASSED] - Object: 'Object Repository/Page_Callidus Cloud Commissions Man/option_Variables' is clicked on

2018-09-11 16:26:19 - [TEST_STEP][PASSED] - click: Object: 'Object Repository/Page_Callidus Cloud Commissions Man/td_Comparision' is clicked on

2018-09-11 16:26:19 - [MESSAGE][PASSED] - Object: 'Object Repository/Page_Callidus Cloud Commissions Man/td_Comparision' is clicked on

2018-09-11 16:26:19 - [TEST_STEP][NOT_RUN] - delay: NOT_RUN: delay

2018-09-11 16:26:19 - [MESSAGE][NOT_RUN] - NOT_RUN: delay

2018-09-11 16:26:19 - [TEST_STEP][NOT_RUN] - deselectOptionByIndex: NOT_RUN: deselectOptionByIndex

2018-09-11 16:26:19 - [MESSAGE][NOT_RUN] - NOT_RUN: deselectOptionByIndex

2018-09-11 16:26:19 - [TEST_STEP][PASSED] - delay: Delayed 2 second(s)

2018-09-11 16:26:21 - [MESSAGE][PASSED] - Delayed 2 second(s)

2018-09-11 16:26:21 - [TEST_STEP][PASSED] - scrollToElement: Scroll to object 'Object Repository/Page_Callidus Cloud Commissions Man/option_Equals' successfully

2018-09-11 16:26:22 - [MESSAGE][PASSED] - Scroll to object 'Object Repository/Page_Callidus Cloud Commissions Man/option_Equals' successfully

2018-09-11 16:26:22 - [TEST_STEP][PASSED] - delay: Delayed 2 second(s)

2018-09-11 16:26:24 - [MESSAGE][PASSED] - Delayed 2 second(s)

2018-09-11 16:26:24 - [TEST_STEP][PASSED] - click: Object: 'Object Repository/Page_Callidus Cloud Commissions Man/option_Equals' is clicked on

2018-09-11 16:26:24 - [MESSAGE][PASSED] - Object: 'Object Repository/Page_Callidus Cloud Commissions Man/option_Equals' is clicked on

2018-09-11 16:26:24 - [TEST_STEP][PASSED] - delay: Delayed 2 second(s)

2018-09-11 16:26:26 - [MESSAGE][PASSED] - Delayed 2 second(s)

2018-09-11 16:26:26 - [TEST_STEP][PASSED] - setText: Text 'Var_FV_Demo1' is set on object 'Object Repository/Page_Callidus Cloud Commissions Man/td_Value'

2018-09-11 16:26:26 - [MESSAGE][PASSED] - Text 'Var_FV_Demo1' is set on object 'Object Repository/Page_Callidus Cloud Commissions Man/td_Value'

2018-09-11 16:26:26 - [TEST_STEP][PASSED] - delay: Delayed 2 second(s)

2018-09-11 16:26:28 - [MESSAGE][PASSED] - Delayed 2 second(s)

2018-09-11 16:26:28 - [TEST_STEP][PASSED] - click: Object: 'Object Repository/Page_Callidus Cloud Commissions Man/input_Apply Search' is clicked on

2018-09-11 16:26:28 - [MESSAGE][PASSED] - Object: 'Object Repository/Page_Callidus Cloud Commissions Man/input_Apply Search' is clicked on

2018-09-11 16:26:28 - [TEST_STEP][PASSED] - delay: Delayed 5 second(s)

2018-09-11 16:26:33 - [MESSAGE][PASSED] - Delayed 5 second(s)

2018-09-11 16:26:33 - [TEST_STEP][NOT_RUN] - callTestCase: NOT_RUN: callTestCase

2018-09-11 16:26:33 - [MESSAGE][NOT_RUN] - NOT_RUN: callTestCase]]></system-out>
         <system-err><![CDATA[]]></system-err>
      </testcase>
      <testcase name="Test Cases/Incentive Rule exists in the system" classname="Test Cases/Incentive Rule exists in the system" status="PASSED">
         <system-out><![CDATA[2018-09-11 16:26:33 - [TEST_CASE][PASSED] - Test Cases/Incentive Rule exists in the system: Test Cases/Incentive Rule exists in the system

2018-09-11 16:26:33 - [TEST_STEP][PASSED] - Start listener action : sampleBeforeTestCase: Invoke 'com.kms.katalon.core.annotation.BeforeTestCase' method: 'NewTestListener.sampleBeforeTestCase(...)' completed.

2018-09-11 16:26:33 - [TEST_STEP][PASSED] - Statement - println(testCaseContext.getTestCaseId()): null

2018-09-11 16:26:33 - [TEST_STEP][PASSED] - Statement - println(testCaseContext.getTestCaseVariables()): Invoke 'com.kms.katalon.core.annotation.BeforeTestCase' method: 'NewTestListener.sampleBeforeTestCase(...)' completed.

2018-09-11 16:26:34 - [TEST_STEP][NOT_RUN] - callTestCase: NOT_RUN: callTestCase

2018-09-11 16:26:34 - [MESSAGE][NOT_RUN] - NOT_RUN: callTestCase

2018-09-11 16:26:34 - [TEST_STEP][PASSED] - delay: Delayed 5 second(s)

2018-09-11 16:26:39 - [MESSAGE][PASSED] - Delayed 5 second(s)

2018-09-11 16:26:39 - [TEST_STEP][PASSED] - mouseOver: Object: 'Object Repository/Page_Plan Tab/a_Plan' is hovered

2018-09-11 16:26:39 - [MESSAGE][PASSED] - Object: 'Object Repository/Page_Plan Tab/a_Plan' is hovered

2018-09-11 16:26:39 - [TEST_STEP][PASSED] - delay: Delayed 3 second(s)

2018-09-11 16:26:42 - [MESSAGE][PASSED] - Delayed 3 second(s)

2018-09-11 16:26:42 - [TEST_STEP][PASSED] - scrollToElement: Scroll to object 'Object Repository/Page_Plan Tab/a_Rules' successfully

2018-09-11 16:26:42 - [MESSAGE][PASSED] - Scroll to object 'Object Repository/Page_Plan Tab/a_Rules' successfully

2018-09-11 16:26:42 - [TEST_STEP][PASSED] - delay: Delayed 3 second(s)

2018-09-11 16:26:45 - [MESSAGE][PASSED] - Delayed 3 second(s)

2018-09-11 16:26:45 - [TEST_STEP][PASSED] - click: Object: 'Object Repository/Page_Plan Tab/a_Rules' is clicked on

2018-09-11 16:26:46 - [MESSAGE][PASSED] - Object: 'Object Repository/Page_Plan Tab/a_Rules' is clicked on

2018-09-11 16:26:46 - [TEST_STEP][PASSED] - delay: Delayed 2 second(s)

2018-09-11 16:26:48 - [MESSAGE][PASSED] - Delayed 2 second(s)

2018-09-11 16:26:48 - [TEST_STEP][PASSED] - click: Object: 'Object Repository/Page_Callidus Cloud Commissions Man/a_Advanced Search' is clicked on

2018-09-11 16:26:48 - [MESSAGE][PASSED] - Object: 'Object Repository/Page_Callidus Cloud Commissions Man/a_Advanced Search' is clicked on

2018-09-11 16:26:48 - [TEST_STEP][PASSED] - delay: Delayed 3 second(s)

2018-09-11 16:26:51 - [MESSAGE][PASSED] - Delayed 3 second(s)

2018-09-11 16:26:51 - [TEST_STEP][PASSED] - click: Object: 'Object Repository/Page_Callidus Cloud Commissions Man/td_Field Name' is clicked on

2018-09-11 16:26:51 - [MESSAGE][PASSED] - Object: 'Object Repository/Page_Callidus Cloud Commissions Man/td_Field Name' is clicked on

2018-09-11 16:26:51 - [TEST_STEP][PASSED] - delay: Delayed 2 second(s)

2018-09-11 16:26:53 - [MESSAGE][PASSED] - Delayed 2 second(s)

2018-09-11 16:26:53 - [TEST_STEP][PASSED] - scrollToElement: Scroll to object 'Object Repository/Page_Plan Tab/a_Field_name' successfully

2018-09-11 16:26:53 - [MESSAGE][PASSED] - Scroll to object 'Object Repository/Page_Plan Tab/a_Field_name' successfully

2018-09-11 16:26:53 - [TEST_STEP][PASSED] - delay: Delayed 2 second(s)

2018-09-11 16:26:55 - [MESSAGE][PASSED] - Delayed 2 second(s)

2018-09-11 16:26:55 - [TEST_STEP][PASSED] - click: Object: 'Object Repository/Page_Plan Tab/a_Field_name' is clicked on

2018-09-11 16:26:55 - [MESSAGE][PASSED] - Object: 'Object Repository/Page_Plan Tab/a_Field_name' is clicked on

2018-09-11 16:26:55 - [TEST_STEP][PASSED] - delay: Delayed 2 second(s)

2018-09-11 16:26:57 - [MESSAGE][PASSED] - Delayed 2 second(s)

2018-09-11 16:26:57 - [TEST_STEP][PASSED] - click: Object: 'Object Repository/Page_Callidus Cloud Commissions Man/td_Comparision' is clicked on

2018-09-11 16:26:57 - [MESSAGE][PASSED] - Object: 'Object Repository/Page_Callidus Cloud Commissions Man/td_Comparision' is clicked on

2018-09-11 16:26:57 - [TEST_STEP][PASSED] - delay: Delayed 2 second(s)

2018-09-11 16:26:59 - [MESSAGE][PASSED] - Delayed 2 second(s)

2018-09-11 16:26:59 - [TEST_STEP][PASSED] - scrollToElement: Scroll to object 'Object Repository/Page_Callidus Cloud Commissions Man/option_Equals' successfully

2018-09-11 16:27:00 - [MESSAGE][PASSED] - Scroll to object 'Object Repository/Page_Callidus Cloud Commissions Man/option_Equals' successfully

2018-09-11 16:27:00 - [TEST_STEP][PASSED] - delay: Delayed 2 second(s)

2018-09-11 16:27:02 - [MESSAGE][PASSED] - Delayed 2 second(s)

2018-09-11 16:27:02 - [TEST_STEP][PASSED] - click: Object: 'Object Repository/Page_Callidus Cloud Commissions Man/option_Equals' is clicked on

2018-09-11 16:27:02 - [MESSAGE][PASSED] - Object: 'Object Repository/Page_Callidus Cloud Commissions Man/option_Equals' is clicked on

2018-09-11 16:27:02 - [TEST_STEP][PASSED] - delay: Delayed 2 second(s)

2018-09-11 16:27:04 - [MESSAGE][PASSED] - Delayed 2 second(s)

2018-09-11 16:27:04 - [TEST_STEP][PASSED] - setText: Text 'IR Base Commissions Flat Rate Quota Based MTD' is set on object 'Object Repository/Page_Callidus Cloud Commissions Man/td_Value'

2018-09-11 16:27:05 - [MESSAGE][PASSED] - Text 'IR Base Commissions Flat Rate Quota Based MTD' is set on object 'Object Repository/Page_Callidus Cloud Commissions Man/td_Value'

2018-09-11 16:27:05 - [TEST_STEP][PASSED] - delay: Delayed 2 second(s)

2018-09-11 16:27:07 - [MESSAGE][PASSED] - Delayed 2 second(s)

2018-09-11 16:27:07 - [TEST_STEP][PASSED] - click: Object: 'Object Repository/Page_Callidus Cloud Commissions Man/input_Apply Search' is clicked on

2018-09-11 16:27:07 - [MESSAGE][PASSED] - Object: 'Object Repository/Page_Callidus Cloud Commissions Man/input_Apply Search' is clicked on

2018-09-11 16:27:07 - [TEST_STEP][NOT_RUN] - callTestCase: NOT_RUN: callTestCase

2018-09-11 16:27:07 - [MESSAGE][NOT_RUN] - NOT_RUN: callTestCase]]></system-out>
         <system-err><![CDATA[]]></system-err>
      </testcase>
      <testcase name="Test Cases/Lookup_Table_Varaibles_exist_in_the_system" classname="Test Cases/Lookup_Table_Varaibles_exist_in_the_system" status="PASSED">
         <system-out><![CDATA[2018-09-11 16:27:07 - [TEST_CASE][PASSED] - Test Cases/Lookup_Table_Varaibles_exist_in_the_system: Test Cases/Lookup_Table_Varaibles_exist_in_the_system

2018-09-11 16:27:07 - [TEST_STEP][PASSED] - Start listener action : sampleBeforeTestCase: Invoke 'com.kms.katalon.core.annotation.BeforeTestCase' method: 'NewTestListener.sampleBeforeTestCase(...)' completed.

2018-09-11 16:27:07 - [TEST_STEP][PASSED] - Statement - println(testCaseContext.getTestCaseId()): null

2018-09-11 16:27:07 - [TEST_STEP][PASSED] - Statement - println(testCaseContext.getTestCaseVariables()): Invoke 'com.kms.katalon.core.annotation.BeforeTestCase' method: 'NewTestListener.sampleBeforeTestCase(...)' completed.

2018-09-11 16:27:07 - [TEST_STEP][NOT_RUN] - callTestCase: NOT_RUN: callTestCase

2018-09-11 16:27:07 - [MESSAGE][NOT_RUN] - NOT_RUN: callTestCase

2018-09-11 16:27:07 - [TEST_STEP][PASSED] - mouseOver: Object: 'Object Repository/Page_Callidus Cloud Commissions Man/div_PLAN' is hovered

2018-09-11 16:27:08 - [MESSAGE][PASSED] - Object: 'Object Repository/Page_Callidus Cloud Commissions Man/div_PLAN' is hovered

2018-09-11 16:27:08 - [TEST_STEP][PASSED] - delay: Delayed 2 second(s)

2018-09-11 16:27:10 - [MESSAGE][PASSED] - Delayed 2 second(s)

2018-09-11 16:27:10 - [TEST_STEP][PASSED] - scrollToElement: Scroll to object 'Object Repository/Page_Callidus Cloud Commissions Man/a_Plan Components' successfully

2018-09-11 16:27:10 - [MESSAGE][PASSED] - Scroll to object 'Object Repository/Page_Callidus Cloud Commissions Man/a_Plan Components' successfully

2018-09-11 16:27:10 - [TEST_STEP][PASSED] - delay: Delayed 2 second(s)

2018-09-11 16:27:12 - [MESSAGE][PASSED] - Delayed 2 second(s)

2018-09-11 16:27:12 - [TEST_STEP][PASSED] - scrollToElement: Scroll to object 'Object Repository/Page_Callidus Cloud Commissions Man/a_Variables' successfully

2018-09-11 16:27:12 - [MESSAGE][PASSED] - Scroll to object 'Object Repository/Page_Callidus Cloud Commissions Man/a_Variables' successfully

2018-09-11 16:27:12 - [TEST_STEP][PASSED] - delay: Delayed 4 second(s)

2018-09-11 16:27:16 - [MESSAGE][PASSED] - Delayed 4 second(s)

2018-09-11 16:27:16 - [TEST_STEP][PASSED] - click: Object: 'Object Repository/Page_Callidus Cloud Commissions Man/a_Variables' is clicked on

2018-09-11 16:27:17 - [MESSAGE][PASSED] - Object: 'Object Repository/Page_Callidus Cloud Commissions Man/a_Variables' is clicked on

2018-09-11 16:27:17 - [TEST_STEP][PASSED] - delay: Delayed 2 second(s)

2018-09-11 16:27:19 - [MESSAGE][PASSED] - Delayed 2 second(s)

2018-09-11 16:27:19 - [TEST_STEP][PASSED] - click: Object: 'Object Repository/Page_Callidus Cloud Commissions Man/a_Advanced Search' is clicked on

2018-09-11 16:27:19 - [MESSAGE][PASSED] - Object: 'Object Repository/Page_Callidus Cloud Commissions Man/a_Advanced Search' is clicked on

2018-09-11 16:27:19 - [TEST_STEP][PASSED] - delay: Delayed 2 second(s)

2018-09-11 16:27:21 - [MESSAGE][PASSED] - Delayed 2 second(s)

2018-09-11 16:27:21 - [TEST_STEP][PASSED] - click: Object: 'Object Repository/Page_Callidus Cloud Commissions Man/td_Field Name' is clicked on

2018-09-11 16:27:21 - [MESSAGE][PASSED] - Object: 'Object Repository/Page_Callidus Cloud Commissions Man/td_Field Name' is clicked on

2018-09-11 16:27:21 - [TEST_STEP][PASSED] - delay: Delayed 2 second(s)

2018-09-11 16:27:23 - [MESSAGE][PASSED] - Delayed 2 second(s)

2018-09-11 16:27:23 - [TEST_STEP][PASSED] - scrollToElement: Scroll to object 'Object Repository/Page_Callidus Cloud Commissions Man/option_Variables' successfully

2018-09-11 16:27:23 - [MESSAGE][PASSED] - Scroll to object 'Object Repository/Page_Callidus Cloud Commissions Man/option_Variables' successfully

2018-09-11 16:27:23 - [TEST_STEP][PASSED] - delay: Delayed 2 second(s)

2018-09-11 16:27:25 - [MESSAGE][PASSED] - Delayed 2 second(s)

2018-09-11 16:27:25 - [TEST_STEP][PASSED] - click: Object: 'Object Repository/Page_Callidus Cloud Commissions Man/option_Variables' is clicked on

2018-09-11 16:27:25 - [MESSAGE][PASSED] - Object: 'Object Repository/Page_Callidus Cloud Commissions Man/option_Variables' is clicked on

2018-09-11 16:27:25 - [TEST_STEP][PASSED] - delay: Delayed 2 second(s)

2018-09-11 16:27:27 - [MESSAGE][PASSED] - Delayed 2 second(s)

2018-09-11 16:27:27 - [TEST_STEP][PASSED] - click: Object: 'Object Repository/Page_Callidus Cloud Commissions Man/td_Comparision' is clicked on

2018-09-11 16:27:27 - [MESSAGE][PASSED] - Object: 'Object Repository/Page_Callidus Cloud Commissions Man/td_Comparision' is clicked on

2018-09-11 16:27:27 - [TEST_STEP][PASSED] - delay: Delayed 2 second(s)

2018-09-11 16:27:29 - [MESSAGE][PASSED] - Delayed 2 second(s)

2018-09-11 16:27:29 - [TEST_STEP][PASSED] - scrollToElement: Scroll to object 'Object Repository/Page_Callidus Cloud Commissions Man/option_Equals' successfully

2018-09-11 16:27:29 - [MESSAGE][PASSED] - Scroll to object 'Object Repository/Page_Callidus Cloud Commissions Man/option_Equals' successfully

2018-09-11 16:27:29 - [TEST_STEP][PASSED] - delay: Delayed 2 second(s)

2018-09-11 16:27:31 - [MESSAGE][PASSED] - Delayed 2 second(s)

2018-09-11 16:27:31 - [TEST_STEP][PASSED] - click: Object: 'Object Repository/Page_Callidus Cloud Commissions Man/option_Equals' is clicked on

2018-09-11 16:27:31 - [MESSAGE][PASSED] - Object: 'Object Repository/Page_Callidus Cloud Commissions Man/option_Equals' is clicked on

2018-09-11 16:27:31 - [TEST_STEP][PASSED] - delay: Delayed 2 second(s)

2018-09-11 16:27:33 - [MESSAGE][PASSED] - Delayed 2 second(s)

2018-09-11 16:27:33 - [TEST_STEP][PASSED] - setText: Text 'Var_LT_Demo4' is set on object 'Object Repository/Page_Callidus Cloud Commissions Man/td_Value'

2018-09-11 16:27:34 - [MESSAGE][PASSED] - Text 'Var_LT_Demo4' is set on object 'Object Repository/Page_Callidus Cloud Commissions Man/td_Value'

2018-09-11 16:27:34 - [TEST_STEP][PASSED] - click: Object: 'Object Repository/Page_Callidus Cloud Commissions Man/input_Apply Search' is clicked on

2018-09-11 16:27:34 - [MESSAGE][PASSED] - Object: 'Object Repository/Page_Callidus Cloud Commissions Man/input_Apply Search' is clicked on

2018-09-11 16:27:34 - [TEST_STEP][PASSED] - delay: Delayed 5 second(s)

2018-09-11 16:27:39 - [MESSAGE][PASSED] - Delayed 5 second(s)

2018-09-11 16:27:39 - [TEST_STEP][NOT_RUN] - callTestCase: NOT_RUN: callTestCase

2018-09-11 16:27:39 - [MESSAGE][NOT_RUN] - NOT_RUN: callTestCase]]></system-out>
         <system-err><![CDATA[]]></system-err>
      </testcase>
      <testcase name="Test Cases/Measurement Rule exists in the system" classname="Test Cases/Measurement Rule exists in the system" status="PASSED">
         <system-out><![CDATA[2018-09-11 16:27:39 - [TEST_CASE][PASSED] - Test Cases/Measurement Rule exists in the system: Test Cases/Measurement Rule exists in the system

2018-09-11 16:27:39 - [TEST_STEP][PASSED] - Start listener action : sampleBeforeTestCase: Invoke 'com.kms.katalon.core.annotation.BeforeTestCase' method: 'NewTestListener.sampleBeforeTestCase(...)' completed.

2018-09-11 16:27:39 - [TEST_STEP][PASSED] - Statement - println(testCaseContext.getTestCaseId()): null

2018-09-11 16:27:39 - [TEST_STEP][PASSED] - Statement - println(testCaseContext.getTestCaseVariables()): Invoke 'com.kms.katalon.core.annotation.BeforeTestCase' method: 'NewTestListener.sampleBeforeTestCase(...)' completed.

2018-09-11 16:27:39 - [TEST_STEP][NOT_RUN] - callTestCase: NOT_RUN: callTestCase

2018-09-11 16:27:39 - [MESSAGE][NOT_RUN] - NOT_RUN: callTestCase

2018-09-11 16:27:39 - [TEST_STEP][PASSED] - delay: Delayed 5 second(s)

2018-09-11 16:27:44 - [MESSAGE][PASSED] - Delayed 5 second(s)

2018-09-11 16:27:44 - [TEST_STEP][PASSED] - mouseOver: Object: 'Object Repository/Page_Plan Tab/a_Plan' is hovered

2018-09-11 16:27:44 - [MESSAGE][PASSED] - Object: 'Object Repository/Page_Plan Tab/a_Plan' is hovered

2018-09-11 16:27:44 - [TEST_STEP][PASSED] - delay: Delayed 3 second(s)

2018-09-11 16:27:47 - [MESSAGE][PASSED] - Delayed 3 second(s)

2018-09-11 16:27:47 - [TEST_STEP][PASSED] - scrollToElement: Scroll to object 'Object Repository/Page_Plan Tab/a_Rules' successfully

2018-09-11 16:27:48 - [MESSAGE][PASSED] - Scroll to object 'Object Repository/Page_Plan Tab/a_Rules' successfully

2018-09-11 16:27:48 - [TEST_STEP][PASSED] - delay: Delayed 4 second(s)

2018-09-11 16:27:52 - [MESSAGE][PASSED] - Delayed 4 second(s)

2018-09-11 16:27:52 - [TEST_STEP][PASSED] - click: Object: 'Object Repository/Page_Plan Tab/a_Rules' is clicked on

2018-09-11 16:27:52 - [MESSAGE][PASSED] - Object: 'Object Repository/Page_Plan Tab/a_Rules' is clicked on

2018-09-11 16:27:52 - [TEST_STEP][PASSED] - delay: Delayed 2 second(s)

2018-09-11 16:27:54 - [MESSAGE][PASSED] - Delayed 2 second(s)

2018-09-11 16:27:54 - [TEST_STEP][PASSED] - click: Object: 'Object Repository/Page_Callidus Cloud Commissions Man/a_Advanced Search' is clicked on

2018-09-11 16:27:55 - [MESSAGE][PASSED] - Object: 'Object Repository/Page_Callidus Cloud Commissions Man/a_Advanced Search' is clicked on

2018-09-11 16:27:55 - [TEST_STEP][PASSED] - delay: Delayed 2 second(s)

2018-09-11 16:27:57 - [MESSAGE][PASSED] - Delayed 2 second(s)

2018-09-11 16:27:57 - [TEST_STEP][PASSED] - click: Object: 'Object Repository/Page_Callidus Cloud Commissions Man/td_Field Name' is clicked on

2018-09-11 16:27:57 - [MESSAGE][PASSED] - Object: 'Object Repository/Page_Callidus Cloud Commissions Man/td_Field Name' is clicked on

2018-09-11 16:27:57 - [TEST_STEP][PASSED] - delay: Delayed 2 second(s)

2018-09-11 16:27:59 - [MESSAGE][PASSED] - Delayed 2 second(s)

2018-09-11 16:27:59 - [TEST_STEP][PASSED] - scrollToElement: Scroll to object 'Object Repository/Page_Plan Tab/a_Field_name' successfully

2018-09-11 16:27:59 - [MESSAGE][PASSED] - Scroll to object 'Object Repository/Page_Plan Tab/a_Field_name' successfully

2018-09-11 16:27:59 - [TEST_STEP][PASSED] - delay: Delayed 2 second(s)

2018-09-11 16:28:01 - [MESSAGE][PASSED] - Delayed 2 second(s)

2018-09-11 16:28:01 - [TEST_STEP][PASSED] - click: Object: 'Object Repository/Page_Plan Tab/a_Field_name' is clicked on

2018-09-11 16:28:01 - [MESSAGE][PASSED] - Object: 'Object Repository/Page_Plan Tab/a_Field_name' is clicked on

2018-09-11 16:28:01 - [TEST_STEP][PASSED] - click: Object: 'Object Repository/Page_Callidus Cloud Commissions Man/td_Comparision' is clicked on

2018-09-11 16:28:01 - [MESSAGE][PASSED] - Object: 'Object Repository/Page_Callidus Cloud Commissions Man/td_Comparision' is clicked on

2018-09-11 16:28:01 - [TEST_STEP][PASSED] - delay: Delayed 2 second(s)

2018-09-11 16:28:03 - [MESSAGE][PASSED] - Delayed 2 second(s)

2018-09-11 16:28:03 - [TEST_STEP][PASSED] - scrollToElement: Scroll to object 'Object Repository/Page_Callidus Cloud Commissions Man/option_Equals' successfully

2018-09-11 16:28:03 - [MESSAGE][PASSED] - Scroll to object 'Object Repository/Page_Callidus Cloud Commissions Man/option_Equals' successfully

2018-09-11 16:28:03 - [TEST_STEP][PASSED] - delay: Delayed 2 second(s)

2018-09-11 16:28:05 - [MESSAGE][PASSED] - Delayed 2 second(s)

2018-09-11 16:28:05 - [TEST_STEP][PASSED] - click: Object: 'Object Repository/Page_Callidus Cloud Commissions Man/option_Equals' is clicked on

2018-09-11 16:28:05 - [MESSAGE][PASSED] - Object: 'Object Repository/Page_Callidus Cloud Commissions Man/option_Equals' is clicked on

2018-09-11 16:28:05 - [TEST_STEP][PASSED] - delay: Delayed 2 second(s)

2018-09-11 16:28:07 - [MESSAGE][PASSED] - Delayed 2 second(s)

2018-09-11 16:28:07 - [TEST_STEP][PASSED] - setText: Text 'MR Testrule' is set on object 'Object Repository/Page_Callidus Cloud Commissions Man/td_Value'

2018-09-11 16:28:08 - [MESSAGE][PASSED] - Text 'MR Testrule' is set on object 'Object Repository/Page_Callidus Cloud Commissions Man/td_Value'

2018-09-11 16:28:08 - [TEST_STEP][PASSED] - delay: Delayed 2 second(s)

2018-09-11 16:28:10 - [MESSAGE][PASSED] - Delayed 2 second(s)

2018-09-11 16:28:10 - [TEST_STEP][PASSED] - click: Object: 'Object Repository/Page_Callidus Cloud Commissions Man/input_Apply Search' is clicked on

2018-09-11 16:28:10 - [MESSAGE][PASSED] - Object: 'Object Repository/Page_Callidus Cloud Commissions Man/input_Apply Search' is clicked on

2018-09-11 16:28:10 - [TEST_STEP][NOT_RUN] - acceptAlert: NOT_RUN: acceptAlert

2018-09-11 16:28:10 - [MESSAGE][NOT_RUN] - NOT_RUN: acceptAlert

2018-09-11 16:28:10 - [TEST_STEP][NOT_RUN] - callTestCase: NOT_RUN: callTestCase

2018-09-11 16:28:10 - [MESSAGE][NOT_RUN] - NOT_RUN: callTestCase]]></system-out>
         <system-err><![CDATA[]]></system-err>
      </testcase>
      <testcase name="Test Cases/Plan Components exist in the system" classname="Test Cases/Plan Components exist in the system" status="PASSED">
         <system-out><![CDATA[2018-09-11 16:28:10 - [TEST_CASE][PASSED] - Test Cases/Plan Components exist in the system: Test Cases/Plan Components exist in the system

2018-09-11 16:28:10 - [TEST_STEP][PASSED] - Start listener action : sampleBeforeTestCase: Invoke 'com.kms.katalon.core.annotation.BeforeTestCase' method: 'NewTestListener.sampleBeforeTestCase(...)' completed.

2018-09-11 16:28:10 - [TEST_STEP][PASSED] - Statement - println(testCaseContext.getTestCaseId()): null

2018-09-11 16:28:10 - [TEST_STEP][PASSED] - Statement - println(testCaseContext.getTestCaseVariables()): Invoke 'com.kms.katalon.core.annotation.BeforeTestCase' method: 'NewTestListener.sampleBeforeTestCase(...)' completed.

2018-09-11 16:28:10 - [TEST_STEP][NOT_RUN] - callTestCase: NOT_RUN: callTestCase

2018-09-11 16:28:10 - [MESSAGE][NOT_RUN] - NOT_RUN: callTestCase

2018-09-11 16:28:10 - [TEST_STEP][PASSED] - mouseOver: Object: 'Object Repository/Page_Callidus Cloud Commissions Man/div_PLAN' is hovered

2018-09-11 16:28:10 - [MESSAGE][PASSED] - Object: 'Object Repository/Page_Callidus Cloud Commissions Man/div_PLAN' is hovered

2018-09-11 16:28:10 - [TEST_STEP][PASSED] - delay: Delayed 2 second(s)

2018-09-11 16:28:12 - [MESSAGE][PASSED] - Delayed 2 second(s)

2018-09-11 16:28:12 - [TEST_STEP][PASSED] - scrollToElement: Scroll to object 'Object Repository/Page_Callidus Cloud Commissions Man/a_Plan Components' successfully

2018-09-11 16:28:12 - [MESSAGE][PASSED] - Scroll to object 'Object Repository/Page_Callidus Cloud Commissions Man/a_Plan Components' successfully

2018-09-11 16:28:12 - [TEST_STEP][PASSED] - delay: Delayed 4 second(s)

2018-09-11 16:28:16 - [MESSAGE][PASSED] - Delayed 4 second(s)

2018-09-11 16:28:16 - [TEST_STEP][PASSED] - click: Object: 'Object Repository/Page_Callidus Cloud Commissions Man/a_Plan Components' is clicked on

2018-09-11 16:28:17 - [MESSAGE][PASSED] - Object: 'Object Repository/Page_Callidus Cloud Commissions Man/a_Plan Components' is clicked on

2018-09-11 16:28:17 - [TEST_STEP][PASSED] - delay: Delayed 2 second(s)

2018-09-11 16:28:19 - [MESSAGE][PASSED] - Delayed 2 second(s)

2018-09-11 16:28:19 - [TEST_STEP][PASSED] - click: Object: 'Object Repository/Page_Callidus Cloud Commissions Man/a_Advanced Search' is clicked on

2018-09-11 16:29:38 - [MESSAGE][PASSED] - Object: 'Object Repository/Page_Callidus Cloud Commissions Man/a_Advanced Search' is clicked on

2018-09-11 16:29:38 - [TEST_STEP][PASSED] - delay: Delayed 2 second(s)

2018-09-11 16:29:40 - [MESSAGE][PASSED] - Delayed 2 second(s)

2018-09-11 16:29:40 - [TEST_STEP][PASSED] - click: Object: 'Object Repository/Page_Callidus Cloud Commissions Man/td_Field Name' is clicked on

2018-09-11 16:29:40 - [MESSAGE][PASSED] - Object: 'Object Repository/Page_Callidus Cloud Commissions Man/td_Field Name' is clicked on

2018-09-11 16:29:40 - [TEST_STEP][PASSED] - delay: Delayed 2 second(s)

2018-09-11 16:29:42 - [MESSAGE][PASSED] - Delayed 2 second(s)

2018-09-11 16:29:42 - [TEST_STEP][PASSED] - scrollToElement: Scroll to object 'Object Repository/Page_Callidus Cloud Commissions Man/option_Plan Components' successfully

2018-09-11 16:29:42 - [MESSAGE][PASSED] - Scroll to object 'Object Repository/Page_Callidus Cloud Commissions Man/option_Plan Components' successfully

2018-09-11 16:29:42 - [TEST_STEP][PASSED] - delay: Delayed 2 second(s)

2018-09-11 16:29:44 - [MESSAGE][PASSED] - Delayed 2 second(s)

2018-09-11 16:29:44 - [TEST_STEP][PASSED] - click: Object: 'Object Repository/Page_Callidus Cloud Commissions Man/option_Plan Components' is clicked on

2018-09-11 16:29:44 - [MESSAGE][PASSED] - Object: 'Object Repository/Page_Callidus Cloud Commissions Man/option_Plan Components' is clicked on

2018-09-11 16:29:44 - [TEST_STEP][PASSED] - click: Object: 'Object Repository/Page_Callidus Cloud Commissions Man/td_Comparision' is clicked on

2018-09-11 16:29:44 - [MESSAGE][PASSED] - Object: 'Object Repository/Page_Callidus Cloud Commissions Man/td_Comparision' is clicked on

2018-09-11 16:29:44 - [TEST_STEP][PASSED] - scrollToElement: Scroll to object 'Object Repository/Page_Callidus Cloud Commissions Man/option_Equals' successfully

2018-09-11 16:29:45 - [MESSAGE][PASSED] - Scroll to object 'Object Repository/Page_Callidus Cloud Commissions Man/option_Equals' successfully

2018-09-11 16:29:45 - [TEST_STEP][PASSED] - delay: Delayed 2 second(s)

2018-09-11 16:29:47 - [MESSAGE][PASSED] - Delayed 2 second(s)

2018-09-11 16:29:47 - [TEST_STEP][PASSED] - click: Object: 'Object Repository/Page_Callidus Cloud Commissions Man/option_Equals' is clicked on

2018-09-11 16:29:47 - [MESSAGE][PASSED] - Object: 'Object Repository/Page_Callidus Cloud Commissions Man/option_Equals' is clicked on

2018-09-11 16:29:47 - [TEST_STEP][PASSED] - delay: Delayed 2 second(s)

2018-09-11 16:29:49 - [MESSAGE][PASSED] - Delayed 2 second(s)

2018-09-11 16:29:49 - [TEST_STEP][PASSED] - setText: Text 'Aggregated Revenue against Territory based on Flat Rate' is set on object 'Object Repository/Page_Callidus Cloud Commissions Man/td_Value'

2018-09-11 16:29:50 - [MESSAGE][PASSED] - Text 'Aggregated Revenue against Territory based on Flat Rate' is set on object 'Object Repository/Page_Callidus Cloud Commissions Man/td_Value'

2018-09-11 16:29:50 - [TEST_STEP][PASSED] - click: Object: 'Object Repository/Page_Callidus Cloud Commissions Man/input_Apply Search' is clicked on

2018-09-11 16:29:50 - [MESSAGE][PASSED] - Object: 'Object Repository/Page_Callidus Cloud Commissions Man/input_Apply Search' is clicked on

2018-09-11 16:29:50 - [TEST_STEP][NOT_RUN] - callTestCase: NOT_RUN: callTestCase

2018-09-11 16:29:50 - [MESSAGE][NOT_RUN] - NOT_RUN: callTestCase]]></system-out>
         <system-err><![CDATA[]]></system-err>
      </testcase>
      <testcase name="Test Cases/Plans exist in the system" classname="Test Cases/Plans exist in the system" status="PASSED">
         <system-out><![CDATA[2018-09-11 16:29:50 - [TEST_CASE][PASSED] - Test Cases/Plans exist in the system: Test Cases/Plans exist in the system

2018-09-11 16:29:50 - [TEST_STEP][PASSED] - Start listener action : sampleBeforeTestCase: Invoke 'com.kms.katalon.core.annotation.BeforeTestCase' method: 'NewTestListener.sampleBeforeTestCase(...)' completed.

2018-09-11 16:29:50 - [TEST_STEP][PASSED] - Statement - println(testCaseContext.getTestCaseId()): null

2018-09-11 16:29:50 - [TEST_STEP][PASSED] - Statement - println(testCaseContext.getTestCaseVariables()): Invoke 'com.kms.katalon.core.annotation.BeforeTestCase' method: 'NewTestListener.sampleBeforeTestCase(...)' completed.

2018-09-11 16:29:51 - [TEST_STEP][NOT_RUN] - callTestCase: NOT_RUN: callTestCase

2018-09-11 16:29:51 - [MESSAGE][NOT_RUN] - NOT_RUN: callTestCase

2018-09-11 16:29:51 - [TEST_STEP][PASSED] - mouseOver: Object: 'Object Repository/Page_Callidus Cloud Commissions Man/div_PLAN' is hovered

2018-09-11 16:29:51 - [MESSAGE][PASSED] - Object: 'Object Repository/Page_Callidus Cloud Commissions Man/div_PLAN' is hovered

2018-09-11 16:29:51 - [TEST_STEP][PASSED] - delay: Delayed 5 second(s)

2018-09-11 16:29:56 - [MESSAGE][PASSED] - Delayed 5 second(s)

2018-09-11 16:29:56 - [TEST_STEP][PASSED] - scrollToElement: Scroll to object 'Object Repository/Page_Callidus Cloud Commissions Man/a_Plans' successfully

2018-09-11 16:29:56 - [MESSAGE][PASSED] - Scroll to object 'Object Repository/Page_Callidus Cloud Commissions Man/a_Plans' successfully

2018-09-11 16:29:56 - [TEST_STEP][PASSED] - delay: Delayed 4 second(s)

2018-09-11 16:30:00 - [MESSAGE][PASSED] - Delayed 4 second(s)

2018-09-11 16:30:00 - [TEST_STEP][PASSED] - click: Object: 'Object Repository/Page_Callidus Cloud Commissions Man/a_Plans' is clicked on

2018-09-11 16:30:01 - [MESSAGE][PASSED] - Object: 'Object Repository/Page_Callidus Cloud Commissions Man/a_Plans' is clicked on

2018-09-11 16:30:01 - [TEST_STEP][PASSED] - delay: Delayed 2 second(s)

2018-09-11 16:30:03 - [MESSAGE][PASSED] - Delayed 2 second(s)

2018-09-11 16:30:03 - [TEST_STEP][PASSED] - click: Object: 'Object Repository/Page_Callidus Cloud Commissions Man/a_Advanced Search' is clicked on

2018-09-11 16:30:04 - [MESSAGE][PASSED] - Object: 'Object Repository/Page_Callidus Cloud Commissions Man/a_Advanced Search' is clicked on

2018-09-11 16:30:04 - [TEST_STEP][PASSED] - delay: Delayed 2 second(s)

2018-09-11 16:30:06 - [MESSAGE][PASSED] - Delayed 2 second(s)

2018-09-11 16:30:06 - [TEST_STEP][PASSED] - click: Object: 'Object Repository/Page_Callidus Cloud Commissions Man/td_Field Name' is clicked on

2018-09-11 16:30:06 - [MESSAGE][PASSED] - Object: 'Object Repository/Page_Callidus Cloud Commissions Man/td_Field Name' is clicked on

2018-09-11 16:30:06 - [TEST_STEP][PASSED] - delay: Delayed 2 second(s)

2018-09-11 16:30:08 - [MESSAGE][PASSED] - Delayed 2 second(s)

2018-09-11 16:30:08 - [TEST_STEP][PASSED] - scrollToElement: Scroll to object 'Object Repository/Page_Callidus Cloud Commissions Man/option_Plans' successfully

2018-09-11 16:30:08 - [MESSAGE][PASSED] - Scroll to object 'Object Repository/Page_Callidus Cloud Commissions Man/option_Plans' successfully

2018-09-11 16:30:08 - [TEST_STEP][PASSED] - delay: Delayed 2 second(s)

2018-09-11 16:30:10 - [MESSAGE][PASSED] - Delayed 2 second(s)

2018-09-11 16:30:10 - [TEST_STEP][PASSED] - click: Object: 'Object Repository/Page_Callidus Cloud Commissions Man/option_Plans' is clicked on

2018-09-11 16:30:10 - [MESSAGE][PASSED] - Object: 'Object Repository/Page_Callidus Cloud Commissions Man/option_Plans' is clicked on

2018-09-11 16:30:10 - [TEST_STEP][PASSED] - click: Object: 'Object Repository/Page_Callidus Cloud Commissions Man/td_Comparision' is clicked on

2018-09-11 16:30:10 - [MESSAGE][PASSED] - Object: 'Object Repository/Page_Callidus Cloud Commissions Man/td_Comparision' is clicked on

2018-09-11 16:30:10 - [TEST_STEP][PASSED] - scrollToElement: Scroll to object 'Object Repository/Page_Callidus Cloud Commissions Man/option_Equals' successfully

2018-09-11 16:30:10 - [MESSAGE][PASSED] - Scroll to object 'Object Repository/Page_Callidus Cloud Commissions Man/option_Equals' successfully

2018-09-11 16:30:10 - [TEST_STEP][PASSED] - delay: Delayed 2 second(s)

2018-09-11 16:30:12 - [MESSAGE][PASSED] - Delayed 2 second(s)

2018-09-11 16:30:12 - [TEST_STEP][PASSED] - click: Object: 'Object Repository/Page_Callidus Cloud Commissions Man/option_Equals' is clicked on

2018-09-11 16:30:12 - [MESSAGE][PASSED] - Object: 'Object Repository/Page_Callidus Cloud Commissions Man/option_Equals' is clicked on

2018-09-11 16:30:12 - [TEST_STEP][PASSED] - delay: Delayed 2 second(s)

2018-09-11 16:30:14 - [MESSAGE][PASSED] - Delayed 2 second(s)

2018-09-11 16:30:14 - [TEST_STEP][PASSED] - setText: Text 'compensation plan' is set on object 'Object Repository/Page_Callidus Cloud Commissions Man/td_Value'

2018-09-11 16:30:15 - [MESSAGE][PASSED] - Text 'compensation plan' is set on object 'Object Repository/Page_Callidus Cloud Commissions Man/td_Value'

2018-09-11 16:30:15 - [TEST_STEP][PASSED] - click: Object: 'Object Repository/Page_Callidus Cloud Commissions Man/input_Apply Search' is clicked on

2018-09-11 16:30:15 - [MESSAGE][PASSED] - Object: 'Object Repository/Page_Callidus Cloud Commissions Man/input_Apply Search' is clicked on

2018-09-11 16:30:15 - [TEST_STEP][NOT_RUN] - callTestCase: NOT_RUN: callTestCase

2018-09-11 16:30:15 - [MESSAGE][NOT_RUN] - NOT_RUN: callTestCase]]></system-out>
         <system-err><![CDATA[]]></system-err>
      </testcase>
      <testcase name="Test Cases/Position Groups exist in the system" classname="Test Cases/Position Groups exist in the system" status="PASSED">
         <system-out><![CDATA[2018-09-11 16:30:15 - [TEST_CASE][PASSED] - Test Cases/Position Groups exist in the system: Test Cases/Position Groups exist in the system

2018-09-11 16:30:15 - [TEST_STEP][PASSED] - Start listener action : sampleBeforeTestCase: Invoke 'com.kms.katalon.core.annotation.BeforeTestCase' method: 'NewTestListener.sampleBeforeTestCase(...)' completed.

2018-09-11 16:30:15 - [TEST_STEP][PASSED] - Statement - println(testCaseContext.getTestCaseId()): null

2018-09-11 16:30:15 - [TEST_STEP][PASSED] - Statement - println(testCaseContext.getTestCaseVariables()): Invoke 'com.kms.katalon.core.annotation.BeforeTestCase' method: 'NewTestListener.sampleBeforeTestCase(...)' completed.

2018-09-11 16:30:16 - [TEST_STEP][NOT_RUN] - callTestCase: NOT_RUN: callTestCase

2018-09-11 16:30:16 - [MESSAGE][NOT_RUN] - NOT_RUN: callTestCase

2018-09-11 16:30:16 - [TEST_STEP][PASSED] - mouseOver: Object: 'Object Repository/Page_Callidus Cloud Commissions Man/div_ADMINISTRATION' is hovered

2018-09-11 16:30:16 - [MESSAGE][PASSED] - Object: 'Object Repository/Page_Callidus Cloud Commissions Man/div_ADMINISTRATION' is hovered

2018-09-11 16:30:16 - [TEST_STEP][PASSED] - delay: Delayed 2 second(s)

2018-09-11 16:30:18 - [MESSAGE][PASSED] - Delayed 2 second(s)

2018-09-11 16:30:18 - [TEST_STEP][PASSED] - scrollToElement: Scroll to object 'Object Repository/Page_Callidus Cloud Commissions Man/a_Position Groups' successfully

2018-09-11 16:30:18 - [MESSAGE][PASSED] - Scroll to object 'Object Repository/Page_Callidus Cloud Commissions Man/a_Position Groups' successfully

2018-09-11 16:30:18 - [TEST_STEP][PASSED] - delay: Delayed 4 second(s)

2018-09-11 16:30:22 - [MESSAGE][PASSED] - Delayed 4 second(s)

2018-09-11 16:30:22 - [TEST_STEP][PASSED] - click: Object: 'Object Repository/Page_Callidus Cloud Commissions Man/a_Position Groups' is clicked on

2018-09-11 16:30:22 - [MESSAGE][PASSED] - Object: 'Object Repository/Page_Callidus Cloud Commissions Man/a_Position Groups' is clicked on

2018-09-11 16:30:22 - [TEST_STEP][PASSED] - delay: Delayed 2 second(s)

2018-09-11 16:30:24 - [MESSAGE][PASSED] - Delayed 2 second(s)

2018-09-11 16:30:24 - [TEST_STEP][PASSED] - click: Object: 'Object Repository/Page_Callidus Cloud Commissions Man/a_Advanced Search' is clicked on

2018-09-11 16:30:25 - [MESSAGE][PASSED] - Object: 'Object Repository/Page_Callidus Cloud Commissions Man/a_Advanced Search' is clicked on

2018-09-11 16:30:25 - [TEST_STEP][PASSED] - click: Object: 'Object Repository/Page_Callidus Cloud Commissions Man/td_Field Name' is clicked on

2018-09-11 16:30:25 - [MESSAGE][PASSED] - Object: 'Object Repository/Page_Callidus Cloud Commissions Man/td_Field Name' is clicked on

2018-09-11 16:30:25 - [TEST_STEP][PASSED] - delay: Delayed 2 second(s)

2018-09-11 16:30:27 - [MESSAGE][PASSED] - Delayed 2 second(s)

2018-09-11 16:30:27 - [TEST_STEP][PASSED] - scrollToElement: Scroll to object 'Object Repository/Page_Callidus Cloud Commissions Man/option_Position Groups' successfully

2018-09-11 16:30:27 - [MESSAGE][PASSED] - Scroll to object 'Object Repository/Page_Callidus Cloud Commissions Man/option_Position Groups' successfully

2018-09-11 16:30:27 - [TEST_STEP][PASSED] - delay: Delayed 2 second(s)

2018-09-11 16:30:29 - [MESSAGE][PASSED] - Delayed 2 second(s)

2018-09-11 16:30:29 - [TEST_STEP][PASSED] - click: Object: 'Object Repository/Page_Callidus Cloud Commissions Man/option_Position Groups' is clicked on

2018-09-11 16:30:29 - [MESSAGE][PASSED] - Object: 'Object Repository/Page_Callidus Cloud Commissions Man/option_Position Groups' is clicked on

2018-09-11 16:30:29 - [TEST_STEP][PASSED] - click: Object: 'Object Repository/Page_Callidus Cloud Commissions Man/td_Comparision' is clicked on

2018-09-11 16:30:30 - [MESSAGE][PASSED] - Object: 'Object Repository/Page_Callidus Cloud Commissions Man/td_Comparision' is clicked on

2018-09-11 16:30:30 - [TEST_STEP][PASSED] - delay: Delayed 2 second(s)

2018-09-11 16:30:32 - [MESSAGE][PASSED] - Delayed 2 second(s)

2018-09-11 16:30:32 - [TEST_STEP][PASSED] - scrollToElement: Scroll to object 'Object Repository/Page_Callidus Cloud Commissions Man/option_Equals' successfully

2018-09-11 16:30:32 - [MESSAGE][PASSED] - Scroll to object 'Object Repository/Page_Callidus Cloud Commissions Man/option_Equals' successfully

2018-09-11 16:30:32 - [TEST_STEP][PASSED] - delay: Delayed 2 second(s)

2018-09-11 16:30:34 - [MESSAGE][PASSED] - Delayed 2 second(s)

2018-09-11 16:30:34 - [TEST_STEP][PASSED] - click: Object: 'Object Repository/Page_Callidus Cloud Commissions Man/option_Equals' is clicked on

2018-09-11 16:30:34 - [MESSAGE][PASSED] - Object: 'Object Repository/Page_Callidus Cloud Commissions Man/option_Equals' is clicked on

2018-09-11 16:30:34 - [TEST_STEP][PASSED] - delay: Delayed 2 second(s)

2018-09-11 16:30:36 - [MESSAGE][PASSED] - Delayed 2 second(s)

2018-09-11 16:30:36 - [TEST_STEP][PASSED] - setText: Text 'P_G_Demo1' is set on object 'Object Repository/Page_Callidus Cloud Commissions Man/td_Value'

2018-09-11 16:30:36 - [MESSAGE][PASSED] - Text 'P_G_Demo1' is set on object 'Object Repository/Page_Callidus Cloud Commissions Man/td_Value'

2018-09-11 16:30:36 - [TEST_STEP][PASSED] - delay: Delayed 2 second(s)

2018-09-11 16:30:38 - [MESSAGE][PASSED] - Delayed 2 second(s)

2018-09-11 16:30:38 - [TEST_STEP][PASSED] - click: Object: 'Object Repository/Page_Callidus Cloud Commissions Man/input_Apply Search' is clicked on

2018-09-11 16:30:38 - [MESSAGE][PASSED] - Object: 'Object Repository/Page_Callidus Cloud Commissions Man/input_Apply Search' is clicked on

2018-09-11 16:30:38 - [TEST_STEP][NOT_RUN] - callTestCase: NOT_RUN: callTestCase

2018-09-11 16:30:38 - [MESSAGE][NOT_RUN] - NOT_RUN: callTestCase]]></system-out>
         <system-err><![CDATA[]]></system-err>
      </testcase>
      <testcase name="Test Cases/Rate_Tables_exist_in_the_system" classname="Test Cases/Rate_Tables_exist_in_the_system" status="PASSED">
         <system-out><![CDATA[2018-09-11 16:30:38 - [TEST_CASE][PASSED] - Test Cases/Rate_Tables_exist_in_the_system: Test Cases/Rate_Tables_exist_in_the_system

2018-09-11 16:30:38 - [TEST_STEP][PASSED] - Start listener action : sampleBeforeTestCase: Invoke 'com.kms.katalon.core.annotation.BeforeTestCase' method: 'NewTestListener.sampleBeforeTestCase(...)' completed.

2018-09-11 16:30:38 - [TEST_STEP][PASSED] - Statement - println(testCaseContext.getTestCaseId()): null

2018-09-11 16:30:38 - [TEST_STEP][PASSED] - Statement - println(testCaseContext.getTestCaseVariables()): Invoke 'com.kms.katalon.core.annotation.BeforeTestCase' method: 'NewTestListener.sampleBeforeTestCase(...)' completed.

2018-09-11 16:30:39 - [TEST_STEP][NOT_RUN] - callTestCase: NOT_RUN: callTestCase

2018-09-11 16:30:39 - [MESSAGE][NOT_RUN] - NOT_RUN: callTestCase

2018-09-11 16:30:39 - [TEST_STEP][PASSED] - mouseOver: Object: 'Object Repository/Page_Callidus Cloud Commissions Man/div_PLAN' is hovered

2018-09-11 16:30:39 - [MESSAGE][PASSED] - Object: 'Object Repository/Page_Callidus Cloud Commissions Man/div_PLAN' is hovered

2018-09-11 16:30:39 - [TEST_STEP][PASSED] - delay: Delayed 2 second(s)

2018-09-11 16:30:41 - [MESSAGE][PASSED] - Delayed 2 second(s)

2018-09-11 16:30:41 - [TEST_STEP][PASSED] - scrollToElement: Scroll to object 'Object Repository/Page_Callidus Cloud Commissions Man/a_Plan Components' successfully

2018-09-11 16:30:41 - [MESSAGE][PASSED] - Scroll to object 'Object Repository/Page_Callidus Cloud Commissions Man/a_Plan Components' successfully

2018-09-11 16:30:41 - [TEST_STEP][PASSED] - delay: Delayed 4 second(s)

2018-09-11 16:30:45 - [MESSAGE][PASSED] - Delayed 4 second(s)

2018-09-11 16:30:45 - [TEST_STEP][PASSED] - scrollToElement: Scroll to object 'Object Repository/Page_Callidus Cloud Commissions Man/a_Rate Tables' successfully

2018-09-11 16:30:45 - [MESSAGE][PASSED] - Scroll to object 'Object Repository/Page_Callidus Cloud Commissions Man/a_Rate Tables' successfully

2018-09-11 16:30:45 - [TEST_STEP][PASSED] - delay: Delayed 2 second(s)

2018-09-11 16:30:47 - [MESSAGE][PASSED] - Delayed 2 second(s)

2018-09-11 16:30:47 - [TEST_STEP][PASSED] - click: Object: 'Object Repository/Page_Callidus Cloud Commissions Man/a_Rate Tables' is clicked on

2018-09-11 16:30:48 - [MESSAGE][PASSED] - Object: 'Object Repository/Page_Callidus Cloud Commissions Man/a_Rate Tables' is clicked on

2018-09-11 16:30:48 - [TEST_STEP][PASSED] - click: Object: 'Object Repository/Page_Callidus Cloud Commissions Man/a_Advanced Search' is clicked on

2018-09-11 16:30:49 - [MESSAGE][PASSED] - Object: 'Object Repository/Page_Callidus Cloud Commissions Man/a_Advanced Search' is clicked on

2018-09-11 16:30:49 - [TEST_STEP][PASSED] - click: Object: 'Object Repository/Page_Callidus Cloud Commissions Man/td_Field Name' is clicked on

2018-09-11 16:30:49 - [MESSAGE][PASSED] - Object: 'Object Repository/Page_Callidus Cloud Commissions Man/td_Field Name' is clicked on

2018-09-11 16:30:49 - [TEST_STEP][PASSED] - delay: Delayed 2 second(s)

2018-09-11 16:30:51 - [MESSAGE][PASSED] - Delayed 2 second(s)

2018-09-11 16:30:51 - [TEST_STEP][PASSED] - scrollToElement: Scroll to object 'Object Repository/Page_Callidus Cloud Commissions Man/option_Territory' successfully

2018-09-11 16:30:51 - [MESSAGE][PASSED] - Scroll to object 'Object Repository/Page_Callidus Cloud Commissions Man/option_Territory' successfully

2018-09-11 16:30:51 - [TEST_STEP][PASSED] - delay: Delayed 2 second(s)

2018-09-11 16:30:53 - [MESSAGE][PASSED] - Delayed 2 second(s)

2018-09-11 16:30:53 - [TEST_STEP][PASSED] - click: Object: 'Object Repository/Page_Callidus Cloud Commissions Man/option_Territory' is clicked on

2018-09-11 16:30:53 - [MESSAGE][PASSED] - Object: 'Object Repository/Page_Callidus Cloud Commissions Man/option_Territory' is clicked on

2018-09-11 16:30:53 - [TEST_STEP][PASSED] - click: Object: 'Object Repository/Page_Callidus Cloud Commissions Man/td_Comparision' is clicked on

2018-09-11 16:30:54 - [MESSAGE][PASSED] - Object: 'Object Repository/Page_Callidus Cloud Commissions Man/td_Comparision' is clicked on

2018-09-11 16:30:54 - [TEST_STEP][PASSED] - delay: Delayed 2 second(s)

2018-09-11 16:30:56 - [MESSAGE][PASSED] - Delayed 2 second(s)

2018-09-11 16:30:56 - [TEST_STEP][PASSED] - scrollToElement: Scroll to object 'Object Repository/Page_Callidus Cloud Commissions Man/option_Equals' successfully

2018-09-11 16:30:56 - [MESSAGE][PASSED] - Scroll to object 'Object Repository/Page_Callidus Cloud Commissions Man/option_Equals' successfully

2018-09-11 16:30:56 - [TEST_STEP][PASSED] - delay: Delayed 2 second(s)

2018-09-11 16:30:58 - [MESSAGE][PASSED] - Delayed 2 second(s)

2018-09-11 16:30:58 - [TEST_STEP][PASSED] - click: Object: 'Object Repository/Page_Callidus Cloud Commissions Man/option_Equals' is clicked on

2018-09-11 16:30:58 - [MESSAGE][PASSED] - Object: 'Object Repository/Page_Callidus Cloud Commissions Man/option_Equals' is clicked on

2018-09-11 16:30:58 - [TEST_STEP][PASSED] - delay: Delayed 2 second(s)

2018-09-11 16:31:00 - [MESSAGE][PASSED] - Delayed 2 second(s)

2018-09-11 16:31:00 - [TEST_STEP][PASSED] - setText: Text 'R_T_Demo1' is set on object 'Object Repository/Page_Callidus Cloud Commissions Man/td_Value'

2018-09-11 16:31:00 - [MESSAGE][PASSED] - Text 'R_T_Demo1' is set on object 'Object Repository/Page_Callidus Cloud Commissions Man/td_Value'

2018-09-11 16:31:00 - [TEST_STEP][PASSED] - click: Object: 'Object Repository/Page_Callidus Cloud Commissions Man/input_Apply Search' is clicked on

2018-09-11 16:31:01 - [MESSAGE][PASSED] - Object: 'Object Repository/Page_Callidus Cloud Commissions Man/input_Apply Search' is clicked on

2018-09-11 16:31:01 - [TEST_STEP][NOT_RUN] - callTestCase: NOT_RUN: callTestCase

2018-09-11 16:31:01 - [MESSAGE][NOT_RUN] - NOT_RUN: callTestCase]]></system-out>
         <system-err><![CDATA[]]></system-err>
      </testcase>
      <testcase name="Test Cases/Rate_Table_Variable_exist_in_the_system" classname="Test Cases/Rate_Table_Variable_exist_in_the_system" status="PASSED">
         <system-out><![CDATA[2018-09-11 16:31:01 - [TEST_CASE][PASSED] - Test Cases/Rate_Table_Variable_exist_in_the_system: Test Cases/Rate_Table_Variable_exist_in_the_system

2018-09-11 16:31:01 - [TEST_STEP][PASSED] - Start listener action : sampleBeforeTestCase: Invoke 'com.kms.katalon.core.annotation.BeforeTestCase' method: 'NewTestListener.sampleBeforeTestCase(...)' completed.

2018-09-11 16:31:01 - [TEST_STEP][PASSED] - Statement - println(testCaseContext.getTestCaseId()): null

2018-09-11 16:31:01 - [TEST_STEP][PASSED] - Statement - println(testCaseContext.getTestCaseVariables()): Invoke 'com.kms.katalon.core.annotation.BeforeTestCase' method: 'NewTestListener.sampleBeforeTestCase(...)' completed.

2018-09-11 16:31:01 - [TEST_STEP][NOT_RUN] - callTestCase: NOT_RUN: callTestCase

2018-09-11 16:31:01 - [MESSAGE][NOT_RUN] - NOT_RUN: callTestCase

2018-09-11 16:31:01 - [TEST_STEP][PASSED] - mouseOver: Object: 'Object Repository/Page_Callidus Cloud Commissions Man/div_PLAN' is hovered

2018-09-11 16:31:01 - [MESSAGE][PASSED] - Object: 'Object Repository/Page_Callidus Cloud Commissions Man/div_PLAN' is hovered

2018-09-11 16:31:01 - [TEST_STEP][PASSED] - delay: Delayed 2 second(s)

2018-09-11 16:31:03 - [MESSAGE][PASSED] - Delayed 2 second(s)

2018-09-11 16:31:03 - [TEST_STEP][PASSED] - scrollToElement: Scroll to object 'Object Repository/Page_Callidus Cloud Commissions Man/a_Plan Components' successfully

2018-09-11 16:31:03 - [MESSAGE][PASSED] - Scroll to object 'Object Repository/Page_Callidus Cloud Commissions Man/a_Plan Components' successfully

2018-09-11 16:31:03 - [TEST_STEP][PASSED] - delay: Delayed 4 second(s)

2018-09-11 16:31:07 - [MESSAGE][PASSED] - Delayed 4 second(s)

2018-09-11 16:31:07 - [TEST_STEP][PASSED] - scrollToElement: Scroll to object 'Object Repository/Page_Callidus Cloud Commissions Man/a_Variables' successfully

2018-09-11 16:31:26 - [MESSAGE][PASSED] - Scroll to object 'Object Repository/Page_Callidus Cloud Commissions Man/a_Variables' successfully

2018-09-11 16:31:26 - [TEST_STEP][PASSED] - delay: Delayed 2 second(s)

2018-09-11 16:31:28 - [MESSAGE][PASSED] - Delayed 2 second(s)

2018-09-11 16:31:28 - [TEST_STEP][PASSED] - click: Object: 'Object Repository/Page_Callidus Cloud Commissions Man/a_Variables' is clicked on

2018-09-11 16:31:49 - [MESSAGE][PASSED] - Object: 'Object Repository/Page_Callidus Cloud Commissions Man/a_Variables' is clicked on

2018-09-11 16:31:49 - [TEST_STEP][PASSED] - delay: Delayed 2 second(s)

2018-09-11 16:31:51 - [MESSAGE][PASSED] - Delayed 2 second(s)

2018-09-11 16:31:51 - [TEST_STEP][PASSED] - click: Object: 'Object Repository/Page_Callidus Cloud Commissions Man/a_Advanced Search' is clicked on

2018-09-11 16:32:02 - [MESSAGE][PASSED] - Object: 'Object Repository/Page_Callidus Cloud Commissions Man/a_Advanced Search' is clicked on

2018-09-11 16:32:02 - [TEST_STEP][PASSED] - delay: Delayed 2 second(s)

2018-09-11 16:32:04 - [MESSAGE][PASSED] - Delayed 2 second(s)

2018-09-11 16:32:04 - [TEST_STEP][PASSED] - click: Object: 'Object Repository/Page_Callidus Cloud Commissions Man/td_Field Name' is clicked on

2018-09-11 16:32:04 - [MESSAGE][PASSED] - Object: 'Object Repository/Page_Callidus Cloud Commissions Man/td_Field Name' is clicked on

2018-09-11 16:32:04 - [TEST_STEP][PASSED] - delay: Delayed 2 second(s)

2018-09-11 16:32:06 - [MESSAGE][PASSED] - Delayed 2 second(s)

2018-09-11 16:32:06 - [TEST_STEP][PASSED] - scrollToElement: Scroll to object 'Object Repository/Page_Callidus Cloud Commissions Man/option_Variables' successfully

2018-09-11 16:32:06 - [MESSAGE][PASSED] - Scroll to object 'Object Repository/Page_Callidus Cloud Commissions Man/option_Variables' successfully

2018-09-11 16:32:06 - [TEST_STEP][PASSED] - delay: Delayed 2 second(s)

2018-09-11 16:32:08 - [MESSAGE][PASSED] - Delayed 2 second(s)

2018-09-11 16:32:08 - [TEST_STEP][PASSED] - click: Object: 'Object Repository/Page_Callidus Cloud Commissions Man/option_Variables' is clicked on

2018-09-11 16:32:10 - [MESSAGE][PASSED] - Object: 'Object Repository/Page_Callidus Cloud Commissions Man/option_Variables' is clicked on

2018-09-11 16:32:10 - [TEST_STEP][PASSED] - delay: Delayed 2 second(s)

2018-09-11 16:32:12 - [MESSAGE][PASSED] - Delayed 2 second(s)

2018-09-11 16:32:12 - [TEST_STEP][PASSED] - click: Object: 'Object Repository/Page_Callidus Cloud Commissions Man/td_Comparision' is clicked on

2018-09-11 16:32:13 - [MESSAGE][PASSED] - Object: 'Object Repository/Page_Callidus Cloud Commissions Man/td_Comparision' is clicked on

2018-09-11 16:32:13 - [TEST_STEP][PASSED] - delay: Delayed 2 second(s)

2018-09-11 16:32:15 - [MESSAGE][PASSED] - Delayed 2 second(s)

2018-09-11 16:32:15 - [TEST_STEP][PASSED] - scrollToElement: Scroll to object 'Object Repository/Page_Callidus Cloud Commissions Man/option_Equals' successfully

2018-09-11 16:32:15 - [MESSAGE][PASSED] - Scroll to object 'Object Repository/Page_Callidus Cloud Commissions Man/option_Equals' successfully

2018-09-11 16:32:15 - [TEST_STEP][PASSED] - delay: Delayed 2 second(s)

2018-09-11 16:32:17 - [MESSAGE][PASSED] - Delayed 2 second(s)

2018-09-11 16:32:17 - [TEST_STEP][PASSED] - click: Object: 'Object Repository/Page_Callidus Cloud Commissions Man/option_Equals' is clicked on

2018-09-11 16:32:28 - [MESSAGE][PASSED] - Object: 'Object Repository/Page_Callidus Cloud Commissions Man/option_Equals' is clicked on

2018-09-11 16:32:28 - [TEST_STEP][PASSED] - delay: Delayed 2 second(s)

2018-09-11 16:32:30 - [MESSAGE][PASSED] - Delayed 2 second(s)

2018-09-11 16:32:30 - [TEST_STEP][PASSED] - setText: Text 'Var_RT_Demo2' is set on object 'Object Repository/Page_Callidus Cloud Commissions Man/td_Value'

2018-09-11 16:32:30 - [MESSAGE][PASSED] - Text 'Var_RT_Demo2' is set on object 'Object Repository/Page_Callidus Cloud Commissions Man/td_Value'

2018-09-11 16:32:30 - [TEST_STEP][PASSED] - delay: Delayed 2 second(s)

2018-09-11 16:32:32 - [MESSAGE][PASSED] - Delayed 2 second(s)

2018-09-11 16:32:32 - [TEST_STEP][PASSED] - click: Object: 'Object Repository/Page_Callidus Cloud Commissions Man/input_Apply Search' is clicked on

2018-09-11 16:32:32 - [MESSAGE][PASSED] - Object: 'Object Repository/Page_Callidus Cloud Commissions Man/input_Apply Search' is clicked on

2018-09-11 16:32:32 - [TEST_STEP][PASSED] - delay: Delayed 5 second(s)

2018-09-11 16:32:37 - [MESSAGE][PASSED] - Delayed 5 second(s)

2018-09-11 16:32:37 - [TEST_STEP][NOT_RUN] - callTestCase: NOT_RUN: callTestCase

2018-09-11 16:32:37 - [MESSAGE][NOT_RUN] - NOT_RUN: callTestCase]]></system-out>
         <system-err><![CDATA[]]></system-err>
      </testcase>
      <testcase name="Test Cases/Reason_Codes" classname="Test Cases/Reason_Codes" status="PASSED">
         <system-out><![CDATA[2018-09-11 16:32:37 - [TEST_CASE][PASSED] - Test Cases/Reason_Codes: Test Cases/Reason_Codes

2018-09-11 16:32:37 - [TEST_STEP][PASSED] - Start listener action : sampleBeforeTestCase: Invoke 'com.kms.katalon.core.annotation.BeforeTestCase' method: 'NewTestListener.sampleBeforeTestCase(...)' completed.

2018-09-11 16:32:37 - [TEST_STEP][PASSED] - Statement - println(testCaseContext.getTestCaseId()): null

2018-09-11 16:32:37 - [TEST_STEP][PASSED] - Statement - println(testCaseContext.getTestCaseVariables()): Invoke 'com.kms.katalon.core.annotation.BeforeTestCase' method: 'NewTestListener.sampleBeforeTestCase(...)' completed.

2018-09-11 16:32:38 - [TEST_STEP][NOT_RUN] - callTestCase: NOT_RUN: callTestCase

2018-09-11 16:32:38 - [MESSAGE][NOT_RUN] - NOT_RUN: callTestCase

2018-09-11 16:32:38 - [TEST_STEP][PASSED] - callTestCase: Call Test Case 'Test Cases/Commission Login' successfully

2018-09-11 16:32:38 - [TEST_CASE][PASSED] - Test Cases/Commission Login: Test Cases/Commission Login

2018-09-11 16:32:38 - [TEST_STEP][PASSED] - openBrowser: Browser is opened with url: ''

2018-09-11 16:32:38 - [MESSAGE][WARNING] - A browser is already opened. Closing browser and opening a new one

2018-09-11 16:32:41 - [MESSAGE][PASSED] - Browser is opened with url: ''

2018-09-11 16:32:41 - [TEST_STEP][PASSED] - navigateToUrl: Navigate to 'https://biz3-tst.callidusondemand.com/SalesPortal/#!/' successfully

2018-09-11 16:32:57 - [MESSAGE][PASSED] - Navigate to 'https://biz3-tst.callidusondemand.com/SalesPortal/#!/' successfully

2018-09-11 16:32:57 - [TEST_STEP][PASSED] - maximizeWindow: Current window maximized

2018-09-11 16:32:58 - [MESSAGE][PASSED] - Current window maximized

2018-09-11 16:32:58 - [TEST_STEP][PASSED] - setText: Text 'kikosana@calliduscloud.com' is set on object 'Object Repository/Page_Sales Performance Home/input_username'

2018-09-11 16:33:09 - [MESSAGE][PASSED] - Text 'kikosana@calliduscloud.com' is set on object 'Object Repository/Page_Sales Performance Home/input_username'

2018-09-11 16:33:09 - [TEST_STEP][PASSED] - setText: Text 'Kiran09@@' is set on object 'Object Repository/Page_Sales Performance Home/input_password'

2018-09-11 16:33:09 - [MESSAGE][PASSED] - Text 'Kiran09@@' is set on object 'Object Repository/Page_Sales Performance Home/input_password'

2018-09-11 16:33:09 - [TEST_STEP][PASSED] - click: Object: 'Object Repository/Page_Sales Performance Home/button_Login' is clicked on

2018-09-11 16:33:09 - [MESSAGE][PASSED] - Object: 'Object Repository/Page_Sales Performance Home/button_Login' is clicked on

2018-09-11 16:33:09 - [TEST_STEP][PASSED] - click: Object: 'Object Repository/Page_Sales Performance Home/span_Sales Performance Home' is clicked on

2018-09-11 16:33:11 - [MESSAGE][PASSED] - Object: 'Object Repository/Page_Sales Performance Home/span_Sales Performance Home' is clicked on

2018-09-11 16:33:11 - [TEST_STEP][PASSED] - click: Object: 'Object Repository/Page_Sales Performance Home/a_Commissions' is clicked on

2018-09-11 16:33:11 - [MESSAGE][PASSED] - Object: 'Object Repository/Page_Sales Performance Home/a_Commissions' is clicked on

2018-09-11 16:33:11 - [TEST_STEP][PASSED] - click: Object: 'Object Repository/Page_Callidus Cloud Commissions Man/a_Manage Setup' is clicked on

2018-09-11 16:33:17 - [MESSAGE][PASSED] - Object: 'Object Repository/Page_Callidus Cloud Commissions Man/a_Manage Setup' is clicked on

2018-09-11 16:33:17 - [MESSAGE][PASSED] - Call Test Case 'Test Cases/Commission Login' successfully

2018-09-11 16:33:17 - [TEST_STEP][NOT_RUN] - callTestCase: NOT_RUN: callTestCase

2018-09-11 16:33:17 - [MESSAGE][NOT_RUN] - NOT_RUN: callTestCase

2018-09-11 16:33:17 - [TEST_STEP][NOT_RUN] - click: NOT_RUN: click

2018-09-11 16:33:17 - [MESSAGE][NOT_RUN] - NOT_RUN: click

2018-09-11 16:33:17 - [TEST_STEP][PASSED] - mouseOver: Object: 'Object Repository/Page_Callidus Cloud Commissions Man/div_ADMINISTRATION' is hovered

2018-09-11 16:33:18 - [MESSAGE][PASSED] - Object: 'Object Repository/Page_Callidus Cloud Commissions Man/div_ADMINISTRATION' is hovered

2018-09-11 16:33:18 - [TEST_STEP][PASSED] - delay: Delayed 2 second(s)

2018-09-11 16:33:20 - [MESSAGE][PASSED] - Delayed 2 second(s)

2018-09-11 16:33:20 - [TEST_STEP][PASSED] - scrollToElement: Scroll to object 'Object Repository/Page_Callidus Cloud Commissions Man/Reason Codes' successfully

2018-09-11 16:33:20 - [MESSAGE][PASSED] - Scroll to object 'Object Repository/Page_Callidus Cloud Commissions Man/Reason Codes' successfully

2018-09-11 16:33:20 - [TEST_STEP][PASSED] - delay: Delayed 4 second(s)

2018-09-11 16:33:24 - [MESSAGE][PASSED] - Delayed 4 second(s)

2018-09-11 16:33:24 - [TEST_STEP][PASSED] - click: Object: 'Object Repository/Page_Callidus Cloud Commissions Man/Reason Codes' is clicked on

2018-09-11 16:33:24 - [MESSAGE][PASSED] - Object: 'Object Repository/Page_Callidus Cloud Commissions Man/Reason Codes' is clicked on

2018-09-11 16:33:24 - [TEST_STEP][PASSED] - delay: Delayed 2 second(s)

2018-09-11 16:33:26 - [MESSAGE][PASSED] - Delayed 2 second(s)

2018-09-11 16:33:26 - [TEST_STEP][PASSED] - click: Object: 'Object Repository/Page_Callidus Cloud Commissions Man/a_Advanced Search' is clicked on

2018-09-11 16:33:26 - [MESSAGE][PASSED] - Object: 'Object Repository/Page_Callidus Cloud Commissions Man/a_Advanced Search' is clicked on

2018-09-11 16:33:26 - [TEST_STEP][PASSED] - delay: Delayed 2 second(s)

2018-09-11 16:33:28 - [MESSAGE][PASSED] - Delayed 2 second(s)

2018-09-11 16:33:28 - [TEST_STEP][PASSED] - click: Object: 'Object Repository/Page_Callidus Cloud Commissions Man/td_Field Name' is clicked on

2018-09-11 16:33:29 - [MESSAGE][PASSED] - Object: 'Object Repository/Page_Callidus Cloud Commissions Man/td_Field Name' is clicked on

2018-09-11 16:33:29 - [TEST_STEP][PASSED] - delay: Delayed 2 second(s)

2018-09-11 16:33:31 - [MESSAGE][PASSED] - Delayed 2 second(s)

2018-09-11 16:33:31 - [TEST_STEP][PASSED] - scrollToElement: Scroll to object 'Object Repository/Page_Callidus Cloud Commissions Man/ID' successfully

2018-09-11 16:33:31 - [MESSAGE][PASSED] - Scroll to object 'Object Repository/Page_Callidus Cloud Commissions Man/ID' successfully

2018-09-11 16:33:31 - [TEST_STEP][PASSED] - delay: Delayed 2 second(s)

2018-09-11 16:33:33 - [MESSAGE][PASSED] - Delayed 2 second(s)

2018-09-11 16:33:33 - [TEST_STEP][PASSED] - click: Object: 'Object Repository/Page_Callidus Cloud Commissions Man/ID' is clicked on

2018-09-11 16:33:33 - [MESSAGE][PASSED] - Object: 'Object Repository/Page_Callidus Cloud Commissions Man/ID' is clicked on

2018-09-11 16:33:33 - [TEST_STEP][PASSED] - click: Object: 'Object Repository/Page_Callidus Cloud Commissions Man/Comparision combo box' is clicked on

2018-09-11 16:33:33 - [MESSAGE][PASSED] - Object: 'Object Repository/Page_Callidus Cloud Commissions Man/Comparision combo box' is clicked on

2018-09-11 16:33:33 - [TEST_STEP][PASSED] - delay: Delayed 2 second(s)

2018-09-11 16:33:35 - [MESSAGE][PASSED] - Delayed 2 second(s)

2018-09-11 16:33:35 - [TEST_STEP][PASSED] - scrollToElement: Scroll to object 'Object Repository/Page_Callidus Cloud Commissions Man/CB_equals' successfully

2018-09-11 16:33:35 - [MESSAGE][PASSED] - Scroll to object 'Object Repository/Page_Callidus Cloud Commissions Man/CB_equals' successfully

2018-09-11 16:33:35 - [TEST_STEP][PASSED] - delay: Delayed 2 second(s)

2018-09-11 16:33:37 - [MESSAGE][PASSED] - Delayed 2 second(s)

2018-09-11 16:33:37 - [TEST_STEP][PASSED] - click: Object: 'Object Repository/Page_Callidus Cloud Commissions Man/CB_equals' is clicked on

2018-09-11 16:33:37 - [MESSAGE][PASSED] - Object: 'Object Repository/Page_Callidus Cloud Commissions Man/CB_equals' is clicked on

2018-09-11 16:33:37 - [TEST_STEP][PASSED] - delay: Delayed 2 second(s)

2018-09-11 16:33:39 - [MESSAGE][PASSED] - Delayed 2 second(s)

2018-09-11 16:33:39 - [TEST_STEP][PASSED] - setText: Text 'Test RC' is set on object 'Object Repository/Page_Callidus Cloud Commissions Man/td_Value'

2018-09-11 16:33:39 - [MESSAGE][PASSED] - Text 'Test RC' is set on object 'Object Repository/Page_Callidus Cloud Commissions Man/td_Value'

2018-09-11 16:33:39 - [TEST_STEP][PASSED] - click: Object: 'Object Repository/Page_Callidus Cloud Commissions Man/Apply Button' is clicked on

2018-09-11 16:33:40 - [MESSAGE][PASSED] - Object: 'Object Repository/Page_Callidus Cloud Commissions Man/Apply Button' is clicked on

2018-09-11 16:33:40 - [TEST_STEP][NOT_RUN] - callTestCase: NOT_RUN: callTestCase

2018-09-11 16:33:40 - [MESSAGE][NOT_RUN] - NOT_RUN: callTestCase]]></system-out>
         <system-err><![CDATA[]]></system-err>
      </testcase>
      <testcase name="Test Cases/Territory_Elements_exist_in_the_system" classname="Test Cases/Territory_Elements_exist_in_the_system" status="PASSED">
         <system-out><![CDATA[2018-09-11 16:33:40 - [TEST_CASE][PASSED] - Test Cases/Territory_Elements_exist_in_the_system: Test Cases/Territory_Elements_exist_in_the_system

2018-09-11 16:33:40 - [TEST_STEP][PASSED] - Start listener action : sampleBeforeTestCase: Invoke 'com.kms.katalon.core.annotation.BeforeTestCase' method: 'NewTestListener.sampleBeforeTestCase(...)' completed.

2018-09-11 16:33:40 - [TEST_STEP][PASSED] - Statement - println(testCaseContext.getTestCaseId()): null

2018-09-11 16:33:40 - [TEST_STEP][PASSED] - Statement - println(testCaseContext.getTestCaseVariables()): Invoke 'com.kms.katalon.core.annotation.BeforeTestCase' method: 'NewTestListener.sampleBeforeTestCase(...)' completed.

2018-09-11 16:33:40 - [TEST_STEP][NOT_RUN] - callTestCase: NOT_RUN: callTestCase

2018-09-11 16:33:40 - [MESSAGE][NOT_RUN] - NOT_RUN: callTestCase

2018-09-11 16:33:40 - [TEST_STEP][PASSED] - mouseOver: Object: 'Object Repository/Page_Callidus Cloud Commissions Man/div_PLAN' is hovered

2018-09-11 16:33:40 - [MESSAGE][PASSED] - Object: 'Object Repository/Page_Callidus Cloud Commissions Man/div_PLAN' is hovered

2018-09-11 16:33:40 - [TEST_STEP][PASSED] - scrollToElement: Scroll to object 'Object Repository/Page_Callidus Cloud Commissions Man/a_Plan Components' successfully

2018-09-11 16:33:40 - [MESSAGE][PASSED] - Scroll to object 'Object Repository/Page_Callidus Cloud Commissions Man/a_Plan Components' successfully

2018-09-11 16:33:40 - [TEST_STEP][PASSED] - delay: Delayed 2 second(s)

2018-09-11 16:33:42 - [MESSAGE][PASSED] - Delayed 2 second(s)

2018-09-11 16:33:42 - [TEST_STEP][PASSED] - scrollToElement: Scroll to object 'Object Repository/Page_Callidus Cloud Commissions Man/a_Territory' successfully

2018-09-11 16:33:42 - [MESSAGE][PASSED] - Scroll to object 'Object Repository/Page_Callidus Cloud Commissions Man/a_Territory' successfully

2018-09-11 16:33:42 - [TEST_STEP][PASSED] - delay: Delayed 4 second(s)

2018-09-11 16:33:46 - [MESSAGE][PASSED] - Delayed 4 second(s)

2018-09-11 16:33:46 - [TEST_STEP][PASSED] - click: Object: 'Object Repository/Page_Callidus Cloud Commissions Man/a_Territory' is clicked on

2018-09-11 16:33:47 - [MESSAGE][PASSED] - Object: 'Object Repository/Page_Callidus Cloud Commissions Man/a_Territory' is clicked on

2018-09-11 16:33:47 - [TEST_STEP][PASSED] - delay: Delayed 2 second(s)

2018-09-11 16:33:49 - [MESSAGE][PASSED] - Delayed 2 second(s)

2018-09-11 16:33:49 - [TEST_STEP][PASSED] - click: Object: 'Object Repository/Page_Callidus Cloud Commissions Man/a_Advanced Search' is clicked on

2018-09-11 16:33:49 - [MESSAGE][PASSED] - Object: 'Object Repository/Page_Callidus Cloud Commissions Man/a_Advanced Search' is clicked on

2018-09-11 16:33:49 - [TEST_STEP][PASSED] - click: Object: 'Object Repository/Page_Callidus Cloud Commissions Man/td_Field Name' is clicked on

2018-09-11 16:33:50 - [MESSAGE][PASSED] - Object: 'Object Repository/Page_Callidus Cloud Commissions Man/td_Field Name' is clicked on

2018-09-11 16:33:50 - [TEST_STEP][PASSED] - delay: Delayed 2 second(s)

2018-09-11 16:33:52 - [MESSAGE][PASSED] - Delayed 2 second(s)

2018-09-11 16:33:52 - [TEST_STEP][PASSED] - scrollToElement: Scroll to object 'Object Repository/Page_Callidus Cloud Commissions Man/option_Territory' successfully

2018-09-11 16:33:52 - [MESSAGE][PASSED] - Scroll to object 'Object Repository/Page_Callidus Cloud Commissions Man/option_Territory' successfully

2018-09-11 16:33:52 - [TEST_STEP][PASSED] - delay: Delayed 2 second(s)

2018-09-11 16:33:54 - [MESSAGE][PASSED] - Delayed 2 second(s)

2018-09-11 16:33:54 - [TEST_STEP][PASSED] - click: Object: 'Object Repository/Page_Callidus Cloud Commissions Man/option_Territory' is clicked on

2018-09-11 16:33:54 - [MESSAGE][PASSED] - Object: 'Object Repository/Page_Callidus Cloud Commissions Man/option_Territory' is clicked on

2018-09-11 16:33:54 - [TEST_STEP][PASSED] - click: Object: 'Object Repository/Page_Callidus Cloud Commissions Man/td_Comparision' is clicked on

2018-09-11 16:33:54 - [MESSAGE][PASSED] - Object: 'Object Repository/Page_Callidus Cloud Commissions Man/td_Comparision' is clicked on

2018-09-11 16:33:54 - [TEST_STEP][PASSED] - delay: Delayed 2 second(s)

2018-09-11 16:33:56 - [MESSAGE][PASSED] - Delayed 2 second(s)

2018-09-11 16:33:56 - [TEST_STEP][PASSED] - scrollToElement: Scroll to object 'Object Repository/Page_Callidus Cloud Commissions Man/option_Equals' successfully

2018-09-11 16:33:56 - [MESSAGE][PASSED] - Scroll to object 'Object Repository/Page_Callidus Cloud Commissions Man/option_Equals' successfully

2018-09-11 16:33:56 - [TEST_STEP][PASSED] - delay: Delayed 2 second(s)

2018-09-11 16:33:58 - [MESSAGE][PASSED] - Delayed 2 second(s)

2018-09-11 16:33:58 - [TEST_STEP][PASSED] - click: Object: 'Object Repository/Page_Callidus Cloud Commissions Man/option_Equals' is clicked on

2018-09-11 16:33:59 - [MESSAGE][PASSED] - Object: 'Object Repository/Page_Callidus Cloud Commissions Man/option_Equals' is clicked on

2018-09-11 16:33:59 - [TEST_STEP][PASSED] - delay: Delayed 2 second(s)

2018-09-11 16:34:01 - [MESSAGE][PASSED] - Delayed 2 second(s)

2018-09-11 16:34:01 - [TEST_STEP][PASSED] - setText: Text 'Territory_Demo' is set on object 'Object Repository/Page_Callidus Cloud Commissions Man/td_Value'

2018-09-11 16:34:01 - [MESSAGE][PASSED] - Text 'Territory_Demo' is set on object 'Object Repository/Page_Callidus Cloud Commissions Man/td_Value'

2018-09-11 16:34:01 - [TEST_STEP][PASSED] - delay: Delayed 2 second(s)

2018-09-11 16:34:03 - [MESSAGE][PASSED] - Delayed 2 second(s)

2018-09-11 16:34:03 - [TEST_STEP][PASSED] - click: Object: 'Object Repository/Page_Callidus Cloud Commissions Man/input_Apply Search' is clicked on

2018-09-11 16:34:03 - [MESSAGE][PASSED] - Object: 'Object Repository/Page_Callidus Cloud Commissions Man/input_Apply Search' is clicked on

2018-09-11 16:34:03 - [TEST_STEP][NOT_RUN] - callTestCase: NOT_RUN: callTestCase

2018-09-11 16:34:03 - [MESSAGE][NOT_RUN] - NOT_RUN: callTestCase]]></system-out>
         <system-err><![CDATA[]]></system-err>
      </testcase>
      <testcase name="Test Cases/Territory_Variables_exist_in_the_system" classname="Test Cases/Territory_Variables_exist_in_the_system" status="PASSED">
         <system-out><![CDATA[2018-09-11 16:34:03 - [TEST_CASE][PASSED] - Test Cases/Territory_Variables_exist_in_the_system: Test Cases/Territory_Variables_exist_in_the_system

2018-09-11 16:34:03 - [TEST_STEP][PASSED] - Start listener action : sampleBeforeTestCase: Invoke 'com.kms.katalon.core.annotation.BeforeTestCase' method: 'NewTestListener.sampleBeforeTestCase(...)' completed.

2018-09-11 16:34:03 - [TEST_STEP][PASSED] - Statement - println(testCaseContext.getTestCaseId()): null

2018-09-11 16:34:03 - [TEST_STEP][PASSED] - Statement - println(testCaseContext.getTestCaseVariables()): Invoke 'com.kms.katalon.core.annotation.BeforeTestCase' method: 'NewTestListener.sampleBeforeTestCase(...)' completed.

2018-09-11 16:34:03 - [TEST_STEP][NOT_RUN] - callTestCase: NOT_RUN: callTestCase

2018-09-11 16:34:03 - [MESSAGE][NOT_RUN] - NOT_RUN: callTestCase

2018-09-11 16:34:04 - [TEST_STEP][PASSED] - mouseOver: Object: 'Object Repository/Page_Callidus Cloud Commissions Man/div_PLAN' is hovered

2018-09-11 16:34:04 - [MESSAGE][PASSED] - Object: 'Object Repository/Page_Callidus Cloud Commissions Man/div_PLAN' is hovered

2018-09-11 16:34:04 - [TEST_STEP][PASSED] - delay: Delayed 2 second(s)

2018-09-11 16:34:06 - [MESSAGE][PASSED] - Delayed 2 second(s)

2018-09-11 16:34:06 - [TEST_STEP][PASSED] - scrollToElement: Scroll to object 'Object Repository/Page_Callidus Cloud Commissions Man/a_Plan Components' successfully

2018-09-11 16:34:06 - [MESSAGE][PASSED] - Scroll to object 'Object Repository/Page_Callidus Cloud Commissions Man/a_Plan Components' successfully

2018-09-11 16:34:06 - [TEST_STEP][PASSED] - delay: Delayed 2 second(s)

2018-09-11 16:34:08 - [MESSAGE][PASSED] - Delayed 2 second(s)

2018-09-11 16:34:08 - [TEST_STEP][PASSED] - scrollToElement: Scroll to object 'Object Repository/Page_Callidus Cloud Commissions Man/a_Variables' successfully

2018-09-11 16:34:08 - [MESSAGE][PASSED] - Scroll to object 'Object Repository/Page_Callidus Cloud Commissions Man/a_Variables' successfully

2018-09-11 16:34:08 - [TEST_STEP][PASSED] - delay: Delayed 4 second(s)

2018-09-11 16:34:12 - [MESSAGE][PASSED] - Delayed 4 second(s)

2018-09-11 16:34:12 - [TEST_STEP][PASSED] - click: Object: 'Object Repository/Page_Callidus Cloud Commissions Man/a_Variables' is clicked on

2018-09-11 16:34:12 - [MESSAGE][PASSED] - Object: 'Object Repository/Page_Callidus Cloud Commissions Man/a_Variables' is clicked on

2018-09-11 16:34:12 - [TEST_STEP][PASSED] - delay: Delayed 2 second(s)

2018-09-11 16:34:14 - [MESSAGE][PASSED] - Delayed 2 second(s)

2018-09-11 16:34:14 - [TEST_STEP][PASSED] - click: Object: 'Object Repository/Page_Callidus Cloud Commissions Man/a_Advanced Search' is clicked on

2018-09-11 16:34:15 - [MESSAGE][PASSED] - Object: 'Object Repository/Page_Callidus Cloud Commissions Man/a_Advanced Search' is clicked on

2018-09-11 16:34:15 - [TEST_STEP][PASSED] - click: Object: 'Object Repository/Page_Callidus Cloud Commissions Man/td_Field Name' is clicked on

2018-09-11 16:34:15 - [MESSAGE][PASSED] - Object: 'Object Repository/Page_Callidus Cloud Commissions Man/td_Field Name' is clicked on

2018-09-11 16:34:15 - [TEST_STEP][PASSED] - scrollToElement: Scroll to object 'Object Repository/Page_Callidus Cloud Commissions Man/option_Variables' successfully

2018-09-11 16:34:15 - [MESSAGE][PASSED] - Scroll to object 'Object Repository/Page_Callidus Cloud Commissions Man/option_Variables' successfully

2018-09-11 16:34:15 - [TEST_STEP][PASSED] - delay: Delayed 2 second(s)

2018-09-11 16:34:17 - [MESSAGE][PASSED] - Delayed 2 second(s)

2018-09-11 16:34:17 - [TEST_STEP][PASSED] - click: Object: 'Object Repository/Page_Callidus Cloud Commissions Man/option_Variables' is clicked on

2018-09-11 16:34:17 - [MESSAGE][PASSED] - Object: 'Object Repository/Page_Callidus Cloud Commissions Man/option_Variables' is clicked on

2018-09-11 16:34:17 - [TEST_STEP][PASSED] - click: Object: 'Object Repository/Page_Callidus Cloud Commissions Man/td_Comparision' is clicked on

2018-09-11 16:34:18 - [MESSAGE][PASSED] - Object: 'Object Repository/Page_Callidus Cloud Commissions Man/td_Comparision' is clicked on

2018-09-11 16:34:18 - [TEST_STEP][PASSED] - scrollToElement: Scroll to object 'Object Repository/Page_Callidus Cloud Commissions Man/option_Equals' successfully

2018-09-11 16:34:18 - [MESSAGE][PASSED] - Scroll to object 'Object Repository/Page_Callidus Cloud Commissions Man/option_Equals' successfully

2018-09-11 16:34:18 - [TEST_STEP][PASSED] - delay: Delayed 2 second(s)

2018-09-11 16:34:20 - [MESSAGE][PASSED] - Delayed 2 second(s)

2018-09-11 16:34:20 - [TEST_STEP][PASSED] - click: Object: 'Object Repository/Page_Callidus Cloud Commissions Man/option_Equals' is clicked on

2018-09-11 16:34:20 - [MESSAGE][PASSED] - Object: 'Object Repository/Page_Callidus Cloud Commissions Man/option_Equals' is clicked on

2018-09-11 16:34:20 - [TEST_STEP][PASSED] - delay: Delayed 2 second(s)

2018-09-11 16:34:22 - [MESSAGE][PASSED] - Delayed 2 second(s)

2018-09-11 16:34:22 - [TEST_STEP][PASSED] - setText: Text 'Var_T_Demo3' is set on object 'Object Repository/Page_Callidus Cloud Commissions Man/td_Value'

2018-09-11 16:34:22 - [MESSAGE][PASSED] - Text 'Var_T_Demo3' is set on object 'Object Repository/Page_Callidus Cloud Commissions Man/td_Value'

2018-09-11 16:34:22 - [TEST_STEP][PASSED] - click: Object: 'Object Repository/Page_Callidus Cloud Commissions Man/input_Apply Search' is clicked on

2018-09-11 16:34:22 - [MESSAGE][PASSED] - Object: 'Object Repository/Page_Callidus Cloud Commissions Man/input_Apply Search' is clicked on

2018-09-11 16:34:22 - [TEST_STEP][PASSED] - delay: Delayed 5 second(s)

2018-09-11 16:34:27 - [MESSAGE][PASSED] - Delayed 5 second(s)

2018-09-11 16:34:27 - [TEST_STEP][NOT_RUN] - callTestCase: NOT_RUN: callTestCase

2018-09-11 16:34:27 - [MESSAGE][NOT_RUN] - NOT_RUN: callTestCase]]></system-out>
         <system-err><![CDATA[]]></system-err>
      </testcase>
      <testcase name="Test Cases/UnitType exists in the system" classname="Test Cases/UnitType exists in the system" status="PASSED">
         <system-out><![CDATA[2018-09-11 16:34:27 - [TEST_CASE][PASSED] - Test Cases/UnitType exists in the system: Test Cases/UnitType exists in the system

2018-09-11 16:34:28 - [TEST_STEP][PASSED] - Start listener action : sampleBeforeTestCase: Invoke 'com.kms.katalon.core.annotation.BeforeTestCase' method: 'NewTestListener.sampleBeforeTestCase(...)' completed.

2018-09-11 16:34:28 - [TEST_STEP][PASSED] - Statement - println(testCaseContext.getTestCaseId()): null

2018-09-11 16:34:28 - [TEST_STEP][PASSED] - Statement - println(testCaseContext.getTestCaseVariables()): Invoke 'com.kms.katalon.core.annotation.BeforeTestCase' method: 'NewTestListener.sampleBeforeTestCase(...)' completed.

2018-09-11 16:34:28 - [TEST_STEP][NOT_RUN] - callTestCase: NOT_RUN: callTestCase

2018-09-11 16:34:28 - [MESSAGE][NOT_RUN] - NOT_RUN: callTestCase

2018-09-11 16:34:28 - [TEST_STEP][PASSED] - mouseOver: Object: 'Object Repository/Page_Callidus Cloud Commissions Man/div_ADMINISTRATION' is hovered

2018-09-11 16:34:28 - [MESSAGE][PASSED] - Object: 'Object Repository/Page_Callidus Cloud Commissions Man/div_ADMINISTRATION' is hovered

2018-09-11 16:34:28 - [TEST_STEP][PASSED] - delay: Delayed 3 second(s)

2018-09-11 16:34:31 - [MESSAGE][PASSED] - Delayed 3 second(s)

2018-09-11 16:34:31 - [TEST_STEP][PASSED] - scrollToElement: Scroll to object 'Object Repository/Page_Callidus Cloud Commissions Man/a_Unit Types' successfully

2018-09-11 16:34:31 - [MESSAGE][PASSED] - Scroll to object 'Object Repository/Page_Callidus Cloud Commissions Man/a_Unit Types' successfully

2018-09-11 16:34:31 - [TEST_STEP][PASSED] - delay: Delayed 4 second(s)

2018-09-11 16:34:35 - [MESSAGE][PASSED] - Delayed 4 second(s)

2018-09-11 16:34:35 - [TEST_STEP][PASSED] - click: Object: 'Object Repository/Page_Callidus Cloud Commissions Man/a_Unit Types' is clicked on

2018-09-11 16:34:35 - [MESSAGE][PASSED] - Object: 'Object Repository/Page_Callidus Cloud Commissions Man/a_Unit Types' is clicked on

2018-09-11 16:34:35 - [TEST_STEP][PASSED] - setText: Text 'USD' is set on object 'Object Repository/Page_Callidus Cloud Commissions Man/input_Enter Search Terms'

2018-09-11 16:34:36 - [MESSAGE][PASSED] - Text 'USD' is set on object 'Object Repository/Page_Callidus Cloud Commissions Man/input_Enter Search Terms'

2018-09-11 16:34:36 - [TEST_STEP][PASSED] - click: Object: 'Object Repository/Page_Callidus Cloud Commissions Man/a_Advanced Search' is clicked on

2018-09-11 16:34:36 - [MESSAGE][PASSED] - Object: 'Object Repository/Page_Callidus Cloud Commissions Man/a_Advanced Search' is clicked on

2018-09-11 16:34:36 - [TEST_STEP][PASSED] - delay: Delayed 3 second(s)

2018-09-11 16:34:39 - [MESSAGE][PASSED] - Delayed 3 second(s)

2018-09-11 16:34:39 - [TEST_STEP][PASSED] - click: Object: 'Object Repository/Page_Callidus Cloud Commissions Man/td_Field Name' is clicked on

2018-09-11 16:34:39 - [MESSAGE][PASSED] - Object: 'Object Repository/Page_Callidus Cloud Commissions Man/td_Field Name' is clicked on

2018-09-11 16:34:39 - [TEST_STEP][PASSED] - scrollToElement: Scroll to object 'Object Repository/Page_Callidus Cloud Commissions Man/a_UnitTypeId' successfully

2018-09-11 16:34:39 - [MESSAGE][PASSED] - Scroll to object 'Object Repository/Page_Callidus Cloud Commissions Man/a_UnitTypeId' successfully

2018-09-11 16:34:39 - [TEST_STEP][PASSED] - delay: Delayed 2 second(s)

2018-09-11 16:34:41 - [MESSAGE][PASSED] - Delayed 2 second(s)

2018-09-11 16:34:41 - [TEST_STEP][PASSED] - click: Object: 'Object Repository/Page_Callidus Cloud Commissions Man/a_UnitTypeId' is clicked on

2018-09-11 16:34:41 - [MESSAGE][PASSED] - Object: 'Object Repository/Page_Callidus Cloud Commissions Man/a_UnitTypeId' is clicked on

2018-09-11 16:34:41 - [TEST_STEP][PASSED] - delay: Delayed 2 second(s)

2018-09-11 16:34:43 - [MESSAGE][PASSED] - Delayed 2 second(s)

2018-09-11 16:34:43 - [TEST_STEP][PASSED] - click: Object: 'Object Repository/Page_Callidus Cloud Commissions Man/td_Comparision' is clicked on

2018-09-11 16:34:43 - [MESSAGE][PASSED] - Object: 'Object Repository/Page_Callidus Cloud Commissions Man/td_Comparision' is clicked on

2018-09-11 16:34:43 - [TEST_STEP][PASSED] - delay: Delayed 2 second(s)

2018-09-11 16:34:45 - [MESSAGE][PASSED] - Delayed 2 second(s)

2018-09-11 16:34:45 - [TEST_STEP][PASSED] - scrollToElement: Scroll to object 'Object Repository/Page_Callidus Cloud Commissions Man/option_Equals' successfully

2018-09-11 16:34:45 - [MESSAGE][PASSED] - Scroll to object 'Object Repository/Page_Callidus Cloud Commissions Man/option_Equals' successfully

2018-09-11 16:34:45 - [TEST_STEP][PASSED] - delay: Delayed 2 second(s)

2018-09-11 16:34:47 - [MESSAGE][PASSED] - Delayed 2 second(s)

2018-09-11 16:34:47 - [TEST_STEP][PASSED] - click: Object: 'Object Repository/Page_Callidus Cloud Commissions Man/option_Equals' is clicked on

2018-09-11 16:34:47 - [MESSAGE][PASSED] - Object: 'Object Repository/Page_Callidus Cloud Commissions Man/option_Equals' is clicked on

2018-09-11 16:34:47 - [TEST_STEP][PASSED] - setText: Text 'USD' is set on object 'Object Repository/Page_Callidus Cloud Commissions Man/td_Value'

2018-09-11 16:34:48 - [MESSAGE][PASSED] - Text 'USD' is set on object 'Object Repository/Page_Callidus Cloud Commissions Man/td_Value'

2018-09-11 16:34:48 - [TEST_STEP][PASSED] - delay: Delayed 2 second(s)

2018-09-11 16:34:50 - [MESSAGE][PASSED] - Delayed 2 second(s)

2018-09-11 16:34:50 - [TEST_STEP][PASSED] - click: Object: 'Object Repository/Page_Callidus Cloud Commissions Man/input_Apply Search' is clicked on

2018-09-11 16:34:50 - [MESSAGE][PASSED] - Object: 'Object Repository/Page_Callidus Cloud Commissions Man/input_Apply Search' is clicked on

2018-09-11 16:34:50 - [TEST_STEP][NOT_RUN] - callTestCase: NOT_RUN: callTestCase

2018-09-11 16:34:50 - [MESSAGE][NOT_RUN] - NOT_RUN: callTestCase]]></system-out>
         <system-err><![CDATA[]]></system-err>
      </testcase>
      <testcase name="Test Cases/Commission Logout" classname="Test Cases/Commission Logout" status="PASSED">
         <system-out><![CDATA[2018-09-11 16:34:50 - [TEST_CASE][PASSED] - Test Cases/Commission Logout: Test Cases/Commission Logout

2018-09-11 16:34:50 - [TEST_STEP][PASSED] - Start listener action : sampleBeforeTestCase: Invoke 'com.kms.katalon.core.annotation.BeforeTestCase' method: 'NewTestListener.sampleBeforeTestCase(...)' completed.

2018-09-11 16:34:50 - [TEST_STEP][PASSED] - Statement - println(testCaseContext.getTestCaseId()): null

2018-09-11 16:34:50 - [TEST_STEP][PASSED] - Statement - println(testCaseContext.getTestCaseVariables()): Invoke 'com.kms.katalon.core.annotation.BeforeTestCase' method: 'NewTestListener.sampleBeforeTestCase(...)' completed.

2018-09-11 16:34:50 - [TEST_STEP][PASSED] - click: Object: 'Object Repository/Page_Callidus Cloud Commissions Man/span_rkulkarncalliduscloud.com' is clicked on

2018-09-11 16:34:50 - [MESSAGE][PASSED] - Object: 'Object Repository/Page_Callidus Cloud Commissions Man/span_rkulkarncalliduscloud.com' is clicked on

2018-09-11 16:34:50 - [TEST_STEP][PASSED] - click: Object: 'Object Repository/Page_Callidus Cloud Commissions Man/div_Logout' is clicked on

2018-09-11 16:34:51 - [MESSAGE][PASSED] - Object: 'Object Repository/Page_Callidus Cloud Commissions Man/div_Logout' is clicked on

2018-09-11 16:34:51 - [TEST_STEP][PASSED] - closeBrowser: Browser is closed

2018-09-11 16:34:52 - [MESSAGE][PASSED] - Browser is closed]]></system-out>
         <system-err><![CDATA[]]></system-err>
      </testcase>
      <system-out><![CDATA[2018-09-11 16:22:38 - [TEST_SUITE][PASSED] - TestDemo: Test Cases/Commission Logout]]></system-out>
      <system-err><![CDATA[]]></system-err>
   </testsuite>
</testsuites>
