<?xml version="1.0" encoding="UTF-8"?>
<testsuites name="TestDemo" time="486" tests="20" failures="2" errors="0">
   <testsuite name="TestDemo" tests="20" failures="2" errors="0" time="486" timestamp="2018-09-10 10:34:19" hostname="kikosana - KIKOSANA-T450S.callidussoftware.com" id="Test Suites/TestDemo">
      <properties>
         <property name="deviceName" value=""/>
         <property name="devicePlatform" value=""/>
         <property name="logFolder" value="C:\\Users\\kikosana\\Downloads\\UAT_Commission-master (2)\\UAT_Commission-master\\Reports\\TestDemo\\20180910_103417"/>
         <property name="logFiles" value="C:\\Users\\kikosana\\Downloads\\UAT_Commission-master (2)\\UAT_Commission-master\\Reports\\TestDemo\\20180910_103417\\execution0.log"/>
         <property name="attachments" value="C:\\Users\\kikosana\\Downloads\\UAT_Commission-master (2)\\UAT_Commission-master\\Reports\\TestDemo\\20180910_103417\\1536601047830.png, C:\\Users\\kikosana\\Downloads\\UAT_Commission-master (2)\\UAT_Commission-master\\Reports\\TestDemo\\20180910_103417\\1536601197394.png"/>
         <property name="hostName" value="kikosana - KIKOSANA-T450S.callidussoftware.com"/>
         <property name="os" value="Windows 10 64bit"/>
         <property name="katalonVersion" value="5.6.3.1"/>
         <property name="browser" value="Chrome 68.0.3440.106"/>
         <property name="hostAddress" value="10.125.199.25"/>
         <property name="sessionId" value="7a0b56a9b00c20cb89d416aa170da2c3"/>
         <property name="seleniumVersion" value="3.7.1"/>
         <property name="proxyInformation" value="ProxyInformation{proxyOption=NO_PROXY, proxyServerType=HTTP, password=, proxyServerAddress=, proxyServerPort=0}"/>
         <property name="platform" value="Windows 10"/>
      </properties>
      <testcase name="Test Cases/Commission Login" classname="Test Cases/Commission Login" status="PASSED">
         <system-out><![CDATA[2018-09-10 10:34:19 - [TEST_CASE][PASSED] - Test Cases/Commission Login: Test Cases/Commission Login

2018-09-10 10:34:20 - [TEST_STEP][PASSED] - openBrowser: Browser is opened with url: ''

2018-09-10 10:34:24 - [MESSAGE][PASSED] - Browser is opened with url: ''

2018-09-10 10:34:24 - [TEST_STEP][PASSED] - navigateToUrl: Navigate to 'https://biz3-tst.callidusondemand.com/SalesPortal/#!/' successfully

2018-09-10 10:34:25 - [MESSAGE][PASSED] - Navigate to 'https://biz3-tst.callidusondemand.com/SalesPortal/#!/' successfully

2018-09-10 10:34:25 - [TEST_STEP][PASSED] - maximizeWindow: Current window maximized

2018-09-10 10:34:26 - [MESSAGE][PASSED] - Current window maximized

2018-09-10 10:34:26 - [TEST_STEP][PASSED] - setText: Text 'kikosana@calliduscloud.com' is set on object 'Object Repository/Page_Sales Performance Home/input_username'

2018-09-10 10:34:26 - [MESSAGE][PASSED] - Text 'kikosana@calliduscloud.com' is set on object 'Object Repository/Page_Sales Performance Home/input_username'

2018-09-10 10:34:26 - [TEST_STEP][PASSED] - setText: Text 'Kiran09@@' is set on object 'Object Repository/Page_Sales Performance Home/input_password'

2018-09-10 10:34:26 - [MESSAGE][PASSED] - Text 'Kiran09@@' is set on object 'Object Repository/Page_Sales Performance Home/input_password'

2018-09-10 10:34:26 - [TEST_STEP][PASSED] - click: Object: 'Object Repository/Page_Sales Performance Home/button_Login' is clicked on

2018-09-10 10:34:27 - [MESSAGE][PASSED] - Object: 'Object Repository/Page_Sales Performance Home/button_Login' is clicked on

2018-09-10 10:34:27 - [TEST_STEP][PASSED] - click: Object: 'Object Repository/Page_Sales Performance Home/span_Sales Performance Home' is clicked on

2018-09-10 10:34:28 - [MESSAGE][PASSED] - Object: 'Object Repository/Page_Sales Performance Home/span_Sales Performance Home' is clicked on

2018-09-10 10:34:28 - [TEST_STEP][PASSED] - click: Object: 'Object Repository/Page_Sales Performance Home/a_Commissions' is clicked on

2018-09-10 10:34:28 - [MESSAGE][PASSED] - Object: 'Object Repository/Page_Sales Performance Home/a_Commissions' is clicked on

2018-09-10 10:34:28 - [TEST_STEP][PASSED] - click: Object: 'Object Repository/Page_Callidus Cloud Commissions Man/a_Manage Setup' is clicked on

2018-09-10 10:34:33 - [MESSAGE][PASSED] - Object: 'Object Repository/Page_Callidus Cloud Commissions Man/a_Manage Setup' is clicked on]]></system-out>
         <system-err><![CDATA[]]></system-err>
      </testcase>
      <testcase name="Test Cases/Credit Rule exists in the system" classname="Test Cases/Credit Rule exists in the system" status="PASSED">
         <system-out><![CDATA[2018-09-10 10:34:33 - [TEST_CASE][PASSED] - Test Cases/Credit Rule exists in the system: Test Cases/Credit Rule exists in the system

2018-09-10 10:34:33 - [TEST_STEP][NOT_RUN] - callTestCase: NOT_RUN: callTestCase

2018-09-10 10:34:33 - [MESSAGE][NOT_RUN] - NOT_RUN: callTestCase

2018-09-10 10:34:33 - [TEST_STEP][PASSED] - delay: Delayed 5 second(s)

2018-09-10 10:34:39 - [MESSAGE][PASSED] - Delayed 5 second(s)

2018-09-10 10:34:39 - [TEST_STEP][PASSED] - mouseOver: Object: 'Object Repository/Page_Plan Tab/a_Plan' is hovered

2018-09-10 10:34:39 - [MESSAGE][PASSED] - Object: 'Object Repository/Page_Plan Tab/a_Plan' is hovered

2018-09-10 10:34:39 - [TEST_STEP][PASSED] - delay: Delayed 3 second(s)

2018-09-10 10:34:42 - [MESSAGE][PASSED] - Delayed 3 second(s)

2018-09-10 10:34:42 - [TEST_STEP][PASSED] - scrollToElement: Scroll to object 'Object Repository/Page_Plan Tab/a_Rules' successfully

2018-09-10 10:34:42 - [MESSAGE][PASSED] - Scroll to object 'Object Repository/Page_Plan Tab/a_Rules' successfully

2018-09-10 10:34:42 - [TEST_STEP][PASSED] - delay: Delayed 2 second(s)

2018-09-10 10:34:44 - [MESSAGE][PASSED] - Delayed 2 second(s)

2018-09-10 10:34:44 - [TEST_STEP][PASSED] - click: Object: 'Object Repository/Page_Plan Tab/a_Rules' is clicked on

2018-09-10 10:34:45 - [MESSAGE][PASSED] - Object: 'Object Repository/Page_Plan Tab/a_Rules' is clicked on

2018-09-10 10:34:45 - [TEST_STEP][PASSED] - click: Object: 'Object Repository/Page_Callidus Cloud Commissions Man/a_Advanced Search' is clicked on

2018-09-10 10:34:45 - [MESSAGE][PASSED] - Object: 'Object Repository/Page_Callidus Cloud Commissions Man/a_Advanced Search' is clicked on

2018-09-10 10:34:45 - [TEST_STEP][PASSED] - delay: Delayed 3 second(s)

2018-09-10 10:34:48 - [MESSAGE][PASSED] - Delayed 3 second(s)

2018-09-10 10:34:48 - [TEST_STEP][PASSED] - click: Object: 'Object Repository/Page_Callidus Cloud Commissions Man/td_Field Name' is clicked on

2018-09-10 10:34:48 - [MESSAGE][PASSED] - Object: 'Object Repository/Page_Callidus Cloud Commissions Man/td_Field Name' is clicked on

2018-09-10 10:34:48 - [TEST_STEP][PASSED] - delay: Delayed 2 second(s)

2018-09-10 10:34:50 - [MESSAGE][PASSED] - Delayed 2 second(s)

2018-09-10 10:34:50 - [TEST_STEP][PASSED] - scrollToElement: Scroll to object 'Object Repository/Page_Plan Tab/a_Field_name' successfully

2018-09-10 10:34:50 - [MESSAGE][PASSED] - Scroll to object 'Object Repository/Page_Plan Tab/a_Field_name' successfully

2018-09-10 10:34:50 - [TEST_STEP][PASSED] - delay: Delayed 2 second(s)

2018-09-10 10:34:52 - [MESSAGE][PASSED] - Delayed 2 second(s)

2018-09-10 10:34:52 - [TEST_STEP][PASSED] - click: Object: 'Object Repository/Page_Plan Tab/a_Field_name' is clicked on

2018-09-10 10:34:52 - [MESSAGE][PASSED] - Object: 'Object Repository/Page_Plan Tab/a_Field_name' is clicked on

2018-09-10 10:34:52 - [TEST_STEP][PASSED] - click: Object: 'Object Repository/Page_Callidus Cloud Commissions Man/td_Comparision' is clicked on

2018-09-10 10:34:53 - [MESSAGE][PASSED] - Object: 'Object Repository/Page_Callidus Cloud Commissions Man/td_Comparision' is clicked on

2018-09-10 10:34:53 - [TEST_STEP][PASSED] - delay: Delayed 2 second(s)

2018-09-10 10:34:55 - [MESSAGE][PASSED] - Delayed 2 second(s)

2018-09-10 10:34:55 - [TEST_STEP][PASSED] - scrollToElement: Scroll to object 'Object Repository/Page_Callidus Cloud Commissions Man/option_Equals' successfully

2018-09-10 10:34:55 - [MESSAGE][PASSED] - Scroll to object 'Object Repository/Page_Callidus Cloud Commissions Man/option_Equals' successfully

2018-09-10 10:34:55 - [TEST_STEP][PASSED] - delay: Delayed 2 second(s)

2018-09-10 10:34:57 - [MESSAGE][PASSED] - Delayed 2 second(s)

2018-09-10 10:34:57 - [TEST_STEP][PASSED] - click: Object: 'Object Repository/Page_Callidus Cloud Commissions Man/option_Equals' is clicked on

2018-09-10 10:34:57 - [MESSAGE][PASSED] - Object: 'Object Repository/Page_Callidus Cloud Commissions Man/option_Equals' is clicked on

2018-09-10 10:34:57 - [TEST_STEP][PASSED] - delay: Delayed 2 second(s)

2018-09-10 10:34:59 - [MESSAGE][PASSED] - Delayed 2 second(s)

2018-09-10 10:34:59 - [TEST_STEP][PASSED] - setText: Text 'CR Territory Booking' is set on object 'Object Repository/Page_Callidus Cloud Commissions Man/td_Value'

2018-09-10 10:34:59 - [MESSAGE][PASSED] - Text 'CR Territory Booking' is set on object 'Object Repository/Page_Callidus Cloud Commissions Man/td_Value'

2018-09-10 10:34:59 - [TEST_STEP][PASSED] - delay: Delayed 2 second(s)

2018-09-10 10:35:01 - [MESSAGE][PASSED] - Delayed 2 second(s)

2018-09-10 10:35:01 - [TEST_STEP][PASSED] - click: Object: 'Object Repository/Page_Callidus Cloud Commissions Man/input_Apply Search' is clicked on

2018-09-10 10:35:01 - [MESSAGE][PASSED] - Object: 'Object Repository/Page_Callidus Cloud Commissions Man/input_Apply Search' is clicked on

2018-09-10 10:35:01 - [TEST_STEP][NOT_RUN] - acceptAlert: NOT_RUN: acceptAlert

2018-09-10 10:35:01 - [MESSAGE][NOT_RUN] - NOT_RUN: acceptAlert

2018-09-10 10:35:01 - [TEST_STEP][NOT_RUN] - callTestCase: NOT_RUN: callTestCase

2018-09-10 10:35:01 - [MESSAGE][NOT_RUN] - NOT_RUN: callTestCase]]></system-out>
         <system-err><![CDATA[]]></system-err>
      </testcase>
      <testcase name="Test Cases/Credit Types exist in the system" classname="Test Cases/Credit Types exist in the system" status="PASSED">
         <system-out><![CDATA[2018-09-10 10:35:01 - [TEST_CASE][PASSED] - Test Cases/Credit Types exist in the system: Test Cases/Credit Types exist in the system

2018-09-10 10:35:02 - [TEST_STEP][NOT_RUN] - callTestCase: NOT_RUN: callTestCase

2018-09-10 10:35:02 - [MESSAGE][NOT_RUN] - NOT_RUN: callTestCase

2018-09-10 10:35:02 - [TEST_STEP][PASSED] - mouseOver: Object: 'Object Repository/Page_Callidus Cloud Commissions Man/div_ADMINISTRATION' is hovered

2018-09-10 10:35:02 - [MESSAGE][PASSED] - Object: 'Object Repository/Page_Callidus Cloud Commissions Man/div_ADMINISTRATION' is hovered

2018-09-10 10:35:02 - [TEST_STEP][PASSED] - delay: Delayed 5 second(s)

2018-09-10 10:35:07 - [MESSAGE][PASSED] - Delayed 5 second(s)

2018-09-10 10:35:07 - [TEST_STEP][PASSED] - scrollToElement: Scroll to object 'Object Repository/Page_Callidus Cloud Commissions Man/a_Credit Types' successfully

2018-09-10 10:35:07 - [MESSAGE][PASSED] - Scroll to object 'Object Repository/Page_Callidus Cloud Commissions Man/a_Credit Types' successfully

2018-09-10 10:35:07 - [TEST_STEP][PASSED] - delay: Delayed 2 second(s)

2018-09-10 10:35:09 - [MESSAGE][PASSED] - Delayed 2 second(s)

2018-09-10 10:35:09 - [TEST_STEP][PASSED] - click: Object: 'Object Repository/Page_Callidus Cloud Commissions Man/a_Credit Types' is clicked on

2018-09-10 10:35:10 - [MESSAGE][PASSED] - Object: 'Object Repository/Page_Callidus Cloud Commissions Man/a_Credit Types' is clicked on

2018-09-10 10:35:10 - [TEST_STEP][PASSED] - click: Object: 'Object Repository/Page_Callidus Cloud Commissions Man/a_Advanced Search' is clicked on

2018-09-10 10:35:10 - [MESSAGE][PASSED] - Object: 'Object Repository/Page_Callidus Cloud Commissions Man/a_Advanced Search' is clicked on

2018-09-10 10:35:10 - [TEST_STEP][PASSED] - click: Object: 'Object Repository/Page_Callidus Cloud Commissions Man/td_Field Name' is clicked on

2018-09-10 10:35:11 - [MESSAGE][PASSED] - Object: 'Object Repository/Page_Callidus Cloud Commissions Man/td_Field Name' is clicked on

2018-09-10 10:35:11 - [TEST_STEP][PASSED] - scrollToElement: Scroll to object 'Object Repository/Page_Callidus Cloud Commissions Man/option_credit types id' successfully

2018-09-10 10:35:11 - [MESSAGE][PASSED] - Scroll to object 'Object Repository/Page_Callidus Cloud Commissions Man/option_credit types id' successfully

2018-09-10 10:35:11 - [TEST_STEP][PASSED] - delay: Delayed 2 second(s)

2018-09-10 10:35:13 - [MESSAGE][PASSED] - Delayed 2 second(s)

2018-09-10 10:35:13 - [TEST_STEP][PASSED] - click: Object: 'Object Repository/Page_Callidus Cloud Commissions Man/option_credit types id' is clicked on

2018-09-10 10:35:13 - [MESSAGE][PASSED] - Object: 'Object Repository/Page_Callidus Cloud Commissions Man/option_credit types id' is clicked on

2018-09-10 10:35:13 - [TEST_STEP][PASSED] - click: Object: 'Object Repository/Page_Callidus Cloud Commissions Man/td_Comparision' is clicked on

2018-09-10 10:35:13 - [MESSAGE][PASSED] - Object: 'Object Repository/Page_Callidus Cloud Commissions Man/td_Comparision' is clicked on

2018-09-10 10:35:13 - [TEST_STEP][PASSED] - scrollToElement: Scroll to object 'Object Repository/Page_Callidus Cloud Commissions Man/option_Equals' successfully

2018-09-10 10:35:13 - [MESSAGE][PASSED] - Scroll to object 'Object Repository/Page_Callidus Cloud Commissions Man/option_Equals' successfully

2018-09-10 10:35:13 - [TEST_STEP][PASSED] - delay: Delayed 2 second(s)

2018-09-10 10:35:15 - [MESSAGE][PASSED] - Delayed 2 second(s)

2018-09-10 10:35:15 - [TEST_STEP][PASSED] - click: Object: 'Object Repository/Page_Callidus Cloud Commissions Man/option_Equals' is clicked on

2018-09-10 10:35:15 - [MESSAGE][PASSED] - Object: 'Object Repository/Page_Callidus Cloud Commissions Man/option_Equals' is clicked on

2018-09-10 10:35:15 - [TEST_STEP][PASSED] - delay: Delayed 2 second(s)

2018-09-10 10:35:17 - [MESSAGE][PASSED] - Delayed 2 second(s)

2018-09-10 10:35:17 - [TEST_STEP][PASSED] - setText: Text 'Bonus123' is set on object 'Object Repository/Page_Callidus Cloud Commissions Man/td_Value'

2018-09-10 10:35:18 - [MESSAGE][PASSED] - Text 'Bonus123' is set on object 'Object Repository/Page_Callidus Cloud Commissions Man/td_Value'

2018-09-10 10:35:18 - [TEST_STEP][PASSED] - delay: Delayed 2 second(s)

2018-09-10 10:35:20 - [MESSAGE][PASSED] - Delayed 2 second(s)

2018-09-10 10:35:20 - [TEST_STEP][PASSED] - click: Object: 'Object Repository/Page_Callidus Cloud Commissions Man/input_Apply Search' is clicked on

2018-09-10 10:35:20 - [MESSAGE][PASSED] - Object: 'Object Repository/Page_Callidus Cloud Commissions Man/input_Apply Search' is clicked on

2018-09-10 10:35:20 - [TEST_STEP][NOT_RUN] - callTestCase: NOT_RUN: callTestCase

2018-09-10 10:35:20 - [MESSAGE][NOT_RUN] - NOT_RUN: callTestCase]]></system-out>
         <system-err><![CDATA[]]></system-err>
      </testcase>
      <testcase name="Test Cases/Deposit Rule exists in the system" classname="Test Cases/Deposit Rule exists in the system" status="PASSED">
         <system-out><![CDATA[2018-09-10 10:35:20 - [TEST_CASE][PASSED] - Test Cases/Deposit Rule exists in the system: Test Cases/Deposit Rule exists in the system

2018-09-10 10:35:20 - [TEST_STEP][NOT_RUN] - callTestCase: NOT_RUN: callTestCase

2018-09-10 10:35:20 - [MESSAGE][NOT_RUN] - NOT_RUN: callTestCase

2018-09-10 10:35:20 - [TEST_STEP][PASSED] - delay: Delayed 5 second(s)

2018-09-10 10:35:25 - [MESSAGE][PASSED] - Delayed 5 second(s)

2018-09-10 10:35:25 - [TEST_STEP][PASSED] - mouseOver: Object: 'Object Repository/Page_Plan Tab/a_Plan' is hovered

2018-09-10 10:35:25 - [MESSAGE][PASSED] - Object: 'Object Repository/Page_Plan Tab/a_Plan' is hovered

2018-09-10 10:35:25 - [TEST_STEP][PASSED] - delay: Delayed 3 second(s)

2018-09-10 10:35:28 - [MESSAGE][PASSED] - Delayed 3 second(s)

2018-09-10 10:35:28 - [TEST_STEP][PASSED] - scrollToElement: Scroll to object 'Object Repository/Page_Plan Tab/a_Rules' successfully

2018-09-10 10:35:28 - [MESSAGE][PASSED] - Scroll to object 'Object Repository/Page_Plan Tab/a_Rules' successfully

2018-09-10 10:35:28 - [TEST_STEP][PASSED] - delay: Delayed 2 second(s)

2018-09-10 10:35:30 - [MESSAGE][PASSED] - Delayed 2 second(s)

2018-09-10 10:35:30 - [TEST_STEP][PASSED] - click: Object: 'Object Repository/Page_Plan Tab/a_Rules' is clicked on

2018-09-10 10:35:31 - [MESSAGE][PASSED] - Object: 'Object Repository/Page_Plan Tab/a_Rules' is clicked on

2018-09-10 10:35:31 - [TEST_STEP][PASSED] - click: Object: 'Object Repository/Page_Callidus Cloud Commissions Man/a_Advanced Search' is clicked on

2018-09-10 10:35:31 - [MESSAGE][PASSED] - Object: 'Object Repository/Page_Callidus Cloud Commissions Man/a_Advanced Search' is clicked on

2018-09-10 10:35:31 - [TEST_STEP][PASSED] - delay: Delayed 3 second(s)

2018-09-10 10:35:34 - [MESSAGE][PASSED] - Delayed 3 second(s)

2018-09-10 10:35:34 - [TEST_STEP][PASSED] - click: Object: 'Object Repository/Page_Callidus Cloud Commissions Man/td_Field Name' is clicked on

2018-09-10 10:35:34 - [MESSAGE][PASSED] - Object: 'Object Repository/Page_Callidus Cloud Commissions Man/td_Field Name' is clicked on

2018-09-10 10:35:34 - [TEST_STEP][PASSED] - delay: Delayed 2 second(s)

2018-09-10 10:35:36 - [MESSAGE][PASSED] - Delayed 2 second(s)

2018-09-10 10:35:36 - [TEST_STEP][PASSED] - scrollToElement: Scroll to object 'Object Repository/Page_Plan Tab/a_Field_name' successfully

2018-09-10 10:35:36 - [MESSAGE][PASSED] - Scroll to object 'Object Repository/Page_Plan Tab/a_Field_name' successfully

2018-09-10 10:35:36 - [TEST_STEP][PASSED] - delay: Delayed 2 second(s)

2018-09-10 10:35:38 - [MESSAGE][PASSED] - Delayed 2 second(s)

2018-09-10 10:35:38 - [TEST_STEP][PASSED] - click: Object: 'Object Repository/Page_Plan Tab/a_Field_name' is clicked on

2018-09-10 10:35:39 - [MESSAGE][PASSED] - Object: 'Object Repository/Page_Plan Tab/a_Field_name' is clicked on

2018-09-10 10:35:39 - [TEST_STEP][PASSED] - click: Object: 'Object Repository/Page_Callidus Cloud Commissions Man/td_Comparision' is clicked on

2018-09-10 10:35:39 - [MESSAGE][PASSED] - Object: 'Object Repository/Page_Callidus Cloud Commissions Man/td_Comparision' is clicked on

2018-09-10 10:35:39 - [TEST_STEP][PASSED] - delay: Delayed 2 second(s)

2018-09-10 10:35:41 - [MESSAGE][PASSED] - Delayed 2 second(s)

2018-09-10 10:35:41 - [TEST_STEP][PASSED] - scrollToElement: Scroll to object 'Object Repository/Page_Callidus Cloud Commissions Man/option_Equals' successfully

2018-09-10 10:35:41 - [MESSAGE][PASSED] - Scroll to object 'Object Repository/Page_Callidus Cloud Commissions Man/option_Equals' successfully

2018-09-10 10:35:41 - [TEST_STEP][PASSED] - delay: Delayed 2 second(s)

2018-09-10 10:35:43 - [MESSAGE][PASSED] - Delayed 2 second(s)

2018-09-10 10:35:43 - [TEST_STEP][PASSED] - click: Object: 'Object Repository/Page_Callidus Cloud Commissions Man/option_Equals' is clicked on

2018-09-10 10:35:43 - [MESSAGE][PASSED] - Object: 'Object Repository/Page_Callidus Cloud Commissions Man/option_Equals' is clicked on

2018-09-10 10:35:43 - [TEST_STEP][PASSED] - delay: Delayed 2 second(s)

2018-09-10 10:35:45 - [MESSAGE][PASSED] - Delayed 2 second(s)

2018-09-10 10:35:45 - [TEST_STEP][PASSED] - setText: Text 'DR Base Commissions Flat Rate MTD' is set on object 'Object Repository/Page_Callidus Cloud Commissions Man/td_Value'

2018-09-10 10:35:46 - [MESSAGE][PASSED] - Text 'DR Base Commissions Flat Rate MTD' is set on object 'Object Repository/Page_Callidus Cloud Commissions Man/td_Value'

2018-09-10 10:35:46 - [TEST_STEP][PASSED] - delay: Delayed 2 second(s)

2018-09-10 10:35:48 - [MESSAGE][PASSED] - Delayed 2 second(s)

2018-09-10 10:35:48 - [TEST_STEP][PASSED] - click: Object: 'Object Repository/Page_Callidus Cloud Commissions Man/input_Apply Search' is clicked on

2018-09-10 10:35:48 - [MESSAGE][PASSED] - Object: 'Object Repository/Page_Callidus Cloud Commissions Man/input_Apply Search' is clicked on

2018-09-10 10:35:48 - [TEST_STEP][NOT_RUN] - acceptAlert: NOT_RUN: acceptAlert

2018-09-10 10:35:48 - [MESSAGE][NOT_RUN] - NOT_RUN: acceptAlert

2018-09-10 10:35:48 - [TEST_STEP][PASSED] - callTestCase: Call Test Case 'Test Cases/Commission Logout' successfully

2018-09-10 10:35:48 - [TEST_CASE][PASSED] - Test Cases/Commission Logout: Test Cases/Commission Logout

2018-09-10 10:35:48 - [TEST_STEP][PASSED] - click: Object: 'Object Repository/Page_Callidus Cloud Commissions Man/span_rkulkarncalliduscloud.com' is clicked on

2018-09-10 10:35:48 - [MESSAGE][PASSED] - Object: 'Object Repository/Page_Callidus Cloud Commissions Man/span_rkulkarncalliduscloud.com' is clicked on

2018-09-10 10:35:48 - [TEST_STEP][PASSED] - click: Object: 'Object Repository/Page_Callidus Cloud Commissions Man/div_Logout' is clicked on

2018-09-10 10:35:49 - [MESSAGE][PASSED] - Object: 'Object Repository/Page_Callidus Cloud Commissions Man/div_Logout' is clicked on

2018-09-10 10:35:49 - [TEST_STEP][PASSED] - closeBrowser: Browser is closed

2018-09-10 10:35:50 - [MESSAGE][PASSED] - Browser is closed

2018-09-10 10:35:50 - [MESSAGE][PASSED] - Call Test Case 'Test Cases/Commission Logout' successfully]]></system-out>
         <system-err><![CDATA[]]></system-err>
      </testcase>
      <testcase name="Test Cases/Earning Codes exist in the system" classname="Test Cases/Earning Codes exist in the system" status="PASSED">
         <system-out><![CDATA[2018-09-10 10:35:50 - [TEST_CASE][PASSED] - Test Cases/Earning Codes exist in the system: Test Cases/Earning Codes exist in the system

2018-09-10 10:35:51 - [TEST_STEP][PASSED] - callTestCase: Call Test Case 'Test Cases/Commission Login' successfully

2018-09-10 10:35:51 - [TEST_CASE][PASSED] - Test Cases/Commission Login: Test Cases/Commission Login

2018-09-10 10:35:51 - [TEST_STEP][PASSED] - openBrowser: Browser is opened with url: ''

2018-09-10 10:35:53 - [MESSAGE][PASSED] - Browser is opened with url: ''

2018-09-10 10:35:53 - [TEST_STEP][PASSED] - navigateToUrl: Navigate to 'https://biz3-tst.callidusondemand.com/SalesPortal/#!/' successfully

2018-09-10 10:35:54 - [MESSAGE][PASSED] - Navigate to 'https://biz3-tst.callidusondemand.com/SalesPortal/#!/' successfully

2018-09-10 10:35:54 - [TEST_STEP][PASSED] - maximizeWindow: Current window maximized

2018-09-10 10:35:55 - [MESSAGE][PASSED] - Current window maximized

2018-09-10 10:35:55 - [TEST_STEP][PASSED] - setText: Text 'kikosana@calliduscloud.com' is set on object 'Object Repository/Page_Sales Performance Home/input_username'

2018-09-10 10:35:55 - [MESSAGE][PASSED] - Text 'kikosana@calliduscloud.com' is set on object 'Object Repository/Page_Sales Performance Home/input_username'

2018-09-10 10:35:55 - [TEST_STEP][PASSED] - setText: Text 'Kiran09@@' is set on object 'Object Repository/Page_Sales Performance Home/input_password'

2018-09-10 10:35:56 - [MESSAGE][PASSED] - Text 'Kiran09@@' is set on object 'Object Repository/Page_Sales Performance Home/input_password'

2018-09-10 10:35:56 - [TEST_STEP][PASSED] - click: Object: 'Object Repository/Page_Sales Performance Home/button_Login' is clicked on

2018-09-10 10:35:56 - [MESSAGE][PASSED] - Object: 'Object Repository/Page_Sales Performance Home/button_Login' is clicked on

2018-09-10 10:35:56 - [TEST_STEP][PASSED] - click: Object: 'Object Repository/Page_Sales Performance Home/span_Sales Performance Home' is clicked on

2018-09-10 10:35:57 - [MESSAGE][PASSED] - Object: 'Object Repository/Page_Sales Performance Home/span_Sales Performance Home' is clicked on

2018-09-10 10:35:57 - [TEST_STEP][PASSED] - click: Object: 'Object Repository/Page_Sales Performance Home/a_Commissions' is clicked on

2018-09-10 10:35:57 - [MESSAGE][PASSED] - Object: 'Object Repository/Page_Sales Performance Home/a_Commissions' is clicked on

2018-09-10 10:35:57 - [TEST_STEP][PASSED] - click: Object: 'Object Repository/Page_Callidus Cloud Commissions Man/a_Manage Setup' is clicked on

2018-09-10 10:36:03 - [MESSAGE][PASSED] - Object: 'Object Repository/Page_Callidus Cloud Commissions Man/a_Manage Setup' is clicked on

2018-09-10 10:36:03 - [MESSAGE][PASSED] - Call Test Case 'Test Cases/Commission Login' successfully

2018-09-10 10:36:03 - [TEST_STEP][PASSED] - mouseOver: Object: 'Object Repository/Page_Callidus Cloud Commissions Man/div_ADMINISTRATION' is hovered

2018-09-10 10:36:03 - [MESSAGE][PASSED] - Object: 'Object Repository/Page_Callidus Cloud Commissions Man/div_ADMINISTRATION' is hovered

2018-09-10 10:36:03 - [TEST_STEP][PASSED] - delay: Delayed 5 second(s)

2018-09-10 10:36:08 - [MESSAGE][PASSED] - Delayed 5 second(s)

2018-09-10 10:36:08 - [TEST_STEP][PASSED] - scrollToElement: Scroll to object 'Object Repository/Page_Callidus Cloud Commissions Man/Reason Codes' successfully

2018-09-10 10:36:08 - [MESSAGE][PASSED] - Scroll to object 'Object Repository/Page_Callidus Cloud Commissions Man/Reason Codes' successfully

2018-09-10 10:36:08 - [TEST_STEP][PASSED] - click: Object: 'Object Repository/Page_Callidus Cloud Commissions Man/Reason Codes' is clicked on

2018-09-10 10:36:08 - [MESSAGE][PASSED] - Object: 'Object Repository/Page_Callidus Cloud Commissions Man/Reason Codes' is clicked on

2018-09-10 10:36:08 - [TEST_STEP][PASSED] - click: Object: 'Object Repository/Page_Callidus Cloud Commissions Man/a_Advanced Search' is clicked on

2018-09-10 10:36:09 - [MESSAGE][PASSED] - Object: 'Object Repository/Page_Callidus Cloud Commissions Man/a_Advanced Search' is clicked on

2018-09-10 10:36:09 - [TEST_STEP][NOT_RUN] - click: NOT_RUN: click

2018-09-10 10:36:09 - [MESSAGE][NOT_RUN] - NOT_RUN: click

2018-09-10 10:36:09 - [TEST_STEP][NOT_RUN] - scrollToElement: NOT_RUN: scrollToElement

2018-09-10 10:36:09 - [MESSAGE][NOT_RUN] - NOT_RUN: scrollToElement

2018-09-10 10:36:09 - [TEST_STEP][NOT_RUN] - click: NOT_RUN: click

2018-09-10 10:36:09 - [MESSAGE][NOT_RUN] - NOT_RUN: click

2018-09-10 10:36:09 - [TEST_STEP][NOT_RUN] - click: NOT_RUN: click

2018-09-10 10:36:09 - [MESSAGE][NOT_RUN] - NOT_RUN: click

2018-09-10 10:36:09 - [TEST_STEP][NOT_RUN] - scrollToElement: NOT_RUN: scrollToElement

2018-09-10 10:36:09 - [MESSAGE][NOT_RUN] - NOT_RUN: scrollToElement

2018-09-10 10:36:09 - [TEST_STEP][NOT_RUN] - click: NOT_RUN: click

2018-09-10 10:36:09 - [MESSAGE][NOT_RUN] - NOT_RUN: click

2018-09-10 10:36:09 - [TEST_STEP][NOT_RUN] - setText: NOT_RUN: setText

2018-09-10 10:36:09 - [MESSAGE][NOT_RUN] - NOT_RUN: setText

2018-09-10 10:36:09 - [TEST_STEP][NOT_RUN] - click: NOT_RUN: click

2018-09-10 10:36:09 - [MESSAGE][NOT_RUN] - NOT_RUN: click

2018-09-10 10:36:09 - [TEST_STEP][NOT_RUN] - callTestCase: NOT_RUN: callTestCase

2018-09-10 10:36:09 - [MESSAGE][NOT_RUN] - NOT_RUN: callTestCase]]></system-out>
         <system-err><![CDATA[]]></system-err>
      </testcase>
      <testcase name="Test Cases/Earning Groups exist in the system" classname="Test Cases/Earning Groups exist in the system" status="PASSED">
         <system-out><![CDATA[2018-09-10 10:36:09 - [TEST_CASE][PASSED] - Test Cases/Earning Groups exist in the system: Test Cases/Earning Groups exist in the system

2018-09-10 10:36:09 - [TEST_STEP][NOT_RUN] - callTestCase: NOT_RUN: callTestCase

2018-09-10 10:36:09 - [MESSAGE][NOT_RUN] - NOT_RUN: callTestCase

2018-09-10 10:36:09 - [TEST_STEP][PASSED] - mouseOver: Object: 'Object Repository/Page_Callidus Cloud Commissions Man/div_ADMINISTRATION' is hovered

2018-09-10 10:36:09 - [MESSAGE][PASSED] - Object: 'Object Repository/Page_Callidus Cloud Commissions Man/div_ADMINISTRATION' is hovered

2018-09-10 10:36:09 - [TEST_STEP][PASSED] - delay: Delayed 2 second(s)

2018-09-10 10:36:11 - [MESSAGE][PASSED] - Delayed 2 second(s)

2018-09-10 10:36:11 - [TEST_STEP][PASSED] - scrollToElement: Scroll to object 'Object Repository/Page_Callidus Cloud Commissions Man/a_Earning Groups' successfully

2018-09-10 10:36:11 - [MESSAGE][PASSED] - Scroll to object 'Object Repository/Page_Callidus Cloud Commissions Man/a_Earning Groups' successfully

2018-09-10 10:36:11 - [TEST_STEP][PASSED] - delay: Delayed 2 second(s)

2018-09-10 10:36:13 - [MESSAGE][PASSED] - Delayed 2 second(s)

2018-09-10 10:36:13 - [TEST_STEP][PASSED] - click: Object: 'Object Repository/Page_Callidus Cloud Commissions Man/a_Earning Groups' is clicked on

2018-09-10 10:36:14 - [MESSAGE][PASSED] - Object: 'Object Repository/Page_Callidus Cloud Commissions Man/a_Earning Groups' is clicked on

2018-09-10 10:36:14 - [TEST_STEP][PASSED] - click: Object: 'Object Repository/Page_Callidus Cloud Commissions Man/a_Advanced Search' is clicked on

2018-09-10 10:36:14 - [MESSAGE][PASSED] - Object: 'Object Repository/Page_Callidus Cloud Commissions Man/a_Advanced Search' is clicked on

2018-09-10 10:36:14 - [TEST_STEP][PASSED] - click: Object: 'Object Repository/Page_Callidus Cloud Commissions Man/td_Field Name' is clicked on

2018-09-10 10:36:15 - [MESSAGE][PASSED] - Object: 'Object Repository/Page_Callidus Cloud Commissions Man/td_Field Name' is clicked on

2018-09-10 10:36:15 - [TEST_STEP][PASSED] - delay: Delayed 2 second(s)

2018-09-10 10:36:17 - [MESSAGE][PASSED] - Delayed 2 second(s)

2018-09-10 10:36:17 - [TEST_STEP][PASSED] - scrollToElement: Scroll to object 'Object Repository/Page_Callidus Cloud Commissions Man/option_Earining Groups' successfully

2018-09-10 10:36:17 - [MESSAGE][PASSED] - Scroll to object 'Object Repository/Page_Callidus Cloud Commissions Man/option_Earining Groups' successfully

2018-09-10 10:36:17 - [TEST_STEP][PASSED] - delay: Delayed 2 second(s)

2018-09-10 10:36:19 - [MESSAGE][PASSED] - Delayed 2 second(s)

2018-09-10 10:36:19 - [TEST_STEP][PASSED] - click: Object: 'Object Repository/Page_Callidus Cloud Commissions Man/option_Earining Groups' is clicked on

2018-09-10 10:36:19 - [MESSAGE][PASSED] - Object: 'Object Repository/Page_Callidus Cloud Commissions Man/option_Earining Groups' is clicked on

2018-09-10 10:36:19 - [TEST_STEP][PASSED] - click: Object: 'Object Repository/Page_Callidus Cloud Commissions Man/td_Comparision' is clicked on

2018-09-10 10:36:19 - [MESSAGE][PASSED] - Object: 'Object Repository/Page_Callidus Cloud Commissions Man/td_Comparision' is clicked on

2018-09-10 10:36:19 - [TEST_STEP][PASSED] - delay: Delayed 2 second(s)

2018-09-10 10:36:21 - [MESSAGE][PASSED] - Delayed 2 second(s)

2018-09-10 10:36:21 - [TEST_STEP][PASSED] - scrollToElement: Scroll to object 'Object Repository/Page_Callidus Cloud Commissions Man/option_Equals' successfully

2018-09-10 10:36:21 - [MESSAGE][PASSED] - Scroll to object 'Object Repository/Page_Callidus Cloud Commissions Man/option_Equals' successfully

2018-09-10 10:36:21 - [TEST_STEP][PASSED] - delay: Delayed 2 second(s)

2018-09-10 10:36:23 - [MESSAGE][PASSED] - Delayed 2 second(s)

2018-09-10 10:36:23 - [TEST_STEP][PASSED] - click: Object: 'Object Repository/Page_Callidus Cloud Commissions Man/option_Equals' is clicked on

2018-09-10 10:36:23 - [MESSAGE][PASSED] - Object: 'Object Repository/Page_Callidus Cloud Commissions Man/option_Equals' is clicked on

2018-09-10 10:36:23 - [TEST_STEP][PASSED] - delay: Delayed 2 second(s)

2018-09-10 10:36:25 - [MESSAGE][PASSED] - Delayed 2 second(s)

2018-09-10 10:36:25 - [TEST_STEP][PASSED] - setText: Text 'commission' is set on object 'Object Repository/Page_Callidus Cloud Commissions Man/td_Value'

2018-09-10 10:36:26 - [MESSAGE][PASSED] - Text 'commission' is set on object 'Object Repository/Page_Callidus Cloud Commissions Man/td_Value'

2018-09-10 10:36:26 - [TEST_STEP][PASSED] - delay: Delayed 2 second(s)

2018-09-10 10:36:28 - [MESSAGE][PASSED] - Delayed 2 second(s)

2018-09-10 10:36:28 - [TEST_STEP][PASSED] - click: Object: 'Object Repository/Page_Callidus Cloud Commissions Man/input_Apply Search' is clicked on

2018-09-10 10:36:28 - [MESSAGE][PASSED] - Object: 'Object Repository/Page_Callidus Cloud Commissions Man/input_Apply Search' is clicked on

2018-09-10 10:36:28 - [TEST_STEP][NOT_RUN] - callTestCase: NOT_RUN: callTestCase

2018-09-10 10:36:28 - [MESSAGE][NOT_RUN] - NOT_RUN: callTestCase]]></system-out>
         <system-err><![CDATA[]]></system-err>
      </testcase>
      <testcase name="Test Cases/EventTypes exist in the System" classname="Test Cases/EventTypes exist in the System" status="PASSED">
         <system-out><![CDATA[2018-09-10 10:36:28 - [TEST_CASE][PASSED] - Test Cases/EventTypes exist in the System: Test Cases/EventTypes exist in the System

2018-09-10 10:36:28 - [TEST_STEP][NOT_RUN] - callTestCase: NOT_RUN: callTestCase

2018-09-10 10:36:28 - [MESSAGE][NOT_RUN] - NOT_RUN: callTestCase

2018-09-10 10:36:28 - [TEST_STEP][PASSED] - mouseOver: Object: 'Object Repository/Page_Callidus Cloud Commissions Man/div_ADMINISTRATION' is hovered

2018-09-10 10:36:28 - [MESSAGE][PASSED] - Object: 'Object Repository/Page_Callidus Cloud Commissions Man/div_ADMINISTRATION' is hovered

2018-09-10 10:36:28 - [TEST_STEP][PASSED] - delay: Delayed 2 second(s)

2018-09-10 10:36:30 - [MESSAGE][PASSED] - Delayed 2 second(s)

2018-09-10 10:36:30 - [TEST_STEP][PASSED] - scrollToElement: Scroll to object 'Object Repository/Page_Callidus Cloud Commissions Man/a_Event Types' successfully

2018-09-10 10:36:30 - [MESSAGE][PASSED] - Scroll to object 'Object Repository/Page_Callidus Cloud Commissions Man/a_Event Types' successfully

2018-09-10 10:36:30 - [TEST_STEP][PASSED] - delay: Delayed 2 second(s)

2018-09-10 10:36:32 - [MESSAGE][PASSED] - Delayed 2 second(s)

2018-09-10 10:36:32 - [TEST_STEP][PASSED] - click: Object: 'Object Repository/Page_Callidus Cloud Commissions Man/a_Event Types' is clicked on

2018-09-10 10:36:33 - [MESSAGE][PASSED] - Object: 'Object Repository/Page_Callidus Cloud Commissions Man/a_Event Types' is clicked on

2018-09-10 10:36:33 - [TEST_STEP][PASSED] - click: Object: 'Object Repository/Page_Callidus Cloud Commissions Man/a_Advanced Search' is clicked on

2018-09-10 10:36:33 - [MESSAGE][PASSED] - Object: 'Object Repository/Page_Callidus Cloud Commissions Man/a_Advanced Search' is clicked on

2018-09-10 10:36:33 - [TEST_STEP][PASSED] - delay: Delayed 3 second(s)

2018-09-10 10:36:36 - [MESSAGE][PASSED] - Delayed 3 second(s)

2018-09-10 10:36:36 - [TEST_STEP][PASSED] - click: Object: 'Object Repository/Page_Callidus Cloud Commissions Man/td_Field Name' is clicked on

2018-09-10 10:36:36 - [MESSAGE][PASSED] - Object: 'Object Repository/Page_Callidus Cloud Commissions Man/td_Field Name' is clicked on

2018-09-10 10:36:36 - [TEST_STEP][PASSED] - delay: Delayed 2 second(s)

2018-09-10 10:36:38 - [MESSAGE][PASSED] - Delayed 2 second(s)

2018-09-10 10:36:38 - [TEST_STEP][PASSED] - scrollToElement: Scroll to object 'Object Repository/Page_Callidus Cloud Commissions Man/a_eventTypeId' successfully

2018-09-10 10:36:38 - [MESSAGE][PASSED] - Scroll to object 'Object Repository/Page_Callidus Cloud Commissions Man/a_eventTypeId' successfully

2018-09-10 10:36:38 - [TEST_STEP][PASSED] - delay: Delayed 2 second(s)

2018-09-10 10:36:40 - [MESSAGE][PASSED] - Delayed 2 second(s)

2018-09-10 10:36:40 - [TEST_STEP][PASSED] - click: Object: 'Object Repository/Page_Callidus Cloud Commissions Man/a_eventTypeId' is clicked on

2018-09-10 10:36:40 - [MESSAGE][PASSED] - Object: 'Object Repository/Page_Callidus Cloud Commissions Man/a_eventTypeId' is clicked on

2018-09-10 10:36:40 - [TEST_STEP][PASSED] - click: Object: 'Object Repository/Page_Callidus Cloud Commissions Man/td_Comparision' is clicked on

2018-09-10 10:36:40 - [MESSAGE][PASSED] - Object: 'Object Repository/Page_Callidus Cloud Commissions Man/td_Comparision' is clicked on

2018-09-10 10:36:40 - [TEST_STEP][PASSED] - delay: Delayed 2 second(s)

2018-09-10 10:36:42 - [MESSAGE][PASSED] - Delayed 2 second(s)

2018-09-10 10:36:42 - [TEST_STEP][PASSED] - scrollToElement: Scroll to object 'Object Repository/Page_Callidus Cloud Commissions Man/option_Equals' successfully

2018-09-10 10:36:42 - [MESSAGE][PASSED] - Scroll to object 'Object Repository/Page_Callidus Cloud Commissions Man/option_Equals' successfully

2018-09-10 10:36:42 - [TEST_STEP][PASSED] - delay: Delayed 2 second(s)

2018-09-10 10:36:44 - [MESSAGE][PASSED] - Delayed 2 second(s)

2018-09-10 10:36:44 - [TEST_STEP][PASSED] - click: Object: 'Object Repository/Page_Callidus Cloud Commissions Man/option_Equals' is clicked on

2018-09-10 10:36:45 - [MESSAGE][PASSED] - Object: 'Object Repository/Page_Callidus Cloud Commissions Man/option_Equals' is clicked on

2018-09-10 10:36:45 - [TEST_STEP][PASSED] - delay: Delayed 2 second(s)

2018-09-10 10:36:47 - [MESSAGE][PASSED] - Delayed 2 second(s)

2018-09-10 10:36:47 - [TEST_STEP][PASSED] - setText: Text 'invoicing' is set on object 'Object Repository/Page_Callidus Cloud Commissions Man/td_Value'

2018-09-10 10:36:47 - [MESSAGE][PASSED] - Text 'invoicing' is set on object 'Object Repository/Page_Callidus Cloud Commissions Man/td_Value'

2018-09-10 10:36:47 - [TEST_STEP][PASSED] - click: Object: 'Object Repository/Page_Callidus Cloud Commissions Man/input_Apply Search' is clicked on

2018-09-10 10:36:47 - [MESSAGE][PASSED] - Object: 'Object Repository/Page_Callidus Cloud Commissions Man/input_Apply Search' is clicked on

2018-09-10 10:36:47 - [TEST_STEP][NOT_RUN] - callTestCase: NOT_RUN: callTestCase

2018-09-10 10:36:47 - [MESSAGE][NOT_RUN] - NOT_RUN: callTestCase]]></system-out>
         <system-err><![CDATA[]]></system-err>
      </testcase>
      <testcase name="Test Cases/Fixed ValueTypes exist in the system" classname="Test Cases/Fixed ValueTypes exist in the system" status="PASSED">
         <system-out><![CDATA[2018-09-10 10:36:47 - [TEST_CASE][PASSED] - Test Cases/Fixed ValueTypes exist in the system: Test Cases/Fixed ValueTypes exist in the system

2018-09-10 10:36:48 - [TEST_STEP][NOT_RUN] - callTestCase: NOT_RUN: callTestCase

2018-09-10 10:36:48 - [MESSAGE][NOT_RUN] - NOT_RUN: callTestCase

2018-09-10 10:36:48 - [TEST_STEP][PASSED] - delay: Delayed 6 second(s)

2018-09-10 10:36:54 - [MESSAGE][PASSED] - Delayed 6 second(s)

2018-09-10 10:36:54 - [TEST_STEP][PASSED] - mouseOver: Object: 'Object Repository/Page_Callidus Cloud Commissions Man/div_ADMINISTRATION' is hovered

2018-09-10 10:36:54 - [MESSAGE][PASSED] - Object: 'Object Repository/Page_Callidus Cloud Commissions Man/div_ADMINISTRATION' is hovered

2018-09-10 10:36:54 - [TEST_STEP][PASSED] - delay: Delayed 3 second(s)

2018-09-10 10:36:57 - [MESSAGE][PASSED] - Delayed 3 second(s)

2018-09-10 10:36:57 - [TEST_STEP][PASSED] - scrollToElement: Scroll to object 'Object Repository/Page_Callidus Cloud Commissions Man/a_Fixed Value Types' successfully

2018-09-10 10:36:57 - [MESSAGE][PASSED] - Scroll to object 'Object Repository/Page_Callidus Cloud Commissions Man/a_Fixed Value Types' successfully

2018-09-10 10:36:57 - [TEST_STEP][PASSED] - click: Object: 'Object Repository/Page_Callidus Cloud Commissions Man/a_Fixed Value Types' is clicked on

2018-09-10 10:36:57 - [MESSAGE][PASSED] - Object: 'Object Repository/Page_Callidus Cloud Commissions Man/a_Fixed Value Types' is clicked on

2018-09-10 10:36:57 - [TEST_STEP][PASSED] - click: Object: 'Object Repository/Page_Callidus Cloud Commissions Man/a_Advanced Search' is clicked on

2018-09-10 10:36:57 - [MESSAGE][PASSED] - Object: 'Object Repository/Page_Callidus Cloud Commissions Man/a_Advanced Search' is clicked on

2018-09-10 10:36:57 - [TEST_STEP][PASSED] - delay: Delayed 3 second(s)

2018-09-10 10:37:00 - [MESSAGE][PASSED] - Delayed 3 second(s)

2018-09-10 10:37:00 - [TEST_STEP][PASSED] - click: Object: 'Object Repository/Page_Callidus Cloud Commissions Man/td_Field Name' is clicked on

2018-09-10 10:37:01 - [MESSAGE][PASSED] - Object: 'Object Repository/Page_Callidus Cloud Commissions Man/td_Field Name' is clicked on

2018-09-10 10:37:01 - [TEST_STEP][PASSED] - delay: Delayed 2 second(s)

2018-09-10 10:37:03 - [MESSAGE][PASSED] - Delayed 2 second(s)

2018-09-10 10:37:03 - [TEST_STEP][PASSED] - scrollToElement: Scroll to object 'Object Repository/Page_Callidus Cloud Commissions Man/a_fixedValueTypeId' successfully

2018-09-10 10:37:03 - [MESSAGE][PASSED] - Scroll to object 'Object Repository/Page_Callidus Cloud Commissions Man/a_fixedValueTypeId' successfully

2018-09-10 10:37:03 - [TEST_STEP][PASSED] - delay: Delayed 2 second(s)

2018-09-10 10:37:05 - [MESSAGE][PASSED] - Delayed 2 second(s)

2018-09-10 10:37:05 - [TEST_STEP][PASSED] - click: Object: 'Object Repository/Page_Callidus Cloud Commissions Man/a_fixedValueTypeId' is clicked on

2018-09-10 10:37:05 - [MESSAGE][PASSED] - Object: 'Object Repository/Page_Callidus Cloud Commissions Man/a_fixedValueTypeId' is clicked on

2018-09-10 10:37:05 - [TEST_STEP][PASSED] - click: Object: 'Object Repository/Page_Callidus Cloud Commissions Man/td_Comparision' is clicked on

2018-09-10 10:37:05 - [MESSAGE][PASSED] - Object: 'Object Repository/Page_Callidus Cloud Commissions Man/td_Comparision' is clicked on

2018-09-10 10:37:05 - [TEST_STEP][PASSED] - scrollToElement: Scroll to object 'Object Repository/Page_Callidus Cloud Commissions Man/option_Equals' successfully

2018-09-10 10:37:05 - [MESSAGE][PASSED] - Scroll to object 'Object Repository/Page_Callidus Cloud Commissions Man/option_Equals' successfully

2018-09-10 10:37:05 - [TEST_STEP][PASSED] - delay: Delayed 2 second(s)

2018-09-10 10:37:07 - [MESSAGE][PASSED] - Delayed 2 second(s)

2018-09-10 10:37:07 - [TEST_STEP][PASSED] - click: Object: 'Object Repository/Page_Callidus Cloud Commissions Man/option_Equals' is clicked on

2018-09-10 10:37:07 - [MESSAGE][PASSED] - Object: 'Object Repository/Page_Callidus Cloud Commissions Man/option_Equals' is clicked on

2018-09-10 10:37:07 - [TEST_STEP][PASSED] - delay: Delayed 2 second(s)

2018-09-10 10:37:09 - [MESSAGE][PASSED] - Delayed 2 second(s)

2018-09-10 10:37:09 - [TEST_STEP][PASSED] - setText: Text 'Fix1' is set on object 'Object Repository/Page_Callidus Cloud Commissions Man/td_Value'

2018-09-10 10:37:09 - [MESSAGE][PASSED] - Text 'Fix1' is set on object 'Object Repository/Page_Callidus Cloud Commissions Man/td_Value'

2018-09-10 10:37:09 - [TEST_STEP][PASSED] - click: Object: 'Object Repository/Page_Callidus Cloud Commissions Man/input_Apply Search' is clicked on

2018-09-10 10:37:10 - [MESSAGE][PASSED] - Object: 'Object Repository/Page_Callidus Cloud Commissions Man/input_Apply Search' is clicked on

2018-09-10 10:37:10 - [TEST_STEP][NOT_RUN] - callTestCase: NOT_RUN: callTestCase

2018-09-10 10:37:10 - [MESSAGE][NOT_RUN] - NOT_RUN: callTestCase]]></system-out>
         <system-err><![CDATA[]]></system-err>
      </testcase>
      <testcase name="Test Cases/Fixed_Value_Variables_exist_in_the_System" classname="Test Cases/Fixed_Value_Variables_exist_in_the_System" status="FAILED">
         <failure type="FAILED" message="Unable to de-select option by index (Root cause: java.lang.IllegalArgumentException: Object is null)"/>
         <system-out><![CDATA[2018-09-10 10:37:10 - [TEST_CASE][FAILED] - Test Cases/Fixed_Value_Variables_exist_in_the_System: Test Cases/Fixed_Value_Variables_exist_in_the_System FAILED because (of) Unable to de-select option by index (Root cause: java.lang.IllegalArgumentException: Object is null)

2018-09-10 10:37:10 - [TEST_STEP][NOT_RUN] - callTestCase: NOT_RUN: callTestCase

2018-09-10 10:37:10 - [MESSAGE][NOT_RUN] - NOT_RUN: callTestCase

2018-09-10 10:37:10 - [TEST_STEP][PASSED] - mouseOver: Object: 'Object Repository/Page_Callidus Cloud Commissions Man/div_PLAN' is hovered

2018-09-10 10:37:10 - [MESSAGE][PASSED] - Object: 'Object Repository/Page_Callidus Cloud Commissions Man/div_PLAN' is hovered

2018-09-10 10:37:10 - [TEST_STEP][PASSED] - delay: Delayed 2 second(s)

2018-09-10 10:37:12 - [MESSAGE][PASSED] - Delayed 2 second(s)

2018-09-10 10:37:12 - [TEST_STEP][PASSED] - scrollToElement: Scroll to object 'Object Repository/Page_Callidus Cloud Commissions Man/a_Plan Components' successfully

2018-09-10 10:37:12 - [MESSAGE][PASSED] - Scroll to object 'Object Repository/Page_Callidus Cloud Commissions Man/a_Plan Components' successfully

2018-09-10 10:37:12 - [TEST_STEP][PASSED] - delay: Delayed 2 second(s)

2018-09-10 10:37:14 - [MESSAGE][PASSED] - Delayed 2 second(s)

2018-09-10 10:37:14 - [TEST_STEP][PASSED] - scrollToElement: Scroll to object 'Object Repository/Page_Callidus Cloud Commissions Man/a_Variables' successfully

2018-09-10 10:37:14 - [MESSAGE][PASSED] - Scroll to object 'Object Repository/Page_Callidus Cloud Commissions Man/a_Variables' successfully

2018-09-10 10:37:14 - [TEST_STEP][PASSED] - delay: Delayed 2 second(s)

2018-09-10 10:37:16 - [MESSAGE][PASSED] - Delayed 2 second(s)

2018-09-10 10:37:16 - [TEST_STEP][PASSED] - click: Object: 'Object Repository/Page_Callidus Cloud Commissions Man/a_Variables' is clicked on

2018-09-10 10:37:17 - [MESSAGE][PASSED] - Object: 'Object Repository/Page_Callidus Cloud Commissions Man/a_Variables' is clicked on

2018-09-10 10:37:17 - [TEST_STEP][PASSED] - delay: Delayed 2 second(s)

2018-09-10 10:37:19 - [MESSAGE][PASSED] - Delayed 2 second(s)

2018-09-10 10:37:19 - [TEST_STEP][PASSED] - click: Object: 'Object Repository/Page_Callidus Cloud Commissions Man/a_Advanced Search' is clicked on

2018-09-10 10:37:19 - [MESSAGE][PASSED] - Object: 'Object Repository/Page_Callidus Cloud Commissions Man/a_Advanced Search' is clicked on

2018-09-10 10:37:19 - [TEST_STEP][PASSED] - delay: Delayed 2 second(s)

2018-09-10 10:37:21 - [MESSAGE][PASSED] - Delayed 2 second(s)

2018-09-10 10:37:21 - [TEST_STEP][PASSED] - click: Object: 'Object Repository/Page_Callidus Cloud Commissions Man/td_Field Name' is clicked on

2018-09-10 10:37:21 - [MESSAGE][PASSED] - Object: 'Object Repository/Page_Callidus Cloud Commissions Man/td_Field Name' is clicked on

2018-09-10 10:37:21 - [TEST_STEP][PASSED] - delay: Delayed 2 second(s)

2018-09-10 10:37:23 - [MESSAGE][PASSED] - Delayed 2 second(s)

2018-09-10 10:37:23 - [TEST_STEP][PASSED] - scrollToElement: Scroll to object 'Object Repository/Page_Callidus Cloud Commissions Man/option_Variables' successfully

2018-09-10 10:37:23 - [MESSAGE][PASSED] - Scroll to object 'Object Repository/Page_Callidus Cloud Commissions Man/option_Variables' successfully

2018-09-10 10:37:23 - [TEST_STEP][PASSED] - delay: Delayed 2 second(s)

2018-09-10 10:37:25 - [MESSAGE][PASSED] - Delayed 2 second(s)

2018-09-10 10:37:25 - [TEST_STEP][PASSED] - click: Object: 'Object Repository/Page_Callidus Cloud Commissions Man/option_Variables' is clicked on

2018-09-10 10:37:25 - [MESSAGE][PASSED] - Object: 'Object Repository/Page_Callidus Cloud Commissions Man/option_Variables' is clicked on

2018-09-10 10:37:25 - [TEST_STEP][PASSED] - click: Object: 'Object Repository/Page_Callidus Cloud Commissions Man/td_Comparision' is clicked on

2018-09-10 10:37:25 - [MESSAGE][PASSED] - Object: 'Object Repository/Page_Callidus Cloud Commissions Man/td_Comparision' is clicked on

2018-09-10 10:37:25 - [TEST_STEP][PASSED] - delay: Delayed 2 second(s)

2018-09-10 10:37:27 - [MESSAGE][PASSED] - Delayed 2 second(s)

2018-09-10 10:37:27 - [TEST_STEP][FAILED] - deselectOptionByIndex: Unable to de-select option by index (Root cause: java.lang.IllegalArgumentException: Object is null)

2018-09-10 10:37:27 - [MESSAGE][WARNING] - Test object id is null

2018-09-10 10:37:27 - [MESSAGE][WARNING] - Test object with id 'Object Repository/' does not exist

2018-09-10 10:37:28 - [MESSAGE][FAILED] - Unable to de-select option by index (Root cause: java.lang.IllegalArgumentException: Object is null)
[[ATTACHMENT|C:\\Users\\kikosana\\Downloads\\UAT_Commission-master (2)\\UAT_Commission-master\\Reports\\TestDemo\\20180910_103417\\1536601047830.png]]]]></system-out>
         <system-err><![CDATA[2018-09-10 10:37:10 - [TEST_CASE][FAILED] - Test Cases/Fixed_Value_Variables_exist_in_the_System: Test Cases/Fixed_Value_Variables_exist_in_the_System FAILED because (of) Unable to de-select option by index (Root cause: java.lang.IllegalArgumentException: Object is null)]]></system-err>
      </testcase>
      <testcase name="Test Cases/Incentive Rule exists in the system" classname="Test Cases/Incentive Rule exists in the system" status="PASSED">
         <system-out><![CDATA[2018-09-10 10:37:28 - [TEST_CASE][PASSED] - Test Cases/Incentive Rule exists in the system: Test Cases/Incentive Rule exists in the system

2018-09-10 10:37:28 - [TEST_STEP][NOT_RUN] - callTestCase: NOT_RUN: callTestCase

2018-09-10 10:37:28 - [MESSAGE][NOT_RUN] - NOT_RUN: callTestCase

2018-09-10 10:37:28 - [TEST_STEP][PASSED] - delay: Delayed 5 second(s)

2018-09-10 10:37:33 - [MESSAGE][PASSED] - Delayed 5 second(s)

2018-09-10 10:37:33 - [TEST_STEP][PASSED] - mouseOver: Object: 'Object Repository/Page_Plan Tab/a_Plan' is hovered

2018-09-10 10:37:33 - [MESSAGE][PASSED] - Object: 'Object Repository/Page_Plan Tab/a_Plan' is hovered

2018-09-10 10:37:33 - [TEST_STEP][PASSED] - delay: Delayed 3 second(s)

2018-09-10 10:37:36 - [MESSAGE][PASSED] - Delayed 3 second(s)

2018-09-10 10:37:36 - [TEST_STEP][PASSED] - scrollToElement: Scroll to object 'Object Repository/Page_Plan Tab/a_Rules' successfully

2018-09-10 10:37:36 - [MESSAGE][PASSED] - Scroll to object 'Object Repository/Page_Plan Tab/a_Rules' successfully

2018-09-10 10:37:36 - [TEST_STEP][PASSED] - delay: Delayed 2 second(s)

2018-09-10 10:37:38 - [MESSAGE][PASSED] - Delayed 2 second(s)

2018-09-10 10:37:38 - [TEST_STEP][PASSED] - click: Object: 'Object Repository/Page_Plan Tab/a_Rules' is clicked on

2018-09-10 10:37:39 - [MESSAGE][PASSED] - Object: 'Object Repository/Page_Plan Tab/a_Rules' is clicked on

2018-09-10 10:37:39 - [TEST_STEP][PASSED] - delay: Delayed 2 second(s)

2018-09-10 10:37:41 - [MESSAGE][PASSED] - Delayed 2 second(s)

2018-09-10 10:37:41 - [TEST_STEP][PASSED] - click: Object: 'Object Repository/Page_Callidus Cloud Commissions Man/a_Advanced Search' is clicked on

2018-09-10 10:37:41 - [MESSAGE][PASSED] - Object: 'Object Repository/Page_Callidus Cloud Commissions Man/a_Advanced Search' is clicked on

2018-09-10 10:37:41 - [TEST_STEP][PASSED] - delay: Delayed 3 second(s)

2018-09-10 10:37:44 - [MESSAGE][PASSED] - Delayed 3 second(s)

2018-09-10 10:37:44 - [TEST_STEP][PASSED] - click: Object: 'Object Repository/Page_Callidus Cloud Commissions Man/td_Field Name' is clicked on

2018-09-10 10:37:44 - [MESSAGE][PASSED] - Object: 'Object Repository/Page_Callidus Cloud Commissions Man/td_Field Name' is clicked on

2018-09-10 10:37:44 - [TEST_STEP][PASSED] - delay: Delayed 2 second(s)

2018-09-10 10:37:46 - [MESSAGE][PASSED] - Delayed 2 second(s)

2018-09-10 10:37:46 - [TEST_STEP][PASSED] - scrollToElement: Scroll to object 'Object Repository/Page_Plan Tab/a_Field_name' successfully

2018-09-10 10:37:46 - [MESSAGE][PASSED] - Scroll to object 'Object Repository/Page_Plan Tab/a_Field_name' successfully

2018-09-10 10:37:46 - [TEST_STEP][PASSED] - click: Object: 'Object Repository/Page_Plan Tab/a_Field_name' is clicked on

2018-09-10 10:37:47 - [MESSAGE][PASSED] - Object: 'Object Repository/Page_Plan Tab/a_Field_name' is clicked on

2018-09-10 10:37:47 - [TEST_STEP][PASSED] - click: Object: 'Object Repository/Page_Callidus Cloud Commissions Man/td_Comparision' is clicked on

2018-09-10 10:37:47 - [MESSAGE][PASSED] - Object: 'Object Repository/Page_Callidus Cloud Commissions Man/td_Comparision' is clicked on

2018-09-10 10:37:47 - [TEST_STEP][PASSED] - delay: Delayed 2 second(s)

2018-09-10 10:37:49 - [MESSAGE][PASSED] - Delayed 2 second(s)

2018-09-10 10:37:49 - [TEST_STEP][PASSED] - scrollToElement: Scroll to object 'Object Repository/Page_Callidus Cloud Commissions Man/option_Equals' successfully

2018-09-10 10:37:49 - [MESSAGE][PASSED] - Scroll to object 'Object Repository/Page_Callidus Cloud Commissions Man/option_Equals' successfully

2018-09-10 10:37:49 - [TEST_STEP][PASSED] - click: Object: 'Object Repository/Page_Callidus Cloud Commissions Man/option_Equals' is clicked on

2018-09-10 10:37:49 - [MESSAGE][PASSED] - Object: 'Object Repository/Page_Callidus Cloud Commissions Man/option_Equals' is clicked on

2018-09-10 10:37:49 - [TEST_STEP][PASSED] - delay: Delayed 2 second(s)

2018-09-10 10:37:51 - [MESSAGE][PASSED] - Delayed 2 second(s)

2018-09-10 10:37:51 - [TEST_STEP][PASSED] - setText: Text 'IR Base Commissions Flat Rate Quota Based MTD' is set on object 'Object Repository/Page_Callidus Cloud Commissions Man/td_Value'

2018-09-10 10:37:52 - [MESSAGE][PASSED] - Text 'IR Base Commissions Flat Rate Quota Based MTD' is set on object 'Object Repository/Page_Callidus Cloud Commissions Man/td_Value'

2018-09-10 10:37:52 - [TEST_STEP][PASSED] - click: Object: 'Object Repository/Page_Callidus Cloud Commissions Man/input_Apply Search' is clicked on

2018-09-10 10:37:52 - [MESSAGE][PASSED] - Object: 'Object Repository/Page_Callidus Cloud Commissions Man/input_Apply Search' is clicked on

2018-09-10 10:37:52 - [TEST_STEP][NOT_RUN] - callTestCase: NOT_RUN: callTestCase

2018-09-10 10:37:52 - [MESSAGE][NOT_RUN] - NOT_RUN: callTestCase]]></system-out>
         <system-err><![CDATA[]]></system-err>
      </testcase>
      <testcase name="Test Cases/Lookup_Table_Varaibles_exist_in_the_system" classname="Test Cases/Lookup_Table_Varaibles_exist_in_the_system" status="PASSED">
         <system-out><![CDATA[2018-09-10 10:37:52 - [TEST_CASE][PASSED] - Test Cases/Lookup_Table_Varaibles_exist_in_the_system: Test Cases/Lookup_Table_Varaibles_exist_in_the_system

2018-09-10 10:37:52 - [TEST_STEP][NOT_RUN] - callTestCase: NOT_RUN: callTestCase

2018-09-10 10:37:52 - [MESSAGE][NOT_RUN] - NOT_RUN: callTestCase

2018-09-10 10:37:52 - [TEST_STEP][PASSED] - mouseOver: Object: 'Object Repository/Page_Callidus Cloud Commissions Man/div_PLAN' is hovered

2018-09-10 10:37:52 - [MESSAGE][PASSED] - Object: 'Object Repository/Page_Callidus Cloud Commissions Man/div_PLAN' is hovered

2018-09-10 10:37:52 - [TEST_STEP][PASSED] - delay: Delayed 2 second(s)

2018-09-10 10:37:54 - [MESSAGE][PASSED] - Delayed 2 second(s)

2018-09-10 10:37:54 - [TEST_STEP][PASSED] - scrollToElement: Scroll to object 'Object Repository/Page_Callidus Cloud Commissions Man/a_Plan Components' successfully

2018-09-10 10:37:55 - [MESSAGE][PASSED] - Scroll to object 'Object Repository/Page_Callidus Cloud Commissions Man/a_Plan Components' successfully

2018-09-10 10:37:55 - [TEST_STEP][PASSED] - delay: Delayed 2 second(s)

2018-09-10 10:37:57 - [MESSAGE][PASSED] - Delayed 2 second(s)

2018-09-10 10:37:57 - [TEST_STEP][PASSED] - scrollToElement: Scroll to object 'Object Repository/Page_Callidus Cloud Commissions Man/a_Variables' successfully

2018-09-10 10:37:57 - [MESSAGE][PASSED] - Scroll to object 'Object Repository/Page_Callidus Cloud Commissions Man/a_Variables' successfully

2018-09-10 10:37:57 - [TEST_STEP][PASSED] - delay: Delayed 2 second(s)

2018-09-10 10:37:59 - [MESSAGE][PASSED] - Delayed 2 second(s)

2018-09-10 10:37:59 - [TEST_STEP][PASSED] - click: Object: 'Object Repository/Page_Callidus Cloud Commissions Man/a_Variables' is clicked on

2018-09-10 10:37:59 - [MESSAGE][PASSED] - Object: 'Object Repository/Page_Callidus Cloud Commissions Man/a_Variables' is clicked on

2018-09-10 10:37:59 - [TEST_STEP][PASSED] - delay: Delayed 2 second(s)

2018-09-10 10:38:01 - [MESSAGE][PASSED] - Delayed 2 second(s)

2018-09-10 10:38:01 - [TEST_STEP][PASSED] - click: Object: 'Object Repository/Page_Callidus Cloud Commissions Man/a_Advanced Search' is clicked on

2018-09-10 10:38:01 - [MESSAGE][PASSED] - Object: 'Object Repository/Page_Callidus Cloud Commissions Man/a_Advanced Search' is clicked on

2018-09-10 10:38:01 - [TEST_STEP][PASSED] - click: Object: 'Object Repository/Page_Callidus Cloud Commissions Man/td_Field Name' is clicked on

2018-09-10 10:38:02 - [MESSAGE][PASSED] - Object: 'Object Repository/Page_Callidus Cloud Commissions Man/td_Field Name' is clicked on

2018-09-10 10:38:02 - [TEST_STEP][PASSED] - delay: Delayed 2 second(s)

2018-09-10 10:38:04 - [MESSAGE][PASSED] - Delayed 2 second(s)

2018-09-10 10:38:04 - [TEST_STEP][PASSED] - scrollToElement: Scroll to object 'Object Repository/Page_Callidus Cloud Commissions Man/option_Variables' successfully

2018-09-10 10:38:04 - [MESSAGE][PASSED] - Scroll to object 'Object Repository/Page_Callidus Cloud Commissions Man/option_Variables' successfully

2018-09-10 10:38:04 - [TEST_STEP][PASSED] - delay: Delayed 2 second(s)

2018-09-10 10:38:06 - [MESSAGE][PASSED] - Delayed 2 second(s)

2018-09-10 10:38:06 - [TEST_STEP][PASSED] - click: Object: 'Object Repository/Page_Callidus Cloud Commissions Man/option_Variables' is clicked on

2018-09-10 10:38:06 - [MESSAGE][PASSED] - Object: 'Object Repository/Page_Callidus Cloud Commissions Man/option_Variables' is clicked on

2018-09-10 10:38:06 - [TEST_STEP][PASSED] - click: Object: 'Object Repository/Page_Callidus Cloud Commissions Man/td_Comparision' is clicked on

2018-09-10 10:38:06 - [MESSAGE][PASSED] - Object: 'Object Repository/Page_Callidus Cloud Commissions Man/td_Comparision' is clicked on

2018-09-10 10:38:06 - [TEST_STEP][PASSED] - delay: Delayed 2 second(s)

2018-09-10 10:38:08 - [MESSAGE][PASSED] - Delayed 2 second(s)

2018-09-10 10:38:08 - [TEST_STEP][PASSED] - scrollToElement: Scroll to object 'Object Repository/Page_Callidus Cloud Commissions Man/option_Equals' successfully

2018-09-10 10:38:08 - [MESSAGE][PASSED] - Scroll to object 'Object Repository/Page_Callidus Cloud Commissions Man/option_Equals' successfully

2018-09-10 10:38:08 - [TEST_STEP][PASSED] - delay: Delayed 2 second(s)

2018-09-10 10:38:10 - [MESSAGE][PASSED] - Delayed 2 second(s)

2018-09-10 10:38:10 - [TEST_STEP][PASSED] - click: Object: 'Object Repository/Page_Callidus Cloud Commissions Man/option_Equals' is clicked on

2018-09-10 10:38:10 - [MESSAGE][PASSED] - Object: 'Object Repository/Page_Callidus Cloud Commissions Man/option_Equals' is clicked on

2018-09-10 10:38:10 - [TEST_STEP][PASSED] - delay: Delayed 2 second(s)

2018-09-10 10:38:12 - [MESSAGE][PASSED] - Delayed 2 second(s)

2018-09-10 10:38:12 - [TEST_STEP][PASSED] - setText: Text 'Var_LT_Demo4' is set on object 'Object Repository/Page_Callidus Cloud Commissions Man/td_Value'

2018-09-10 10:38:13 - [MESSAGE][PASSED] - Text 'Var_LT_Demo4' is set on object 'Object Repository/Page_Callidus Cloud Commissions Man/td_Value'

2018-09-10 10:38:13 - [TEST_STEP][PASSED] - click: Object: 'Object Repository/Page_Callidus Cloud Commissions Man/input_Apply Search' is clicked on

2018-09-10 10:38:13 - [MESSAGE][PASSED] - Object: 'Object Repository/Page_Callidus Cloud Commissions Man/input_Apply Search' is clicked on

2018-09-10 10:38:13 - [TEST_STEP][PASSED] - delay: Delayed 5 second(s)

2018-09-10 10:38:18 - [MESSAGE][PASSED] - Delayed 5 second(s)

2018-09-10 10:38:18 - [TEST_STEP][NOT_RUN] - callTestCase: NOT_RUN: callTestCase

2018-09-10 10:38:18 - [MESSAGE][NOT_RUN] - NOT_RUN: callTestCase]]></system-out>
         <system-err><![CDATA[]]></system-err>
      </testcase>
      <testcase name="Test Cases/Measurement Rule exists in the system" classname="Test Cases/Measurement Rule exists in the system" status="PASSED">
         <system-out><![CDATA[2018-09-10 10:38:18 - [TEST_CASE][PASSED] - Test Cases/Measurement Rule exists in the system: Test Cases/Measurement Rule exists in the system

2018-09-10 10:38:18 - [TEST_STEP][NOT_RUN] - callTestCase: NOT_RUN: callTestCase

2018-09-10 10:38:18 - [MESSAGE][NOT_RUN] - NOT_RUN: callTestCase

2018-09-10 10:38:18 - [TEST_STEP][PASSED] - delay: Delayed 5 second(s)

2018-09-10 10:38:23 - [MESSAGE][PASSED] - Delayed 5 second(s)

2018-09-10 10:38:23 - [TEST_STEP][PASSED] - mouseOver: Object: 'Object Repository/Page_Plan Tab/a_Plan' is hovered

2018-09-10 10:38:23 - [MESSAGE][PASSED] - Object: 'Object Repository/Page_Plan Tab/a_Plan' is hovered

2018-09-10 10:38:23 - [TEST_STEP][PASSED] - delay: Delayed 3 second(s)

2018-09-10 10:38:26 - [MESSAGE][PASSED] - Delayed 3 second(s)

2018-09-10 10:38:26 - [TEST_STEP][PASSED] - scrollToElement: Scroll to object 'Object Repository/Page_Plan Tab/a_Rules' successfully

2018-09-10 10:38:26 - [MESSAGE][PASSED] - Scroll to object 'Object Repository/Page_Plan Tab/a_Rules' successfully

2018-09-10 10:38:26 - [TEST_STEP][PASSED] - delay: Delayed 2 second(s)

2018-09-10 10:38:28 - [MESSAGE][PASSED] - Delayed 2 second(s)

2018-09-10 10:38:28 - [TEST_STEP][PASSED] - click: Object: 'Object Repository/Page_Plan Tab/a_Rules' is clicked on

2018-09-10 10:38:29 - [MESSAGE][PASSED] - Object: 'Object Repository/Page_Plan Tab/a_Rules' is clicked on

2018-09-10 10:38:29 - [TEST_STEP][PASSED] - delay: Delayed 2 second(s)

2018-09-10 10:38:31 - [MESSAGE][PASSED] - Delayed 2 second(s)

2018-09-10 10:38:31 - [TEST_STEP][PASSED] - click: Object: 'Object Repository/Page_Callidus Cloud Commissions Man/a_Advanced Search' is clicked on

2018-09-10 10:38:31 - [MESSAGE][PASSED] - Object: 'Object Repository/Page_Callidus Cloud Commissions Man/a_Advanced Search' is clicked on

2018-09-10 10:38:31 - [TEST_STEP][PASSED] - delay: Delayed 2 second(s)

2018-09-10 10:38:33 - [MESSAGE][PASSED] - Delayed 2 second(s)

2018-09-10 10:38:33 - [TEST_STEP][PASSED] - click: Object: 'Object Repository/Page_Callidus Cloud Commissions Man/td_Field Name' is clicked on

2018-09-10 10:38:33 - [MESSAGE][PASSED] - Object: 'Object Repository/Page_Callidus Cloud Commissions Man/td_Field Name' is clicked on

2018-09-10 10:38:33 - [TEST_STEP][PASSED] - delay: Delayed 2 second(s)

2018-09-10 10:38:35 - [MESSAGE][PASSED] - Delayed 2 second(s)

2018-09-10 10:38:35 - [TEST_STEP][PASSED] - scrollToElement: Scroll to object 'Object Repository/Page_Plan Tab/a_Field_name' successfully

2018-09-10 10:38:36 - [MESSAGE][PASSED] - Scroll to object 'Object Repository/Page_Plan Tab/a_Field_name' successfully

2018-09-10 10:38:36 - [TEST_STEP][PASSED] - delay: Delayed 2 second(s)

2018-09-10 10:38:38 - [MESSAGE][PASSED] - Delayed 2 second(s)

2018-09-10 10:38:38 - [TEST_STEP][PASSED] - click: Object: 'Object Repository/Page_Plan Tab/a_Field_name' is clicked on

2018-09-10 10:38:38 - [MESSAGE][PASSED] - Object: 'Object Repository/Page_Plan Tab/a_Field_name' is clicked on

2018-09-10 10:38:38 - [TEST_STEP][PASSED] - click: Object: 'Object Repository/Page_Callidus Cloud Commissions Man/td_Comparision' is clicked on

2018-09-10 10:38:38 - [MESSAGE][PASSED] - Object: 'Object Repository/Page_Callidus Cloud Commissions Man/td_Comparision' is clicked on

2018-09-10 10:38:38 - [TEST_STEP][PASSED] - delay: Delayed 2 second(s)

2018-09-10 10:38:40 - [MESSAGE][PASSED] - Delayed 2 second(s)

2018-09-10 10:38:40 - [TEST_STEP][PASSED] - scrollToElement: Scroll to object 'Object Repository/Page_Callidus Cloud Commissions Man/option_Equals' successfully

2018-09-10 10:38:40 - [MESSAGE][PASSED] - Scroll to object 'Object Repository/Page_Callidus Cloud Commissions Man/option_Equals' successfully

2018-09-10 10:38:40 - [TEST_STEP][PASSED] - delay: Delayed 2 second(s)

2018-09-10 10:38:42 - [MESSAGE][PASSED] - Delayed 2 second(s)

2018-09-10 10:38:42 - [TEST_STEP][PASSED] - click: Object: 'Object Repository/Page_Callidus Cloud Commissions Man/option_Equals' is clicked on

2018-09-10 10:38:42 - [MESSAGE][PASSED] - Object: 'Object Repository/Page_Callidus Cloud Commissions Man/option_Equals' is clicked on

2018-09-10 10:38:42 - [TEST_STEP][PASSED] - delay: Delayed 2 second(s)

2018-09-10 10:38:44 - [MESSAGE][PASSED] - Delayed 2 second(s)

2018-09-10 10:38:44 - [TEST_STEP][PASSED] - setText: Text 'MR Testrule' is set on object 'Object Repository/Page_Callidus Cloud Commissions Man/td_Value'

2018-09-10 10:38:44 - [MESSAGE][PASSED] - Text 'MR Testrule' is set on object 'Object Repository/Page_Callidus Cloud Commissions Man/td_Value'

2018-09-10 10:38:44 - [TEST_STEP][PASSED] - delay: Delayed 2 second(s)

2018-09-10 10:38:46 - [MESSAGE][PASSED] - Delayed 2 second(s)

2018-09-10 10:38:46 - [TEST_STEP][PASSED] - click: Object: 'Object Repository/Page_Callidus Cloud Commissions Man/input_Apply Search' is clicked on

2018-09-10 10:38:46 - [MESSAGE][PASSED] - Object: 'Object Repository/Page_Callidus Cloud Commissions Man/input_Apply Search' is clicked on

2018-09-10 10:38:46 - [TEST_STEP][NOT_RUN] - acceptAlert: NOT_RUN: acceptAlert

2018-09-10 10:38:46 - [MESSAGE][NOT_RUN] - NOT_RUN: acceptAlert

2018-09-10 10:38:46 - [TEST_STEP][NOT_RUN] - callTestCase: NOT_RUN: callTestCase

2018-09-10 10:38:46 - [MESSAGE][NOT_RUN] - NOT_RUN: callTestCase]]></system-out>
         <system-err><![CDATA[]]></system-err>
      </testcase>
      <testcase name="Test Cases/Plan Components exist in the system" classname="Test Cases/Plan Components exist in the system" status="PASSED">
         <system-out><![CDATA[2018-09-10 10:38:46 - [TEST_CASE][PASSED] - Test Cases/Plan Components exist in the system: Test Cases/Plan Components exist in the system

2018-09-10 10:38:47 - [TEST_STEP][NOT_RUN] - callTestCase: NOT_RUN: callTestCase

2018-09-10 10:38:47 - [MESSAGE][NOT_RUN] - NOT_RUN: callTestCase

2018-09-10 10:38:47 - [TEST_STEP][PASSED] - mouseOver: Object: 'Object Repository/Page_Callidus Cloud Commissions Man/div_PLAN' is hovered

2018-09-10 10:38:47 - [MESSAGE][PASSED] - Object: 'Object Repository/Page_Callidus Cloud Commissions Man/div_PLAN' is hovered

2018-09-10 10:38:47 - [TEST_STEP][PASSED] - delay: Delayed 2 second(s)

2018-09-10 10:38:49 - [MESSAGE][PASSED] - Delayed 2 second(s)

2018-09-10 10:38:49 - [TEST_STEP][PASSED] - scrollToElement: Scroll to object 'Object Repository/Page_Callidus Cloud Commissions Man/a_Plan Components' successfully

2018-09-10 10:38:49 - [MESSAGE][PASSED] - Scroll to object 'Object Repository/Page_Callidus Cloud Commissions Man/a_Plan Components' successfully

2018-09-10 10:38:49 - [TEST_STEP][PASSED] - delay: Delayed 2 second(s)

2018-09-10 10:38:51 - [MESSAGE][PASSED] - Delayed 2 second(s)

2018-09-10 10:38:51 - [TEST_STEP][PASSED] - click: Object: 'Object Repository/Page_Callidus Cloud Commissions Man/a_Plan Components' is clicked on

2018-09-10 10:38:52 - [MESSAGE][PASSED] - Object: 'Object Repository/Page_Callidus Cloud Commissions Man/a_Plan Components' is clicked on

2018-09-10 10:38:52 - [TEST_STEP][PASSED] - click: Object: 'Object Repository/Page_Callidus Cloud Commissions Man/a_Advanced Search' is clicked on

2018-09-10 10:38:53 - [MESSAGE][PASSED] - Object: 'Object Repository/Page_Callidus Cloud Commissions Man/a_Advanced Search' is clicked on

2018-09-10 10:38:53 - [TEST_STEP][PASSED] - click: Object: 'Object Repository/Page_Callidus Cloud Commissions Man/td_Field Name' is clicked on

2018-09-10 10:38:54 - [MESSAGE][PASSED] - Object: 'Object Repository/Page_Callidus Cloud Commissions Man/td_Field Name' is clicked on

2018-09-10 10:38:54 - [TEST_STEP][PASSED] - delay: Delayed 2 second(s)

2018-09-10 10:38:56 - [MESSAGE][PASSED] - Delayed 2 second(s)

2018-09-10 10:38:56 - [TEST_STEP][PASSED] - scrollToElement: Scroll to object 'Object Repository/Page_Callidus Cloud Commissions Man/option_Plan Components' successfully

2018-09-10 10:38:56 - [MESSAGE][PASSED] - Scroll to object 'Object Repository/Page_Callidus Cloud Commissions Man/option_Plan Components' successfully

2018-09-10 10:38:56 - [TEST_STEP][PASSED] - delay: Delayed 2 second(s)

2018-09-10 10:38:58 - [MESSAGE][PASSED] - Delayed 2 second(s)

2018-09-10 10:38:58 - [TEST_STEP][PASSED] - click: Object: 'Object Repository/Page_Callidus Cloud Commissions Man/option_Plan Components' is clicked on

2018-09-10 10:38:58 - [MESSAGE][PASSED] - Object: 'Object Repository/Page_Callidus Cloud Commissions Man/option_Plan Components' is clicked on

2018-09-10 10:38:58 - [TEST_STEP][PASSED] - click: Object: 'Object Repository/Page_Callidus Cloud Commissions Man/td_Comparision' is clicked on

2018-09-10 10:38:58 - [MESSAGE][PASSED] - Object: 'Object Repository/Page_Callidus Cloud Commissions Man/td_Comparision' is clicked on

2018-09-10 10:38:58 - [TEST_STEP][PASSED] - scrollToElement: Scroll to object 'Object Repository/Page_Callidus Cloud Commissions Man/option_Equals' successfully

2018-09-10 10:38:58 - [MESSAGE][PASSED] - Scroll to object 'Object Repository/Page_Callidus Cloud Commissions Man/option_Equals' successfully

2018-09-10 10:38:58 - [TEST_STEP][PASSED] - delay: Delayed 2 second(s)

2018-09-10 10:39:00 - [MESSAGE][PASSED] - Delayed 2 second(s)

2018-09-10 10:39:00 - [TEST_STEP][PASSED] - click: Object: 'Object Repository/Page_Callidus Cloud Commissions Man/option_Equals' is clicked on

2018-09-10 10:39:00 - [MESSAGE][PASSED] - Object: 'Object Repository/Page_Callidus Cloud Commissions Man/option_Equals' is clicked on

2018-09-10 10:39:00 - [TEST_STEP][PASSED] - delay: Delayed 2 second(s)

2018-09-10 10:39:02 - [MESSAGE][PASSED] - Delayed 2 second(s)

2018-09-10 10:39:02 - [TEST_STEP][PASSED] - setText: Text 'Aggregated Revenue against Territory based on Flat Rate' is set on object 'Object Repository/Page_Callidus Cloud Commissions Man/td_Value'

2018-09-10 10:39:03 - [MESSAGE][PASSED] - Text 'Aggregated Revenue against Territory based on Flat Rate' is set on object 'Object Repository/Page_Callidus Cloud Commissions Man/td_Value'

2018-09-10 10:39:03 - [TEST_STEP][PASSED] - click: Object: 'Object Repository/Page_Callidus Cloud Commissions Man/input_Apply Search' is clicked on

2018-09-10 10:39:03 - [MESSAGE][PASSED] - Object: 'Object Repository/Page_Callidus Cloud Commissions Man/input_Apply Search' is clicked on

2018-09-10 10:39:03 - [TEST_STEP][NOT_RUN] - callTestCase: NOT_RUN: callTestCase

2018-09-10 10:39:03 - [MESSAGE][NOT_RUN] - NOT_RUN: callTestCase]]></system-out>
         <system-err><![CDATA[]]></system-err>
      </testcase>
      <testcase name="Test Cases/Plans exist in the system" classname="Test Cases/Plans exist in the system" status="PASSED">
         <system-out><![CDATA[2018-09-10 10:39:03 - [TEST_CASE][PASSED] - Test Cases/Plans exist in the system: Test Cases/Plans exist in the system

2018-09-10 10:39:04 - [TEST_STEP][NOT_RUN] - callTestCase: NOT_RUN: callTestCase

2018-09-10 10:39:04 - [MESSAGE][NOT_RUN] - NOT_RUN: callTestCase

2018-09-10 10:39:04 - [TEST_STEP][PASSED] - mouseOver: Object: 'Object Repository/Page_Callidus Cloud Commissions Man/div_PLAN' is hovered

2018-09-10 10:39:04 - [MESSAGE][PASSED] - Object: 'Object Repository/Page_Callidus Cloud Commissions Man/div_PLAN' is hovered

2018-09-10 10:39:04 - [TEST_STEP][PASSED] - delay: Delayed 5 second(s)

2018-09-10 10:39:09 - [MESSAGE][PASSED] - Delayed 5 second(s)

2018-09-10 10:39:09 - [TEST_STEP][PASSED] - scrollToElement: Scroll to object 'Object Repository/Page_Callidus Cloud Commissions Man/a_Plans' successfully

2018-09-10 10:39:09 - [MESSAGE][PASSED] - Scroll to object 'Object Repository/Page_Callidus Cloud Commissions Man/a_Plans' successfully

2018-09-10 10:39:09 - [TEST_STEP][PASSED] - click: Object: 'Object Repository/Page_Callidus Cloud Commissions Man/a_Plans' is clicked on

2018-09-10 10:39:10 - [MESSAGE][PASSED] - Object: 'Object Repository/Page_Callidus Cloud Commissions Man/a_Plans' is clicked on

2018-09-10 10:39:10 - [TEST_STEP][PASSED] - click: Object: 'Object Repository/Page_Callidus Cloud Commissions Man/a_Advanced Search' is clicked on

2018-09-10 10:39:10 - [MESSAGE][PASSED] - Object: 'Object Repository/Page_Callidus Cloud Commissions Man/a_Advanced Search' is clicked on

2018-09-10 10:39:10 - [TEST_STEP][PASSED] - click: Object: 'Object Repository/Page_Callidus Cloud Commissions Man/td_Field Name' is clicked on

2018-09-10 10:39:11 - [MESSAGE][PASSED] - Object: 'Object Repository/Page_Callidus Cloud Commissions Man/td_Field Name' is clicked on

2018-09-10 10:39:11 - [TEST_STEP][PASSED] - scrollToElement: Scroll to object 'Object Repository/Page_Callidus Cloud Commissions Man/option_Plans' successfully

2018-09-10 10:39:11 - [MESSAGE][PASSED] - Scroll to object 'Object Repository/Page_Callidus Cloud Commissions Man/option_Plans' successfully

2018-09-10 10:39:11 - [TEST_STEP][PASSED] - delay: Delayed 2 second(s)

2018-09-10 10:39:13 - [MESSAGE][PASSED] - Delayed 2 second(s)

2018-09-10 10:39:13 - [TEST_STEP][PASSED] - click: Object: 'Object Repository/Page_Callidus Cloud Commissions Man/option_Plans' is clicked on

2018-09-10 10:39:13 - [MESSAGE][PASSED] - Object: 'Object Repository/Page_Callidus Cloud Commissions Man/option_Plans' is clicked on

2018-09-10 10:39:13 - [TEST_STEP][PASSED] - click: Object: 'Object Repository/Page_Callidus Cloud Commissions Man/td_Comparision' is clicked on

2018-09-10 10:39:13 - [MESSAGE][PASSED] - Object: 'Object Repository/Page_Callidus Cloud Commissions Man/td_Comparision' is clicked on

2018-09-10 10:39:13 - [TEST_STEP][PASSED] - scrollToElement: Scroll to object 'Object Repository/Page_Callidus Cloud Commissions Man/option_Equals' successfully

2018-09-10 10:39:13 - [MESSAGE][PASSED] - Scroll to object 'Object Repository/Page_Callidus Cloud Commissions Man/option_Equals' successfully

2018-09-10 10:39:13 - [TEST_STEP][PASSED] - delay: Delayed 2 second(s)

2018-09-10 10:39:15 - [MESSAGE][PASSED] - Delayed 2 second(s)

2018-09-10 10:39:15 - [TEST_STEP][PASSED] - click: Object: 'Object Repository/Page_Callidus Cloud Commissions Man/option_Equals' is clicked on

2018-09-10 10:39:15 - [MESSAGE][PASSED] - Object: 'Object Repository/Page_Callidus Cloud Commissions Man/option_Equals' is clicked on

2018-09-10 10:39:15 - [TEST_STEP][PASSED] - delay: Delayed 2 second(s)

2018-09-10 10:39:17 - [MESSAGE][PASSED] - Delayed 2 second(s)

2018-09-10 10:39:17 - [TEST_STEP][PASSED] - setText: Text 'compensation plan' is set on object 'Object Repository/Page_Callidus Cloud Commissions Man/td_Value'

2018-09-10 10:39:18 - [MESSAGE][PASSED] - Text 'compensation plan' is set on object 'Object Repository/Page_Callidus Cloud Commissions Man/td_Value'

2018-09-10 10:39:18 - [TEST_STEP][PASSED] - click: Object: 'Object Repository/Page_Callidus Cloud Commissions Man/input_Apply Search' is clicked on

2018-09-10 10:39:18 - [MESSAGE][PASSED] - Object: 'Object Repository/Page_Callidus Cloud Commissions Man/input_Apply Search' is clicked on

2018-09-10 10:39:18 - [TEST_STEP][NOT_RUN] - callTestCase: NOT_RUN: callTestCase

2018-09-10 10:39:18 - [MESSAGE][NOT_RUN] - NOT_RUN: callTestCase]]></system-out>
         <system-err><![CDATA[]]></system-err>
      </testcase>
      <testcase name="Test Cases/Position Groups exist in the system" classname="Test Cases/Position Groups exist in the system" status="FAILED">
         <failure type="FAILED" message="Unable to click on object 'Object Repository/Page_Callidus Cloud Commissions Man/td_Field Name' (Root cause: com.kms.katalon.core.webui.exception.WebElementNotFoundException: Web element with id: 'Object Repository/Page_Callidus Cloud Commissions Man/td_Field Name' located by 'By.xpath: //tr[@class='ember-view']/td[@style='width: auto;']/select[@class='ember-view ember-select']' not found)"/>
         <system-out><![CDATA[2018-09-10 10:39:18 - [TEST_CASE][FAILED] - Test Cases/Position Groups exist in the system: Test Cases/Position Groups exist in the system FAILED because (of) Unable to click on object 'Object Repository/Page_Callidus Cloud Commissions Man/td_Field Name' (Root cause: com.kms.katalon.core.webui.exception.WebElementNotFoundException: Web element with id: 'Object Repository/Page_Callidus Cloud Commissions Man/td_Field Name' located by 'By.xpath: //tr[@class='ember-view']/td[@style='width: auto;']/select[@class='ember-view ember-select']' not found)

2018-09-10 10:39:18 - [TEST_STEP][NOT_RUN] - callTestCase: NOT_RUN: callTestCase

2018-09-10 10:39:18 - [MESSAGE][NOT_RUN] - NOT_RUN: callTestCase

2018-09-10 10:39:18 - [TEST_STEP][PASSED] - mouseOver: Object: 'Object Repository/Page_Callidus Cloud Commissions Man/div_ADMINISTRATION' is hovered

2018-09-10 10:39:18 - [MESSAGE][PASSED] - Object: 'Object Repository/Page_Callidus Cloud Commissions Man/div_ADMINISTRATION' is hovered

2018-09-10 10:39:18 - [TEST_STEP][PASSED] - delay: Delayed 2 second(s)

2018-09-10 10:39:20 - [MESSAGE][PASSED] - Delayed 2 second(s)

2018-09-10 10:39:20 - [TEST_STEP][PASSED] - scrollToElement: Scroll to object 'Object Repository/Page_Callidus Cloud Commissions Man/a_Position Groups' successfully

2018-09-10 10:39:20 - [MESSAGE][PASSED] - Scroll to object 'Object Repository/Page_Callidus Cloud Commissions Man/a_Position Groups' successfully

2018-09-10 10:39:20 - [TEST_STEP][PASSED] - delay: Delayed 2 second(s)

2018-09-10 10:39:22 - [MESSAGE][PASSED] - Delayed 2 second(s)

2018-09-10 10:39:22 - [TEST_STEP][PASSED] - click: Object: 'Object Repository/Page_Callidus Cloud Commissions Man/a_Position Groups' is clicked on

2018-09-10 10:39:23 - [MESSAGE][PASSED] - Object: 'Object Repository/Page_Callidus Cloud Commissions Man/a_Position Groups' is clicked on

2018-09-10 10:39:23 - [TEST_STEP][PASSED] - delay: Delayed 2 second(s)

2018-09-10 10:39:25 - [MESSAGE][PASSED] - Delayed 2 second(s)

2018-09-10 10:39:25 - [TEST_STEP][FAILED] - click: Unable to click on object 'Object Repository/Page_Callidus Cloud Commissions Man/td_Field Name' (Root cause: com.kms.katalon.core.webui.exception.WebElementNotFoundException: Web element with id: 'Object Repository/Page_Callidus Cloud Commissions Man/td_Field Name' located by 'By.xpath: //tr[@class='ember-view']/td[@style='width: auto;']/select[@class='ember-view ember-select']' not found)

2018-09-10 10:39:57 - [MESSAGE][FAILED] - Unable to click on object 'Object Repository/Page_Callidus Cloud Commissions Man/td_Field Name' (Root cause: com.kms.katalon.core.webui.exception.WebElementNotFoundException: Web element with id: 'Object Repository/Page_Callidus Cloud Commissions Man/td_Field Name' located by 'By.xpath: //tr[@class='ember-view']/td[@style='width: auto;']/select[@class='ember-view ember-select']' not found)
[[ATTACHMENT|C:\\Users\\kikosana\\Downloads\\UAT_Commission-master (2)\\UAT_Commission-master\\Reports\\TestDemo\\20180910_103417\\1536601197394.png]]]]></system-out>
         <system-err><![CDATA[2018-09-10 10:39:18 - [TEST_CASE][FAILED] - Test Cases/Position Groups exist in the system: Test Cases/Position Groups exist in the system FAILED because (of) Unable to click on object 'Object Repository/Page_Callidus Cloud Commissions Man/td_Field Name' (Root cause: com.kms.katalon.core.webui.exception.WebElementNotFoundException: Web element with id: 'Object Repository/Page_Callidus Cloud Commissions Man/td_Field Name' located by 'By.xpath: //tr[@class='ember-view']/td[@style='width: auto;']/select[@class='ember-view ember-select']' not found)]]></system-err>
      </testcase>
      <testcase name="Test Cases/Rate_Tables_exist_in_the_system" classname="Test Cases/Rate_Tables_exist_in_the_system" status="PASSED">
         <system-out><![CDATA[2018-09-10 10:39:57 - [TEST_CASE][PASSED] - Test Cases/Rate_Tables_exist_in_the_system: Test Cases/Rate_Tables_exist_in_the_system

2018-09-10 10:39:57 - [TEST_STEP][NOT_RUN] - callTestCase: NOT_RUN: callTestCase

2018-09-10 10:39:57 - [MESSAGE][NOT_RUN] - NOT_RUN: callTestCase

2018-09-10 10:39:57 - [TEST_STEP][PASSED] - mouseOver: Object: 'Object Repository/Page_Callidus Cloud Commissions Man/div_PLAN' is hovered

2018-09-10 10:39:57 - [MESSAGE][PASSED] - Object: 'Object Repository/Page_Callidus Cloud Commissions Man/div_PLAN' is hovered

2018-09-10 10:39:57 - [TEST_STEP][PASSED] - delay: Delayed 2 second(s)

2018-09-10 10:39:59 - [MESSAGE][PASSED] - Delayed 2 second(s)

2018-09-10 10:39:59 - [TEST_STEP][PASSED] - scrollToElement: Scroll to object 'Object Repository/Page_Callidus Cloud Commissions Man/a_Plan Components' successfully

2018-09-10 10:39:59 - [MESSAGE][PASSED] - Scroll to object 'Object Repository/Page_Callidus Cloud Commissions Man/a_Plan Components' successfully

2018-09-10 10:39:59 - [TEST_STEP][PASSED] - delay: Delayed 2 second(s)

2018-09-10 10:40:01 - [MESSAGE][PASSED] - Delayed 2 second(s)

2018-09-10 10:40:01 - [TEST_STEP][PASSED] - scrollToElement: Scroll to object 'Object Repository/Page_Callidus Cloud Commissions Man/a_Rate Tables' successfully

2018-09-10 10:40:02 - [MESSAGE][PASSED] - Scroll to object 'Object Repository/Page_Callidus Cloud Commissions Man/a_Rate Tables' successfully

2018-09-10 10:40:02 - [TEST_STEP][PASSED] - delay: Delayed 2 second(s)

2018-09-10 10:40:04 - [MESSAGE][PASSED] - Delayed 2 second(s)

2018-09-10 10:40:04 - [TEST_STEP][PASSED] - click: Object: 'Object Repository/Page_Callidus Cloud Commissions Man/a_Rate Tables' is clicked on

2018-09-10 10:40:04 - [MESSAGE][PASSED] - Object: 'Object Repository/Page_Callidus Cloud Commissions Man/a_Rate Tables' is clicked on

2018-09-10 10:40:04 - [TEST_STEP][PASSED] - click: Object: 'Object Repository/Page_Callidus Cloud Commissions Man/a_Advanced Search' is clicked on

2018-09-10 10:40:05 - [MESSAGE][PASSED] - Object: 'Object Repository/Page_Callidus Cloud Commissions Man/a_Advanced Search' is clicked on

2018-09-10 10:40:05 - [TEST_STEP][PASSED] - click: Object: 'Object Repository/Page_Callidus Cloud Commissions Man/td_Field Name' is clicked on

2018-09-10 10:40:06 - [MESSAGE][PASSED] - Object: 'Object Repository/Page_Callidus Cloud Commissions Man/td_Field Name' is clicked on

2018-09-10 10:40:06 - [TEST_STEP][PASSED] - delay: Delayed 2 second(s)

2018-09-10 10:40:08 - [MESSAGE][PASSED] - Delayed 2 second(s)

2018-09-10 10:40:08 - [TEST_STEP][PASSED] - scrollToElement: Scroll to object 'Object Repository/Page_Callidus Cloud Commissions Man/option_Territory' successfully

2018-09-10 10:40:08 - [MESSAGE][PASSED] - Scroll to object 'Object Repository/Page_Callidus Cloud Commissions Man/option_Territory' successfully

2018-09-10 10:40:08 - [TEST_STEP][PASSED] - delay: Delayed 2 second(s)

2018-09-10 10:40:10 - [MESSAGE][PASSED] - Delayed 2 second(s)

2018-09-10 10:40:10 - [TEST_STEP][PASSED] - click: Object: 'Object Repository/Page_Callidus Cloud Commissions Man/option_Territory' is clicked on

2018-09-10 10:40:10 - [MESSAGE][PASSED] - Object: 'Object Repository/Page_Callidus Cloud Commissions Man/option_Territory' is clicked on

2018-09-10 10:40:10 - [TEST_STEP][PASSED] - click: Object: 'Object Repository/Page_Callidus Cloud Commissions Man/td_Comparision' is clicked on

2018-09-10 10:40:10 - [MESSAGE][PASSED] - Object: 'Object Repository/Page_Callidus Cloud Commissions Man/td_Comparision' is clicked on

2018-09-10 10:40:10 - [TEST_STEP][PASSED] - delay: Delayed 2 second(s)

2018-09-10 10:40:12 - [MESSAGE][PASSED] - Delayed 2 second(s)

2018-09-10 10:40:12 - [TEST_STEP][PASSED] - scrollToElement: Scroll to object 'Object Repository/Page_Callidus Cloud Commissions Man/option_Equals' successfully

2018-09-10 10:40:12 - [MESSAGE][PASSED] - Scroll to object 'Object Repository/Page_Callidus Cloud Commissions Man/option_Equals' successfully

2018-09-10 10:40:12 - [TEST_STEP][PASSED] - delay: Delayed 2 second(s)

2018-09-10 10:40:14 - [MESSAGE][PASSED] - Delayed 2 second(s)

2018-09-10 10:40:14 - [TEST_STEP][PASSED] - click: Object: 'Object Repository/Page_Callidus Cloud Commissions Man/option_Equals' is clicked on

2018-09-10 10:40:14 - [MESSAGE][PASSED] - Object: 'Object Repository/Page_Callidus Cloud Commissions Man/option_Equals' is clicked on

2018-09-10 10:40:14 - [TEST_STEP][PASSED] - delay: Delayed 2 second(s)

2018-09-10 10:40:16 - [MESSAGE][PASSED] - Delayed 2 second(s)

2018-09-10 10:40:16 - [TEST_STEP][PASSED] - setText: Text 'R_T_Demo1' is set on object 'Object Repository/Page_Callidus Cloud Commissions Man/td_Value'

2018-09-10 10:40:16 - [MESSAGE][PASSED] - Text 'R_T_Demo1' is set on object 'Object Repository/Page_Callidus Cloud Commissions Man/td_Value'

2018-09-10 10:40:16 - [TEST_STEP][PASSED] - click: Object: 'Object Repository/Page_Callidus Cloud Commissions Man/input_Apply Search' is clicked on

2018-09-10 10:40:17 - [MESSAGE][PASSED] - Object: 'Object Repository/Page_Callidus Cloud Commissions Man/input_Apply Search' is clicked on

2018-09-10 10:40:17 - [TEST_STEP][NOT_RUN] - callTestCase: NOT_RUN: callTestCase

2018-09-10 10:40:17 - [MESSAGE][NOT_RUN] - NOT_RUN: callTestCase]]></system-out>
         <system-err><![CDATA[]]></system-err>
      </testcase>
      <testcase name="Test Cases/Rate_Table_Variable_exist_in_the_system" classname="Test Cases/Rate_Table_Variable_exist_in_the_system" status="PASSED">
         <system-out><![CDATA[2018-09-10 10:40:17 - [TEST_CASE][PASSED] - Test Cases/Rate_Table_Variable_exist_in_the_system: Test Cases/Rate_Table_Variable_exist_in_the_system

2018-09-10 10:40:17 - [TEST_STEP][NOT_RUN] - callTestCase: NOT_RUN: callTestCase

2018-09-10 10:40:17 - [MESSAGE][NOT_RUN] - NOT_RUN: callTestCase

2018-09-10 10:40:17 - [TEST_STEP][PASSED] - mouseOver: Object: 'Object Repository/Page_Callidus Cloud Commissions Man/div_PLAN' is hovered

2018-09-10 10:40:17 - [MESSAGE][PASSED] - Object: 'Object Repository/Page_Callidus Cloud Commissions Man/div_PLAN' is hovered

2018-09-10 10:40:17 - [TEST_STEP][PASSED] - delay: Delayed 2 second(s)

2018-09-10 10:40:19 - [MESSAGE][PASSED] - Delayed 2 second(s)

2018-09-10 10:40:19 - [TEST_STEP][PASSED] - scrollToElement: Scroll to object 'Object Repository/Page_Callidus Cloud Commissions Man/a_Plan Components' successfully

2018-09-10 10:40:19 - [MESSAGE][PASSED] - Scroll to object 'Object Repository/Page_Callidus Cloud Commissions Man/a_Plan Components' successfully

2018-09-10 10:40:19 - [TEST_STEP][PASSED] - delay: Delayed 2 second(s)

2018-09-10 10:40:21 - [MESSAGE][PASSED] - Delayed 2 second(s)

2018-09-10 10:40:21 - [TEST_STEP][PASSED] - scrollToElement: Scroll to object 'Object Repository/Page_Callidus Cloud Commissions Man/a_Variables' successfully

2018-09-10 10:40:21 - [MESSAGE][PASSED] - Scroll to object 'Object Repository/Page_Callidus Cloud Commissions Man/a_Variables' successfully

2018-09-10 10:40:21 - [TEST_STEP][PASSED] - delay: Delayed 2 second(s)

2018-09-10 10:40:23 - [MESSAGE][PASSED] - Delayed 2 second(s)

2018-09-10 10:40:23 - [TEST_STEP][PASSED] - click: Object: 'Object Repository/Page_Callidus Cloud Commissions Man/a_Variables' is clicked on

2018-09-10 10:40:24 - [MESSAGE][PASSED] - Object: 'Object Repository/Page_Callidus Cloud Commissions Man/a_Variables' is clicked on

2018-09-10 10:40:24 - [TEST_STEP][PASSED] - click: Object: 'Object Repository/Page_Callidus Cloud Commissions Man/a_Advanced Search' is clicked on

2018-09-10 10:40:24 - [MESSAGE][PASSED] - Object: 'Object Repository/Page_Callidus Cloud Commissions Man/a_Advanced Search' is clicked on

2018-09-10 10:40:24 - [TEST_STEP][PASSED] - delay: Delayed 2 second(s)

2018-09-10 10:40:26 - [MESSAGE][PASSED] - Delayed 2 second(s)

2018-09-10 10:40:26 - [TEST_STEP][PASSED] - click: Object: 'Object Repository/Page_Callidus Cloud Commissions Man/td_Field Name' is clicked on

2018-09-10 10:40:27 - [MESSAGE][PASSED] - Object: 'Object Repository/Page_Callidus Cloud Commissions Man/td_Field Name' is clicked on

2018-09-10 10:40:27 - [TEST_STEP][PASSED] - delay: Delayed 2 second(s)

2018-09-10 10:40:29 - [MESSAGE][PASSED] - Delayed 2 second(s)

2018-09-10 10:40:29 - [TEST_STEP][PASSED] - scrollToElement: Scroll to object 'Object Repository/Page_Callidus Cloud Commissions Man/option_Variables' successfully

2018-09-10 10:40:29 - [MESSAGE][PASSED] - Scroll to object 'Object Repository/Page_Callidus Cloud Commissions Man/option_Variables' successfully

2018-09-10 10:40:29 - [TEST_STEP][PASSED] - delay: Delayed 2 second(s)

2018-09-10 10:40:31 - [MESSAGE][PASSED] - Delayed 2 second(s)

2018-09-10 10:40:31 - [TEST_STEP][PASSED] - click: Object: 'Object Repository/Page_Callidus Cloud Commissions Man/option_Variables' is clicked on

2018-09-10 10:40:31 - [MESSAGE][PASSED] - Object: 'Object Repository/Page_Callidus Cloud Commissions Man/option_Variables' is clicked on

2018-09-10 10:40:31 - [TEST_STEP][PASSED] - click: Object: 'Object Repository/Page_Callidus Cloud Commissions Man/td_Comparision' is clicked on

2018-09-10 10:40:31 - [MESSAGE][PASSED] - Object: 'Object Repository/Page_Callidus Cloud Commissions Man/td_Comparision' is clicked on

2018-09-10 10:40:31 - [TEST_STEP][PASSED] - delay: Delayed 2 second(s)

2018-09-10 10:40:33 - [MESSAGE][PASSED] - Delayed 2 second(s)

2018-09-10 10:40:33 - [TEST_STEP][PASSED] - scrollToElement: Scroll to object 'Object Repository/Page_Callidus Cloud Commissions Man/option_Equals' successfully

2018-09-10 10:40:33 - [MESSAGE][PASSED] - Scroll to object 'Object Repository/Page_Callidus Cloud Commissions Man/option_Equals' successfully

2018-09-10 10:40:33 - [TEST_STEP][PASSED] - delay: Delayed 2 second(s)

2018-09-10 10:40:35 - [MESSAGE][PASSED] - Delayed 2 second(s)

2018-09-10 10:40:35 - [TEST_STEP][PASSED] - click: Object: 'Object Repository/Page_Callidus Cloud Commissions Man/option_Equals' is clicked on

2018-09-10 10:40:35 - [MESSAGE][PASSED] - Object: 'Object Repository/Page_Callidus Cloud Commissions Man/option_Equals' is clicked on

2018-09-10 10:40:35 - [TEST_STEP][PASSED] - delay: Delayed 2 second(s)

2018-09-10 10:40:37 - [MESSAGE][PASSED] - Delayed 2 second(s)

2018-09-10 10:40:37 - [TEST_STEP][PASSED] - setText: Text 'Var_RT_Demo2' is set on object 'Object Repository/Page_Callidus Cloud Commissions Man/td_Value'

2018-09-10 10:40:37 - [MESSAGE][PASSED] - Text 'Var_RT_Demo2' is set on object 'Object Repository/Page_Callidus Cloud Commissions Man/td_Value'

2018-09-10 10:40:37 - [TEST_STEP][PASSED] - delay: Delayed 2 second(s)

2018-09-10 10:40:39 - [MESSAGE][PASSED] - Delayed 2 second(s)

2018-09-10 10:40:39 - [TEST_STEP][PASSED] - click: Object: 'Object Repository/Page_Callidus Cloud Commissions Man/input_Apply Search' is clicked on

2018-09-10 10:40:40 - [MESSAGE][PASSED] - Object: 'Object Repository/Page_Callidus Cloud Commissions Man/input_Apply Search' is clicked on

2018-09-10 10:40:40 - [TEST_STEP][PASSED] - delay: Delayed 5 second(s)

2018-09-10 10:40:45 - [MESSAGE][PASSED] - Delayed 5 second(s)

2018-09-10 10:40:45 - [TEST_STEP][NOT_RUN] - callTestCase: NOT_RUN: callTestCase

2018-09-10 10:40:45 - [MESSAGE][NOT_RUN] - NOT_RUN: callTestCase]]></system-out>
         <system-err><![CDATA[]]></system-err>
      </testcase>
      <testcase name="Test Cases/Reason_Codes" classname="Test Cases/Reason_Codes" status="PASSED">
         <system-out><![CDATA[2018-09-10 10:40:45 - [TEST_CASE][PASSED] - Test Cases/Reason_Codes: Test Cases/Reason_Codes

2018-09-10 10:40:45 - [TEST_STEP][PASSED] - callTestCase: Call Test Case 'Test Cases/Commission Login' successfully

2018-09-10 10:40:45 - [TEST_CASE][PASSED] - Test Cases/Commission Login: Test Cases/Commission Login

2018-09-10 10:40:45 - [TEST_STEP][PASSED] - openBrowser: Browser is opened with url: ''

2018-09-10 10:40:45 - [MESSAGE][WARNING] - A browser is already opened. Closing browser and opening a new one

2018-09-10 10:40:48 - [MESSAGE][PASSED] - Browser is opened with url: ''

2018-09-10 10:40:48 - [TEST_STEP][PASSED] - navigateToUrl: Navigate to 'https://biz3-tst.callidusondemand.com/SalesPortal/#!/' successfully

2018-09-10 10:40:49 - [MESSAGE][PASSED] - Navigate to 'https://biz3-tst.callidusondemand.com/SalesPortal/#!/' successfully

2018-09-10 10:40:49 - [TEST_STEP][PASSED] - maximizeWindow: Current window maximized

2018-09-10 10:40:50 - [MESSAGE][PASSED] - Current window maximized

2018-09-10 10:40:50 - [TEST_STEP][PASSED] - setText: Text 'kikosana@calliduscloud.com' is set on object 'Object Repository/Page_Sales Performance Home/input_username'

2018-09-10 10:40:51 - [MESSAGE][PASSED] - Text 'kikosana@calliduscloud.com' is set on object 'Object Repository/Page_Sales Performance Home/input_username'

2018-09-10 10:40:51 - [TEST_STEP][PASSED] - setText: Text 'Kiran09@@' is set on object 'Object Repository/Page_Sales Performance Home/input_password'

2018-09-10 10:40:51 - [MESSAGE][PASSED] - Text 'Kiran09@@' is set on object 'Object Repository/Page_Sales Performance Home/input_password'

2018-09-10 10:40:51 - [TEST_STEP][PASSED] - click: Object: 'Object Repository/Page_Sales Performance Home/button_Login' is clicked on

2018-09-10 10:40:51 - [MESSAGE][PASSED] - Object: 'Object Repository/Page_Sales Performance Home/button_Login' is clicked on

2018-09-10 10:40:51 - [TEST_STEP][PASSED] - click: Object: 'Object Repository/Page_Sales Performance Home/span_Sales Performance Home' is clicked on

2018-09-10 10:40:52 - [MESSAGE][PASSED] - Object: 'Object Repository/Page_Sales Performance Home/span_Sales Performance Home' is clicked on

2018-09-10 10:40:52 - [TEST_STEP][PASSED] - click: Object: 'Object Repository/Page_Sales Performance Home/a_Commissions' is clicked on

2018-09-10 10:40:53 - [MESSAGE][PASSED] - Object: 'Object Repository/Page_Sales Performance Home/a_Commissions' is clicked on

2018-09-10 10:40:53 - [TEST_STEP][PASSED] - click: Object: 'Object Repository/Page_Callidus Cloud Commissions Man/a_Manage Setup' is clicked on

2018-09-10 10:40:57 - [MESSAGE][PASSED] - Object: 'Object Repository/Page_Callidus Cloud Commissions Man/a_Manage Setup' is clicked on

2018-09-10 10:40:57 - [MESSAGE][PASSED] - Call Test Case 'Test Cases/Commission Login' successfully

2018-09-10 10:40:57 - [TEST_STEP][NOT_RUN] - click: NOT_RUN: click

2018-09-10 10:40:57 - [MESSAGE][NOT_RUN] - NOT_RUN: click

2018-09-10 10:40:57 - [TEST_STEP][PASSED] - mouseOver: Object: 'Object Repository/Page_Callidus Cloud Commissions Man/div_ADMINISTRATION' is hovered

2018-09-10 10:40:58 - [MESSAGE][PASSED] - Object: 'Object Repository/Page_Callidus Cloud Commissions Man/div_ADMINISTRATION' is hovered

2018-09-10 10:40:58 - [TEST_STEP][PASSED] - delay: Delayed 2 second(s)

2018-09-10 10:41:00 - [MESSAGE][PASSED] - Delayed 2 second(s)

2018-09-10 10:41:00 - [TEST_STEP][PASSED] - scrollToElement: Scroll to object 'Object Repository/Page_Callidus Cloud Commissions Man/Reason Codes' successfully

2018-09-10 10:41:00 - [MESSAGE][PASSED] - Scroll to object 'Object Repository/Page_Callidus Cloud Commissions Man/Reason Codes' successfully

2018-09-10 10:41:00 - [TEST_STEP][PASSED] - delay: Delayed 2 second(s)

2018-09-10 10:41:02 - [MESSAGE][PASSED] - Delayed 2 second(s)

2018-09-10 10:41:02 - [TEST_STEP][PASSED] - click: Object: 'Object Repository/Page_Callidus Cloud Commissions Man/Reason Codes' is clicked on

2018-09-10 10:41:02 - [MESSAGE][PASSED] - Object: 'Object Repository/Page_Callidus Cloud Commissions Man/Reason Codes' is clicked on

2018-09-10 10:41:02 - [TEST_STEP][PASSED] - delay: Delayed 2 second(s)

2018-09-10 10:41:04 - [MESSAGE][PASSED] - Delayed 2 second(s)

2018-09-10 10:41:04 - [TEST_STEP][PASSED] - click: Object: 'Object Repository/Page_Callidus Cloud Commissions Man/a_Advanced Search' is clicked on

2018-09-10 10:41:05 - [MESSAGE][PASSED] - Object: 'Object Repository/Page_Callidus Cloud Commissions Man/a_Advanced Search' is clicked on

2018-09-10 10:41:05 - [TEST_STEP][PASSED] - click: Object: 'Object Repository/Page_Callidus Cloud Commissions Man/td_Field Name' is clicked on

2018-09-10 10:41:05 - [MESSAGE][PASSED] - Object: 'Object Repository/Page_Callidus Cloud Commissions Man/td_Field Name' is clicked on

2018-09-10 10:41:05 - [TEST_STEP][PASSED] - delay: Delayed 2 second(s)

2018-09-10 10:41:07 - [MESSAGE][PASSED] - Delayed 2 second(s)

2018-09-10 10:41:07 - [TEST_STEP][PASSED] - scrollToElement: Scroll to object 'Object Repository/Page_Callidus Cloud Commissions Man/ID' successfully

2018-09-10 10:41:07 - [MESSAGE][PASSED] - Scroll to object 'Object Repository/Page_Callidus Cloud Commissions Man/ID' successfully

2018-09-10 10:41:07 - [TEST_STEP][PASSED] - delay: Delayed 2 second(s)

2018-09-10 10:41:09 - [MESSAGE][PASSED] - Delayed 2 second(s)

2018-09-10 10:41:09 - [TEST_STEP][PASSED] - click: Object: 'Object Repository/Page_Callidus Cloud Commissions Man/ID' is clicked on

2018-09-10 10:41:09 - [MESSAGE][PASSED] - Object: 'Object Repository/Page_Callidus Cloud Commissions Man/ID' is clicked on

2018-09-10 10:41:09 - [TEST_STEP][PASSED] - click: Object: 'Object Repository/Page_Callidus Cloud Commissions Man/Comparision combo box' is clicked on

2018-09-10 10:41:10 - [MESSAGE][PASSED] - Object: 'Object Repository/Page_Callidus Cloud Commissions Man/Comparision combo box' is clicked on

2018-09-10 10:41:10 - [TEST_STEP][PASSED] - scrollToElement: Scroll to object 'Object Repository/Page_Callidus Cloud Commissions Man/CB_equals' successfully

2018-09-10 10:41:10 - [MESSAGE][PASSED] - Scroll to object 'Object Repository/Page_Callidus Cloud Commissions Man/CB_equals' successfully

2018-09-10 10:41:10 - [TEST_STEP][PASSED] - delay: Delayed 2 second(s)

2018-09-10 10:41:12 - [MESSAGE][PASSED] - Delayed 2 second(s)

2018-09-10 10:41:12 - [TEST_STEP][PASSED] - click: Object: 'Object Repository/Page_Callidus Cloud Commissions Man/CB_equals' is clicked on

2018-09-10 10:41:12 - [MESSAGE][PASSED] - Object: 'Object Repository/Page_Callidus Cloud Commissions Man/CB_equals' is clicked on

2018-09-10 10:41:12 - [TEST_STEP][PASSED] - delay: Delayed 2 second(s)

2018-09-10 10:41:14 - [MESSAGE][PASSED] - Delayed 2 second(s)

2018-09-10 10:41:14 - [TEST_STEP][PASSED] - setText: Text 'Test RC' is set on object 'Object Repository/Page_Callidus Cloud Commissions Man/td_Value'

2018-09-10 10:41:14 - [MESSAGE][PASSED] - Text 'Test RC' is set on object 'Object Repository/Page_Callidus Cloud Commissions Man/td_Value'

2018-09-10 10:41:14 - [TEST_STEP][PASSED] - click: Object: 'Object Repository/Page_Callidus Cloud Commissions Man/Apply Button' is clicked on

2018-09-10 10:41:14 - [MESSAGE][PASSED] - Object: 'Object Repository/Page_Callidus Cloud Commissions Man/Apply Button' is clicked on

2018-09-10 10:41:14 - [TEST_STEP][NOT_RUN] - callTestCase: NOT_RUN: callTestCase

2018-09-10 10:41:14 - [MESSAGE][NOT_RUN] - NOT_RUN: callTestCase]]></system-out>
         <system-err><![CDATA[]]></system-err>
      </testcase>
      <testcase name="Test Cases/Territory_Elements_exist_in_the_system" classname="Test Cases/Territory_Elements_exist_in_the_system" status="PASSED">
         <system-out><![CDATA[2018-09-10 10:41:14 - [TEST_CASE][PASSED] - Test Cases/Territory_Elements_exist_in_the_system: Test Cases/Territory_Elements_exist_in_the_system

2018-09-10 10:41:15 - [TEST_STEP][NOT_RUN] - callTestCase: NOT_RUN: callTestCase

2018-09-10 10:41:15 - [MESSAGE][NOT_RUN] - NOT_RUN: callTestCase

2018-09-10 10:41:15 - [TEST_STEP][PASSED] - mouseOver: Object: 'Object Repository/Page_Callidus Cloud Commissions Man/div_PLAN' is hovered

2018-09-10 10:41:15 - [MESSAGE][PASSED] - Object: 'Object Repository/Page_Callidus Cloud Commissions Man/div_PLAN' is hovered

2018-09-10 10:41:15 - [TEST_STEP][PASSED] - scrollToElement: Scroll to object 'Object Repository/Page_Callidus Cloud Commissions Man/a_Plan Components' successfully

2018-09-10 10:41:15 - [MESSAGE][PASSED] - Scroll to object 'Object Repository/Page_Callidus Cloud Commissions Man/a_Plan Components' successfully

2018-09-10 10:41:15 - [TEST_STEP][PASSED] - delay: Delayed 2 second(s)

2018-09-10 10:41:17 - [MESSAGE][PASSED] - Delayed 2 second(s)

2018-09-10 10:41:17 - [TEST_STEP][PASSED] - scrollToElement: Scroll to object 'Object Repository/Page_Callidus Cloud Commissions Man/a_Territory' successfully

2018-09-10 10:41:17 - [MESSAGE][PASSED] - Scroll to object 'Object Repository/Page_Callidus Cloud Commissions Man/a_Territory' successfully

2018-09-10 10:41:17 - [TEST_STEP][PASSED] - delay: Delayed 2 second(s)

2018-09-10 10:41:19 - [MESSAGE][PASSED] - Delayed 2 second(s)

2018-09-10 10:41:19 - [TEST_STEP][PASSED] - click: Object: 'Object Repository/Page_Callidus Cloud Commissions Man/a_Territory' is clicked on

2018-09-10 10:41:19 - [MESSAGE][PASSED] - Object: 'Object Repository/Page_Callidus Cloud Commissions Man/a_Territory' is clicked on

2018-09-10 10:41:19 - [TEST_STEP][PASSED] - delay: Delayed 2 second(s)

2018-09-10 10:41:21 - [MESSAGE][PASSED] - Delayed 2 second(s)

2018-09-10 10:41:21 - [TEST_STEP][PASSED] - click: Object: 'Object Repository/Page_Callidus Cloud Commissions Man/a_Advanced Search' is clicked on

2018-09-10 10:41:21 - [MESSAGE][PASSED] - Object: 'Object Repository/Page_Callidus Cloud Commissions Man/a_Advanced Search' is clicked on

2018-09-10 10:41:21 - [TEST_STEP][PASSED] - click: Object: 'Object Repository/Page_Callidus Cloud Commissions Man/td_Field Name' is clicked on

2018-09-10 10:41:22 - [MESSAGE][PASSED] - Object: 'Object Repository/Page_Callidus Cloud Commissions Man/td_Field Name' is clicked on

2018-09-10 10:41:22 - [TEST_STEP][PASSED] - delay: Delayed 2 second(s)

2018-09-10 10:41:24 - [MESSAGE][PASSED] - Delayed 2 second(s)

2018-09-10 10:41:24 - [TEST_STEP][PASSED] - scrollToElement: Scroll to object 'Object Repository/Page_Callidus Cloud Commissions Man/option_Territory' successfully

2018-09-10 10:41:24 - [MESSAGE][PASSED] - Scroll to object 'Object Repository/Page_Callidus Cloud Commissions Man/option_Territory' successfully

2018-09-10 10:41:24 - [TEST_STEP][PASSED] - delay: Delayed 2 second(s)

2018-09-10 10:41:26 - [MESSAGE][PASSED] - Delayed 2 second(s)

2018-09-10 10:41:26 - [TEST_STEP][PASSED] - click: Object: 'Object Repository/Page_Callidus Cloud Commissions Man/option_Territory' is clicked on

2018-09-10 10:41:26 - [MESSAGE][PASSED] - Object: 'Object Repository/Page_Callidus Cloud Commissions Man/option_Territory' is clicked on

2018-09-10 10:41:26 - [TEST_STEP][PASSED] - click: Object: 'Object Repository/Page_Callidus Cloud Commissions Man/td_Comparision' is clicked on

2018-09-10 10:41:27 - [MESSAGE][PASSED] - Object: 'Object Repository/Page_Callidus Cloud Commissions Man/td_Comparision' is clicked on

2018-09-10 10:41:27 - [TEST_STEP][PASSED] - delay: Delayed 2 second(s)

2018-09-10 10:41:29 - [MESSAGE][PASSED] - Delayed 2 second(s)

2018-09-10 10:41:29 - [TEST_STEP][PASSED] - scrollToElement: Scroll to object 'Object Repository/Page_Callidus Cloud Commissions Man/option_Equals' successfully

2018-09-10 10:41:29 - [MESSAGE][PASSED] - Scroll to object 'Object Repository/Page_Callidus Cloud Commissions Man/option_Equals' successfully

2018-09-10 10:41:29 - [TEST_STEP][PASSED] - delay: Delayed 2 second(s)

2018-09-10 10:41:31 - [MESSAGE][PASSED] - Delayed 2 second(s)

2018-09-10 10:41:31 - [TEST_STEP][PASSED] - click: Object: 'Object Repository/Page_Callidus Cloud Commissions Man/option_Equals' is clicked on

2018-09-10 10:41:31 - [MESSAGE][PASSED] - Object: 'Object Repository/Page_Callidus Cloud Commissions Man/option_Equals' is clicked on

2018-09-10 10:41:31 - [TEST_STEP][PASSED] - delay: Delayed 2 second(s)

2018-09-10 10:41:33 - [MESSAGE][PASSED] - Delayed 2 second(s)

2018-09-10 10:41:33 - [TEST_STEP][PASSED] - setText: Text 'Territory_Demo' is set on object 'Object Repository/Page_Callidus Cloud Commissions Man/td_Value'

2018-09-10 10:41:33 - [MESSAGE][PASSED] - Text 'Territory_Demo' is set on object 'Object Repository/Page_Callidus Cloud Commissions Man/td_Value'

2018-09-10 10:41:33 - [TEST_STEP][PASSED] - delay: Delayed 2 second(s)

2018-09-10 10:41:35 - [MESSAGE][PASSED] - Delayed 2 second(s)

2018-09-10 10:41:35 - [TEST_STEP][PASSED] - click: Object: 'Object Repository/Page_Callidus Cloud Commissions Man/input_Apply Search' is clicked on

2018-09-10 10:41:36 - [MESSAGE][PASSED] - Object: 'Object Repository/Page_Callidus Cloud Commissions Man/input_Apply Search' is clicked on

2018-09-10 10:41:36 - [TEST_STEP][NOT_RUN] - callTestCase: NOT_RUN: callTestCase

2018-09-10 10:41:36 - [MESSAGE][NOT_RUN] - NOT_RUN: callTestCase]]></system-out>
         <system-err><![CDATA[]]></system-err>
      </testcase>
      <testcase name="Test Cases/Territory_Variables_exist_in_the_system" classname="Test Cases/Territory_Variables_exist_in_the_system" status="PASSED">
         <system-out><![CDATA[2018-09-10 10:41:36 - [TEST_CASE][PASSED] - Test Cases/Territory_Variables_exist_in_the_system: Test Cases/Territory_Variables_exist_in_the_system

2018-09-10 10:41:36 - [TEST_STEP][NOT_RUN] - callTestCase: NOT_RUN: callTestCase

2018-09-10 10:41:36 - [MESSAGE][NOT_RUN] - NOT_RUN: callTestCase

2018-09-10 10:41:36 - [TEST_STEP][PASSED] - mouseOver: Object: 'Object Repository/Page_Callidus Cloud Commissions Man/div_PLAN' is hovered

2018-09-10 10:41:36 - [MESSAGE][PASSED] - Object: 'Object Repository/Page_Callidus Cloud Commissions Man/div_PLAN' is hovered

2018-09-10 10:41:36 - [TEST_STEP][PASSED] - delay: Delayed 2 second(s)

2018-09-10 10:41:38 - [MESSAGE][PASSED] - Delayed 2 second(s)

2018-09-10 10:41:38 - [TEST_STEP][PASSED] - scrollToElement: Scroll to object 'Object Repository/Page_Callidus Cloud Commissions Man/a_Plan Components' successfully

2018-09-10 10:41:38 - [MESSAGE][PASSED] - Scroll to object 'Object Repository/Page_Callidus Cloud Commissions Man/a_Plan Components' successfully

2018-09-10 10:41:38 - [TEST_STEP][PASSED] - delay: Delayed 2 second(s)

2018-09-10 10:41:40 - [MESSAGE][PASSED] - Delayed 2 second(s)

2018-09-10 10:41:40 - [TEST_STEP][PASSED] - scrollToElement: Scroll to object 'Object Repository/Page_Callidus Cloud Commissions Man/a_Variables' successfully

2018-09-10 10:41:40 - [MESSAGE][PASSED] - Scroll to object 'Object Repository/Page_Callidus Cloud Commissions Man/a_Variables' successfully

2018-09-10 10:41:40 - [TEST_STEP][PASSED] - delay: Delayed 2 second(s)

2018-09-10 10:41:42 - [MESSAGE][PASSED] - Delayed 2 second(s)

2018-09-10 10:41:42 - [TEST_STEP][PASSED] - click: Object: 'Object Repository/Page_Callidus Cloud Commissions Man/a_Variables' is clicked on

2018-09-10 10:41:43 - [MESSAGE][PASSED] - Object: 'Object Repository/Page_Callidus Cloud Commissions Man/a_Variables' is clicked on

2018-09-10 10:41:43 - [TEST_STEP][PASSED] - delay: Delayed 2 second(s)

2018-09-10 10:41:45 - [MESSAGE][PASSED] - Delayed 2 second(s)

2018-09-10 10:41:45 - [TEST_STEP][PASSED] - click: Object: 'Object Repository/Page_Callidus Cloud Commissions Man/a_Advanced Search' is clicked on

2018-09-10 10:41:45 - [MESSAGE][PASSED] - Object: 'Object Repository/Page_Callidus Cloud Commissions Man/a_Advanced Search' is clicked on

2018-09-10 10:41:45 - [TEST_STEP][PASSED] - click: Object: 'Object Repository/Page_Callidus Cloud Commissions Man/td_Field Name' is clicked on

2018-09-10 10:41:46 - [MESSAGE][PASSED] - Object: 'Object Repository/Page_Callidus Cloud Commissions Man/td_Field Name' is clicked on

2018-09-10 10:41:46 - [TEST_STEP][PASSED] - scrollToElement: Scroll to object 'Object Repository/Page_Callidus Cloud Commissions Man/option_Variables' successfully

2018-09-10 10:41:46 - [MESSAGE][PASSED] - Scroll to object 'Object Repository/Page_Callidus Cloud Commissions Man/option_Variables' successfully

2018-09-10 10:41:46 - [TEST_STEP][PASSED] - delay: Delayed 2 second(s)

2018-09-10 10:41:48 - [MESSAGE][PASSED] - Delayed 2 second(s)

2018-09-10 10:41:48 - [TEST_STEP][PASSED] - click: Object: 'Object Repository/Page_Callidus Cloud Commissions Man/option_Variables' is clicked on

2018-09-10 10:41:48 - [MESSAGE][PASSED] - Object: 'Object Repository/Page_Callidus Cloud Commissions Man/option_Variables' is clicked on

2018-09-10 10:41:48 - [TEST_STEP][PASSED] - click: Object: 'Object Repository/Page_Callidus Cloud Commissions Man/td_Comparision' is clicked on

2018-09-10 10:41:48 - [MESSAGE][PASSED] - Object: 'Object Repository/Page_Callidus Cloud Commissions Man/td_Comparision' is clicked on

2018-09-10 10:41:48 - [TEST_STEP][PASSED] - scrollToElement: Scroll to object 'Object Repository/Page_Callidus Cloud Commissions Man/option_Equals' successfully

2018-09-10 10:41:48 - [MESSAGE][PASSED] - Scroll to object 'Object Repository/Page_Callidus Cloud Commissions Man/option_Equals' successfully

2018-09-10 10:41:48 - [TEST_STEP][PASSED] - delay: Delayed 2 second(s)

2018-09-10 10:41:50 - [MESSAGE][PASSED] - Delayed 2 second(s)

2018-09-10 10:41:50 - [TEST_STEP][PASSED] - click: Object: 'Object Repository/Page_Callidus Cloud Commissions Man/option_Equals' is clicked on

2018-09-10 10:41:50 - [MESSAGE][PASSED] - Object: 'Object Repository/Page_Callidus Cloud Commissions Man/option_Equals' is clicked on

2018-09-10 10:41:50 - [TEST_STEP][PASSED] - delay: Delayed 2 second(s)

2018-09-10 10:41:52 - [MESSAGE][PASSED] - Delayed 2 second(s)

2018-09-10 10:41:52 - [TEST_STEP][PASSED] - setText: Text 'Var_T_Demo3' is set on object 'Object Repository/Page_Callidus Cloud Commissions Man/td_Value'

2018-09-10 10:41:53 - [MESSAGE][PASSED] - Text 'Var_T_Demo3' is set on object 'Object Repository/Page_Callidus Cloud Commissions Man/td_Value'

2018-09-10 10:41:53 - [TEST_STEP][PASSED] - click: Object: 'Object Repository/Page_Callidus Cloud Commissions Man/input_Apply Search' is clicked on

2018-09-10 10:42:01 - [MESSAGE][PASSED] - Object: 'Object Repository/Page_Callidus Cloud Commissions Man/input_Apply Search' is clicked on

2018-09-10 10:42:01 - [TEST_STEP][PASSED] - delay: Delayed 5 second(s)

2018-09-10 10:42:06 - [MESSAGE][PASSED] - Delayed 5 second(s)

2018-09-10 10:42:06 - [TEST_STEP][NOT_RUN] - callTestCase: NOT_RUN: callTestCase

2018-09-10 10:42:06 - [MESSAGE][NOT_RUN] - NOT_RUN: callTestCase]]></system-out>
         <system-err><![CDATA[]]></system-err>
      </testcase>
      <testcase name="Test Cases/UnitType exists in the system" classname="Test Cases/UnitType exists in the system" status="PASSED">
         <system-out><![CDATA[2018-09-10 10:42:06 - [TEST_CASE][PASSED] - Test Cases/UnitType exists in the system: Test Cases/UnitType exists in the system

2018-09-10 10:42:06 - [TEST_STEP][NOT_RUN] - callTestCase: NOT_RUN: callTestCase

2018-09-10 10:42:06 - [MESSAGE][NOT_RUN] - NOT_RUN: callTestCase

2018-09-10 10:42:06 - [TEST_STEP][PASSED] - mouseOver: Object: 'Object Repository/Page_Callidus Cloud Commissions Man/div_ADMINISTRATION' is hovered

2018-09-10 10:42:06 - [MESSAGE][PASSED] - Object: 'Object Repository/Page_Callidus Cloud Commissions Man/div_ADMINISTRATION' is hovered

2018-09-10 10:42:06 - [TEST_STEP][PASSED] - delay: Delayed 3 second(s)

2018-09-10 10:42:09 - [MESSAGE][PASSED] - Delayed 3 second(s)

2018-09-10 10:42:09 - [TEST_STEP][PASSED] - scrollToElement: Scroll to object 'Object Repository/Page_Callidus Cloud Commissions Man/a_Unit Types' successfully

2018-09-10 10:42:09 - [MESSAGE][PASSED] - Scroll to object 'Object Repository/Page_Callidus Cloud Commissions Man/a_Unit Types' successfully

2018-09-10 10:42:09 - [TEST_STEP][PASSED] - delay: Delayed 3 second(s)

2018-09-10 10:42:12 - [MESSAGE][PASSED] - Delayed 3 second(s)

2018-09-10 10:42:12 - [TEST_STEP][PASSED] - click: Object: 'Object Repository/Page_Callidus Cloud Commissions Man/a_Unit Types' is clicked on

2018-09-10 10:42:13 - [MESSAGE][PASSED] - Object: 'Object Repository/Page_Callidus Cloud Commissions Man/a_Unit Types' is clicked on

2018-09-10 10:42:13 - [TEST_STEP][PASSED] - setText: Text 'USD' is set on object 'Object Repository/Page_Callidus Cloud Commissions Man/input_Enter Search Terms'

2018-09-10 10:42:13 - [MESSAGE][PASSED] - Text 'USD' is set on object 'Object Repository/Page_Callidus Cloud Commissions Man/input_Enter Search Terms'

2018-09-10 10:42:13 - [TEST_STEP][PASSED] - click: Object: 'Object Repository/Page_Callidus Cloud Commissions Man/a_Advanced Search' is clicked on

2018-09-10 10:42:13 - [MESSAGE][PASSED] - Object: 'Object Repository/Page_Callidus Cloud Commissions Man/a_Advanced Search' is clicked on

2018-09-10 10:42:13 - [TEST_STEP][PASSED] - delay: Delayed 3 second(s)

2018-09-10 10:42:16 - [MESSAGE][PASSED] - Delayed 3 second(s)

2018-09-10 10:42:16 - [TEST_STEP][PASSED] - click: Object: 'Object Repository/Page_Callidus Cloud Commissions Man/td_Field Name' is clicked on

2018-09-10 10:42:16 - [MESSAGE][PASSED] - Object: 'Object Repository/Page_Callidus Cloud Commissions Man/td_Field Name' is clicked on

2018-09-10 10:42:16 - [TEST_STEP][PASSED] - scrollToElement: Scroll to object 'Object Repository/Page_Callidus Cloud Commissions Man/a_UnitTypeId' successfully

2018-09-10 10:42:16 - [MESSAGE][PASSED] - Scroll to object 'Object Repository/Page_Callidus Cloud Commissions Man/a_UnitTypeId' successfully

2018-09-10 10:42:16 - [TEST_STEP][PASSED] - delay: Delayed 2 second(s)

2018-09-10 10:42:18 - [MESSAGE][PASSED] - Delayed 2 second(s)

2018-09-10 10:42:18 - [TEST_STEP][PASSED] - click: Object: 'Object Repository/Page_Callidus Cloud Commissions Man/a_UnitTypeId' is clicked on

2018-09-10 10:42:18 - [MESSAGE][PASSED] - Object: 'Object Repository/Page_Callidus Cloud Commissions Man/a_UnitTypeId' is clicked on

2018-09-10 10:42:18 - [TEST_STEP][PASSED] - click: Object: 'Object Repository/Page_Callidus Cloud Commissions Man/td_Comparision' is clicked on

2018-09-10 10:42:19 - [MESSAGE][PASSED] - Object: 'Object Repository/Page_Callidus Cloud Commissions Man/td_Comparision' is clicked on

2018-09-10 10:42:19 - [TEST_STEP][PASSED] - scrollToElement: Scroll to object 'Object Repository/Page_Callidus Cloud Commissions Man/option_Equals' successfully

2018-09-10 10:42:19 - [MESSAGE][PASSED] - Scroll to object 'Object Repository/Page_Callidus Cloud Commissions Man/option_Equals' successfully

2018-09-10 10:42:19 - [TEST_STEP][PASSED] - delay: Delayed 2 second(s)

2018-09-10 10:42:21 - [MESSAGE][PASSED] - Delayed 2 second(s)

2018-09-10 10:42:21 - [TEST_STEP][PASSED] - click: Object: 'Object Repository/Page_Callidus Cloud Commissions Man/option_Equals' is clicked on

2018-09-10 10:42:21 - [MESSAGE][PASSED] - Object: 'Object Repository/Page_Callidus Cloud Commissions Man/option_Equals' is clicked on

2018-09-10 10:42:21 - [TEST_STEP][PASSED] - setText: Text 'USD' is set on object 'Object Repository/Page_Callidus Cloud Commissions Man/td_Value'

2018-09-10 10:42:21 - [MESSAGE][PASSED] - Text 'USD' is set on object 'Object Repository/Page_Callidus Cloud Commissions Man/td_Value'

2018-09-10 10:42:21 - [TEST_STEP][PASSED] - delay: Delayed 2 second(s)

2018-09-10 10:42:23 - [MESSAGE][PASSED] - Delayed 2 second(s)

2018-09-10 10:42:23 - [TEST_STEP][PASSED] - click: Object: 'Object Repository/Page_Callidus Cloud Commissions Man/input_Apply Search' is clicked on

2018-09-10 10:42:23 - [MESSAGE][PASSED] - Object: 'Object Repository/Page_Callidus Cloud Commissions Man/input_Apply Search' is clicked on

2018-09-10 10:42:23 - [TEST_STEP][NOT_RUN] - callTestCase: NOT_RUN: callTestCase

2018-09-10 10:42:23 - [MESSAGE][NOT_RUN] - NOT_RUN: callTestCase]]></system-out>
         <system-err><![CDATA[]]></system-err>
      </testcase>
      <testcase name="Test Cases/Commission Logout" classname="Test Cases/Commission Logout" status="PASSED">
         <system-out><![CDATA[2018-09-10 10:42:23 - [TEST_CASE][PASSED] - Test Cases/Commission Logout: Test Cases/Commission Logout

2018-09-10 10:42:23 - [TEST_STEP][PASSED] - click: Object: 'Object Repository/Page_Callidus Cloud Commissions Man/span_rkulkarncalliduscloud.com' is clicked on

2018-09-10 10:42:24 - [MESSAGE][PASSED] - Object: 'Object Repository/Page_Callidus Cloud Commissions Man/span_rkulkarncalliduscloud.com' is clicked on

2018-09-10 10:42:24 - [TEST_STEP][PASSED] - click: Object: 'Object Repository/Page_Callidus Cloud Commissions Man/div_Logout' is clicked on

2018-09-10 10:42:24 - [MESSAGE][PASSED] - Object: 'Object Repository/Page_Callidus Cloud Commissions Man/div_Logout' is clicked on

2018-09-10 10:42:24 - [TEST_STEP][PASSED] - closeBrowser: Browser is closed

2018-09-10 10:42:25 - [MESSAGE][PASSED] - Browser is closed]]></system-out>
         <system-err><![CDATA[]]></system-err>
      </testcase>
      <system-out><![CDATA[2018-09-10 10:34:19 - [TEST_SUITE][FAILED] - TestDemo: Test Cases/Fixed_Value_Variables_exist_in_the_System FAILED because (of) Unable to de-select option by index (Root cause: java.lang.IllegalArgumentException: Object is null)]]></system-out>
      <system-err><![CDATA[2018-09-10 10:34:19 - [TEST_SUITE][FAILED] - TestDemo: Test Cases/Fixed_Value_Variables_exist_in_the_System FAILED because (of) Unable to de-select option by index (Root cause: java.lang.IllegalArgumentException: Object is null)]]></system-err>
   </testsuite>
</testsuites>
